07 Feb 2017, 21:54:15.810 [   INFO] [   FXGL.SystemLogger] [                     main] System Logger is initialized
07 Feb 2017, 21:54:15.823 [  FINER] [   FXGL.SystemLogger] [                     main] Logging System Info
07 Feb 2017, 21:54:15.824 [  FINER] [   FXGL.SystemLogger] [                     main] CPU cores: 4
07 Feb 2017, 21:54:15.825 [  FINER] [   FXGL.SystemLogger] [                     main] Free Memory: 115MB
07 Feb 2017, 21:54:15.825 [  FINER] [   FXGL.SystemLogger] [                     main] Max Memory: 1814MB
07 Feb 2017, 21:54:15.825 [  FINER] [   FXGL.SystemLogger] [                     main] Total Memory: 123MB
07 Feb 2017, 21:54:15.826 [  FINER] [   FXGL.SystemLogger] [                     main] System Properties:
07 Feb 2017, 21:54:15.827 [  FINER] [   FXGL.SystemLogger] [                     main] sun.cpu.isalist=amd64
07 Feb 2017, 21:54:15.827 [  FINER] [   FXGL.SystemLogger] [                     main] sun.desktop=windows
07 Feb 2017, 21:54:15.827 [  FINER] [   FXGL.SystemLogger] [                     main] sun.io.unicode.encoding=UnicodeLittle
07 Feb 2017, 21:54:15.827 [  FINER] [   FXGL.SystemLogger] [                     main] sun.cpu.endian=little
07 Feb 2017, 21:54:15.828 [  FINER] [   FXGL.SystemLogger] [                     main] java.vendor.url.bug=http://bugreport.sun.com/bugreport/
07 Feb 2017, 21:54:15.828 [  FINER] [   FXGL.SystemLogger] [                     main] file.separator=\
07 Feb 2017, 21:54:15.828 [  FINER] [   FXGL.SystemLogger] [                     main] java.vendor=Oracle Corporation
07 Feb 2017, 21:54:15.828 [  FINER] [   FXGL.SystemLogger] [                     main] sun.boot.class.path=C:\Program Files\Java\jdk1.8.0_111\jre\lib\resources.jar;C:\Program Files\Java\jdk1.8.0_111\jre\lib\rt.jar;C:\Program Files\Java\jdk1.8.0_111\jre\lib\sunrsasign.jar;C:\Program Files\Java\jdk1.8.0_111\jre\lib\jsse.jar;C:\Program Files\Java\jdk1.8.0_111\jre\lib\jce.jar;C:\Program Files\Java\jdk1.8.0_111\jre\lib\charsets.jar;C:\Program Files\Java\jdk1.8.0_111\jre\lib\jfr.jar;C:\Program Files\Java\jdk1.8.0_111\jre\classes
07 Feb 2017, 21:54:15.828 [  FINER] [   FXGL.SystemLogger] [                     main] java.ext.dirs=C:\Program Files\Java\jdk1.8.0_111\jre\lib\ext;C:\Windows\Sun\Java\lib\ext
07 Feb 2017, 21:54:15.829 [  FINER] [   FXGL.SystemLogger] [                     main] java.version=1.8.0_111
07 Feb 2017, 21:54:15.829 [  FINER] [   FXGL.SystemLogger] [                     main] java.vm.info=mixed mode
07 Feb 2017, 21:54:15.829 [  FINER] [   FXGL.SystemLogger] [                     main] awt.toolkit=sun.awt.windows.WToolkit
07 Feb 2017, 21:54:15.829 [  FINER] [   FXGL.SystemLogger] [                     main] user.language=en
07 Feb 2017, 21:54:15.829 [  FINER] [   FXGL.SystemLogger] [                     main] java.specification.vendor=Oracle Corporation
07 Feb 2017, 21:54:15.829 [  FINER] [   FXGL.SystemLogger] [                     main] sun.java.command=com.intellij.rt.execution.application.AppMain com.gamedesign.pacman.PacmanApp
07 Feb 2017, 21:54:15.830 [  FINER] [   FXGL.SystemLogger] [                     main] java.home=C:\Program Files\Java\jdk1.8.0_111\jre
07 Feb 2017, 21:54:15.830 [  FINER] [   FXGL.SystemLogger] [                     main] sun.arch.data.model=64
07 Feb 2017, 21:54:15.830 [  FINER] [   FXGL.SystemLogger] [                     main] java.vm.specification.version=1.8
07 Feb 2017, 21:54:15.830 [  FINER] [   FXGL.SystemLogger] [                     main] java.class.path=C:\Program Files\Java\jdk1.8.0_111\jre\lib\charsets.jar;C:\Program Files\Java\jdk1.8.0_111\jre\lib\deploy.jar;C:\Program Files\Java\jdk1.8.0_111\jre\lib\ext\access-bridge-64.jar;C:\Program Files\Java\jdk1.8.0_111\jre\lib\ext\cldrdata.jar;C:\Program Files\Java\jdk1.8.0_111\jre\lib\ext\dnsns.jar;C:\Program Files\Java\jdk1.8.0_111\jre\lib\ext\jaccess.jar;C:\Program Files\Java\jdk1.8.0_111\jre\lib\ext\jfxrt.jar;C:\Program Files\Java\jdk1.8.0_111\jre\lib\ext\localedata.jar;C:\Program Files\Java\jdk1.8.0_111\jre\lib\ext\nashorn.jar;C:\Program Files\Java\jdk1.8.0_111\jre\lib\ext\sunec.jar;C:\Program Files\Java\jdk1.8.0_111\jre\lib\ext\sunjce_provider.jar;C:\Program Files\Java\jdk1.8.0_111\jre\lib\ext\sunmscapi.jar;C:\Program Files\Java\jdk1.8.0_111\jre\lib\ext\sunpkcs11.jar;C:\Program Files\Java\jdk1.8.0_111\jre\lib\ext\zipfs.jar;C:\Program Files\Java\jdk1.8.0_111\jre\lib\javaws.jar;C:\Program Files\Java\jdk1.8.0_111\jre\lib\jce.jar;C:\Program Files\Java\jdk1.8.0_111\jre\lib\jfr.jar;C:\Program Files\Java\jdk1.8.0_111\jre\lib\jfxswt.jar;C:\Program Files\Java\jdk1.8.0_111\jre\lib\jsse.jar;C:\Program Files\Java\jdk1.8.0_111\jre\lib\management-agent.jar;C:\Program Files\Java\jdk1.8.0_111\jre\lib\plugin.jar;C:\Program Files\Java\jdk1.8.0_111\jre\lib\resources.jar;C:\Program Files\Java\jdk1.8.0_111\jre\lib\rt.jar;C:\Users\lukel\Documents\Programming\Pacman\out\production\Pacman;C:\Users\lukel\Documents\Programming\Pacman\lib\fxgl-0.2.9-uber.jar;C:\Program Files (x86)\JetBrains\IntelliJ IDEA Community Edition 2016.3.1\lib\idea_rt.jar
07 Feb 2017, 21:54:15.830 [  FINER] [   FXGL.SystemLogger] [                     main] user.name=lukel
07 Feb 2017, 21:54:15.831 [  FINER] [   FXGL.SystemLogger] [                     main] file.encoding=UTF-8
07 Feb 2017, 21:54:15.831 [  FINER] [   FXGL.SystemLogger] [                     main] idea.launcher.bin.path=C:\Program Files (x86)\JetBrains\IntelliJ IDEA Community Edition 2016.3.1\bin
07 Feb 2017, 21:54:15.831 [  FINER] [   FXGL.SystemLogger] [                     main] java.specification.version=1.8
07 Feb 2017, 21:54:15.831 [  FINER] [   FXGL.SystemLogger] [                     main] java.awt.printerjob=sun.awt.windows.WPrinterJob
07 Feb 2017, 21:54:15.831 [  FINER] [   FXGL.SystemLogger] [                     main] user.timezone=America/New_York
07 Feb 2017, 21:54:15.831 [  FINER] [   FXGL.SystemLogger] [                     main] user.home=C:\Users\lukel
07 Feb 2017, 21:54:15.832 [  FINER] [   FXGL.SystemLogger] [                     main] os.version=10.0
07 Feb 2017, 21:54:15.832 [  FINER] [   FXGL.SystemLogger] [                     main] sun.management.compiler=HotSpot 64-Bit Tiered Compilers
07 Feb 2017, 21:54:15.832 [  FINER] [   FXGL.SystemLogger] [                     main] java.specification.name=Java Platform API Specification
07 Feb 2017, 21:54:15.832 [  FINER] [   FXGL.SystemLogger] [                     main] java.class.version=52.0
07 Feb 2017, 21:54:15.832 [  FINER] [   FXGL.SystemLogger] [                     main] java.library.path=C:\Program Files\Java\jdk1.8.0_111\bin;C:\Windows\Sun\Java\bin;C:\Windows\system32;C:\Windows;C:\ProgramData\Oracle\Java\javapath;C:\Program Files (x86)\Intel\iCLS Client\;C:\Program Files\Intel\iCLS Client\;C:\Windows\system32;C:\Windows;C:\Windows\System32\Wbem;C:\Windows\System32\WindowsPowerShell\v1.0\;C:\Program Files (x86)\Intel\Intel(R) Management Engine Components\DAL;C:\Program Files\Intel\Intel(R) Management Engine Components\DAL;C:\Program Files (x86)\Intel\Intel(R) Management Engine Components\IPT;C:\Program Files\Intel\Intel(R) Management Engine Components\IPT;C:\Users\lukel\AppData\Local\Microsoft\WindowsApps;;.
07 Feb 2017, 21:54:15.832 [  FINER] [   FXGL.SystemLogger] [                     main] sun.jnu.encoding=Cp1252
07 Feb 2017, 21:54:15.833 [  FINER] [   FXGL.SystemLogger] [                     main] os.name=Windows 10
07 Feb 2017, 21:54:15.833 [  FINER] [   FXGL.SystemLogger] [                     main] user.variant=
07 Feb 2017, 21:54:15.833 [  FINER] [   FXGL.SystemLogger] [                     main] java.vm.specification.vendor=Oracle Corporation
07 Feb 2017, 21:54:15.833 [  FINER] [   FXGL.SystemLogger] [                     main] java.io.tmpdir=C:\Users\lukel\AppData\Local\Temp\
07 Feb 2017, 21:54:15.833 [  FINER] [   FXGL.SystemLogger] [                     main] line.separator=

07 Feb 2017, 21:54:15.833 [  FINER] [   FXGL.SystemLogger] [                     main] java.endorsed.dirs=C:\Program Files\Java\jdk1.8.0_111\jre\lib\endorsed
07 Feb 2017, 21:54:15.835 [  FINER] [   FXGL.SystemLogger] [                     main] os.arch=amd64
07 Feb 2017, 21:54:15.835 [  FINER] [   FXGL.SystemLogger] [                     main] java.awt.graphicsenv=sun.awt.Win32GraphicsEnvironment
07 Feb 2017, 21:54:15.837 [  FINER] [   FXGL.SystemLogger] [                     main] java.runtime.version=1.8.0_111-b14
07 Feb 2017, 21:54:15.838 [  FINER] [   FXGL.SystemLogger] [                     main] java.vm.specification.name=Java Virtual Machine Specification
07 Feb 2017, 21:54:15.838 [  FINER] [   FXGL.SystemLogger] [                     main] user.dir=C:\Users\lukel\Documents\Programming\Pacman
07 Feb 2017, 21:54:15.838 [  FINER] [   FXGL.SystemLogger] [                     main] user.country=US
07 Feb 2017, 21:54:15.838 [  FINER] [   FXGL.SystemLogger] [                     main] user.script=
07 Feb 2017, 21:54:15.839 [  FINER] [   FXGL.SystemLogger] [                     main] sun.java.launcher=SUN_STANDARD
07 Feb 2017, 21:54:15.839 [  FINER] [   FXGL.SystemLogger] [                     main] sun.os.patch.level=
07 Feb 2017, 21:54:15.839 [  FINER] [   FXGL.SystemLogger] [                     main] idea.launcher.port=7540
07 Feb 2017, 21:54:15.839 [  FINER] [   FXGL.SystemLogger] [                     main] java.vm.name=Java HotSpot(TM) 64-Bit Server VM
07 Feb 2017, 21:54:15.839 [  FINER] [   FXGL.SystemLogger] [                     main] file.encoding.pkg=sun.io
07 Feb 2017, 21:54:15.839 [  FINER] [   FXGL.SystemLogger] [                     main] path.separator=;
07 Feb 2017, 21:54:15.840 [  FINER] [   FXGL.SystemLogger] [                     main] java.vm.vendor=Oracle Corporation
07 Feb 2017, 21:54:15.840 [  FINER] [   FXGL.SystemLogger] [                     main] java.vendor.url=http://java.oracle.com/
07 Feb 2017, 21:54:15.840 [  FINER] [   FXGL.SystemLogger] [                     main] sun.boot.library.path=C:\Program Files\Java\jdk1.8.0_111\jre\bin
07 Feb 2017, 21:54:15.840 [  FINER] [   FXGL.SystemLogger] [                     main] java.vm.version=25.111-b14
07 Feb 2017, 21:54:15.840 [  FINER] [   FXGL.SystemLogger] [                     main] java.runtime.name=Java(TM) SE Runtime Environment
07 Feb 2017, 21:54:15.844 [   INFO] [   FXGL.SystemLogger] [                     main] FXGL-0.2.9
07 Feb 2017, 21:54:15.844 [   INFO] [   FXGL.SystemLogger] [                     main] Source code and latest versions at: https://github.com/AlmasB/FXGL
07 Feb 2017, 21:54:15.845 [   INFO] [   FXGL.SystemLogger] [                     main]              Join the FXGL chat at: https://gitter.im/AlmasB/FXGL
07 Feb 2017, 21:54:15.972 [  FINER] [   FXGL.SystemLogger] [JavaFX Application Thread] Starting JavaFX
07 Feb 2017, 21:54:15.973 [  FINER] [   FXGL.SystemLogger] [          JavaFX-Launcher] Initializing FXGL
07 Feb 2017, 21:54:15.983 [  FINER] [   FXGL.SystemLogger] [JavaFX Application Thread] Starting FXGL
07 Feb 2017, 21:54:16.145 [  FINER] [   FXGL.SystemLogger] [     FXGL Launcher Thread] Configuring FXGL
07 Feb 2017, 21:54:16.145 [  FINER] [   FXGL.SystemLogger] [     FXGL Launcher Thread] Initializing system properties
07 Feb 2017, 21:54:16.170 [  FINER] [   FXGL.SystemLogger] [     FXGL Launcher Thread] sound.notification = system/notification.wav
07 Feb 2017, 21:54:16.170 [  FINER] [   FXGL.SystemLogger] [     FXGL Launcher Thread] url.storage = https://raw.githubusercontent.com/AlmasB/git-server/master/storage/
07 Feb 2017, 21:54:16.170 [  FINER] [   FXGL.SystemLogger] [     FXGL Launcher Thread] asset.cache.size = 35
07 Feb 2017, 21:54:16.171 [  FINER] [   FXGL.SystemLogger] [     FXGL Launcher Thread] fs.profiledir = profiles/
07 Feb 2017, 21:54:16.171 [  FINER] [   FXGL.SystemLogger] [     FXGL Launcher Thread] url.pom = https://raw.githubusercontent.com/AlmasB/FXGL/master/pom.xml
07 Feb 2017, 21:54:16.171 [  FINER] [   FXGL.SystemLogger] [     FXGL Launcher Thread] dev.showbbox = false
07 Feb 2017, 21:54:16.171 [  FINER] [   FXGL.SystemLogger] [     FXGL Launcher Thread] fs.datafile.ext = .dat
07 Feb 2017, 21:54:16.171 [  FINER] [   FXGL.SystemLogger] [     FXGL Launcher Thread] sound.menu.back = menu/back.wav
07 Feb 2017, 21:54:16.171 [  FINER] [   FXGL.SystemLogger] [     FXGL Launcher Thread] sound.menu.select = menu/select.wav
07 Feb 2017, 21:54:16.172 [  FINER] [   FXGL.SystemLogger] [     FXGL Launcher Thread] url.github = https://github.com/AlmasB/FXGL
07 Feb 2017, 21:54:16.172 [  FINER] [   FXGL.SystemLogger] [     FXGL Launcher Thread] url.surveymonkey = https://www.surveymonkey.co.uk/r/BH6LLPM
07 Feb 2017, 21:54:16.172 [  FINER] [   FXGL.SystemLogger] [     FXGL Launcher Thread] physics.ppm = 50.0
07 Feb 2017, 21:54:16.172 [  FINER] [   FXGL.SystemLogger] [     FXGL Launcher Thread] ui.css = fxgl.css
07 Feb 2017, 21:54:16.172 [  FINER] [   FXGL.SystemLogger] [     FXGL Launcher Thread] version.check.days = 7
07 Feb 2017, 21:54:16.172 [  FINER] [   FXGL.SystemLogger] [     FXGL Launcher Thread] fs.savefile.ext = .sav
07 Feb 2017, 21:54:16.173 [  FINER] [   FXGL.SystemLogger] [     FXGL Launcher Thread] pooling.initialSize = 128
07 Feb 2017, 21:54:16.173 [  FINER] [   FXGL.SystemLogger] [     FXGL Launcher Thread] ui.font = Copperplate_Gothic_Light_Regular.ttf
07 Feb 2017, 21:54:16.173 [  FINER] [   FXGL.SystemLogger] [     FXGL Launcher Thread] fs.savedir = saves/
07 Feb 2017, 21:54:16.173 [  FINER] [   FXGL.SystemLogger] [     FXGL Launcher Thread] fs.profilename = user.profile
07 Feb 2017, 21:54:16.173 [  FINER] [   FXGL.SystemLogger] [     FXGL Launcher Thread] ui.icon.name = fxgl_icon.png
07 Feb 2017, 21:54:16.173 [  FINER] [   FXGL.SystemLogger] [     FXGL Launcher Thread] url.googleforms = https://goo.gl/forms/6wrMnOBxTE1fEpOy2
07 Feb 2017, 21:54:16.173 [  FINER] [   FXGL.SystemLogger] [     FXGL Launcher Thread] sound.menu.press = menu/press.wav
07 Feb 2017, 21:54:16.173 [  FINER] [   FXGL.SystemLogger] [     FXGL Launcher Thread] Initializing user properties
07 Feb 2017, 21:54:16.174 [   INFO] [   FXGL.SystemLogger] [     FXGL Launcher Thread] User properties not found. Using system
07 Feb 2017, 21:54:16.174 [  FINER] [   FXGL.SystemLogger] [     FXGL Launcher Thread] Initializing app settings
07 Feb 2017, 21:54:16.180 [  FINER] [   FXGL.SystemLogger] [     FXGL Launcher Thread] Logging settings
Title: Pacman
Version: 0.1
Width: 960
Height: 840
Fullscreen: false
Intro: false
Menus: false
Profiling: false
App Mode: DEVELOPER
Menu Style: FXGL_DEFAULT
Menu Key: ESCAPE
Services: []
07 Feb 2017, 21:54:16.748 [  FINER] [   FXGL.SystemLogger] [     FXGL Launcher Thread] FXGL configuration complete
07 Feb 2017, 21:54:16.748 [   INFO] [   FXGL.SystemLogger] [     FXGL Launcher Thread] FXGL configuration took:  0.603 sec
07 Feb 2017, 21:54:16.749 [  FINER] [   FXGL.SystemLogger] [JavaFX Application Thread] Running task: UpdaterTask
07 Feb 2017, 21:54:16.752 [  FINER] [   FXGL.SystemLogger] [     FXGL Launcher Thread] Running task: PreInitTask
07 Feb 2017, 21:54:16.811 [  FINER] [   FXGL.SystemLogger] [     FXGL Launcher Thread] Running task: InitScenesTask
07 Feb 2017, 21:54:16.941 [  FINER] [   FXGL.SystemLogger] [     FXGL Launcher Thread] Running task: InitEventHandlersTask
07 Feb 2017, 21:54:16.957 [  FINER] [   FXGL.SystemLogger] [     FXGL Launcher Thread] Running task: InitProfilerTask
07 Feb 2017, 21:54:16.962 [  FINER] [   FXGL.SystemLogger] [     FXGL Launcher Thread] Pausing main loop
07 Feb 2017, 21:54:16.964 [  FINER] [   FXGL.SystemLogger] [     FXGL Launcher Thread] Resetting FXGL application
07 Feb 2017, 21:54:17.017 [   INFO] [   FXGL.SystemLogger] [     FXGL Launcher Thread] Game configuration took:  0.265 sec
07 Feb 2017, 21:54:17.178 [   INFO] [   FXGL.SystemLogger] [ FXGL Background Thread 1] Game initialization took: 0.160 sec
07 Feb 2017, 21:54:17.179 [  FINER] [   FXGL.SystemLogger] [JavaFX Application Thread] Resuming main loop
07 Feb 2017, 21:55:38.357 [  FINER] [   FXGL.SystemLogger] [JavaFX Application Thread] Exiting Normally
07 Feb 2017, 21:55:38.364 [  FINER] [   FXGL.SystemLogger] [JavaFX Application Thread] Exiting FXGL
07 Feb 2017, 21:55:38.364 [  FINER] [   FXGL.SystemLogger] [JavaFX Application Thread] Logger is closing
