20 Feb 2017, 16:40:59.431 [   INFO] [   FXGL.SystemLogger] [                     main] System Logger is initialized
20 Feb 2017, 16:40:59.447 [  FINER] [   FXGL.SystemLogger] [                     main] Logging System Info
20 Feb 2017, 16:40:59.447 [  FINER] [   FXGL.SystemLogger] [                     main] CPU cores: 4
20 Feb 2017, 16:40:59.449 [  FINER] [   FXGL.SystemLogger] [                     main] Free Memory: 115MB
20 Feb 2017, 16:40:59.449 [  FINER] [   FXGL.SystemLogger] [                     main] Max Memory: 1814MB
20 Feb 2017, 16:40:59.449 [  FINER] [   FXGL.SystemLogger] [                     main] Total Memory: 123MB
20 Feb 2017, 16:40:59.450 [  FINER] [   FXGL.SystemLogger] [                     main] System Properties:
20 Feb 2017, 16:40:59.451 [  FINER] [   FXGL.SystemLogger] [                     main] sun.cpu.isalist=amd64
20 Feb 2017, 16:40:59.451 [  FINER] [   FXGL.SystemLogger] [                     main] sun.desktop=windows
20 Feb 2017, 16:40:59.451 [  FINER] [   FXGL.SystemLogger] [                     main] sun.io.unicode.encoding=UnicodeLittle
20 Feb 2017, 16:40:59.451 [  FINER] [   FXGL.SystemLogger] [                     main] sun.cpu.endian=little
20 Feb 2017, 16:40:59.452 [  FINER] [   FXGL.SystemLogger] [                     main] java.vendor.url.bug=http://bugreport.sun.com/bugreport/
20 Feb 2017, 16:40:59.452 [  FINER] [   FXGL.SystemLogger] [                     main] file.separator=\
20 Feb 2017, 16:40:59.452 [  FINER] [   FXGL.SystemLogger] [                     main] java.vendor=Oracle Corporation
20 Feb 2017, 16:40:59.452 [  FINER] [   FXGL.SystemLogger] [                     main] sun.boot.class.path=C:\Program Files\Java\jdk1.8.0_111\jre\lib\resources.jar;C:\Program Files\Java\jdk1.8.0_111\jre\lib\rt.jar;C:\Program Files\Java\jdk1.8.0_111\jre\lib\sunrsasign.jar;C:\Program Files\Java\jdk1.8.0_111\jre\lib\jsse.jar;C:\Program Files\Java\jdk1.8.0_111\jre\lib\jce.jar;C:\Program Files\Java\jdk1.8.0_111\jre\lib\charsets.jar;C:\Program Files\Java\jdk1.8.0_111\jre\lib\jfr.jar;C:\Program Files\Java\jdk1.8.0_111\jre\classes
20 Feb 2017, 16:40:59.453 [  FINER] [   FXGL.SystemLogger] [                     main] java.ext.dirs=C:\Program Files\Java\jdk1.8.0_111\jre\lib\ext;C:\Windows\Sun\Java\lib\ext
20 Feb 2017, 16:40:59.453 [  FINER] [   FXGL.SystemLogger] [                     main] java.version=1.8.0_111
20 Feb 2017, 16:40:59.453 [  FINER] [   FXGL.SystemLogger] [                     main] java.vm.info=mixed mode
20 Feb 2017, 16:40:59.453 [  FINER] [   FXGL.SystemLogger] [                     main] awt.toolkit=sun.awt.windows.WToolkit
20 Feb 2017, 16:40:59.453 [  FINER] [   FXGL.SystemLogger] [                     main] user.language=en
20 Feb 2017, 16:40:59.453 [  FINER] [   FXGL.SystemLogger] [                     main] java.specification.vendor=Oracle Corporation
20 Feb 2017, 16:40:59.454 [  FINER] [   FXGL.SystemLogger] [                     main] sun.java.command=com.intellij.rt.execution.application.AppMain com.gamedesign.pacman.PacmanApp
20 Feb 2017, 16:40:59.454 [  FINER] [   FXGL.SystemLogger] [                     main] java.home=C:\Program Files\Java\jdk1.8.0_111\jre
20 Feb 2017, 16:40:59.454 [  FINER] [   FXGL.SystemLogger] [                     main] sun.arch.data.model=64
20 Feb 2017, 16:40:59.454 [  FINER] [   FXGL.SystemLogger] [                     main] java.vm.specification.version=1.8
20 Feb 2017, 16:40:59.454 [  FINER] [   FXGL.SystemLogger] [                     main] java.class.path=C:\Program Files\Java\jdk1.8.0_111\jre\lib\charsets.jar;C:\Program Files\Java\jdk1.8.0_111\jre\lib\deploy.jar;C:\Program Files\Java\jdk1.8.0_111\jre\lib\ext\access-bridge-64.jar;C:\Program Files\Java\jdk1.8.0_111\jre\lib\ext\cldrdata.jar;C:\Program Files\Java\jdk1.8.0_111\jre\lib\ext\dnsns.jar;C:\Program Files\Java\jdk1.8.0_111\jre\lib\ext\jaccess.jar;C:\Program Files\Java\jdk1.8.0_111\jre\lib\ext\jfxrt.jar;C:\Program Files\Java\jdk1.8.0_111\jre\lib\ext\localedata.jar;C:\Program Files\Java\jdk1.8.0_111\jre\lib\ext\nashorn.jar;C:\Program Files\Java\jdk1.8.0_111\jre\lib\ext\sunec.jar;C:\Program Files\Java\jdk1.8.0_111\jre\lib\ext\sunjce_provider.jar;C:\Program Files\Java\jdk1.8.0_111\jre\lib\ext\sunmscapi.jar;C:\Program Files\Java\jdk1.8.0_111\jre\lib\ext\sunpkcs11.jar;C:\Program Files\Java\jdk1.8.0_111\jre\lib\ext\zipfs.jar;C:\Program Files\Java\jdk1.8.0_111\jre\lib\javaws.jar;C:\Program Files\Java\jdk1.8.0_111\jre\lib\jce.jar;C:\Program Files\Java\jdk1.8.0_111\jre\lib\jfr.jar;C:\Program Files\Java\jdk1.8.0_111\jre\lib\jfxswt.jar;C:\Program Files\Java\jdk1.8.0_111\jre\lib\jsse.jar;C:\Program Files\Java\jdk1.8.0_111\jre\lib\management-agent.jar;C:\Program Files\Java\jdk1.8.0_111\jre\lib\plugin.jar;C:\Program Files\Java\jdk1.8.0_111\jre\lib\resources.jar;C:\Program Files\Java\jdk1.8.0_111\jre\lib\rt.jar;C:\Users\lukel\Documents\Programming\Pacman\out\production\Pacman;C:\Users\lukel\Documents\Programming\Pacman\lib\fxgl-0.2.9-uber.jar;C:\Program Files (x86)\JetBrains\IntelliJ IDEA Community Edition 2016.3.1\lib\idea_rt.jar
20 Feb 2017, 16:40:59.455 [  FINER] [   FXGL.SystemLogger] [                     main] user.name=lukel
20 Feb 2017, 16:40:59.455 [  FINER] [   FXGL.SystemLogger] [                     main] file.encoding=UTF-8
20 Feb 2017, 16:40:59.455 [  FINER] [   FXGL.SystemLogger] [                     main] idea.launcher.bin.path=C:\Program Files (x86)\JetBrains\IntelliJ IDEA Community Edition 2016.3.1\bin
20 Feb 2017, 16:40:59.455 [  FINER] [   FXGL.SystemLogger] [                     main] java.specification.version=1.8
20 Feb 2017, 16:40:59.455 [  FINER] [   FXGL.SystemLogger] [                     main] java.awt.printerjob=sun.awt.windows.WPrinterJob
20 Feb 2017, 16:40:59.455 [  FINER] [   FXGL.SystemLogger] [                     main] user.timezone=America/New_York
20 Feb 2017, 16:40:59.455 [  FINER] [   FXGL.SystemLogger] [                     main] user.home=C:\Users\lukel
20 Feb 2017, 16:40:59.456 [  FINER] [   FXGL.SystemLogger] [                     main] os.version=10.0
20 Feb 2017, 16:40:59.456 [  FINER] [   FXGL.SystemLogger] [                     main] sun.management.compiler=HotSpot 64-Bit Tiered Compilers
20 Feb 2017, 16:40:59.456 [  FINER] [   FXGL.SystemLogger] [                     main] java.specification.name=Java Platform API Specification
20 Feb 2017, 16:40:59.456 [  FINER] [   FXGL.SystemLogger] [                     main] java.class.version=52.0
20 Feb 2017, 16:40:59.456 [  FINER] [   FXGL.SystemLogger] [                     main] java.library.path=C:\Program Files\Java\jdk1.8.0_111\bin;C:\Windows\Sun\Java\bin;C:\Windows\system32;C:\Windows;C:\ProgramData\Oracle\Java\javapath;C:\Program Files (x86)\Intel\iCLS Client\;C:\Program Files\Intel\iCLS Client\;C:\Windows\system32;C:\Windows;C:\Windows\System32\Wbem;C:\Windows\System32\WindowsPowerShell\v1.0\;C:\Program Files (x86)\Intel\Intel(R) Management Engine Components\DAL;C:\Program Files\Intel\Intel(R) Management Engine Components\DAL;C:\Program Files (x86)\Intel\Intel(R) Management Engine Components\IPT;C:\Program Files\Intel\Intel(R) Management Engine Components\IPT;C:\Users\lukel\AppData\Local\Microsoft\WindowsApps;;.
20 Feb 2017, 16:40:59.457 [  FINER] [   FXGL.SystemLogger] [                     main] sun.jnu.encoding=Cp1252
20 Feb 2017, 16:40:59.457 [  FINER] [   FXGL.SystemLogger] [                     main] os.name=Windows 10
20 Feb 2017, 16:40:59.457 [  FINER] [   FXGL.SystemLogger] [                     main] user.variant=
20 Feb 2017, 16:40:59.457 [  FINER] [   FXGL.SystemLogger] [                     main] java.vm.specification.vendor=Oracle Corporation
20 Feb 2017, 16:40:59.457 [  FINER] [   FXGL.SystemLogger] [                     main] java.io.tmpdir=C:\Users\lukel\AppData\Local\Temp\
20 Feb 2017, 16:40:59.458 [  FINER] [   FXGL.SystemLogger] [                     main] line.separator=

20 Feb 2017, 16:40:59.458 [  FINER] [   FXGL.SystemLogger] [                     main] java.endorsed.dirs=C:\Program Files\Java\jdk1.8.0_111\jre\lib\endorsed
20 Feb 2017, 16:40:59.458 [  FINER] [   FXGL.SystemLogger] [                     main] os.arch=amd64
20 Feb 2017, 16:40:59.458 [  FINER] [   FXGL.SystemLogger] [                     main] java.awt.graphicsenv=sun.awt.Win32GraphicsEnvironment
20 Feb 2017, 16:40:59.459 [  FINER] [   FXGL.SystemLogger] [                     main] java.runtime.version=1.8.0_111-b14
20 Feb 2017, 16:40:59.459 [  FINER] [   FXGL.SystemLogger] [                     main] java.vm.specification.name=Java Virtual Machine Specification
20 Feb 2017, 16:40:59.459 [  FINER] [   FXGL.SystemLogger] [                     main] user.dir=C:\Users\lukel\Documents\Programming\Pacman
20 Feb 2017, 16:40:59.459 [  FINER] [   FXGL.SystemLogger] [                     main] user.country=US
20 Feb 2017, 16:40:59.460 [  FINER] [   FXGL.SystemLogger] [                     main] user.script=
20 Feb 2017, 16:40:59.460 [  FINER] [   FXGL.SystemLogger] [                     main] sun.java.launcher=SUN_STANDARD
20 Feb 2017, 16:40:59.460 [  FINER] [   FXGL.SystemLogger] [                     main] sun.os.patch.level=
20 Feb 2017, 16:40:59.460 [  FINER] [   FXGL.SystemLogger] [                     main] idea.launcher.port=7533
20 Feb 2017, 16:40:59.460 [  FINER] [   FXGL.SystemLogger] [                     main] java.vm.name=Java HotSpot(TM) 64-Bit Server VM
20 Feb 2017, 16:40:59.460 [  FINER] [   FXGL.SystemLogger] [                     main] file.encoding.pkg=sun.io
20 Feb 2017, 16:40:59.460 [  FINER] [   FXGL.SystemLogger] [                     main] path.separator=;
20 Feb 2017, 16:40:59.461 [  FINER] [   FXGL.SystemLogger] [                     main] java.vm.vendor=Oracle Corporation
20 Feb 2017, 16:40:59.461 [  FINER] [   FXGL.SystemLogger] [                     main] java.vendor.url=http://java.oracle.com/
20 Feb 2017, 16:40:59.461 [  FINER] [   FXGL.SystemLogger] [                     main] sun.boot.library.path=C:\Program Files\Java\jdk1.8.0_111\jre\bin
20 Feb 2017, 16:40:59.461 [  FINER] [   FXGL.SystemLogger] [                     main] java.vm.version=25.111-b14
20 Feb 2017, 16:40:59.462 [  FINER] [   FXGL.SystemLogger] [                     main] java.runtime.name=Java(TM) SE Runtime Environment
20 Feb 2017, 16:40:59.470 [   INFO] [   FXGL.SystemLogger] [                     main] FXGL-0.2.9
20 Feb 2017, 16:40:59.470 [   INFO] [   FXGL.SystemLogger] [                     main] Source code and latest versions at: https://github.com/AlmasB/FXGL
20 Feb 2017, 16:40:59.471 [   INFO] [   FXGL.SystemLogger] [                     main]              Join the FXGL chat at: https://gitter.im/AlmasB/FXGL
20 Feb 2017, 16:40:59.622 [  FINER] [   FXGL.SystemLogger] [JavaFX Application Thread] Starting JavaFX
20 Feb 2017, 16:40:59.623 [  FINER] [   FXGL.SystemLogger] [          JavaFX-Launcher] Initializing FXGL
20 Feb 2017, 16:40:59.635 [  FINER] [   FXGL.SystemLogger] [JavaFX Application Thread] Starting FXGL
20 Feb 2017, 16:40:59.814 [  FINER] [   FXGL.SystemLogger] [     FXGL Launcher Thread] Configuring FXGL
20 Feb 2017, 16:40:59.814 [  FINER] [   FXGL.SystemLogger] [     FXGL Launcher Thread] Initializing system properties
20 Feb 2017, 16:40:59.842 [  FINER] [   FXGL.SystemLogger] [     FXGL Launcher Thread] sound.notification = system/notification.wav
20 Feb 2017, 16:40:59.843 [  FINER] [   FXGL.SystemLogger] [     FXGL Launcher Thread] url.storage = https://raw.githubusercontent.com/AlmasB/git-server/master/storage/
20 Feb 2017, 16:40:59.843 [  FINER] [   FXGL.SystemLogger] [     FXGL Launcher Thread] asset.cache.size = 35
20 Feb 2017, 16:40:59.843 [  FINER] [   FXGL.SystemLogger] [     FXGL Launcher Thread] fs.profiledir = profiles/
20 Feb 2017, 16:40:59.843 [  FINER] [   FXGL.SystemLogger] [     FXGL Launcher Thread] url.pom = https://raw.githubusercontent.com/AlmasB/FXGL/master/pom.xml
20 Feb 2017, 16:40:59.844 [  FINER] [   FXGL.SystemLogger] [     FXGL Launcher Thread] dev.showbbox = false
20 Feb 2017, 16:40:59.844 [  FINER] [   FXGL.SystemLogger] [     FXGL Launcher Thread] fs.datafile.ext = .dat
20 Feb 2017, 16:40:59.844 [  FINER] [   FXGL.SystemLogger] [     FXGL Launcher Thread] sound.menu.back = menu/back.wav
20 Feb 2017, 16:40:59.844 [  FINER] [   FXGL.SystemLogger] [     FXGL Launcher Thread] sound.menu.select = menu/select.wav
20 Feb 2017, 16:40:59.844 [  FINER] [   FXGL.SystemLogger] [     FXGL Launcher Thread] url.github = https://github.com/AlmasB/FXGL
20 Feb 2017, 16:40:59.844 [  FINER] [   FXGL.SystemLogger] [     FXGL Launcher Thread] url.surveymonkey = https://www.surveymonkey.co.uk/r/BH6LLPM
20 Feb 2017, 16:40:59.845 [  FINER] [   FXGL.SystemLogger] [     FXGL Launcher Thread] physics.ppm = 50.0
20 Feb 2017, 16:40:59.845 [  FINER] [   FXGL.SystemLogger] [     FXGL Launcher Thread] ui.css = fxgl.css
20 Feb 2017, 16:40:59.845 [  FINER] [   FXGL.SystemLogger] [     FXGL Launcher Thread] version.check.days = 7
20 Feb 2017, 16:40:59.845 [  FINER] [   FXGL.SystemLogger] [     FXGL Launcher Thread] fs.savefile.ext = .sav
20 Feb 2017, 16:40:59.846 [  FINER] [   FXGL.SystemLogger] [     FXGL Launcher Thread] pooling.initialSize = 128
20 Feb 2017, 16:40:59.846 [  FINER] [   FXGL.SystemLogger] [     FXGL Launcher Thread] ui.font = Copperplate_Gothic_Light_Regular.ttf
20 Feb 2017, 16:40:59.846 [  FINER] [   FXGL.SystemLogger] [     FXGL Launcher Thread] fs.savedir = saves/
20 Feb 2017, 16:40:59.846 [  FINER] [   FXGL.SystemLogger] [     FXGL Launcher Thread] fs.profilename = user.profile
20 Feb 2017, 16:40:59.846 [  FINER] [   FXGL.SystemLogger] [     FXGL Launcher Thread] ui.icon.name = fxgl_icon.png
20 Feb 2017, 16:40:59.846 [  FINER] [   FXGL.SystemLogger] [     FXGL Launcher Thread] url.googleforms = https://goo.gl/forms/6wrMnOBxTE1fEpOy2
20 Feb 2017, 16:40:59.847 [  FINER] [   FXGL.SystemLogger] [     FXGL Launcher Thread] sound.menu.press = menu/press.wav
20 Feb 2017, 16:40:59.847 [  FINER] [   FXGL.SystemLogger] [     FXGL Launcher Thread] Initializing user properties
20 Feb 2017, 16:40:59.847 [   INFO] [   FXGL.SystemLogger] [     FXGL Launcher Thread] User properties not found. Using system
20 Feb 2017, 16:40:59.847 [  FINER] [   FXGL.SystemLogger] [     FXGL Launcher Thread] Initializing app settings
20 Feb 2017, 16:40:59.854 [  FINER] [   FXGL.SystemLogger] [     FXGL Launcher Thread] Logging settings
Title: Pacman
Version: 0.1
Width: 960
Height: 840
Fullscreen: false
Intro: false
Menus: false
Profiling: false
App Mode: DEVELOPER
Menu Style: FXGL_DEFAULT
Menu Key: ESCAPE
Services: []
20 Feb 2017, 16:41:00.594 [  FINER] [   FXGL.SystemLogger] [     FXGL Launcher Thread] FXGL configuration complete
20 Feb 2017, 16:41:00.594 [   INFO] [   FXGL.SystemLogger] [     FXGL Launcher Thread] FXGL configuration took:  0.779 sec
20 Feb 2017, 16:41:00.595 [  FINER] [   FXGL.SystemLogger] [JavaFX Application Thread] Running task: UpdaterTask
20 Feb 2017, 16:41:00.598 [  FINER] [   FXGL.SystemLogger] [     FXGL Launcher Thread] Running task: PreInitTask
20 Feb 2017, 16:41:00.686 [  FINER] [   FXGL.SystemLogger] [     FXGL Launcher Thread] Running task: InitScenesTask
20 Feb 2017, 16:41:00.921 [  FINER] [   FXGL.SystemLogger] [     FXGL Launcher Thread] Running task: InitEventHandlersTask
20 Feb 2017, 16:41:00.938 [  FINER] [   FXGL.SystemLogger] [     FXGL Launcher Thread] Running task: InitProfilerTask
20 Feb 2017, 16:41:00.942 [  FINER] [   FXGL.SystemLogger] [     FXGL Launcher Thread] Pausing main loop
20 Feb 2017, 16:41:00.944 [  FINER] [   FXGL.SystemLogger] [     FXGL Launcher Thread] Resetting FXGL application
20 Feb 2017, 16:41:01.000 [   INFO] [   FXGL.SystemLogger] [     FXGL Launcher Thread] Game configuration took:  0.402 sec
20 Feb 2017, 16:41:01.178 [   INFO] [   FXGL.SystemLogger] [ FXGL Background Thread 1] Game initialization took: 0.177 sec
20 Feb 2017, 16:41:01.178 [  FINER] [   FXGL.SystemLogger] [JavaFX Application Thread] Resuming main loop
20 Feb 2017, 16:41:06.166 [  FINER] [   FXGL.SystemLogger] [JavaFX Application Thread] Exiting Normally
20 Feb 2017, 16:41:06.172 [  FINER] [   FXGL.SystemLogger] [JavaFX Application Thread] Exiting FXGL
20 Feb 2017, 16:41:06.172 [  FINER] [   FXGL.SystemLogger] [JavaFX Application Thread] Logger is closing
