07 Feb 2017, 21:53:55.577 [   INFO] [   FXGL.SystemLogger] [                     main] System Logger is initialized
07 Feb 2017, 21:53:55.593 [  FINER] [   FXGL.SystemLogger] [                     main] Logging System Info
07 Feb 2017, 21:53:55.593 [  FINER] [   FXGL.SystemLogger] [                     main] CPU cores: 4
07 Feb 2017, 21:53:55.595 [  FINER] [   FXGL.SystemLogger] [                     main] Free Memory: 115MB
07 Feb 2017, 21:53:55.595 [  FINER] [   FXGL.SystemLogger] [                     main] Max Memory: 1814MB
07 Feb 2017, 21:53:55.596 [  FINER] [   FXGL.SystemLogger] [                     main] Total Memory: 123MB
07 Feb 2017, 21:53:55.597 [  FINER] [   FXGL.SystemLogger] [                     main] System Properties:
07 Feb 2017, 21:53:55.598 [  FINER] [   FXGL.SystemLogger] [                     main] sun.cpu.isalist=amd64
07 Feb 2017, 21:53:55.598 [  FINER] [   FXGL.SystemLogger] [                     main] sun.desktop=windows
07 Feb 2017, 21:53:55.598 [  FINER] [   FXGL.SystemLogger] [                     main] sun.io.unicode.encoding=UnicodeLittle
07 Feb 2017, 21:53:55.598 [  FINER] [   FXGL.SystemLogger] [                     main] sun.cpu.endian=little
07 Feb 2017, 21:53:55.599 [  FINER] [   FXGL.SystemLogger] [                     main] java.vendor.url.bug=http://bugreport.sun.com/bugreport/
07 Feb 2017, 21:53:55.599 [  FINER] [   FXGL.SystemLogger] [                     main] file.separator=\
07 Feb 2017, 21:53:55.599 [  FINER] [   FXGL.SystemLogger] [                     main] java.vendor=Oracle Corporation
07 Feb 2017, 21:53:55.599 [  FINER] [   FXGL.SystemLogger] [                     main] sun.boot.class.path=C:\Program Files\Java\jdk1.8.0_111\jre\lib\resources.jar;C:\Program Files\Java\jdk1.8.0_111\jre\lib\rt.jar;C:\Program Files\Java\jdk1.8.0_111\jre\lib\sunrsasign.jar;C:\Program Files\Java\jdk1.8.0_111\jre\lib\jsse.jar;C:\Program Files\Java\jdk1.8.0_111\jre\lib\jce.jar;C:\Program Files\Java\jdk1.8.0_111\jre\lib\charsets.jar;C:\Program Files\Java\jdk1.8.0_111\jre\lib\jfr.jar;C:\Program Files\Java\jdk1.8.0_111\jre\classes
07 Feb 2017, 21:53:55.599 [  FINER] [   FXGL.SystemLogger] [                     main] java.ext.dirs=C:\Program Files\Java\jdk1.8.0_111\jre\lib\ext;C:\Windows\Sun\Java\lib\ext
07 Feb 2017, 21:53:55.600 [  FINER] [   FXGL.SystemLogger] [                     main] java.version=1.8.0_111
07 Feb 2017, 21:53:55.600 [  FINER] [   FXGL.SystemLogger] [                     main] java.vm.info=mixed mode
07 Feb 2017, 21:53:55.600 [  FINER] [   FXGL.SystemLogger] [                     main] awt.toolkit=sun.awt.windows.WToolkit
07 Feb 2017, 21:53:55.601 [  FINER] [   FXGL.SystemLogger] [                     main] user.language=en
07 Feb 2017, 21:53:55.601 [  FINER] [   FXGL.SystemLogger] [                     main] java.specification.vendor=Oracle Corporation
07 Feb 2017, 21:53:55.601 [  FINER] [   FXGL.SystemLogger] [                     main] sun.java.command=com.intellij.rt.execution.application.AppMain com.gamedesign.pacman.PacmanApp
07 Feb 2017, 21:53:55.601 [  FINER] [   FXGL.SystemLogger] [                     main] java.home=C:\Program Files\Java\jdk1.8.0_111\jre
07 Feb 2017, 21:53:55.601 [  FINER] [   FXGL.SystemLogger] [                     main] sun.arch.data.model=64
07 Feb 2017, 21:53:55.602 [  FINER] [   FXGL.SystemLogger] [                     main] java.vm.specification.version=1.8
07 Feb 2017, 21:53:55.602 [  FINER] [   FXGL.SystemLogger] [                     main] java.class.path=C:\Program Files\Java\jdk1.8.0_111\jre\lib\charsets.jar;C:\Program Files\Java\jdk1.8.0_111\jre\lib\deploy.jar;C:\Program Files\Java\jdk1.8.0_111\jre\lib\ext\access-bridge-64.jar;C:\Program Files\Java\jdk1.8.0_111\jre\lib\ext\cldrdata.jar;C:\Program Files\Java\jdk1.8.0_111\jre\lib\ext\dnsns.jar;C:\Program Files\Java\jdk1.8.0_111\jre\lib\ext\jaccess.jar;C:\Program Files\Java\jdk1.8.0_111\jre\lib\ext\jfxrt.jar;C:\Program Files\Java\jdk1.8.0_111\jre\lib\ext\localedata.jar;C:\Program Files\Java\jdk1.8.0_111\jre\lib\ext\nashorn.jar;C:\Program Files\Java\jdk1.8.0_111\jre\lib\ext\sunec.jar;C:\Program Files\Java\jdk1.8.0_111\jre\lib\ext\sunjce_provider.jar;C:\Program Files\Java\jdk1.8.0_111\jre\lib\ext\sunmscapi.jar;C:\Program Files\Java\jdk1.8.0_111\jre\lib\ext\sunpkcs11.jar;C:\Program Files\Java\jdk1.8.0_111\jre\lib\ext\zipfs.jar;C:\Program Files\Java\jdk1.8.0_111\jre\lib\javaws.jar;C:\Program Files\Java\jdk1.8.0_111\jre\lib\jce.jar;C:\Program Files\Java\jdk1.8.0_111\jre\lib\jfr.jar;C:\Program Files\Java\jdk1.8.0_111\jre\lib\jfxswt.jar;C:\Program Files\Java\jdk1.8.0_111\jre\lib\jsse.jar;C:\Program Files\Java\jdk1.8.0_111\jre\lib\management-agent.jar;C:\Program Files\Java\jdk1.8.0_111\jre\lib\plugin.jar;C:\Program Files\Java\jdk1.8.0_111\jre\lib\resources.jar;C:\Program Files\Java\jdk1.8.0_111\jre\lib\rt.jar;C:\Users\lukel\Documents\Programming\Pacman\out\production\Pacman;C:\Users\lukel\Documents\Programming\Pacman\lib\fxgl-0.2.9-uber.jar;C:\Program Files (x86)\JetBrains\IntelliJ IDEA Community Edition 2016.3.1\lib\idea_rt.jar
07 Feb 2017, 21:53:55.602 [  FINER] [   FXGL.SystemLogger] [                     main] user.name=lukel
07 Feb 2017, 21:53:55.602 [  FINER] [   FXGL.SystemLogger] [                     main] file.encoding=UTF-8
07 Feb 2017, 21:53:55.602 [  FINER] [   FXGL.SystemLogger] [                     main] idea.launcher.bin.path=C:\Program Files (x86)\JetBrains\IntelliJ IDEA Community Edition 2016.3.1\bin
07 Feb 2017, 21:53:55.603 [  FINER] [   FXGL.SystemLogger] [                     main] java.specification.version=1.8
07 Feb 2017, 21:53:55.603 [  FINER] [   FXGL.SystemLogger] [                     main] java.awt.printerjob=sun.awt.windows.WPrinterJob
07 Feb 2017, 21:53:55.603 [  FINER] [   FXGL.SystemLogger] [                     main] user.timezone=America/New_York
07 Feb 2017, 21:53:55.603 [  FINER] [   FXGL.SystemLogger] [                     main] user.home=C:\Users\lukel
07 Feb 2017, 21:53:55.604 [  FINER] [   FXGL.SystemLogger] [                     main] os.version=10.0
07 Feb 2017, 21:53:55.604 [  FINER] [   FXGL.SystemLogger] [                     main] sun.management.compiler=HotSpot 64-Bit Tiered Compilers
07 Feb 2017, 21:53:55.604 [  FINER] [   FXGL.SystemLogger] [                     main] java.specification.name=Java Platform API Specification
07 Feb 2017, 21:53:55.604 [  FINER] [   FXGL.SystemLogger] [                     main] java.class.version=52.0
07 Feb 2017, 21:53:55.604 [  FINER] [   FXGL.SystemLogger] [                     main] java.library.path=C:\Program Files\Java\jdk1.8.0_111\bin;C:\Windows\Sun\Java\bin;C:\Windows\system32;C:\Windows;C:\ProgramData\Oracle\Java\javapath;C:\Program Files (x86)\Intel\iCLS Client\;C:\Program Files\Intel\iCLS Client\;C:\Windows\system32;C:\Windows;C:\Windows\System32\Wbem;C:\Windows\System32\WindowsPowerShell\v1.0\;C:\Program Files (x86)\Intel\Intel(R) Management Engine Components\DAL;C:\Program Files\Intel\Intel(R) Management Engine Components\DAL;C:\Program Files (x86)\Intel\Intel(R) Management Engine Components\IPT;C:\Program Files\Intel\Intel(R) Management Engine Components\IPT;C:\Users\lukel\AppData\Local\Microsoft\WindowsApps;;.
07 Feb 2017, 21:53:55.605 [  FINER] [   FXGL.SystemLogger] [                     main] sun.jnu.encoding=Cp1252
07 Feb 2017, 21:53:55.605 [  FINER] [   FXGL.SystemLogger] [                     main] os.name=Windows 10
07 Feb 2017, 21:53:55.605 [  FINER] [   FXGL.SystemLogger] [                     main] user.variant=
07 Feb 2017, 21:53:55.606 [  FINER] [   FXGL.SystemLogger] [                     main] java.vm.specification.vendor=Oracle Corporation
07 Feb 2017, 21:53:55.606 [  FINER] [   FXGL.SystemLogger] [                     main] java.io.tmpdir=C:\Users\lukel\AppData\Local\Temp\
07 Feb 2017, 21:53:55.606 [  FINER] [   FXGL.SystemLogger] [                     main] line.separator=

07 Feb 2017, 21:53:55.606 [  FINER] [   FXGL.SystemLogger] [                     main] java.endorsed.dirs=C:\Program Files\Java\jdk1.8.0_111\jre\lib\endorsed
07 Feb 2017, 21:53:55.606 [  FINER] [   FXGL.SystemLogger] [                     main] os.arch=amd64
07 Feb 2017, 21:53:55.606 [  FINER] [   FXGL.SystemLogger] [                     main] java.awt.graphicsenv=sun.awt.Win32GraphicsEnvironment
07 Feb 2017, 21:53:55.607 [  FINER] [   FXGL.SystemLogger] [                     main] java.runtime.version=1.8.0_111-b14
07 Feb 2017, 21:53:55.608 [  FINER] [   FXGL.SystemLogger] [                     main] java.vm.specification.name=Java Virtual Machine Specification
07 Feb 2017, 21:53:55.608 [  FINER] [   FXGL.SystemLogger] [                     main] user.dir=C:\Users\lukel\Documents\Programming\Pacman
07 Feb 2017, 21:53:55.608 [  FINER] [   FXGL.SystemLogger] [                     main] user.country=US
07 Feb 2017, 21:53:55.608 [  FINER] [   FXGL.SystemLogger] [                     main] user.script=
07 Feb 2017, 21:53:55.608 [  FINER] [   FXGL.SystemLogger] [                     main] sun.java.launcher=SUN_STANDARD
07 Feb 2017, 21:53:55.608 [  FINER] [   FXGL.SystemLogger] [                     main] sun.os.patch.level=
07 Feb 2017, 21:53:55.609 [  FINER] [   FXGL.SystemLogger] [                     main] idea.launcher.port=7539
07 Feb 2017, 21:53:55.609 [  FINER] [   FXGL.SystemLogger] [                     main] java.vm.name=Java HotSpot(TM) 64-Bit Server VM
07 Feb 2017, 21:53:55.609 [  FINER] [   FXGL.SystemLogger] [                     main] file.encoding.pkg=sun.io
07 Feb 2017, 21:53:55.609 [  FINER] [   FXGL.SystemLogger] [                     main] path.separator=;
07 Feb 2017, 21:53:55.609 [  FINER] [   FXGL.SystemLogger] [                     main] java.vm.vendor=Oracle Corporation
07 Feb 2017, 21:53:55.610 [  FINER] [   FXGL.SystemLogger] [                     main] java.vendor.url=http://java.oracle.com/
07 Feb 2017, 21:53:55.610 [  FINER] [   FXGL.SystemLogger] [                     main] sun.boot.library.path=C:\Program Files\Java\jdk1.8.0_111\jre\bin
07 Feb 2017, 21:53:55.610 [  FINER] [   FXGL.SystemLogger] [                     main] java.vm.version=25.111-b14
07 Feb 2017, 21:53:55.610 [  FINER] [   FXGL.SystemLogger] [                     main] java.runtime.name=Java(TM) SE Runtime Environment
07 Feb 2017, 21:53:55.614 [   INFO] [   FXGL.SystemLogger] [                     main] FXGL-0.2.9
07 Feb 2017, 21:53:55.615 [   INFO] [   FXGL.SystemLogger] [                     main] Source code and latest versions at: https://github.com/AlmasB/FXGL
07 Feb 2017, 21:53:55.615 [   INFO] [   FXGL.SystemLogger] [                     main]              Join the FXGL chat at: https://gitter.im/AlmasB/FXGL
07 Feb 2017, 21:53:55.746 [  FINER] [   FXGL.SystemLogger] [JavaFX Application Thread] Starting JavaFX
07 Feb 2017, 21:53:55.746 [  FINER] [   FXGL.SystemLogger] [          JavaFX-Launcher] Initializing FXGL
07 Feb 2017, 21:53:55.758 [  FINER] [   FXGL.SystemLogger] [JavaFX Application Thread] Starting FXGL
07 Feb 2017, 21:53:55.925 [  FINER] [   FXGL.SystemLogger] [     FXGL Launcher Thread] Configuring FXGL
07 Feb 2017, 21:53:55.925 [  FINER] [   FXGL.SystemLogger] [     FXGL Launcher Thread] Initializing system properties
07 Feb 2017, 21:53:55.947 [  FINER] [   FXGL.SystemLogger] [     FXGL Launcher Thread] sound.notification = system/notification.wav
07 Feb 2017, 21:53:55.948 [  FINER] [   FXGL.SystemLogger] [     FXGL Launcher Thread] url.storage = https://raw.githubusercontent.com/AlmasB/git-server/master/storage/
07 Feb 2017, 21:53:55.948 [  FINER] [   FXGL.SystemLogger] [     FXGL Launcher Thread] asset.cache.size = 35
07 Feb 2017, 21:53:55.948 [  FINER] [   FXGL.SystemLogger] [     FXGL Launcher Thread] fs.profiledir = profiles/
07 Feb 2017, 21:53:55.948 [  FINER] [   FXGL.SystemLogger] [     FXGL Launcher Thread] url.pom = https://raw.githubusercontent.com/AlmasB/FXGL/master/pom.xml
07 Feb 2017, 21:53:55.949 [  FINER] [   FXGL.SystemLogger] [     FXGL Launcher Thread] dev.showbbox = false
07 Feb 2017, 21:53:55.949 [  FINER] [   FXGL.SystemLogger] [     FXGL Launcher Thread] fs.datafile.ext = .dat
07 Feb 2017, 21:53:55.949 [  FINER] [   FXGL.SystemLogger] [     FXGL Launcher Thread] sound.menu.back = menu/back.wav
07 Feb 2017, 21:53:55.949 [  FINER] [   FXGL.SystemLogger] [     FXGL Launcher Thread] sound.menu.select = menu/select.wav
07 Feb 2017, 21:53:55.949 [  FINER] [   FXGL.SystemLogger] [     FXGL Launcher Thread] url.github = https://github.com/AlmasB/FXGL
07 Feb 2017, 21:53:55.950 [  FINER] [   FXGL.SystemLogger] [     FXGL Launcher Thread] url.surveymonkey = https://www.surveymonkey.co.uk/r/BH6LLPM
07 Feb 2017, 21:53:55.950 [  FINER] [   FXGL.SystemLogger] [     FXGL Launcher Thread] physics.ppm = 50.0
07 Feb 2017, 21:53:55.950 [  FINER] [   FXGL.SystemLogger] [     FXGL Launcher Thread] ui.css = fxgl.css
07 Feb 2017, 21:53:55.950 [  FINER] [   FXGL.SystemLogger] [     FXGL Launcher Thread] version.check.days = 7
07 Feb 2017, 21:53:55.950 [  FINER] [   FXGL.SystemLogger] [     FXGL Launcher Thread] fs.savefile.ext = .sav
07 Feb 2017, 21:53:55.950 [  FINER] [   FXGL.SystemLogger] [     FXGL Launcher Thread] pooling.initialSize = 128
07 Feb 2017, 21:53:55.951 [  FINER] [   FXGL.SystemLogger] [     FXGL Launcher Thread] ui.font = Copperplate_Gothic_Light_Regular.ttf
07 Feb 2017, 21:53:55.951 [  FINER] [   FXGL.SystemLogger] [     FXGL Launcher Thread] fs.savedir = saves/
07 Feb 2017, 21:53:55.951 [  FINER] [   FXGL.SystemLogger] [     FXGL Launcher Thread] fs.profilename = user.profile
07 Feb 2017, 21:53:55.951 [  FINER] [   FXGL.SystemLogger] [     FXGL Launcher Thread] ui.icon.name = fxgl_icon.png
07 Feb 2017, 21:53:55.951 [  FINER] [   FXGL.SystemLogger] [     FXGL Launcher Thread] url.googleforms = https://goo.gl/forms/6wrMnOBxTE1fEpOy2
07 Feb 2017, 21:53:55.951 [  FINER] [   FXGL.SystemLogger] [     FXGL Launcher Thread] sound.menu.press = menu/press.wav
07 Feb 2017, 21:53:55.951 [  FINER] [   FXGL.SystemLogger] [     FXGL Launcher Thread] Initializing user properties
07 Feb 2017, 21:53:55.952 [   INFO] [   FXGL.SystemLogger] [     FXGL Launcher Thread] User properties not found. Using system
07 Feb 2017, 21:53:55.952 [  FINER] [   FXGL.SystemLogger] [     FXGL Launcher Thread] Initializing app settings
07 Feb 2017, 21:53:55.958 [  FINER] [   FXGL.SystemLogger] [     FXGL Launcher Thread] Logging settings
Title: Pacman
Version: 0.1
Width: 960
Height: 840
Fullscreen: false
Intro: false
Menus: false
Profiling: false
App Mode: DEVELOPER
Menu Style: FXGL_DEFAULT
Menu Key: ESCAPE
Services: []
07 Feb 2017, 21:53:56.526 [  FINER] [   FXGL.SystemLogger] [     FXGL Launcher Thread] FXGL configuration complete
07 Feb 2017, 21:53:56.527 [   INFO] [   FXGL.SystemLogger] [     FXGL Launcher Thread] FXGL configuration took:  0.601 sec
07 Feb 2017, 21:53:56.528 [  FINER] [   FXGL.SystemLogger] [JavaFX Application Thread] Running task: UpdaterTask
07 Feb 2017, 21:53:56.531 [  FINER] [   FXGL.SystemLogger] [     FXGL Launcher Thread] Running task: PreInitTask
07 Feb 2017, 21:53:56.589 [  FINER] [   FXGL.SystemLogger] [     FXGL Launcher Thread] Running task: InitScenesTask
07 Feb 2017, 21:53:56.734 [  FINER] [   FXGL.SystemLogger] [     FXGL Launcher Thread] Running task: InitEventHandlersTask
07 Feb 2017, 21:53:56.750 [  FINER] [   FXGL.SystemLogger] [     FXGL Launcher Thread] Running task: InitProfilerTask
07 Feb 2017, 21:53:56.754 [  FINER] [   FXGL.SystemLogger] [     FXGL Launcher Thread] Pausing main loop
07 Feb 2017, 21:53:56.756 [  FINER] [   FXGL.SystemLogger] [     FXGL Launcher Thread] Resetting FXGL application
07 Feb 2017, 21:53:56.812 [   INFO] [   FXGL.SystemLogger] [     FXGL Launcher Thread] Game configuration took:  0.282 sec
07 Feb 2017, 21:53:56.983 [   INFO] [   FXGL.SystemLogger] [ FXGL Background Thread 1] Game initialization took: 0.171 sec
07 Feb 2017, 21:53:56.984 [  FINER] [   FXGL.SystemLogger] [JavaFX Application Thread] Resuming main loop
07 Feb 2017, 21:54:00.439 [  FINER] [   FXGL.SystemLogger] [JavaFX Application Thread] Exiting Normally
07 Feb 2017, 21:54:00.445 [  FINER] [   FXGL.SystemLogger] [JavaFX Application Thread] Exiting FXGL
07 Feb 2017, 21:54:00.446 [  FINER] [   FXGL.SystemLogger] [JavaFX Application Thread] Logger is closing
