15:34:00.819 [FXGL Launcher Thread     ] DEBUG FXGLLoggerFactory    - Service [LoggerFactory] initialized
15:34:00.823 [FXGL Launcher Thread     ] DEBUG FXGL                 - FXGL configuration complete
15:34:00.823 [FXGL Launcher Thread     ] DEBUG FXGL                 - Loading FXGL system data
15:34:00.826 [FXGL Launcher Thread     ] DEBUG IOTask               - Executing task: readDataTask(system/fxgl.bundle)
15:34:00.828 [FXGL Launcher Thread     ] DEBUG FS                   - Reading from: system\fxgl.bundle
15:34:00.834 [FXGL Launcher Thread     ] DEBUG IOTask               - Task succeeded: readDataTask(system/fxgl.bundle)
15:34:00.834 [FXGL Launcher Thread     ] DEBUG Bundle               - Logging bundle: FXGL
15:34:00.834 [FXGL Launcher Thread     ] DEBUG Bundle               - FXGL.offline.timer.version.check=2017-07-06T21:24:34.887
15:34:00.838 [FXGL Launcher Thread     ] DEBUG GameApplication      - Configuring GameApplication
15:34:00.842 [FXGL Launcher Thread     ] DEBUG FXGLExceptionHandler - Service [ExceptionHandler] initialized
15:34:00.842 [FXGL Launcher Thread     ] DEBUG FXGLEventBus         - Service [EventBus] initialized
15:34:00.845 [FXGL Launcher Thread     ] DEBUG FXGLExecutor         - Service [Executor] initialized
15:34:00.845 [FXGL Launcher Thread     ] DEBUG PreInitTask          - Injecting gameWorld & physicsWorld
15:34:00.850 [FXGL Launcher Thread     ] DEBUG GameWorld            - Game world initialized
15:34:00.884 [FXGL Launcher Thread     ] DEBUG FXGLPooler           - Service [Pooler] initialized with default size = 128
15:34:00.884 [FXGL Launcher Thread     ] DEBUG PhysicsWorld         - Physics world initialized: appHeight=840.0, physics.ppm=50.0
15:34:00.885 [FXGL Launcher Thread     ] DEBUG FXGLInput            - Service [Input] initialized
15:34:00.900 [FXGL Launcher Thread     ] DEBUG FXGLInput            - Registered new binding: Screenshot - P
15:34:00.900 [FXGL Launcher Thread     ] DEBUG FXGLInput            - Registered new binding: Dev Options - CTRL+0
15:34:00.901 [FXGL Launcher Thread     ] DEBUG FXGLInput            - Registered new binding: Up - W
15:34:00.901 [FXGL Launcher Thread     ] DEBUG FXGLInput            - Registered new binding: Left - A
15:34:00.901 [FXGL Launcher Thread     ] DEBUG FXGLInput            - Registered new binding: Down - S
15:34:00.902 [FXGL Launcher Thread     ] DEBUG FXGLInput            - Registered new binding: Right - D
15:34:00.922 [FXGL Launcher Thread     ] DEBUG GameScene            - Game scene initialized: 960.0x840.0
15:34:00.927 [FXGL Launcher Thread     ] DEBUG FXGLAssetLoader      - Service [AssetLoader] initialized: cacheSize=35
15:34:00.928 [FXGL Launcher Thread     ] DEBUG FXGLAssetLoader      - Loading from disk: /assets/sounds/system/notification.wav
15:34:00.952 [FXGL Launcher Thread     ] DEBUG FXGLAssetLoader      - Loading from disk: /assets/sounds/menu/select.wav
15:34:00.953 [FXGL Launcher Thread     ] DEBUG FXGLAssetLoader      - Loading from disk: /assets/sounds/menu/back.wav
15:34:00.956 [FXGL Launcher Thread     ] DEBUG FXGLAssetLoader      - Loading from disk: /assets/sounds/menu/press.wav
15:34:00.957 [FXGL Launcher Thread     ] DEBUG FXGLAssetLoader      - Loading from disk: /assets/ui/fonts/Copperplate_Gothic_Light_Regular.ttf
15:34:01.030 [FXGL Launcher Thread     ] DEBUG FXGLAssetLoader      - Loading from disk: /assets/ui/css/fxgl.css
15:34:01.030 [FXGL Launcher Thread     ] DEBUG FXGLAssetLoader      - Loading from disk: /assets/ui/icons/fxgl_icon.png
15:34:01.054 [FXGL Launcher Thread     ] DEBUG FXGLAssetLoader      - Loading from disk: /assets/ui/css/fxgl_dark.css
15:34:01.062 [FXGL Launcher Thread     ] DEBUG FXGLDisplay          - Target size: DoubleProperty [value: 960.0] x DoubleProperty [value: 840.0] @ 1.0
15:34:01.062 [FXGL Launcher Thread     ] DEBUG FXGLDisplay          - New size:    960.0 x 840.0 @ DoubleProperty [value: 1.0]
15:34:01.062 [FXGL Launcher Thread     ] DEBUG FXGLDisplay          - Service [Display] initialized
15:34:01.063 [FXGL Launcher Thread     ] DEBUG FXGLDisplay          - Using CSS: CSS(externalForm=jar:file:/C:/Users/lukel/Documents/Programming/Pacman/lib/fxgl-0.2.9-uber.jar!/assets/ui/css/fxgl_dark.css)
15:34:01.063 [FXGL Launcher Thread     ] DEBUG InitScenesTask       - Injecting loadingScene & gameScene
15:34:01.075 [FXGL Launcher Thread     ] DEBUG FXGLMasterTimer      - Service [MasterTimer] initialized
15:34:01.077 [FXGL Launcher Thread     ] DEBUG FXGLAudioPlayer      - Service [AudioPlayer] initialized
15:34:01.083 [FXGL Launcher Thread     ] DEBUG GameApplication      - Starting new game
15:34:01.085 [FXGL Launcher Thread     ] DEBUG GameApplication      - Initializing App
15:34:01.086 [FXGL Launcher Thread     ] DEBUG FXGLInput            - Clearing active input actions
15:34:01.086 [FXGL Launcher Thread     ] DEBUG FXGLMasterTimer      - Stopping master timer
15:34:01.086 [FXGL Launcher Thread     ] DEBUG GameApplication      - State: STARTUP -> PAUSED
15:34:01.086 [FXGL Launcher Thread     ] DEBUG FXGLEventBus         - Firing event: FXGLEvent[type=PAUSE]
15:34:01.088 [FXGL Launcher Thread     ] DEBUG FXGLInput            - Clearing active input actions
15:34:01.088 [FXGL Launcher Thread     ] DEBUG FXGLMasterTimer      - Resetting ticks and clearing all actions
15:34:01.088 [FXGL Launcher Thread     ] DEBUG GameWorld            - Resetting game world
15:34:01.088 [FXGL Launcher Thread     ] TRACE EntityWorld          - Resetting entity world
15:34:01.089 [FXGL Launcher Thread     ] DEBUG PhysicsWorld         - Resetting physics world
15:34:01.089 [FXGL Launcher Thread     ] DEBUG GameScene            - Resetting game scene
15:34:01.089 [FXGL Launcher Thread     ] DEBUG FXGLEventBus         - Firing event: FXGLEvent[type=RESET]
15:34:01.120 [FXGL Launcher Thread     ] DEBUG GameApplication      - State: PAUSED -> LOADING
15:34:01.142 [FXGL Background Thread 1 ] DEBUG InitAppTask          - Initializing Assets
15:34:01.143 [FXGL Background Thread 1 ] DEBUG InitAppTask          - Initializing Game
15:34:01.147 [FXGL Background Thread 1 ] DEBUG FXGLAssetLoader      - Loading from disk: /assets/text/levels/level.txt
15:34:01.181 [JavaFX Application Thread] DEBUG FXGLDisplay          - Showing stage
15:34:01.181 [JavaFX Application Thread] DEBUG FXGLDisplay          - Root size: 960.0x840.0
15:34:01.181 [JavaFX Application Thread] DEBUG FXGLDisplay          - Scene size: 960.0x840.0
15:34:01.181 [JavaFX Application Thread] DEBUG FXGLDisplay          - Stage size: 976.0x879.0
15:34:01.229 [FXGL Background Thread 1 ] DEBUG FXGLAssetLoader      - Loading from disk: /assets/textures/blinkyBottom00.png
15:34:01.238 [FXGL Background Thread 1 ] DEBUG FXGLAssetLoader      - Loading from disk: /assets/textures/pinkyBottom00.png
15:34:01.240 [FXGL Background Thread 1 ] DEBUG FXGLAssetLoader      - Loading from disk: /assets/textures/inkyBottom00.png
15:34:01.242 [FXGL Background Thread 1 ] DEBUG FXGLAssetLoader      - Loading from disk: /assets/textures/clydeBottom00.png
15:34:01.266 [FXGL Background Thread 1 ] DEBUG FXGLAssetLoader      - Loading from disk: /assets/textures/pacman0.png
15:34:01.279 [FXGL Background Thread 1 ] DEBUG GameWorld            - Resetting game world
15:34:01.279 [FXGL Background Thread 1 ] TRACE EntityWorld          - Resetting entity world
15:34:01.279 [FXGL Background Thread 1 ] DEBUG PhysicsWorld         - Resetting physics world
15:34:01.279 [FXGL Background Thread 1 ] DEBUG GameScene            - Resetting game scene
15:34:01.279 [FXGL Background Thread 1 ] DEBUG GameWorld            - Setting level: com.almasb.fxgl.gameplay.Level@4ea28b9b
15:34:01.281 [FXGL Background Thread 1 ] DEBUG InitAppTask          - Initializing Physics
15:34:01.281 [FXGL Background Thread 1 ] DEBUG InitAppTask          - Initializing UI
15:34:01.282 [FXGL Background Thread 1 ] DEBUG FXGLAssetLoader      - Loading from disk: /assets/ui/pacman_ui.fxml
15:34:01.310 [FXGL Background Thread 1 ] DEBUG GameScene            - Adding UI node: Pane@6f9ef5c7
15:34:01.310 [FXGL Background Thread 1 ] DEBUG GameScene            - Adding UI node: Label@52c7e385[styleClass=label]'Lives:'
15:34:01.311 [FXGL Background Thread 1 ] DEBUG GameScene            - Adding UI node: Circle[centerX=0.0, centerY=0.0, radius=15.0, fill=0xffff00ff, stroke=0x000000ff, strokeWidth=1.0]
15:34:01.311 [FXGL Background Thread 1 ] DEBUG GameScene            - Adding UI node: Circle[centerX=0.0, centerY=0.0, radius=15.0, fill=0xffff00ff, stroke=0x000000ff, strokeWidth=1.0]
15:34:01.311 [FXGL Background Thread 1 ] DEBUG GameScene            - Adding UI node: Circle[centerX=0.0, centerY=0.0, radius=15.0, fill=0xffff00ff, stroke=0x000000ff, strokeWidth=1.0]
15:34:01.311 [FXGL Background Thread 1 ] DEBUG InitAppTask          - Initialization Complete
15:34:01.312 [JavaFX Application Thread] DEBUG FXGLInput            - Clearing active input actions
15:34:01.313 [JavaFX Application Thread] DEBUG FXGLMasterTimer      - Starting master timer
15:34:01.313 [JavaFX Application Thread] DEBUG GameApplication      - State: LOADING -> PLAYING
15:34:01.318 [JavaFX Application Thread] DEBUG FXGLEventBus         - Firing event: FXGLEvent[type=RESUME]
15:34:01.323 [JavaFX Application Thread] DEBUG GameScene            - Entity added to scene
15:34:01.323 [JavaFX Application Thread] DEBUG GameScene            - Added MainViewComponent
15:34:01.325 [JavaFX Application Thread] DEBUG GameScene            - Creating render group for layer: TOP(2147483647)
15:34:01.327 [JavaFX Application Thread] DEBUG GameScene            - Entity added to scene
15:34:01.327 [JavaFX Application Thread] DEBUG GameScene            - Added MainViewComponent
15:34:01.328 [JavaFX Application Thread] DEBUG GameScene            - Entity added to scene
15:34:01.328 [JavaFX Application Thread] DEBUG GameScene            - Added MainViewComponent
15:34:01.328 [JavaFX Application Thread] DEBUG GameScene            - Entity added to scene
15:34:01.328 [JavaFX Application Thread] DEBUG GameScene            - Added MainViewComponent
15:34:01.328 [JavaFX Application Thread] DEBUG GameScene            - Entity added to scene
15:34:01.328 [JavaFX Application Thread] DEBUG GameScene            - Added MainViewComponent
15:34:01.328 [JavaFX Application Thread] DEBUG GameScene            - Entity added to scene
15:34:01.328 [JavaFX Application Thread] DEBUG GameScene            - Added MainViewComponent
15:34:01.329 [JavaFX Application Thread] DEBUG GameScene            - Entity added to scene
15:34:01.329 [JavaFX Application Thread] DEBUG GameScene            - Added MainViewComponent
15:34:01.329 [JavaFX Application Thread] DEBUG GameScene            - Entity added to scene
15:34:01.329 [JavaFX Application Thread] DEBUG GameScene            - Added MainViewComponent
15:34:01.329 [JavaFX Application Thread] DEBUG GameScene            - Entity added to scene
15:34:01.329 [JavaFX Application Thread] DEBUG GameScene            - Added MainViewComponent
15:34:01.329 [JavaFX Application Thread] DEBUG GameScene            - Entity added to scene
15:34:01.329 [JavaFX Application Thread] DEBUG GameScene            - Added MainViewComponent
15:34:01.330 [JavaFX Application Thread] DEBUG GameScene            - Entity added to scene
15:34:01.330 [JavaFX Application Thread] DEBUG GameScene            - Added MainViewComponent
15:34:01.330 [JavaFX Application Thread] DEBUG GameScene            - Entity added to scene
15:34:01.330 [JavaFX Application Thread] DEBUG GameScene            - Added MainViewComponent
15:34:01.330 [JavaFX Application Thread] DEBUG GameScene            - Entity added to scene
15:34:01.330 [JavaFX Application Thread] DEBUG GameScene            - Added MainViewComponent
15:34:01.330 [JavaFX Application Thread] DEBUG GameScene            - Entity added to scene
15:34:01.330 [JavaFX Application Thread] DEBUG GameScene            - Added MainViewComponent
15:34:01.331 [JavaFX Application Thread] DEBUG GameScene            - Entity added to scene
15:34:01.331 [JavaFX Application Thread] DEBUG GameScene            - Added MainViewComponent
15:34:01.331 [JavaFX Application Thread] DEBUG GameScene            - Entity added to scene
15:34:01.331 [JavaFX Application Thread] DEBUG GameScene            - Added MainViewComponent
15:34:01.331 [JavaFX Application Thread] DEBUG GameScene            - Entity added to scene
15:34:01.331 [JavaFX Application Thread] DEBUG GameScene            - Added MainViewComponent
15:34:01.331 [JavaFX Application Thread] DEBUG GameScene            - Entity added to scene
15:34:01.331 [JavaFX Application Thread] DEBUG GameScene            - Added MainViewComponent
15:34:01.332 [JavaFX Application Thread] DEBUG GameScene            - Entity added to scene
15:34:01.332 [JavaFX Application Thread] DEBUG GameScene            - Added MainViewComponent
15:34:01.332 [JavaFX Application Thread] DEBUG GameScene            - Entity added to scene
15:34:01.332 [JavaFX Application Thread] DEBUG GameScene            - Added MainViewComponent
15:34:01.332 [JavaFX Application Thread] DEBUG GameScene            - Entity added to scene
15:34:01.332 [JavaFX Application Thread] DEBUG GameScene            - Added MainViewComponent
15:34:01.332 [JavaFX Application Thread] DEBUG GameScene            - Creating render group for layer: BACKGROUND2(1001)
15:34:01.333 [JavaFX Application Thread] DEBUG GameScene            - Entity added to scene
15:34:01.333 [JavaFX Application Thread] DEBUG GameScene            - Added MainViewComponent
15:34:01.333 [JavaFX Application Thread] DEBUG GameScene            - Entity added to scene
15:34:01.333 [JavaFX Application Thread] DEBUG GameScene            - Added MainViewComponent
15:34:01.333 [JavaFX Application Thread] DEBUG GameScene            - Entity added to scene
15:34:01.333 [JavaFX Application Thread] DEBUG GameScene            - Added MainViewComponent
15:34:01.333 [JavaFX Application Thread] DEBUG GameScene            - Entity added to scene
15:34:01.333 [JavaFX Application Thread] DEBUG GameScene            - Added MainViewComponent
15:34:01.333 [JavaFX Application Thread] DEBUG GameScene            - Entity added to scene
15:34:01.333 [JavaFX Application Thread] DEBUG GameScene            - Added MainViewComponent
15:34:01.334 [JavaFX Application Thread] DEBUG GameScene            - Entity added to scene
15:34:01.334 [JavaFX Application Thread] DEBUG GameScene            - Added MainViewComponent
15:34:01.334 [JavaFX Application Thread] DEBUG GameScene            - Entity added to scene
15:34:01.334 [JavaFX Application Thread] DEBUG GameScene            - Added MainViewComponent
15:34:01.334 [JavaFX Application Thread] DEBUG GameScene            - Entity added to scene
15:34:01.334 [JavaFX Application Thread] DEBUG GameScene            - Added MainViewComponent
15:34:01.334 [JavaFX Application Thread] DEBUG GameScene            - Entity added to scene
15:34:01.334 [JavaFX Application Thread] DEBUG GameScene            - Added MainViewComponent
15:34:01.334 [JavaFX Application Thread] DEBUG GameScene            - Entity added to scene
15:34:01.334 [JavaFX Application Thread] DEBUG GameScene            - Added MainViewComponent
15:34:01.334 [JavaFX Application Thread] DEBUG GameScene            - Entity added to scene
15:34:01.334 [JavaFX Application Thread] DEBUG GameScene            - Added MainViewComponent
15:34:01.335 [JavaFX Application Thread] DEBUG GameScene            - Entity added to scene
15:34:01.335 [JavaFX Application Thread] DEBUG GameScene            - Added MainViewComponent
15:34:01.335 [JavaFX Application Thread] DEBUG GameScene            - Entity added to scene
15:34:01.335 [JavaFX Application Thread] DEBUG GameScene            - Added MainViewComponent
15:34:01.335 [JavaFX Application Thread] DEBUG GameScene            - Entity added to scene
15:34:01.335 [JavaFX Application Thread] DEBUG GameScene            - Added MainViewComponent
15:34:01.335 [JavaFX Application Thread] DEBUG GameScene            - Entity added to scene
15:34:01.335 [JavaFX Application Thread] DEBUG GameScene            - Added MainViewComponent
15:34:01.335 [JavaFX Application Thread] DEBUG GameScene            - Entity added to scene
15:34:01.335 [JavaFX Application Thread] DEBUG GameScene            - Added MainViewComponent
15:34:01.336 [JavaFX Application Thread] DEBUG GameScene            - Entity added to scene
15:34:01.336 [JavaFX Application Thread] DEBUG GameScene            - Added MainViewComponent
15:34:01.336 [JavaFX Application Thread] DEBUG GameScene            - Entity added to scene
15:34:01.336 [JavaFX Application Thread] DEBUG GameScene            - Added MainViewComponent
15:34:01.336 [JavaFX Application Thread] DEBUG GameScene            - Entity added to scene
15:34:01.336 [JavaFX Application Thread] DEBUG GameScene            - Added MainViewComponent
15:34:01.336 [JavaFX Application Thread] DEBUG GameScene            - Entity added to scene
15:34:01.336 [JavaFX Application Thread] DEBUG GameScene            - Added MainViewComponent
15:34:01.336 [JavaFX Application Thread] DEBUG GameScene            - Entity added to scene
15:34:01.336 [JavaFX Application Thread] DEBUG GameScene            - Added MainViewComponent
15:34:01.337 [JavaFX Application Thread] DEBUG GameScene            - Entity added to scene
15:34:01.337 [JavaFX Application Thread] DEBUG GameScene            - Added MainViewComponent
15:34:01.337 [JavaFX Application Thread] DEBUG GameScene            - Entity added to scene
15:34:01.337 [JavaFX Application Thread] DEBUG GameScene            - Added MainViewComponent
15:34:01.337 [JavaFX Application Thread] DEBUG GameScene            - Entity added to scene
15:34:01.337 [JavaFX Application Thread] DEBUG GameScene            - Added MainViewComponent
15:34:01.337 [JavaFX Application Thread] DEBUG GameScene            - Entity added to scene
15:34:01.337 [JavaFX Application Thread] DEBUG GameScene            - Added MainViewComponent
15:34:01.337 [JavaFX Application Thread] DEBUG GameScene            - Entity added to scene
15:34:01.337 [JavaFX Application Thread] DEBUG GameScene            - Added MainViewComponent
15:34:01.337 [JavaFX Application Thread] DEBUG GameScene            - Entity added to scene
15:34:01.337 [JavaFX Application Thread] DEBUG GameScene            - Added MainViewComponent
15:34:01.338 [JavaFX Application Thread] DEBUG GameScene            - Entity added to scene
15:34:01.338 [JavaFX Application Thread] DEBUG GameScene            - Added MainViewComponent
15:34:01.338 [JavaFX Application Thread] DEBUG GameScene            - Entity added to scene
15:34:01.338 [JavaFX Application Thread] DEBUG GameScene            - Added MainViewComponent
15:34:01.338 [JavaFX Application Thread] DEBUG GameScene            - Entity added to scene
15:34:01.338 [JavaFX Application Thread] DEBUG GameScene            - Added MainViewComponent
15:34:01.338 [JavaFX Application Thread] DEBUG GameScene            - Entity added to scene
15:34:01.338 [JavaFX Application Thread] DEBUG GameScene            - Added MainViewComponent
15:34:01.338 [JavaFX Application Thread] DEBUG GameScene            - Entity added to scene
15:34:01.338 [JavaFX Application Thread] DEBUG GameScene            - Added MainViewComponent
15:34:01.338 [JavaFX Application Thread] DEBUG GameScene            - Entity added to scene
15:34:01.338 [JavaFX Application Thread] DEBUG GameScene            - Added MainViewComponent
15:34:01.339 [JavaFX Application Thread] DEBUG GameScene            - Entity added to scene
15:34:01.339 [JavaFX Application Thread] DEBUG GameScene            - Added MainViewComponent
15:34:01.339 [JavaFX Application Thread] DEBUG GameScene            - Entity added to scene
15:34:01.339 [JavaFX Application Thread] DEBUG GameScene            - Added MainViewComponent
15:34:01.339 [JavaFX Application Thread] DEBUG GameScene            - Entity added to scene
15:34:01.339 [JavaFX Application Thread] DEBUG GameScene            - Added MainViewComponent
15:34:01.339 [JavaFX Application Thread] DEBUG GameScene            - Entity added to scene
15:34:01.339 [JavaFX Application Thread] DEBUG GameScene            - Added MainViewComponent
15:34:01.339 [JavaFX Application Thread] DEBUG GameScene            - Entity added to scene
15:34:01.339 [JavaFX Application Thread] DEBUG GameScene            - Added MainViewComponent
15:34:01.339 [JavaFX Application Thread] DEBUG GameScene            - Entity added to scene
15:34:01.339 [JavaFX Application Thread] DEBUG GameScene            - Added MainViewComponent
15:34:01.339 [JavaFX Application Thread] DEBUG GameScene            - Entity added to scene
15:34:01.339 [JavaFX Application Thread] DEBUG GameScene            - Added MainViewComponent
15:34:01.340 [JavaFX Application Thread] DEBUG GameScene            - Entity added to scene
15:34:01.340 [JavaFX Application Thread] DEBUG GameScene            - Added MainViewComponent
15:34:01.340 [JavaFX Application Thread] DEBUG GameScene            - Entity added to scene
15:34:01.340 [JavaFX Application Thread] DEBUG GameScene            - Added MainViewComponent
15:34:01.340 [JavaFX Application Thread] DEBUG GameScene            - Entity added to scene
15:34:01.340 [JavaFX Application Thread] DEBUG GameScene            - Added MainViewComponent
15:34:01.340 [JavaFX Application Thread] DEBUG GameScene            - Entity added to scene
15:34:01.340 [JavaFX Application Thread] DEBUG GameScene            - Added MainViewComponent
15:34:01.340 [JavaFX Application Thread] DEBUG GameScene            - Entity added to scene
15:34:01.340 [JavaFX Application Thread] DEBUG GameScene            - Added MainViewComponent
15:34:01.340 [JavaFX Application Thread] DEBUG GameScene            - Entity added to scene
15:34:01.340 [JavaFX Application Thread] DEBUG GameScene            - Added MainViewComponent
15:34:01.340 [JavaFX Application Thread] DEBUG GameScene            - Entity added to scene
15:34:01.340 [JavaFX Application Thread] DEBUG GameScene            - Added MainViewComponent
15:34:01.341 [JavaFX Application Thread] DEBUG GameScene            - Entity added to scene
15:34:01.341 [JavaFX Application Thread] DEBUG GameScene            - Added MainViewComponent
15:34:01.341 [JavaFX Application Thread] DEBUG GameScene            - Entity added to scene
15:34:01.341 [JavaFX Application Thread] DEBUG GameScene            - Added MainViewComponent
15:34:01.341 [JavaFX Application Thread] DEBUG GameScene            - Entity added to scene
15:34:01.341 [JavaFX Application Thread] DEBUG GameScene            - Added MainViewComponent
15:34:01.341 [JavaFX Application Thread] DEBUG GameScene            - Entity added to scene
15:34:01.341 [JavaFX Application Thread] DEBUG GameScene            - Added MainViewComponent
15:34:01.341 [JavaFX Application Thread] DEBUG GameScene            - Entity added to scene
15:34:01.341 [JavaFX Application Thread] DEBUG GameScene            - Added MainViewComponent
15:34:01.341 [JavaFX Application Thread] DEBUG GameScene            - Entity added to scene
15:34:01.341 [JavaFX Application Thread] DEBUG GameScene            - Added MainViewComponent
15:34:01.341 [JavaFX Application Thread] DEBUG GameScene            - Entity added to scene
15:34:01.341 [JavaFX Application Thread] DEBUG GameScene            - Added MainViewComponent
15:34:01.342 [JavaFX Application Thread] DEBUG GameScene            - Entity added to scene
15:34:01.342 [JavaFX Application Thread] DEBUG GameScene            - Added MainViewComponent
15:34:01.342 [JavaFX Application Thread] DEBUG GameScene            - Entity added to scene
15:34:01.342 [JavaFX Application Thread] DEBUG GameScene            - Added MainViewComponent
15:34:01.342 [JavaFX Application Thread] DEBUG GameScene            - Entity added to scene
15:34:01.342 [JavaFX Application Thread] DEBUG GameScene            - Added MainViewComponent
15:34:01.342 [JavaFX Application Thread] DEBUG GameScene            - Entity added to scene
15:34:01.342 [JavaFX Application Thread] DEBUG GameScene            - Added MainViewComponent
15:34:01.342 [JavaFX Application Thread] DEBUG GameScene            - Entity added to scene
15:34:01.342 [JavaFX Application Thread] DEBUG GameScene            - Added MainViewComponent
15:34:01.342 [JavaFX Application Thread] DEBUG GameScene            - Entity added to scene
15:34:01.342 [JavaFX Application Thread] DEBUG GameScene            - Added MainViewComponent
15:34:01.342 [JavaFX Application Thread] DEBUG GameScene            - Entity added to scene
15:34:01.342 [JavaFX Application Thread] DEBUG GameScene            - Added MainViewComponent
15:34:01.342 [JavaFX Application Thread] DEBUG GameScene            - Entity added to scene
15:34:01.342 [JavaFX Application Thread] DEBUG GameScene            - Added MainViewComponent
15:34:01.343 [JavaFX Application Thread] DEBUG GameScene            - Entity added to scene
15:34:01.343 [JavaFX Application Thread] DEBUG GameScene            - Added MainViewComponent
15:34:01.343 [JavaFX Application Thread] DEBUG GameScene            - Entity added to scene
15:34:01.343 [JavaFX Application Thread] DEBUG GameScene            - Added MainViewComponent
15:34:01.343 [JavaFX Application Thread] DEBUG GameScene            - Entity added to scene
15:34:01.343 [JavaFX Application Thread] DEBUG GameScene            - Added MainViewComponent
15:34:01.343 [JavaFX Application Thread] DEBUG GameScene            - Entity added to scene
15:34:01.343 [JavaFX Application Thread] DEBUG GameScene            - Added MainViewComponent
15:34:01.343 [JavaFX Application Thread] DEBUG GameScene            - Entity added to scene
15:34:01.343 [JavaFX Application Thread] DEBUG GameScene            - Added MainViewComponent
15:34:01.343 [JavaFX Application Thread] DEBUG GameScene            - Entity added to scene
15:34:01.343 [JavaFX Application Thread] DEBUG GameScene            - Added MainViewComponent
15:34:01.344 [JavaFX Application Thread] DEBUG GameScene            - Entity added to scene
15:34:01.344 [JavaFX Application Thread] DEBUG GameScene            - Added MainViewComponent
15:34:01.344 [JavaFX Application Thread] DEBUG GameScene            - Entity added to scene
15:34:01.344 [JavaFX Application Thread] DEBUG GameScene            - Added MainViewComponent
15:34:01.344 [JavaFX Application Thread] DEBUG GameScene            - Entity added to scene
15:34:01.344 [JavaFX Application Thread] DEBUG GameScene            - Added MainViewComponent
15:34:01.344 [JavaFX Application Thread] DEBUG GameScene            - Entity added to scene
15:34:01.344 [JavaFX Application Thread] DEBUG GameScene            - Added MainViewComponent
15:34:01.344 [JavaFX Application Thread] DEBUG GameScene            - Entity added to scene
15:34:01.344 [JavaFX Application Thread] DEBUG GameScene            - Added MainViewComponent
15:34:01.344 [JavaFX Application Thread] DEBUG GameScene            - Entity added to scene
15:34:01.344 [JavaFX Application Thread] DEBUG GameScene            - Added MainViewComponent
15:34:01.344 [JavaFX Application Thread] DEBUG GameScene            - Entity added to scene
15:34:01.344 [JavaFX Application Thread] DEBUG GameScene            - Added MainViewComponent
15:34:01.344 [JavaFX Application Thread] DEBUG GameScene            - Entity added to scene
15:34:01.344 [JavaFX Application Thread] DEBUG GameScene            - Added MainViewComponent
15:34:01.345 [JavaFX Application Thread] DEBUG GameScene            - Entity added to scene
15:34:01.345 [JavaFX Application Thread] DEBUG GameScene            - Added MainViewComponent
15:34:01.345 [JavaFX Application Thread] DEBUG GameScene            - Entity added to scene
15:34:01.345 [JavaFX Application Thread] DEBUG GameScene            - Added MainViewComponent
15:34:01.345 [JavaFX Application Thread] DEBUG GameScene            - Entity added to scene
15:34:01.345 [JavaFX Application Thread] DEBUG GameScene            - Added MainViewComponent
15:34:01.345 [JavaFX Application Thread] DEBUG GameScene            - Entity added to scene
15:34:01.345 [JavaFX Application Thread] DEBUG GameScene            - Added MainViewComponent
15:34:01.345 [JavaFX Application Thread] DEBUG GameScene            - Entity added to scene
15:34:01.345 [JavaFX Application Thread] DEBUG GameScene            - Added MainViewComponent
15:34:01.345 [JavaFX Application Thread] DEBUG GameScene            - Entity added to scene
15:34:01.345 [JavaFX Application Thread] DEBUG GameScene            - Added MainViewComponent
15:34:01.345 [JavaFX Application Thread] DEBUG GameScene            - Entity added to scene
15:34:01.345 [JavaFX Application Thread] DEBUG GameScene            - Added MainViewComponent
15:34:01.346 [JavaFX Application Thread] DEBUG GameScene            - Entity added to scene
15:34:01.346 [JavaFX Application Thread] DEBUG GameScene            - Added MainViewComponent
15:34:01.346 [JavaFX Application Thread] DEBUG GameScene            - Entity added to scene
15:34:01.346 [JavaFX Application Thread] DEBUG GameScene            - Added MainViewComponent
15:34:01.346 [JavaFX Application Thread] DEBUG GameScene            - Entity added to scene
15:34:01.346 [JavaFX Application Thread] DEBUG GameScene            - Added MainViewComponent
15:34:01.346 [JavaFX Application Thread] DEBUG GameScene            - Entity added to scene
15:34:01.346 [JavaFX Application Thread] DEBUG GameScene            - Added MainViewComponent
15:34:01.346 [JavaFX Application Thread] DEBUG GameScene            - Entity added to scene
15:34:01.346 [JavaFX Application Thread] DEBUG GameScene            - Added MainViewComponent
15:34:01.346 [JavaFX Application Thread] DEBUG GameScene            - Entity added to scene
15:34:01.346 [JavaFX Application Thread] DEBUG GameScene            - Added MainViewComponent
15:34:01.346 [JavaFX Application Thread] DEBUG GameScene            - Entity added to scene
15:34:01.347 [JavaFX Application Thread] DEBUG GameScene            - Added MainViewComponent
15:34:01.347 [JavaFX Application Thread] DEBUG GameScene            - Entity added to scene
15:34:01.347 [JavaFX Application Thread] DEBUG GameScene            - Added MainViewComponent
15:34:01.347 [JavaFX Application Thread] DEBUG GameScene            - Entity added to scene
15:34:01.347 [JavaFX Application Thread] DEBUG GameScene            - Added MainViewComponent
15:34:01.347 [JavaFX Application Thread] DEBUG GameScene            - Entity added to scene
15:34:01.347 [JavaFX Application Thread] DEBUG GameScene            - Added MainViewComponent
15:34:01.347 [JavaFX Application Thread] DEBUG GameScene            - Entity added to scene
15:34:01.347 [JavaFX Application Thread] DEBUG GameScene            - Added MainViewComponent
15:34:01.348 [JavaFX Application Thread] DEBUG GameScene            - Entity added to scene
15:34:01.348 [JavaFX Application Thread] DEBUG GameScene            - Added MainViewComponent
15:34:01.348 [JavaFX Application Thread] DEBUG GameScene            - Entity added to scene
15:34:01.348 [JavaFX Application Thread] DEBUG GameScene            - Added MainViewComponent
15:34:01.348 [JavaFX Application Thread] DEBUG GameScene            - Entity added to scene
15:34:01.348 [JavaFX Application Thread] DEBUG GameScene            - Added MainViewComponent
15:34:01.348 [JavaFX Application Thread] DEBUG GameScene            - Entity added to scene
15:34:01.348 [JavaFX Application Thread] DEBUG GameScene            - Added MainViewComponent
15:34:01.348 [JavaFX Application Thread] DEBUG GameScene            - Entity added to scene
15:34:01.348 [JavaFX Application Thread] DEBUG GameScene            - Added MainViewComponent
15:34:01.348 [JavaFX Application Thread] DEBUG GameScene            - Entity added to scene
15:34:01.348 [JavaFX Application Thread] DEBUG GameScene            - Added MainViewComponent
15:34:01.348 [JavaFX Application Thread] DEBUG GameScene            - Entity added to scene
15:34:01.348 [JavaFX Application Thread] DEBUG GameScene            - Added MainViewComponent
15:34:01.349 [JavaFX Application Thread] DEBUG GameScene            - Entity added to scene
15:34:01.349 [JavaFX Application Thread] DEBUG GameScene            - Added MainViewComponent
15:34:01.349 [JavaFX Application Thread] DEBUG GameScene            - Entity added to scene
15:34:01.349 [JavaFX Application Thread] DEBUG GameScene            - Added MainViewComponent
15:34:01.349 [JavaFX Application Thread] DEBUG GameScene            - Entity added to scene
15:34:01.349 [JavaFX Application Thread] DEBUG GameScene            - Added MainViewComponent
15:34:01.349 [JavaFX Application Thread] DEBUG GameScene            - Entity added to scene
15:34:01.349 [JavaFX Application Thread] DEBUG GameScene            - Added MainViewComponent
15:34:01.349 [JavaFX Application Thread] DEBUG GameScene            - Entity added to scene
15:34:01.349 [JavaFX Application Thread] DEBUG GameScene            - Added MainViewComponent
15:34:01.349 [JavaFX Application Thread] DEBUG GameScene            - Entity added to scene
15:34:01.349 [JavaFX Application Thread] DEBUG GameScene            - Added MainViewComponent
15:34:01.350 [JavaFX Application Thread] DEBUG GameScene            - Entity added to scene
15:34:01.350 [JavaFX Application Thread] DEBUG GameScene            - Added MainViewComponent
15:34:01.350 [JavaFX Application Thread] DEBUG GameScene            - Entity added to scene
15:34:01.350 [JavaFX Application Thread] DEBUG GameScene            - Added MainViewComponent
15:34:01.350 [JavaFX Application Thread] DEBUG GameScene            - Entity added to scene
15:34:01.350 [JavaFX Application Thread] DEBUG GameScene            - Added MainViewComponent
15:34:01.350 [JavaFX Application Thread] DEBUG GameScene            - Entity added to scene
15:34:01.350 [JavaFX Application Thread] DEBUG GameScene            - Added MainViewComponent
15:34:01.350 [JavaFX Application Thread] DEBUG GameScene            - Entity added to scene
15:34:01.350 [JavaFX Application Thread] DEBUG GameScene            - Added MainViewComponent
15:34:01.351 [JavaFX Application Thread] DEBUG GameScene            - Entity added to scene
15:34:01.351 [JavaFX Application Thread] DEBUG GameScene            - Added MainViewComponent
15:34:01.351 [JavaFX Application Thread] DEBUG GameScene            - Entity added to scene
15:34:01.351 [JavaFX Application Thread] DEBUG GameScene            - Added MainViewComponent
15:34:01.351 [JavaFX Application Thread] DEBUG GameScene            - Entity added to scene
15:34:01.351 [JavaFX Application Thread] DEBUG GameScene            - Added MainViewComponent
15:34:01.351 [JavaFX Application Thread] DEBUG GameScene            - Entity added to scene
15:34:01.351 [JavaFX Application Thread] DEBUG GameScene            - Added MainViewComponent
15:34:01.351 [JavaFX Application Thread] DEBUG GameScene            - Entity added to scene
15:34:01.351 [JavaFX Application Thread] DEBUG GameScene            - Added MainViewComponent
15:34:01.351 [JavaFX Application Thread] DEBUG GameScene            - Entity added to scene
15:34:01.351 [JavaFX Application Thread] DEBUG GameScene            - Added MainViewComponent
15:34:01.351 [JavaFX Application Thread] DEBUG GameScene            - Entity added to scene
15:34:01.351 [JavaFX Application Thread] DEBUG GameScene            - Added MainViewComponent
15:34:01.352 [JavaFX Application Thread] DEBUG GameScene            - Entity added to scene
15:34:01.352 [JavaFX Application Thread] DEBUG GameScene            - Added MainViewComponent
15:34:01.352 [JavaFX Application Thread] DEBUG GameScene            - Entity added to scene
15:34:01.352 [JavaFX Application Thread] DEBUG GameScene            - Added MainViewComponent
15:34:01.352 [JavaFX Application Thread] DEBUG GameScene            - Entity added to scene
15:34:01.352 [JavaFX Application Thread] DEBUG GameScene            - Added MainViewComponent
15:34:01.352 [JavaFX Application Thread] DEBUG GameScene            - Entity added to scene
15:34:01.352 [JavaFX Application Thread] DEBUG GameScene            - Added MainViewComponent
15:34:01.352 [JavaFX Application Thread] DEBUG GameScene            - Entity added to scene
15:34:01.352 [JavaFX Application Thread] DEBUG GameScene            - Added MainViewComponent
15:34:01.352 [JavaFX Application Thread] DEBUG GameScene            - Entity added to scene
15:34:01.352 [JavaFX Application Thread] DEBUG GameScene            - Added MainViewComponent
15:34:01.352 [JavaFX Application Thread] DEBUG GameScene            - Entity added to scene
15:34:01.352 [JavaFX Application Thread] DEBUG GameScene            - Added MainViewComponent
15:34:01.352 [JavaFX Application Thread] DEBUG GameScene            - Entity added to scene
15:34:01.353 [JavaFX Application Thread] DEBUG GameScene            - Added MainViewComponent
15:34:01.353 [JavaFX Application Thread] DEBUG GameScene            - Entity added to scene
15:34:01.353 [JavaFX Application Thread] DEBUG GameScene            - Added MainViewComponent
15:34:01.353 [JavaFX Application Thread] DEBUG GameScene            - Entity added to scene
15:34:01.353 [JavaFX Application Thread] DEBUG GameScene            - Added MainViewComponent
15:34:01.353 [JavaFX Application Thread] DEBUG GameScene            - Entity added to scene
15:34:01.353 [JavaFX Application Thread] DEBUG GameScene            - Added MainViewComponent
15:34:01.353 [JavaFX Application Thread] DEBUG GameScene            - Entity added to scene
15:34:01.353 [JavaFX Application Thread] DEBUG GameScene            - Added MainViewComponent
15:34:01.354 [JavaFX Application Thread] DEBUG GameScene            - Entity added to scene
15:34:01.354 [JavaFX Application Thread] DEBUG GameScene            - Added MainViewComponent
15:34:01.354 [JavaFX Application Thread] DEBUG GameScene            - Entity added to scene
15:34:01.354 [JavaFX Application Thread] DEBUG GameScene            - Added MainViewComponent
15:34:01.354 [JavaFX Application Thread] DEBUG GameScene            - Entity added to scene
15:34:01.354 [JavaFX Application Thread] DEBUG GameScene            - Added MainViewComponent
15:34:01.354 [JavaFX Application Thread] DEBUG GameScene            - Entity added to scene
15:34:01.354 [JavaFX Application Thread] DEBUG GameScene            - Added MainViewComponent
15:34:01.354 [JavaFX Application Thread] DEBUG GameScene            - Entity added to scene
15:34:01.354 [JavaFX Application Thread] DEBUG GameScene            - Added MainViewComponent
15:34:01.354 [JavaFX Application Thread] DEBUG GameScene            - Entity added to scene
15:34:01.354 [JavaFX Application Thread] DEBUG GameScene            - Added MainViewComponent
15:34:01.354 [JavaFX Application Thread] DEBUG GameScene            - Entity added to scene
15:34:01.354 [JavaFX Application Thread] DEBUG GameScene            - Added MainViewComponent
15:34:01.355 [JavaFX Application Thread] DEBUG GameScene            - Entity added to scene
15:34:01.355 [JavaFX Application Thread] DEBUG GameScene            - Added MainViewComponent
15:34:01.355 [JavaFX Application Thread] DEBUG GameScene            - Entity added to scene
15:34:01.355 [JavaFX Application Thread] DEBUG GameScene            - Added MainViewComponent
15:34:01.355 [JavaFX Application Thread] DEBUG GameScene            - Entity added to scene
15:34:01.355 [JavaFX Application Thread] DEBUG GameScene            - Added MainViewComponent
15:34:01.355 [JavaFX Application Thread] DEBUG GameScene            - Entity added to scene
15:34:01.355 [JavaFX Application Thread] DEBUG GameScene            - Added MainViewComponent
15:34:01.355 [JavaFX Application Thread] DEBUG GameScene            - Entity added to scene
15:34:01.355 [JavaFX Application Thread] DEBUG GameScene            - Added MainViewComponent
15:34:01.355 [JavaFX Application Thread] DEBUG GameScene            - Entity added to scene
15:34:01.355 [JavaFX Application Thread] DEBUG GameScene            - Added MainViewComponent
15:34:01.355 [JavaFX Application Thread] DEBUG GameScene            - Entity added to scene
15:34:01.355 [JavaFX Application Thread] DEBUG GameScene            - Added MainViewComponent
15:34:01.356 [JavaFX Application Thread] DEBUG GameScene            - Entity added to scene
15:34:01.356 [JavaFX Application Thread] DEBUG GameScene            - Added MainViewComponent
15:34:01.356 [JavaFX Application Thread] DEBUG GameScene            - Entity added to scene
15:34:01.356 [JavaFX Application Thread] DEBUG GameScene            - Added MainViewComponent
15:34:01.356 [JavaFX Application Thread] DEBUG GameScene            - Entity added to scene
15:34:01.356 [JavaFX Application Thread] DEBUG GameScene            - Added MainViewComponent
15:34:01.356 [JavaFX Application Thread] DEBUG GameScene            - Entity added to scene
15:34:01.356 [JavaFX Application Thread] DEBUG GameScene            - Added MainViewComponent
15:34:01.356 [JavaFX Application Thread] DEBUG GameScene            - Entity added to scene
15:34:01.356 [JavaFX Application Thread] DEBUG GameScene            - Added MainViewComponent
15:34:01.356 [JavaFX Application Thread] DEBUG GameScene            - Entity added to scene
15:34:01.356 [JavaFX Application Thread] DEBUG GameScene            - Added MainViewComponent
15:34:01.356 [JavaFX Application Thread] DEBUG GameScene            - Entity added to scene
15:34:01.356 [JavaFX Application Thread] DEBUG GameScene            - Added MainViewComponent
15:34:01.356 [JavaFX Application Thread] DEBUG GameScene            - Entity added to scene
15:34:01.356 [JavaFX Application Thread] DEBUG GameScene            - Added MainViewComponent
15:34:01.356 [JavaFX Application Thread] DEBUG GameScene            - Entity added to scene
15:34:01.356 [JavaFX Application Thread] DEBUG GameScene            - Added MainViewComponent
15:34:01.357 [JavaFX Application Thread] DEBUG GameScene            - Entity added to scene
15:34:01.357 [JavaFX Application Thread] DEBUG GameScene            - Added MainViewComponent
15:34:01.357 [JavaFX Application Thread] DEBUG GameScene            - Entity added to scene
15:34:01.357 [JavaFX Application Thread] DEBUG GameScene            - Added MainViewComponent
15:34:01.357 [JavaFX Application Thread] DEBUG GameScene            - Entity added to scene
15:34:01.357 [JavaFX Application Thread] DEBUG GameScene            - Added MainViewComponent
15:34:01.357 [JavaFX Application Thread] DEBUG GameScene            - Entity added to scene
15:34:01.357 [JavaFX Application Thread] DEBUG GameScene            - Added MainViewComponent
15:34:01.357 [JavaFX Application Thread] DEBUG GameScene            - Entity added to scene
15:34:01.357 [JavaFX Application Thread] DEBUG GameScene            - Added MainViewComponent
15:34:01.357 [JavaFX Application Thread] DEBUG GameScene            - Entity added to scene
15:34:01.357 [JavaFX Application Thread] DEBUG GameScene            - Added MainViewComponent
15:34:01.357 [JavaFX Application Thread] DEBUG GameScene            - Entity added to scene
15:34:01.357 [JavaFX Application Thread] DEBUG GameScene            - Added MainViewComponent
15:34:01.357 [JavaFX Application Thread] DEBUG GameScene            - Entity added to scene
15:34:01.357 [JavaFX Application Thread] DEBUG GameScene            - Added MainViewComponent
15:34:01.357 [JavaFX Application Thread] DEBUG GameScene            - Entity added to scene
15:34:01.357 [JavaFX Application Thread] DEBUG GameScene            - Added MainViewComponent
15:34:01.358 [JavaFX Application Thread] DEBUG GameScene            - Entity added to scene
15:34:01.358 [JavaFX Application Thread] DEBUG GameScene            - Added MainViewComponent
15:34:01.358 [JavaFX Application Thread] DEBUG GameScene            - Entity added to scene
15:34:01.358 [JavaFX Application Thread] DEBUG GameScene            - Added MainViewComponent
15:34:01.358 [JavaFX Application Thread] DEBUG GameScene            - Entity added to scene
15:34:01.358 [JavaFX Application Thread] DEBUG GameScene            - Added MainViewComponent
15:34:01.358 [JavaFX Application Thread] DEBUG GameScene            - Entity added to scene
15:34:01.358 [JavaFX Application Thread] DEBUG GameScene            - Added MainViewComponent
15:34:01.358 [JavaFX Application Thread] DEBUG GameScene            - Entity added to scene
15:34:01.358 [JavaFX Application Thread] DEBUG GameScene            - Added MainViewComponent
15:34:01.358 [JavaFX Application Thread] DEBUG GameScene            - Entity added to scene
15:34:01.358 [JavaFX Application Thread] DEBUG GameScene            - Added MainViewComponent
15:34:01.358 [JavaFX Application Thread] DEBUG GameScene            - Entity added to scene
15:34:01.358 [JavaFX Application Thread] DEBUG GameScene            - Added MainViewComponent
15:34:01.358 [JavaFX Application Thread] DEBUG GameScene            - Entity added to scene
15:34:01.358 [JavaFX Application Thread] DEBUG GameScene            - Added MainViewComponent
15:34:01.359 [JavaFX Application Thread] DEBUG GameScene            - Entity added to scene
15:34:01.359 [JavaFX Application Thread] DEBUG GameScene            - Added MainViewComponent
15:34:01.359 [JavaFX Application Thread] DEBUG GameScene            - Entity added to scene
15:34:01.359 [JavaFX Application Thread] DEBUG GameScene            - Added MainViewComponent
15:34:01.359 [JavaFX Application Thread] DEBUG GameScene            - Entity added to scene
15:34:01.359 [JavaFX Application Thread] DEBUG GameScene            - Added MainViewComponent
15:34:01.359 [JavaFX Application Thread] DEBUG GameScene            - Entity added to scene
15:34:01.359 [JavaFX Application Thread] DEBUG GameScene            - Added MainViewComponent
15:34:01.359 [JavaFX Application Thread] DEBUG GameScene            - Entity added to scene
15:34:01.359 [JavaFX Application Thread] DEBUG GameScene            - Added MainViewComponent
15:34:01.359 [JavaFX Application Thread] DEBUG GameScene            - Entity added to scene
15:34:01.359 [JavaFX Application Thread] DEBUG GameScene            - Added MainViewComponent
15:34:01.359 [JavaFX Application Thread] DEBUG GameScene            - Entity added to scene
15:34:01.359 [JavaFX Application Thread] DEBUG GameScene            - Added MainViewComponent
15:34:01.359 [JavaFX Application Thread] DEBUG GameScene            - Entity added to scene
15:34:01.359 [JavaFX Application Thread] DEBUG GameScene            - Added MainViewComponent
15:34:01.360 [JavaFX Application Thread] DEBUG GameScene            - Entity added to scene
15:34:01.360 [JavaFX Application Thread] DEBUG GameScene            - Added MainViewComponent
15:34:01.360 [JavaFX Application Thread] DEBUG GameScene            - Entity added to scene
15:34:01.360 [JavaFX Application Thread] DEBUG GameScene            - Added MainViewComponent
15:34:01.360 [JavaFX Application Thread] DEBUG GameScene            - Entity added to scene
15:34:01.360 [JavaFX Application Thread] DEBUG GameScene            - Added MainViewComponent
15:34:01.360 [JavaFX Application Thread] DEBUG GameScene            - Entity added to scene
15:34:01.360 [JavaFX Application Thread] DEBUG GameScene            - Added MainViewComponent
15:34:01.360 [JavaFX Application Thread] DEBUG GameScene            - Entity added to scene
15:34:01.360 [JavaFX Application Thread] DEBUG GameScene            - Added MainViewComponent
15:34:01.360 [JavaFX Application Thread] DEBUG GameScene            - Entity added to scene
15:34:01.360 [JavaFX Application Thread] DEBUG GameScene            - Added MainViewComponent
15:34:01.360 [JavaFX Application Thread] DEBUG GameScene            - Entity added to scene
15:34:01.360 [JavaFX Application Thread] DEBUG GameScene            - Added MainViewComponent
15:34:01.361 [JavaFX Application Thread] DEBUG GameScene            - Entity added to scene
15:34:01.361 [JavaFX Application Thread] DEBUG GameScene            - Added MainViewComponent
15:34:01.361 [JavaFX Application Thread] DEBUG GameScene            - Entity added to scene
15:34:01.361 [JavaFX Application Thread] DEBUG GameScene            - Added MainViewComponent
15:34:01.361 [JavaFX Application Thread] DEBUG GameScene            - Entity added to scene
15:34:01.361 [JavaFX Application Thread] DEBUG GameScene            - Added MainViewComponent
15:34:01.361 [JavaFX Application Thread] DEBUG GameScene            - Entity added to scene
15:34:01.361 [JavaFX Application Thread] DEBUG GameScene            - Added MainViewComponent
15:34:01.361 [JavaFX Application Thread] DEBUG GameScene            - Entity added to scene
15:34:01.361 [JavaFX Application Thread] DEBUG GameScene            - Added MainViewComponent
15:34:01.361 [JavaFX Application Thread] DEBUG GameScene            - Entity added to scene
15:34:01.361 [JavaFX Application Thread] DEBUG GameScene            - Added MainViewComponent
15:34:01.362 [JavaFX Application Thread] DEBUG GameScene            - Entity added to scene
15:34:01.362 [JavaFX Application Thread] DEBUG GameScene            - Added MainViewComponent
15:34:01.362 [JavaFX Application Thread] DEBUG GameScene            - Entity added to scene
15:34:01.362 [JavaFX Application Thread] DEBUG GameScene            - Added MainViewComponent
15:34:01.362 [JavaFX Application Thread] DEBUG GameScene            - Entity added to scene
15:34:01.362 [JavaFX Application Thread] DEBUG GameScene            - Added MainViewComponent
15:34:01.362 [JavaFX Application Thread] DEBUG GameScene            - Entity added to scene
15:34:01.362 [JavaFX Application Thread] DEBUG GameScene            - Added MainViewComponent
15:34:01.362 [JavaFX Application Thread] DEBUG GameScene            - Entity added to scene
15:34:01.362 [JavaFX Application Thread] DEBUG GameScene            - Added MainViewComponent
15:34:01.362 [JavaFX Application Thread] DEBUG GameScene            - Entity added to scene
15:34:01.362 [JavaFX Application Thread] DEBUG GameScene            - Added MainViewComponent
15:34:01.362 [JavaFX Application Thread] DEBUG GameScene            - Entity added to scene
15:34:01.362 [JavaFX Application Thread] DEBUG GameScene            - Added MainViewComponent
15:34:01.362 [JavaFX Application Thread] DEBUG GameScene            - Entity added to scene
15:34:01.362 [JavaFX Application Thread] DEBUG GameScene            - Added MainViewComponent
15:34:01.363 [JavaFX Application Thread] DEBUG GameScene            - Entity added to scene
15:34:01.363 [JavaFX Application Thread] DEBUG GameScene            - Added MainViewComponent
15:34:01.363 [JavaFX Application Thread] DEBUG GameScene            - Entity added to scene
15:34:01.363 [JavaFX Application Thread] DEBUG GameScene            - Added MainViewComponent
15:34:01.363 [JavaFX Application Thread] DEBUG GameScene            - Entity added to scene
15:34:01.363 [JavaFX Application Thread] DEBUG GameScene            - Added MainViewComponent
15:34:01.363 [JavaFX Application Thread] DEBUG GameScene            - Entity added to scene
15:34:01.363 [JavaFX Application Thread] DEBUG GameScene            - Added MainViewComponent
15:34:01.363 [JavaFX Application Thread] DEBUG GameScene            - Entity added to scene
15:34:01.363 [JavaFX Application Thread] DEBUG GameScene            - Added MainViewComponent
15:34:01.364 [JavaFX Application Thread] DEBUG GameScene            - Entity added to scene
15:34:01.364 [JavaFX Application Thread] DEBUG GameScene            - Added MainViewComponent
15:34:01.364 [JavaFX Application Thread] DEBUG GameScene            - Entity added to scene
15:34:01.364 [JavaFX Application Thread] DEBUG GameScene            - Added MainViewComponent
15:34:01.364 [JavaFX Application Thread] DEBUG GameScene            - Entity added to scene
15:34:01.364 [JavaFX Application Thread] DEBUG GameScene            - Added MainViewComponent
15:34:01.364 [JavaFX Application Thread] DEBUG GameScene            - Entity added to scene
15:34:01.364 [JavaFX Application Thread] DEBUG GameScene            - Added MainViewComponent
15:34:01.364 [JavaFX Application Thread] DEBUG GameScene            - Entity added to scene
15:34:01.364 [JavaFX Application Thread] DEBUG GameScene            - Added MainViewComponent
15:34:01.364 [JavaFX Application Thread] DEBUG GameScene            - Entity added to scene
15:34:01.364 [JavaFX Application Thread] DEBUG GameScene            - Added MainViewComponent
15:34:01.364 [JavaFX Application Thread] DEBUG GameScene            - Entity added to scene
15:34:01.364 [JavaFX Application Thread] DEBUG GameScene            - Added MainViewComponent
15:34:01.364 [JavaFX Application Thread] DEBUG GameScene            - Entity added to scene
15:34:01.364 [JavaFX Application Thread] DEBUG GameScene            - Added MainViewComponent
15:34:01.364 [JavaFX Application Thread] DEBUG GameScene            - Entity added to scene
15:34:01.364 [JavaFX Application Thread] DEBUG GameScene            - Added MainViewComponent
15:34:01.364 [JavaFX Application Thread] DEBUG GameScene            - Entity added to scene
15:34:01.364 [JavaFX Application Thread] DEBUG GameScene            - Added MainViewComponent
15:34:01.364 [JavaFX Application Thread] DEBUG GameScene            - Entity added to scene
15:34:01.364 [JavaFX Application Thread] DEBUG GameScene            - Added MainViewComponent
15:34:01.365 [JavaFX Application Thread] DEBUG GameScene            - Entity added to scene
15:34:01.365 [JavaFX Application Thread] DEBUG GameScene            - Added MainViewComponent
15:34:01.365 [JavaFX Application Thread] DEBUG GameScene            - Entity added to scene
15:34:01.365 [JavaFX Application Thread] DEBUG GameScene            - Added MainViewComponent
15:34:01.365 [JavaFX Application Thread] DEBUG GameScene            - Entity added to scene
15:34:01.365 [JavaFX Application Thread] DEBUG GameScene            - Added MainViewComponent
15:34:01.365 [JavaFX Application Thread] DEBUG GameScene            - Entity added to scene
15:34:01.365 [JavaFX Application Thread] DEBUG GameScene            - Added MainViewComponent
15:34:01.366 [JavaFX Application Thread] DEBUG GameScene            - Entity added to scene
15:34:01.366 [JavaFX Application Thread] DEBUG GameScene            - Added MainViewComponent
15:34:01.366 [JavaFX Application Thread] DEBUG GameScene            - Entity added to scene
15:34:01.366 [JavaFX Application Thread] DEBUG GameScene            - Added MainViewComponent
15:34:01.366 [JavaFX Application Thread] DEBUG GameScene            - Entity added to scene
15:34:01.366 [JavaFX Application Thread] DEBUG GameScene            - Added MainViewComponent
15:34:01.366 [JavaFX Application Thread] DEBUG GameScene            - Entity added to scene
15:34:01.366 [JavaFX Application Thread] DEBUG GameScene            - Added MainViewComponent
15:34:01.366 [JavaFX Application Thread] DEBUG GameScene            - Entity added to scene
15:34:01.366 [JavaFX Application Thread] DEBUG GameScene            - Added MainViewComponent
15:34:01.366 [JavaFX Application Thread] DEBUG GameScene            - Entity added to scene
15:34:01.366 [JavaFX Application Thread] DEBUG GameScene            - Added MainViewComponent
15:34:01.366 [JavaFX Application Thread] DEBUG GameScene            - Entity added to scene
15:34:01.366 [JavaFX Application Thread] DEBUG GameScene            - Added MainViewComponent
15:34:01.366 [JavaFX Application Thread] DEBUG GameScene            - Entity added to scene
15:34:01.366 [JavaFX Application Thread] DEBUG GameScene            - Added MainViewComponent
15:34:01.366 [JavaFX Application Thread] DEBUG GameScene            - Entity added to scene
15:34:01.366 [JavaFX Application Thread] DEBUG GameScene            - Added MainViewComponent
15:34:01.366 [JavaFX Application Thread] DEBUG GameScene            - Entity added to scene
15:34:01.366 [JavaFX Application Thread] DEBUG GameScene            - Added MainViewComponent
15:34:01.366 [JavaFX Application Thread] DEBUG GameScene            - Entity added to scene
15:34:01.366 [JavaFX Application Thread] DEBUG GameScene            - Added MainViewComponent
15:34:01.366 [JavaFX Application Thread] DEBUG GameScene            - Entity added to scene
15:34:01.366 [JavaFX Application Thread] DEBUG GameScene            - Added MainViewComponent
15:34:01.366 [JavaFX Application Thread] DEBUG GameScene            - Entity added to scene
15:34:01.366 [JavaFX Application Thread] DEBUG GameScene            - Added MainViewComponent
15:34:01.367 [JavaFX Application Thread] DEBUG GameScene            - Entity added to scene
15:34:01.367 [JavaFX Application Thread] DEBUG GameScene            - Added MainViewComponent
15:34:01.367 [JavaFX Application Thread] DEBUG GameScene            - Entity added to scene
15:34:01.367 [JavaFX Application Thread] DEBUG GameScene            - Added MainViewComponent
15:34:01.367 [JavaFX Application Thread] DEBUG GameScene            - Entity added to scene
15:34:01.367 [JavaFX Application Thread] DEBUG GameScene            - Added MainViewComponent
15:34:01.367 [JavaFX Application Thread] DEBUG GameScene            - Entity added to scene
15:34:01.367 [JavaFX Application Thread] DEBUG GameScene            - Added MainViewComponent
15:34:01.367 [JavaFX Application Thread] DEBUG GameScene            - Entity added to scene
15:34:01.367 [JavaFX Application Thread] DEBUG GameScene            - Added MainViewComponent
15:34:01.367 [JavaFX Application Thread] DEBUG GameScene            - Entity added to scene
15:34:01.367 [JavaFX Application Thread] DEBUG GameScene            - Added MainViewComponent
15:34:01.367 [JavaFX Application Thread] DEBUG GameScene            - Entity added to scene
15:34:01.367 [JavaFX Application Thread] DEBUG GameScene            - Added MainViewComponent
15:34:01.367 [JavaFX Application Thread] DEBUG GameScene            - Entity added to scene
15:34:01.367 [JavaFX Application Thread] DEBUG GameScene            - Added MainViewComponent
15:34:01.368 [JavaFX Application Thread] DEBUG GameScene            - Entity added to scene
15:34:01.368 [JavaFX Application Thread] DEBUG GameScene            - Added MainViewComponent
15:34:01.368 [JavaFX Application Thread] DEBUG GameScene            - Entity added to scene
15:34:01.368 [JavaFX Application Thread] DEBUG GameScene            - Added MainViewComponent
15:34:01.368 [JavaFX Application Thread] DEBUG GameScene            - Entity added to scene
15:34:01.368 [JavaFX Application Thread] DEBUG GameScene            - Added MainViewComponent
15:34:01.368 [JavaFX Application Thread] DEBUG GameScene            - Entity added to scene
15:34:01.368 [JavaFX Application Thread] DEBUG GameScene            - Added MainViewComponent
15:34:01.368 [JavaFX Application Thread] DEBUG GameScene            - Entity added to scene
15:34:01.368 [JavaFX Application Thread] DEBUG GameScene            - Added MainViewComponent
15:34:01.368 [JavaFX Application Thread] DEBUG GameScene            - Entity added to scene
15:34:01.368 [JavaFX Application Thread] DEBUG GameScene            - Added MainViewComponent
15:34:01.368 [JavaFX Application Thread] DEBUG GameScene            - Entity added to scene
15:34:01.368 [JavaFX Application Thread] DEBUG GameScene            - Added MainViewComponent
15:34:01.368 [JavaFX Application Thread] DEBUG GameScene            - Entity added to scene
15:34:01.368 [JavaFX Application Thread] DEBUG GameScene            - Added MainViewComponent
15:34:01.368 [JavaFX Application Thread] DEBUG GameScene            - Entity added to scene
15:34:01.368 [JavaFX Application Thread] DEBUG GameScene            - Added MainViewComponent
15:34:01.369 [JavaFX Application Thread] DEBUG GameScene            - Entity added to scene
15:34:01.369 [JavaFX Application Thread] DEBUG GameScene            - Added MainViewComponent
15:34:01.369 [JavaFX Application Thread] DEBUG GameScene            - Entity added to scene
15:34:01.369 [JavaFX Application Thread] DEBUG GameScene            - Added MainViewComponent
15:34:01.369 [JavaFX Application Thread] DEBUG GameScene            - Entity added to scene
15:34:01.369 [JavaFX Application Thread] DEBUG GameScene            - Added MainViewComponent
15:34:01.369 [JavaFX Application Thread] DEBUG GameScene            - Entity added to scene
15:34:01.369 [JavaFX Application Thread] DEBUG GameScene            - Added MainViewComponent
15:34:01.369 [JavaFX Application Thread] DEBUG GameScene            - Entity added to scene
15:34:01.369 [JavaFX Application Thread] DEBUG GameScene            - Added MainViewComponent
15:34:01.369 [JavaFX Application Thread] DEBUG GameScene            - Entity added to scene
15:34:01.369 [JavaFX Application Thread] DEBUG GameScene            - Added MainViewComponent
15:34:01.369 [JavaFX Application Thread] DEBUG GameScene            - Entity added to scene
15:34:01.369 [JavaFX Application Thread] DEBUG GameScene            - Added MainViewComponent
15:34:01.369 [JavaFX Application Thread] DEBUG GameScene            - Entity added to scene
15:34:01.369 [JavaFX Application Thread] DEBUG GameScene            - Added MainViewComponent
15:34:01.370 [JavaFX Application Thread] DEBUG GameScene            - Entity added to scene
15:34:01.370 [JavaFX Application Thread] DEBUG GameScene            - Added MainViewComponent
15:34:01.370 [JavaFX Application Thread] DEBUG GameScene            - Entity added to scene
15:34:01.370 [JavaFX Application Thread] DEBUG GameScene            - Added MainViewComponent
15:34:01.370 [JavaFX Application Thread] DEBUG GameScene            - Entity added to scene
15:34:01.370 [JavaFX Application Thread] DEBUG GameScene            - Added MainViewComponent
15:34:01.370 [JavaFX Application Thread] DEBUG GameScene            - Entity added to scene
15:34:01.370 [JavaFX Application Thread] DEBUG GameScene            - Added MainViewComponent
15:34:01.370 [JavaFX Application Thread] DEBUG GameScene            - Entity added to scene
15:34:01.370 [JavaFX Application Thread] DEBUG GameScene            - Added MainViewComponent
15:34:01.370 [JavaFX Application Thread] DEBUG GameScene            - Entity added to scene
15:34:01.370 [JavaFX Application Thread] DEBUG GameScene            - Added MainViewComponent
15:34:01.370 [JavaFX Application Thread] DEBUG GameScene            - Entity added to scene
15:34:01.370 [JavaFX Application Thread] DEBUG GameScene            - Added MainViewComponent
15:34:01.370 [JavaFX Application Thread] DEBUG GameScene            - Entity added to scene
15:34:01.370 [JavaFX Application Thread] DEBUG GameScene            - Added MainViewComponent
15:34:01.370 [JavaFX Application Thread] DEBUG GameScene            - Entity added to scene
15:34:01.370 [JavaFX Application Thread] DEBUG GameScene            - Added MainViewComponent
15:34:01.370 [JavaFX Application Thread] DEBUG GameScene            - Entity added to scene
15:34:01.370 [JavaFX Application Thread] DEBUG GameScene            - Added MainViewComponent
15:34:01.371 [JavaFX Application Thread] DEBUG GameScene            - Entity added to scene
15:34:01.371 [JavaFX Application Thread] DEBUG GameScene            - Added MainViewComponent
15:34:01.371 [JavaFX Application Thread] DEBUG GameScene            - Entity added to scene
15:34:01.371 [JavaFX Application Thread] DEBUG GameScene            - Added MainViewComponent
15:34:01.371 [JavaFX Application Thread] DEBUG GameScene            - Entity added to scene
15:34:01.371 [JavaFX Application Thread] DEBUG GameScene            - Added MainViewComponent
15:34:01.371 [JavaFX Application Thread] DEBUG GameScene            - Entity added to scene
15:34:01.371 [JavaFX Application Thread] DEBUG GameScene            - Added MainViewComponent
15:34:01.371 [JavaFX Application Thread] DEBUG GameScene            - Entity added to scene
15:34:01.371 [JavaFX Application Thread] DEBUG GameScene            - Added MainViewComponent
15:34:01.371 [JavaFX Application Thread] DEBUG GameScene            - Entity added to scene
15:34:01.371 [JavaFX Application Thread] DEBUG GameScene            - Added MainViewComponent
15:34:01.371 [JavaFX Application Thread] DEBUG GameScene            - Entity added to scene
15:34:01.371 [JavaFX Application Thread] DEBUG GameScene            - Added MainViewComponent
15:34:01.371 [JavaFX Application Thread] DEBUG GameScene            - Entity added to scene
15:34:01.371 [JavaFX Application Thread] DEBUG GameScene            - Added MainViewComponent
15:34:01.371 [JavaFX Application Thread] DEBUG GameScene            - Entity added to scene
15:34:01.371 [JavaFX Application Thread] DEBUG GameScene            - Added MainViewComponent
15:34:01.372 [JavaFX Application Thread] DEBUG GameScene            - Entity added to scene
15:34:01.372 [JavaFX Application Thread] DEBUG GameScene            - Added MainViewComponent
15:34:01.372 [JavaFX Application Thread] DEBUG GameScene            - Entity added to scene
15:34:01.372 [JavaFX Application Thread] DEBUG GameScene            - Added MainViewComponent
15:34:01.372 [JavaFX Application Thread] DEBUG GameScene            - Entity added to scene
15:34:01.372 [JavaFX Application Thread] DEBUG GameScene            - Added MainViewComponent
15:34:01.372 [JavaFX Application Thread] DEBUG GameScene            - Entity added to scene
15:34:01.372 [JavaFX Application Thread] DEBUG GameScene            - Added MainViewComponent
15:34:01.372 [JavaFX Application Thread] DEBUG GameScene            - Entity added to scene
15:34:01.372 [JavaFX Application Thread] DEBUG GameScene            - Added MainViewComponent
15:34:01.372 [JavaFX Application Thread] DEBUG GameScene            - Entity added to scene
15:34:01.372 [JavaFX Application Thread] DEBUG GameScene            - Added MainViewComponent
15:34:01.372 [JavaFX Application Thread] DEBUG GameScene            - Entity added to scene
15:34:01.372 [JavaFX Application Thread] DEBUG GameScene            - Added MainViewComponent
15:34:01.372 [JavaFX Application Thread] DEBUG GameScene            - Entity added to scene
15:34:01.372 [JavaFX Application Thread] DEBUG GameScene            - Added MainViewComponent
15:34:01.372 [JavaFX Application Thread] DEBUG GameScene            - Entity added to scene
15:34:01.372 [JavaFX Application Thread] DEBUG GameScene            - Added MainViewComponent
15:34:01.372 [JavaFX Application Thread] DEBUG GameScene            - Entity added to scene
15:34:01.372 [JavaFX Application Thread] DEBUG GameScene            - Added MainViewComponent
15:34:01.373 [JavaFX Application Thread] DEBUG GameScene            - Entity added to scene
15:34:01.373 [JavaFX Application Thread] DEBUG GameScene            - Added MainViewComponent
15:34:01.373 [JavaFX Application Thread] DEBUG GameScene            - Entity added to scene
15:34:01.373 [JavaFX Application Thread] DEBUG GameScene            - Added MainViewComponent
15:34:01.373 [JavaFX Application Thread] DEBUG GameScene            - Entity added to scene
15:34:01.373 [JavaFX Application Thread] DEBUG GameScene            - Added MainViewComponent
15:34:01.373 [JavaFX Application Thread] DEBUG GameScene            - Entity added to scene
15:34:01.373 [JavaFX Application Thread] DEBUG GameScene            - Added MainViewComponent
15:34:01.373 [JavaFX Application Thread] DEBUG GameScene            - Entity added to scene
15:34:01.373 [JavaFX Application Thread] DEBUG GameScene            - Added MainViewComponent
15:34:01.373 [JavaFX Application Thread] DEBUG GameScene            - Entity added to scene
15:34:01.373 [JavaFX Application Thread] DEBUG GameScene            - Added MainViewComponent
15:34:01.373 [JavaFX Application Thread] DEBUG GameScene            - Entity added to scene
15:34:01.373 [JavaFX Application Thread] DEBUG GameScene            - Added MainViewComponent
15:34:01.373 [JavaFX Application Thread] DEBUG GameScene            - Entity added to scene
15:34:01.373 [JavaFX Application Thread] DEBUG GameScene            - Added MainViewComponent
15:34:01.373 [JavaFX Application Thread] DEBUG GameScene            - Entity added to scene
15:34:01.373 [JavaFX Application Thread] DEBUG GameScene            - Added MainViewComponent
15:34:01.373 [JavaFX Application Thread] DEBUG GameScene            - Entity added to scene
15:34:01.373 [JavaFX Application Thread] DEBUG GameScene            - Added MainViewComponent
15:34:01.373 [JavaFX Application Thread] DEBUG GameScene            - Entity added to scene
15:34:01.373 [JavaFX Application Thread] DEBUG GameScene            - Added MainViewComponent
15:34:01.374 [JavaFX Application Thread] DEBUG GameScene            - Entity added to scene
15:34:01.374 [JavaFX Application Thread] DEBUG GameScene            - Added MainViewComponent
15:34:01.374 [JavaFX Application Thread] DEBUG GameScene            - Entity added to scene
15:34:01.374 [JavaFX Application Thread] DEBUG GameScene            - Added MainViewComponent
15:34:01.374 [JavaFX Application Thread] DEBUG GameScene            - Entity added to scene
15:34:01.374 [JavaFX Application Thread] DEBUG GameScene            - Added MainViewComponent
15:34:01.374 [JavaFX Application Thread] DEBUG GameScene            - Entity added to scene
15:34:01.374 [JavaFX Application Thread] DEBUG GameScene            - Added MainViewComponent
15:34:01.374 [JavaFX Application Thread] DEBUG GameScene            - Entity added to scene
15:34:01.374 [JavaFX Application Thread] DEBUG GameScene            - Added MainViewComponent
15:34:01.375 [JavaFX Application Thread] DEBUG GameScene            - Entity added to scene
15:34:01.375 [JavaFX Application Thread] DEBUG GameScene            - Added MainViewComponent
15:34:01.375 [JavaFX Application Thread] DEBUG GameScene            - Entity added to scene
15:34:01.375 [JavaFX Application Thread] DEBUG GameScene            - Added MainViewComponent
15:34:01.375 [JavaFX Application Thread] DEBUG GameScene            - Entity added to scene
15:34:01.375 [JavaFX Application Thread] DEBUG GameScene            - Added MainViewComponent
15:34:01.375 [JavaFX Application Thread] DEBUG GameScene            - Entity added to scene
15:34:01.375 [JavaFX Application Thread] DEBUG GameScene            - Added MainViewComponent
15:34:01.375 [JavaFX Application Thread] DEBUG GameScene            - Entity added to scene
15:34:01.375 [JavaFX Application Thread] DEBUG GameScene            - Added MainViewComponent
15:34:01.375 [JavaFX Application Thread] DEBUG GameScene            - Entity added to scene
15:34:01.375 [JavaFX Application Thread] DEBUG GameScene            - Added MainViewComponent
15:34:01.375 [JavaFX Application Thread] DEBUG GameScene            - Entity added to scene
15:34:01.375 [JavaFX Application Thread] DEBUG GameScene            - Added MainViewComponent
15:34:01.375 [JavaFX Application Thread] DEBUG GameScene            - Entity added to scene
15:34:01.375 [JavaFX Application Thread] DEBUG GameScene            - Added MainViewComponent
15:34:01.375 [JavaFX Application Thread] DEBUG GameScene            - Entity added to scene
15:34:01.375 [JavaFX Application Thread] DEBUG GameScene            - Added MainViewComponent
15:34:01.375 [JavaFX Application Thread] DEBUG GameScene            - Entity added to scene
15:34:01.375 [JavaFX Application Thread] DEBUG GameScene            - Added MainViewComponent
15:34:01.375 [JavaFX Application Thread] DEBUG GameScene            - Entity added to scene
15:34:01.376 [JavaFX Application Thread] DEBUG GameScene            - Added MainViewComponent
15:34:01.376 [JavaFX Application Thread] DEBUG GameScene            - Entity added to scene
15:34:01.376 [JavaFX Application Thread] DEBUG GameScene            - Added MainViewComponent
15:34:01.376 [JavaFX Application Thread] DEBUG GameScene            - Entity added to scene
15:34:01.376 [JavaFX Application Thread] DEBUG GameScene            - Added MainViewComponent
15:34:01.376 [JavaFX Application Thread] DEBUG GameScene            - Entity added to scene
15:34:01.376 [JavaFX Application Thread] DEBUG GameScene            - Added MainViewComponent
15:34:01.376 [JavaFX Application Thread] DEBUG GameScene            - Entity added to scene
15:34:01.376 [JavaFX Application Thread] DEBUG GameScene            - Added MainViewComponent
15:34:01.376 [JavaFX Application Thread] DEBUG GameScene            - Entity added to scene
15:34:01.376 [JavaFX Application Thread] DEBUG GameScene            - Added MainViewComponent
15:34:01.376 [JavaFX Application Thread] DEBUG GameScene            - Entity added to scene
15:34:01.376 [JavaFX Application Thread] DEBUG GameScene            - Added MainViewComponent
15:34:01.376 [JavaFX Application Thread] DEBUG GameScene            - Entity added to scene
15:34:01.376 [JavaFX Application Thread] DEBUG GameScene            - Added MainViewComponent
15:34:01.376 [JavaFX Application Thread] DEBUG GameScene            - Entity added to scene
15:34:01.376 [JavaFX Application Thread] DEBUG GameScene            - Added MainViewComponent
15:34:01.376 [JavaFX Application Thread] DEBUG GameScene            - Entity added to scene
15:34:01.376 [JavaFX Application Thread] DEBUG GameScene            - Added MainViewComponent
15:34:01.376 [JavaFX Application Thread] DEBUG GameScene            - Entity added to scene
15:34:01.376 [JavaFX Application Thread] DEBUG GameScene            - Added MainViewComponent
15:34:01.377 [JavaFX Application Thread] DEBUG GameScene            - Entity added to scene
15:34:01.377 [JavaFX Application Thread] DEBUG GameScene            - Added MainViewComponent
15:34:01.377 [JavaFX Application Thread] DEBUG GameScene            - Entity added to scene
15:34:01.377 [JavaFX Application Thread] DEBUG GameScene            - Added MainViewComponent
15:34:01.377 [JavaFX Application Thread] DEBUG GameScene            - Entity added to scene
15:34:01.377 [JavaFX Application Thread] DEBUG GameScene            - Added MainViewComponent
15:34:01.377 [JavaFX Application Thread] DEBUG GameScene            - Entity added to scene
15:34:01.377 [JavaFX Application Thread] DEBUG GameScene            - Added MainViewComponent
15:34:01.377 [JavaFX Application Thread] DEBUG GameScene            - Entity added to scene
15:34:01.377 [JavaFX Application Thread] DEBUG GameScene            - Added MainViewComponent
15:34:01.377 [JavaFX Application Thread] DEBUG GameScene            - Entity added to scene
15:34:01.377 [JavaFX Application Thread] DEBUG GameScene            - Added MainViewComponent
15:34:01.377 [JavaFX Application Thread] DEBUG GameScene            - Entity added to scene
15:34:01.377 [JavaFX Application Thread] DEBUG GameScene            - Added MainViewComponent
15:34:01.377 [JavaFX Application Thread] DEBUG GameScene            - Entity added to scene
15:34:01.377 [JavaFX Application Thread] DEBUG GameScene            - Added MainViewComponent
15:34:01.377 [JavaFX Application Thread] DEBUG GameScene            - Entity added to scene
15:34:01.377 [JavaFX Application Thread] DEBUG GameScene            - Added MainViewComponent
15:34:01.377 [JavaFX Application Thread] DEBUG GameScene            - Entity added to scene
15:34:01.378 [JavaFX Application Thread] DEBUG GameScene            - Added MainViewComponent
15:34:01.378 [JavaFX Application Thread] DEBUG GameScene            - Entity added to scene
15:34:01.378 [JavaFX Application Thread] DEBUG GameScene            - Added MainViewComponent
15:34:01.378 [JavaFX Application Thread] DEBUG GameScene            - Entity added to scene
15:34:01.378 [JavaFX Application Thread] DEBUG GameScene            - Added MainViewComponent
15:34:01.378 [JavaFX Application Thread] DEBUG GameScene            - Entity added to scene
15:34:01.378 [JavaFX Application Thread] DEBUG GameScene            - Added MainViewComponent
15:34:01.378 [JavaFX Application Thread] DEBUG GameScene            - Entity added to scene
15:34:01.378 [JavaFX Application Thread] DEBUG GameScene            - Added MainViewComponent
15:34:01.378 [JavaFX Application Thread] DEBUG GameScene            - Entity added to scene
15:34:01.378 [JavaFX Application Thread] DEBUG GameScene            - Added MainViewComponent
15:34:01.378 [JavaFX Application Thread] DEBUG GameScene            - Entity added to scene
15:34:01.378 [JavaFX Application Thread] DEBUG GameScene            - Added MainViewComponent
15:34:01.378 [JavaFX Application Thread] DEBUG GameScene            - Entity added to scene
15:34:01.378 [JavaFX Application Thread] DEBUG GameScene            - Added MainViewComponent
15:34:01.378 [JavaFX Application Thread] DEBUG GameScene            - Entity added to scene
15:34:01.378 [JavaFX Application Thread] DEBUG GameScene            - Added MainViewComponent
15:34:01.378 [JavaFX Application Thread] DEBUG GameScene            - Entity added to scene
15:34:01.378 [JavaFX Application Thread] DEBUG GameScene            - Added MainViewComponent
15:34:01.378 [JavaFX Application Thread] DEBUG GameScene            - Entity added to scene
15:34:01.379 [JavaFX Application Thread] DEBUG GameScene            - Added MainViewComponent
15:34:01.379 [JavaFX Application Thread] DEBUG GameScene            - Entity added to scene
15:34:01.379 [JavaFX Application Thread] DEBUG GameScene            - Added MainViewComponent
15:34:01.379 [JavaFX Application Thread] DEBUG GameScene            - Entity added to scene
15:34:01.379 [JavaFX Application Thread] DEBUG GameScene            - Added MainViewComponent
15:34:01.379 [JavaFX Application Thread] DEBUG GameScene            - Entity added to scene
15:34:01.379 [JavaFX Application Thread] DEBUG GameScene            - Added MainViewComponent
15:34:01.379 [JavaFX Application Thread] DEBUG GameScene            - Entity added to scene
15:34:01.379 [JavaFX Application Thread] DEBUG GameScene            - Added MainViewComponent
15:34:01.379 [JavaFX Application Thread] DEBUG GameScene            - Creating render group for layer: null(0)
15:34:01.737 [JavaFX Application Thread] DEBUG GameScene            - Entity removed from scene
15:34:01.737 [JavaFX Application Thread] DEBUG GameScene            - Removed MainViewComponent
15:34:02.073 [JavaFX Application Thread] DEBUG GameScene            - Entity removed from scene
15:34:02.073 [JavaFX Application Thread] DEBUG GameScene            - Removed MainViewComponent
15:34:02.409 [JavaFX Application Thread] DEBUG GameScene            - Entity removed from scene
15:34:02.409 [JavaFX Application Thread] DEBUG GameScene            - Removed MainViewComponent
15:34:02.755 [JavaFX Application Thread] DEBUG FXGLEventBus         - Firing event: DisplayEvent[type=CLOSE_REQUEST]
15:34:02.756 [JavaFX Application Thread] DEBUG FXGLEventBus         - Firing event: FXGLEvent[type=EXIT]
15:34:02.756 [JavaFX Application Thread] DEBUG FXGL                 - Saving FXGL system data
15:34:02.757 [JavaFX Application Thread] DEBUG IOTask               - Executing task: writeDataTask(system/fxgl.bundle)
15:34:02.758 [JavaFX Application Thread] DEBUG FS                   - Writing to: system\fxgl.bundle
15:34:02.761 [JavaFX Application Thread] DEBUG IOTask               - Task succeeded: writeDataTask(system/fxgl.bundle)
