23:26:13.561 [FXGL Launcher Thread     ] DEBUG FXGLLoggerFactory    - Service [LoggerFactory] initialized
23:26:13.566 [FXGL Launcher Thread     ] DEBUG FXGL                 - FXGL configuration complete
23:26:13.567 [FXGL Launcher Thread     ] DEBUG FXGL                 - Loading FXGL system data
23:26:13.569 [FXGL Launcher Thread     ] DEBUG IOTask               - Executing task: readDataTask(system/fxgl.bundle)
23:26:13.580 [FXGL Launcher Thread     ] DEBUG FS                   - Reading from: system\fxgl.bundle
23:26:13.588 [FXGL Launcher Thread     ] DEBUG IOTask               - Task succeeded: readDataTask(system/fxgl.bundle)
23:26:13.588 [FXGL Launcher Thread     ] DEBUG Bundle               - Logging bundle: FXGL
23:26:13.605 [FXGL Launcher Thread     ] DEBUG Bundle               - FXGL.offline.timer.version.check=2017-07-06T21:24:34.887
23:26:13.622 [FXGL Launcher Thread     ] DEBUG GameApplication      - Configuring GameApplication
23:26:13.625 [FXGL Launcher Thread     ] DEBUG FXGLExceptionHandler - Service [ExceptionHandler] initialized
23:26:13.626 [FXGL Launcher Thread     ] DEBUG FXGLEventBus         - Service [EventBus] initialized
23:26:13.628 [FXGL Launcher Thread     ] DEBUG FXGLExecutor         - Service [Executor] initialized
23:26:13.629 [FXGL Launcher Thread     ] DEBUG PreInitTask          - Injecting gameWorld & physicsWorld
23:26:13.633 [FXGL Launcher Thread     ] DEBUG GameWorld            - Game world initialized
23:26:13.666 [FXGL Launcher Thread     ] DEBUG FXGLPooler           - Service [Pooler] initialized with default size = 128
23:26:13.666 [FXGL Launcher Thread     ] DEBUG PhysicsWorld         - Physics world initialized: appHeight=840.0, physics.ppm=50.0
23:26:13.667 [FXGL Launcher Thread     ] DEBUG FXGLInput            - Service [Input] initialized
23:26:13.681 [FXGL Launcher Thread     ] DEBUG FXGLInput            - Registered new binding: Screenshot - P
23:26:13.682 [FXGL Launcher Thread     ] DEBUG FXGLInput            - Registered new binding: Dev Options - CTRL+0
23:26:13.682 [FXGL Launcher Thread     ] DEBUG FXGLInput            - Registered new binding: Up - W
23:26:13.683 [FXGL Launcher Thread     ] DEBUG FXGLInput            - Registered new binding: Left - A
23:26:13.683 [FXGL Launcher Thread     ] DEBUG FXGLInput            - Registered new binding: Down - S
23:26:13.683 [FXGL Launcher Thread     ] DEBUG FXGLInput            - Registered new binding: Right - D
23:26:13.701 [FXGL Launcher Thread     ] DEBUG GameScene            - Game scene initialized: 960.0x840.0
23:26:13.707 [FXGL Launcher Thread     ] DEBUG FXGLAssetLoader      - Service [AssetLoader] initialized: cacheSize=35
23:26:13.718 [FXGL Launcher Thread     ] DEBUG FXGLAssetLoader      - Loading from disk: /assets/sounds/system/notification.wav
23:26:13.741 [FXGL Launcher Thread     ] DEBUG FXGLAssetLoader      - Loading from disk: /assets/sounds/menu/select.wav
23:26:13.742 [FXGL Launcher Thread     ] DEBUG FXGLAssetLoader      - Loading from disk: /assets/sounds/menu/back.wav
23:26:13.744 [FXGL Launcher Thread     ] DEBUG FXGLAssetLoader      - Loading from disk: /assets/sounds/menu/press.wav
23:26:13.745 [FXGL Launcher Thread     ] DEBUG FXGLAssetLoader      - Loading from disk: /assets/ui/fonts/Copperplate_Gothic_Light_Regular.ttf
23:26:13.817 [FXGL Launcher Thread     ] DEBUG FXGLAssetLoader      - Loading from disk: /assets/ui/css/fxgl.css
23:26:13.817 [FXGL Launcher Thread     ] DEBUG FXGLAssetLoader      - Loading from disk: /assets/ui/icons/fxgl_icon.png
23:26:13.840 [FXGL Launcher Thread     ] DEBUG FXGLAssetLoader      - Loading from disk: /assets/ui/css/fxgl_dark.css
23:26:13.847 [FXGL Launcher Thread     ] DEBUG FXGLDisplay          - Target size: DoubleProperty [value: 960.0] x DoubleProperty [value: 840.0] @ 1.0
23:26:13.847 [FXGL Launcher Thread     ] DEBUG FXGLDisplay          - New size:    960.0 x 840.0 @ DoubleProperty [value: 1.0]
23:26:13.848 [FXGL Launcher Thread     ] DEBUG FXGLDisplay          - Service [Display] initialized
23:26:13.848 [FXGL Launcher Thread     ] DEBUG FXGLDisplay          - Using CSS: CSS(externalForm=jar:file:/C:/Users/lukel/Documents/FLASHDRIVE%20BACKUP/Pacman2.8.17/Pacman/lib/fxgl-0.2.9-uber.jar!/assets/ui/css/fxgl_dark.css)
23:26:13.848 [FXGL Launcher Thread     ] DEBUG InitScenesTask       - Injecting loadingScene & gameScene
23:26:13.860 [FXGL Launcher Thread     ] DEBUG FXGLMasterTimer      - Service [MasterTimer] initialized
23:26:13.862 [FXGL Launcher Thread     ] DEBUG FXGLAudioPlayer      - Service [AudioPlayer] initialized
23:26:13.868 [FXGL Launcher Thread     ] DEBUG GameApplication      - Starting new game
23:26:13.869 [FXGL Launcher Thread     ] DEBUG GameApplication      - Initializing App
23:26:13.870 [FXGL Launcher Thread     ] DEBUG FXGLInput            - Clearing active input actions
23:26:13.871 [FXGL Launcher Thread     ] DEBUG FXGLMasterTimer      - Stopping master timer
23:26:13.871 [FXGL Launcher Thread     ] DEBUG GameApplication      - State: STARTUP -> PAUSED
23:26:13.871 [FXGL Launcher Thread     ] DEBUG FXGLEventBus         - Firing event: FXGLEvent[type=PAUSE]
23:26:13.872 [FXGL Launcher Thread     ] DEBUG FXGLInput            - Clearing active input actions
23:26:13.872 [FXGL Launcher Thread     ] DEBUG FXGLMasterTimer      - Resetting ticks and clearing all actions
23:26:13.872 [FXGL Launcher Thread     ] DEBUG GameWorld            - Resetting game world
23:26:13.872 [FXGL Launcher Thread     ] TRACE EntityWorld          - Resetting entity world
23:26:13.873 [FXGL Launcher Thread     ] DEBUG PhysicsWorld         - Resetting physics world
23:26:13.873 [FXGL Launcher Thread     ] DEBUG GameScene            - Resetting game scene
23:26:13.873 [FXGL Launcher Thread     ] DEBUG FXGLEventBus         - Firing event: FXGLEvent[type=RESET]
23:26:13.906 [FXGL Launcher Thread     ] DEBUG GameApplication      - State: PAUSED -> LOADING
23:26:13.929 [FXGL Background Thread 1 ] DEBUG InitAppTask          - Initializing Assets
23:26:13.929 [FXGL Background Thread 1 ] DEBUG InitAppTask          - Initializing Game
23:26:13.942 [FXGL Background Thread 1 ] DEBUG FXGLAssetLoader      - Loading from disk: /assets/textures/pacman0.png
23:26:13.949 [FXGL Background Thread 1 ] DEBUG FXGLAssetLoader      - Loading from disk: /assets/text/levels/level.txt
23:26:13.987 [JavaFX Application Thread] DEBUG FXGLDisplay          - Showing stage
23:26:13.987 [JavaFX Application Thread] DEBUG FXGLDisplay          - Root size: 960.0x840.0
23:26:13.987 [JavaFX Application Thread] DEBUG FXGLDisplay          - Scene size: 960.0x840.0
23:26:13.987 [JavaFX Application Thread] DEBUG FXGLDisplay          - Stage size: 976.0x879.0
23:26:14.016 [FXGL Background Thread 1 ] DEBUG FXGLAssetLoader      - Loading from disk: /assets/textures/blinkyBottom00.png
23:26:14.022 [FXGL Background Thread 1 ] DEBUG FXGLAssetLoader      - Loading from disk: /assets/textures/pinkyBottom00.png
23:26:14.025 [FXGL Background Thread 1 ] DEBUG FXGLAssetLoader      - Loading from disk: /assets/textures/inkyBottom00.png
23:26:14.027 [FXGL Background Thread 1 ] DEBUG FXGLAssetLoader      - Loading from disk: /assets/textures/clydeBottom00.png
23:26:14.053 [FXGL Background Thread 1 ] DEBUG FXGLAssetLoader      - Loading from cache: /assets/textures/pacman0.png
23:26:14.068 [FXGL Background Thread 1 ] DEBUG GameWorld            - Resetting game world
23:26:14.068 [FXGL Background Thread 1 ] TRACE EntityWorld          - Resetting entity world
23:26:14.070 [FXGL Background Thread 1 ] DEBUG GameScene            - Entity added to scene
23:26:14.070 [FXGL Background Thread 1 ] DEBUG GameScene            - Added MainViewComponent
23:26:14.071 [FXGL Background Thread 1 ] DEBUG GameScene            - Creating render group for layer: TOP(2147483647)
23:26:14.074 [FXGL Background Thread 1 ] DEBUG GameScene            - Removed MainViewComponent
23:26:14.074 [FXGL Background Thread 1 ] DEBUG PhysicsWorld         - Resetting physics world
23:26:14.075 [FXGL Background Thread 1 ] DEBUG GameScene            - Resetting game scene
23:26:14.075 [FXGL Background Thread 1 ] DEBUG GameWorld            - Setting level: com.almasb.fxgl.gameplay.Level@7a8d021a
23:26:14.076 [FXGL Background Thread 1 ] DEBUG InitAppTask          - Initializing Physics
23:26:14.077 [FXGL Background Thread 1 ] DEBUG InitAppTask          - Initializing UI
23:26:14.077 [FXGL Background Thread 1 ] DEBUG FXGLAssetLoader      - Loading from disk: /assets/ui/pacman_ui.fxml
23:26:14.104 [FXGL Background Thread 1 ] DEBUG GameScene            - Adding UI node: Pane@5a5346b0
23:26:14.105 [FXGL Background Thread 1 ] DEBUG GameScene            - Adding UI node: Label@5336ca36[styleClass=label]'Lives:'
23:26:14.105 [FXGL Background Thread 1 ] DEBUG GameScene            - Adding UI node: Circle[centerX=0.0, centerY=0.0, radius=15.0, fill=0xffff00ff, stroke=0x000000ff, strokeWidth=1.0]
23:26:14.106 [FXGL Background Thread 1 ] DEBUG GameScene            - Adding UI node: Circle[centerX=0.0, centerY=0.0, radius=15.0, fill=0xffff00ff, stroke=0x000000ff, strokeWidth=1.0]
23:26:14.106 [FXGL Background Thread 1 ] DEBUG GameScene            - Adding UI node: Circle[centerX=0.0, centerY=0.0, radius=15.0, fill=0xffff00ff, stroke=0x000000ff, strokeWidth=1.0]
23:26:14.106 [FXGL Background Thread 1 ] DEBUG InitAppTask          - Initialization Complete
23:26:14.107 [JavaFX Application Thread] DEBUG FXGLInput            - Clearing active input actions
23:26:14.107 [JavaFX Application Thread] DEBUG FXGLMasterTimer      - Starting master timer
23:26:14.107 [JavaFX Application Thread] DEBUG GameApplication      - State: LOADING -> PLAYING
23:26:14.113 [JavaFX Application Thread] DEBUG FXGLEventBus         - Firing event: FXGLEvent[type=RESUME]
23:26:14.119 [JavaFX Application Thread] DEBUG GameScene            - Entity added to scene
23:26:14.119 [JavaFX Application Thread] DEBUG GameScene            - Added MainViewComponent
23:26:14.119 [JavaFX Application Thread] DEBUG GameScene            - Creating render group for layer: TOP(2147483647)
23:26:14.119 [JavaFX Application Thread] DEBUG GameScene            - Entity added to scene
23:26:14.119 [JavaFX Application Thread] DEBUG GameScene            - Added MainViewComponent
23:26:14.119 [JavaFX Application Thread] DEBUG GameScene            - Entity added to scene
23:26:14.120 [JavaFX Application Thread] DEBUG GameScene            - Added MainViewComponent
23:26:14.120 [JavaFX Application Thread] DEBUG GameScene            - Entity added to scene
23:26:14.120 [JavaFX Application Thread] DEBUG GameScene            - Added MainViewComponent
23:26:14.120 [JavaFX Application Thread] DEBUG GameScene            - Entity added to scene
23:26:14.120 [JavaFX Application Thread] DEBUG GameScene            - Added MainViewComponent
23:26:14.120 [JavaFX Application Thread] DEBUG GameScene            - Entity added to scene
23:26:14.120 [JavaFX Application Thread] DEBUG GameScene            - Added MainViewComponent
23:26:14.120 [JavaFX Application Thread] DEBUG GameScene            - Entity added to scene
23:26:14.120 [JavaFX Application Thread] DEBUG GameScene            - Added MainViewComponent
23:26:14.120 [JavaFX Application Thread] DEBUG GameScene            - Entity added to scene
23:26:14.121 [JavaFX Application Thread] DEBUG GameScene            - Added MainViewComponent
23:26:14.121 [JavaFX Application Thread] DEBUG GameScene            - Entity added to scene
23:26:14.121 [JavaFX Application Thread] DEBUG GameScene            - Added MainViewComponent
23:26:14.121 [JavaFX Application Thread] DEBUG GameScene            - Entity added to scene
23:26:14.121 [JavaFX Application Thread] DEBUG GameScene            - Added MainViewComponent
23:26:14.121 [JavaFX Application Thread] DEBUG GameScene            - Entity added to scene
23:26:14.121 [JavaFX Application Thread] DEBUG GameScene            - Added MainViewComponent
23:26:14.121 [JavaFX Application Thread] DEBUG GameScene            - Entity added to scene
23:26:14.121 [JavaFX Application Thread] DEBUG GameScene            - Added MainViewComponent
23:26:14.122 [JavaFX Application Thread] DEBUG GameScene            - Entity added to scene
23:26:14.122 [JavaFX Application Thread] DEBUG GameScene            - Added MainViewComponent
23:26:14.122 [JavaFX Application Thread] DEBUG GameScene            - Entity added to scene
23:26:14.122 [JavaFX Application Thread] DEBUG GameScene            - Added MainViewComponent
23:26:14.122 [JavaFX Application Thread] DEBUG GameScene            - Entity added to scene
23:26:14.122 [JavaFX Application Thread] DEBUG GameScene            - Added MainViewComponent
23:26:14.122 [JavaFX Application Thread] DEBUG GameScene            - Entity added to scene
23:26:14.122 [JavaFX Application Thread] DEBUG GameScene            - Added MainViewComponent
23:26:14.122 [JavaFX Application Thread] DEBUG GameScene            - Entity added to scene
23:26:14.122 [JavaFX Application Thread] DEBUG GameScene            - Added MainViewComponent
23:26:14.123 [JavaFX Application Thread] DEBUG GameScene            - Entity added to scene
23:26:14.123 [JavaFX Application Thread] DEBUG GameScene            - Added MainViewComponent
23:26:14.123 [JavaFX Application Thread] DEBUG GameScene            - Entity added to scene
23:26:14.123 [JavaFX Application Thread] DEBUG GameScene            - Added MainViewComponent
23:26:14.123 [JavaFX Application Thread] DEBUG GameScene            - Entity added to scene
23:26:14.123 [JavaFX Application Thread] DEBUG GameScene            - Added MainViewComponent
23:26:14.123 [JavaFX Application Thread] DEBUG GameScene            - Entity added to scene
23:26:14.123 [JavaFX Application Thread] DEBUG GameScene            - Added MainViewComponent
23:26:14.123 [JavaFX Application Thread] DEBUG GameScene            - Creating render group for layer: BACKGROUND2(1001)
23:26:14.124 [JavaFX Application Thread] DEBUG GameScene            - Entity added to scene
23:26:14.124 [JavaFX Application Thread] DEBUG GameScene            - Added MainViewComponent
23:26:14.124 [JavaFX Application Thread] DEBUG GameScene            - Entity added to scene
23:26:14.124 [JavaFX Application Thread] DEBUG GameScene            - Added MainViewComponent
23:26:14.124 [JavaFX Application Thread] DEBUG GameScene            - Entity added to scene
23:26:14.124 [JavaFX Application Thread] DEBUG GameScene            - Added MainViewComponent
23:26:14.124 [JavaFX Application Thread] DEBUG GameScene            - Entity added to scene
23:26:14.124 [JavaFX Application Thread] DEBUG GameScene            - Added MainViewComponent
23:26:14.124 [JavaFX Application Thread] DEBUG GameScene            - Entity added to scene
23:26:14.124 [JavaFX Application Thread] DEBUG GameScene            - Added MainViewComponent
23:26:14.124 [JavaFX Application Thread] DEBUG GameScene            - Entity added to scene
23:26:14.125 [JavaFX Application Thread] DEBUG GameScene            - Added MainViewComponent
23:26:14.125 [JavaFX Application Thread] DEBUG GameScene            - Entity added to scene
23:26:14.125 [JavaFX Application Thread] DEBUG GameScene            - Added MainViewComponent
23:26:14.125 [JavaFX Application Thread] DEBUG GameScene            - Entity added to scene
23:26:14.125 [JavaFX Application Thread] DEBUG GameScene            - Added MainViewComponent
23:26:14.125 [JavaFX Application Thread] DEBUG GameScene            - Entity added to scene
23:26:14.125 [JavaFX Application Thread] DEBUG GameScene            - Added MainViewComponent
23:26:14.125 [JavaFX Application Thread] DEBUG GameScene            - Entity added to scene
23:26:14.125 [JavaFX Application Thread] DEBUG GameScene            - Added MainViewComponent
23:26:14.125 [JavaFX Application Thread] DEBUG GameScene            - Entity added to scene
23:26:14.125 [JavaFX Application Thread] DEBUG GameScene            - Added MainViewComponent
23:26:14.126 [JavaFX Application Thread] DEBUG GameScene            - Entity added to scene
23:26:14.126 [JavaFX Application Thread] DEBUG GameScene            - Added MainViewComponent
23:26:14.126 [JavaFX Application Thread] DEBUG GameScene            - Entity added to scene
23:26:14.126 [JavaFX Application Thread] DEBUG GameScene            - Added MainViewComponent
23:26:14.126 [JavaFX Application Thread] DEBUG GameScene            - Entity added to scene
23:26:14.126 [JavaFX Application Thread] DEBUG GameScene            - Added MainViewComponent
23:26:14.126 [JavaFX Application Thread] DEBUG GameScene            - Entity added to scene
23:26:14.126 [JavaFX Application Thread] DEBUG GameScene            - Added MainViewComponent
23:26:14.126 [JavaFX Application Thread] DEBUG GameScene            - Entity added to scene
23:26:14.126 [JavaFX Application Thread] DEBUG GameScene            - Added MainViewComponent
23:26:14.126 [JavaFX Application Thread] DEBUG GameScene            - Entity added to scene
23:26:14.126 [JavaFX Application Thread] DEBUG GameScene            - Added MainViewComponent
23:26:14.127 [JavaFX Application Thread] DEBUG GameScene            - Entity added to scene
23:26:14.127 [JavaFX Application Thread] DEBUG GameScene            - Added MainViewComponent
23:26:14.127 [JavaFX Application Thread] DEBUG GameScene            - Entity added to scene
23:26:14.127 [JavaFX Application Thread] DEBUG GameScene            - Added MainViewComponent
23:26:14.127 [JavaFX Application Thread] DEBUG GameScene            - Entity added to scene
23:26:14.127 [JavaFX Application Thread] DEBUG GameScene            - Added MainViewComponent
23:26:14.127 [JavaFX Application Thread] DEBUG GameScene            - Entity added to scene
23:26:14.127 [JavaFX Application Thread] DEBUG GameScene            - Added MainViewComponent
23:26:14.127 [JavaFX Application Thread] DEBUG GameScene            - Entity added to scene
23:26:14.127 [JavaFX Application Thread] DEBUG GameScene            - Added MainViewComponent
23:26:14.128 [JavaFX Application Thread] DEBUG GameScene            - Entity added to scene
23:26:14.128 [JavaFX Application Thread] DEBUG GameScene            - Added MainViewComponent
23:26:14.128 [JavaFX Application Thread] DEBUG GameScene            - Entity added to scene
23:26:14.128 [JavaFX Application Thread] DEBUG GameScene            - Added MainViewComponent
23:26:14.128 [JavaFX Application Thread] DEBUG GameScene            - Entity added to scene
23:26:14.128 [JavaFX Application Thread] DEBUG GameScene            - Added MainViewComponent
23:26:14.128 [JavaFX Application Thread] DEBUG GameScene            - Entity added to scene
23:26:14.128 [JavaFX Application Thread] DEBUG GameScene            - Added MainViewComponent
23:26:14.128 [JavaFX Application Thread] DEBUG GameScene            - Entity added to scene
23:26:14.128 [JavaFX Application Thread] DEBUG GameScene            - Added MainViewComponent
23:26:14.128 [JavaFX Application Thread] DEBUG GameScene            - Entity added to scene
23:26:14.128 [JavaFX Application Thread] DEBUG GameScene            - Added MainViewComponent
23:26:14.129 [JavaFX Application Thread] DEBUG GameScene            - Entity added to scene
23:26:14.129 [JavaFX Application Thread] DEBUG GameScene            - Added MainViewComponent
23:26:14.129 [JavaFX Application Thread] DEBUG GameScene            - Entity added to scene
23:26:14.129 [JavaFX Application Thread] DEBUG GameScene            - Added MainViewComponent
23:26:14.129 [JavaFX Application Thread] DEBUG GameScene            - Entity added to scene
23:26:14.129 [JavaFX Application Thread] DEBUG GameScene            - Added MainViewComponent
23:26:14.129 [JavaFX Application Thread] DEBUG GameScene            - Entity added to scene
23:26:14.129 [JavaFX Application Thread] DEBUG GameScene            - Added MainViewComponent
23:26:14.129 [JavaFX Application Thread] DEBUG GameScene            - Entity added to scene
23:26:14.129 [JavaFX Application Thread] DEBUG GameScene            - Added MainViewComponent
23:26:14.129 [JavaFX Application Thread] DEBUG GameScene            - Entity added to scene
23:26:14.130 [JavaFX Application Thread] DEBUG GameScene            - Added MainViewComponent
23:26:14.130 [JavaFX Application Thread] DEBUG GameScene            - Entity added to scene
23:26:14.130 [JavaFX Application Thread] DEBUG GameScene            - Added MainViewComponent
23:26:14.130 [JavaFX Application Thread] DEBUG GameScene            - Entity added to scene
23:26:14.130 [JavaFX Application Thread] DEBUG GameScene            - Added MainViewComponent
23:26:14.130 [JavaFX Application Thread] DEBUG GameScene            - Entity added to scene
23:26:14.130 [JavaFX Application Thread] DEBUG GameScene            - Added MainViewComponent
23:26:14.130 [JavaFX Application Thread] DEBUG GameScene            - Entity added to scene
23:26:14.130 [JavaFX Application Thread] DEBUG GameScene            - Added MainViewComponent
23:26:14.130 [JavaFX Application Thread] DEBUG GameScene            - Entity added to scene
23:26:14.130 [JavaFX Application Thread] DEBUG GameScene            - Added MainViewComponent
23:26:14.130 [JavaFX Application Thread] DEBUG GameScene            - Entity added to scene
23:26:14.130 [JavaFX Application Thread] DEBUG GameScene            - Added MainViewComponent
23:26:14.131 [JavaFX Application Thread] DEBUG GameScene            - Entity added to scene
23:26:14.131 [JavaFX Application Thread] DEBUG GameScene            - Added MainViewComponent
23:26:14.131 [JavaFX Application Thread] DEBUG GameScene            - Entity added to scene
23:26:14.131 [JavaFX Application Thread] DEBUG GameScene            - Added MainViewComponent
23:26:14.131 [JavaFX Application Thread] DEBUG GameScene            - Entity added to scene
23:26:14.131 [JavaFX Application Thread] DEBUG GameScene            - Added MainViewComponent
23:26:14.131 [JavaFX Application Thread] DEBUG GameScene            - Entity added to scene
23:26:14.131 [JavaFX Application Thread] DEBUG GameScene            - Added MainViewComponent
23:26:14.131 [JavaFX Application Thread] DEBUG GameScene            - Entity added to scene
23:26:14.131 [JavaFX Application Thread] DEBUG GameScene            - Added MainViewComponent
23:26:14.131 [JavaFX Application Thread] DEBUG GameScene            - Entity added to scene
23:26:14.131 [JavaFX Application Thread] DEBUG GameScene            - Added MainViewComponent
23:26:14.132 [JavaFX Application Thread] DEBUG GameScene            - Entity added to scene
23:26:14.132 [JavaFX Application Thread] DEBUG GameScene            - Added MainViewComponent
23:26:14.132 [JavaFX Application Thread] DEBUG GameScene            - Entity added to scene
23:26:14.132 [JavaFX Application Thread] DEBUG GameScene            - Added MainViewComponent
23:26:14.132 [JavaFX Application Thread] DEBUG GameScene            - Entity added to scene
23:26:14.132 [JavaFX Application Thread] DEBUG GameScene            - Added MainViewComponent
23:26:14.132 [JavaFX Application Thread] DEBUG GameScene            - Entity added to scene
23:26:14.132 [JavaFX Application Thread] DEBUG GameScene            - Added MainViewComponent
23:26:14.132 [JavaFX Application Thread] DEBUG GameScene            - Entity added to scene
23:26:14.132 [JavaFX Application Thread] DEBUG GameScene            - Added MainViewComponent
23:26:14.132 [JavaFX Application Thread] DEBUG GameScene            - Entity added to scene
23:26:14.132 [JavaFX Application Thread] DEBUG GameScene            - Added MainViewComponent
23:26:14.133 [JavaFX Application Thread] DEBUG GameScene            - Entity added to scene
23:26:14.133 [JavaFX Application Thread] DEBUG GameScene            - Added MainViewComponent
23:26:14.133 [JavaFX Application Thread] DEBUG GameScene            - Entity added to scene
23:26:14.133 [JavaFX Application Thread] DEBUG GameScene            - Added MainViewComponent
23:26:14.133 [JavaFX Application Thread] DEBUG GameScene            - Entity added to scene
23:26:14.133 [JavaFX Application Thread] DEBUG GameScene            - Added MainViewComponent
23:26:14.133 [JavaFX Application Thread] DEBUG GameScene            - Entity added to scene
23:26:14.133 [JavaFX Application Thread] DEBUG GameScene            - Added MainViewComponent
23:26:14.133 [JavaFX Application Thread] DEBUG GameScene            - Entity added to scene
23:26:14.133 [JavaFX Application Thread] DEBUG GameScene            - Added MainViewComponent
23:26:14.133 [JavaFX Application Thread] DEBUG GameScene            - Entity added to scene
23:26:14.134 [JavaFX Application Thread] DEBUG GameScene            - Added MainViewComponent
23:26:14.134 [JavaFX Application Thread] DEBUG GameScene            - Entity added to scene
23:26:14.134 [JavaFX Application Thread] DEBUG GameScene            - Added MainViewComponent
23:26:14.134 [JavaFX Application Thread] DEBUG GameScene            - Entity added to scene
23:26:14.134 [JavaFX Application Thread] DEBUG GameScene            - Added MainViewComponent
23:26:14.134 [JavaFX Application Thread] DEBUG GameScene            - Entity added to scene
23:26:14.134 [JavaFX Application Thread] DEBUG GameScene            - Added MainViewComponent
23:26:14.134 [JavaFX Application Thread] DEBUG GameScene            - Entity added to scene
23:26:14.134 [JavaFX Application Thread] DEBUG GameScene            - Added MainViewComponent
23:26:14.135 [JavaFX Application Thread] DEBUG GameScene            - Entity added to scene
23:26:14.135 [JavaFX Application Thread] DEBUG GameScene            - Added MainViewComponent
23:26:14.135 [JavaFX Application Thread] DEBUG GameScene            - Entity added to scene
23:26:14.135 [JavaFX Application Thread] DEBUG GameScene            - Added MainViewComponent
23:26:14.135 [JavaFX Application Thread] DEBUG GameScene            - Entity added to scene
23:26:14.135 [JavaFX Application Thread] DEBUG GameScene            - Added MainViewComponent
23:26:14.135 [JavaFX Application Thread] DEBUG GameScene            - Entity added to scene
23:26:14.135 [JavaFX Application Thread] DEBUG GameScene            - Added MainViewComponent
23:26:14.135 [JavaFX Application Thread] DEBUG GameScene            - Entity added to scene
23:26:14.135 [JavaFX Application Thread] DEBUG GameScene            - Added MainViewComponent
23:26:14.136 [JavaFX Application Thread] DEBUG GameScene            - Entity added to scene
23:26:14.136 [JavaFX Application Thread] DEBUG GameScene            - Added MainViewComponent
23:26:14.136 [JavaFX Application Thread] DEBUG GameScene            - Entity added to scene
23:26:14.136 [JavaFX Application Thread] DEBUG GameScene            - Added MainViewComponent
23:26:14.136 [JavaFX Application Thread] DEBUG GameScene            - Entity added to scene
23:26:14.136 [JavaFX Application Thread] DEBUG GameScene            - Added MainViewComponent
23:26:14.136 [JavaFX Application Thread] DEBUG GameScene            - Entity added to scene
23:26:14.136 [JavaFX Application Thread] DEBUG GameScene            - Added MainViewComponent
23:26:14.136 [JavaFX Application Thread] DEBUG GameScene            - Entity added to scene
23:26:14.136 [JavaFX Application Thread] DEBUG GameScene            - Added MainViewComponent
23:26:14.136 [JavaFX Application Thread] DEBUG GameScene            - Entity added to scene
23:26:14.136 [JavaFX Application Thread] DEBUG GameScene            - Added MainViewComponent
23:26:14.137 [JavaFX Application Thread] DEBUG GameScene            - Entity added to scene
23:26:14.137 [JavaFX Application Thread] DEBUG GameScene            - Added MainViewComponent
23:26:14.137 [JavaFX Application Thread] DEBUG GameScene            - Entity added to scene
23:26:14.137 [JavaFX Application Thread] DEBUG GameScene            - Added MainViewComponent
23:26:14.137 [JavaFX Application Thread] DEBUG GameScene            - Entity added to scene
23:26:14.137 [JavaFX Application Thread] DEBUG GameScene            - Added MainViewComponent
23:26:14.137 [JavaFX Application Thread] DEBUG GameScene            - Entity added to scene
23:26:14.137 [JavaFX Application Thread] DEBUG GameScene            - Added MainViewComponent
23:26:14.138 [JavaFX Application Thread] DEBUG GameScene            - Entity added to scene
23:26:14.138 [JavaFX Application Thread] DEBUG GameScene            - Added MainViewComponent
23:26:14.138 [JavaFX Application Thread] DEBUG GameScene            - Entity added to scene
23:26:14.138 [JavaFX Application Thread] DEBUG GameScene            - Added MainViewComponent
23:26:14.138 [JavaFX Application Thread] DEBUG GameScene            - Entity added to scene
23:26:14.138 [JavaFX Application Thread] DEBUG GameScene            - Added MainViewComponent
23:26:14.138 [JavaFX Application Thread] DEBUG GameScene            - Entity added to scene
23:26:14.138 [JavaFX Application Thread] DEBUG GameScene            - Added MainViewComponent
23:26:14.138 [JavaFX Application Thread] DEBUG GameScene            - Entity added to scene
23:26:14.138 [JavaFX Application Thread] DEBUG GameScene            - Added MainViewComponent
23:26:14.138 [JavaFX Application Thread] DEBUG GameScene            - Entity added to scene
23:26:14.138 [JavaFX Application Thread] DEBUG GameScene            - Added MainViewComponent
23:26:14.138 [JavaFX Application Thread] DEBUG GameScene            - Entity added to scene
23:26:14.138 [JavaFX Application Thread] DEBUG GameScene            - Added MainViewComponent
23:26:14.139 [JavaFX Application Thread] DEBUG GameScene            - Entity added to scene
23:26:14.139 [JavaFX Application Thread] DEBUG GameScene            - Added MainViewComponent
23:26:14.139 [JavaFX Application Thread] DEBUG GameScene            - Entity added to scene
23:26:14.139 [JavaFX Application Thread] DEBUG GameScene            - Added MainViewComponent
23:26:14.139 [JavaFX Application Thread] DEBUG GameScene            - Entity added to scene
23:26:14.139 [JavaFX Application Thread] DEBUG GameScene            - Added MainViewComponent
23:26:14.139 [JavaFX Application Thread] DEBUG GameScene            - Entity added to scene
23:26:14.139 [JavaFX Application Thread] DEBUG GameScene            - Added MainViewComponent
23:26:14.139 [JavaFX Application Thread] DEBUG GameScene            - Entity added to scene
23:26:14.139 [JavaFX Application Thread] DEBUG GameScene            - Added MainViewComponent
23:26:14.139 [JavaFX Application Thread] DEBUG GameScene            - Entity added to scene
23:26:14.139 [JavaFX Application Thread] DEBUG GameScene            - Added MainViewComponent
23:26:14.139 [JavaFX Application Thread] DEBUG GameScene            - Entity added to scene
23:26:14.139 [JavaFX Application Thread] DEBUG GameScene            - Added MainViewComponent
23:26:14.139 [JavaFX Application Thread] DEBUG GameScene            - Entity added to scene
23:26:14.140 [JavaFX Application Thread] DEBUG GameScene            - Added MainViewComponent
23:26:14.140 [JavaFX Application Thread] DEBUG GameScene            - Entity added to scene
23:26:14.140 [JavaFX Application Thread] DEBUG GameScene            - Added MainViewComponent
23:26:14.140 [JavaFX Application Thread] DEBUG GameScene            - Entity added to scene
23:26:14.140 [JavaFX Application Thread] DEBUG GameScene            - Added MainViewComponent
23:26:14.140 [JavaFX Application Thread] DEBUG GameScene            - Entity added to scene
23:26:14.140 [JavaFX Application Thread] DEBUG GameScene            - Added MainViewComponent
23:26:14.140 [JavaFX Application Thread] DEBUG GameScene            - Entity added to scene
23:26:14.140 [JavaFX Application Thread] DEBUG GameScene            - Added MainViewComponent
23:26:14.140 [JavaFX Application Thread] DEBUG GameScene            - Entity added to scene
23:26:14.140 [JavaFX Application Thread] DEBUG GameScene            - Added MainViewComponent
23:26:14.140 [JavaFX Application Thread] DEBUG GameScene            - Entity added to scene
23:26:14.140 [JavaFX Application Thread] DEBUG GameScene            - Added MainViewComponent
23:26:14.140 [JavaFX Application Thread] DEBUG GameScene            - Entity added to scene
23:26:14.140 [JavaFX Application Thread] DEBUG GameScene            - Added MainViewComponent
23:26:14.140 [JavaFX Application Thread] DEBUG GameScene            - Entity added to scene
23:26:14.140 [JavaFX Application Thread] DEBUG GameScene            - Added MainViewComponent
23:26:14.141 [JavaFX Application Thread] DEBUG GameScene            - Entity added to scene
23:26:14.141 [JavaFX Application Thread] DEBUG GameScene            - Added MainViewComponent
23:26:14.141 [JavaFX Application Thread] DEBUG GameScene            - Entity added to scene
23:26:14.141 [JavaFX Application Thread] DEBUG GameScene            - Added MainViewComponent
23:26:14.141 [JavaFX Application Thread] DEBUG GameScene            - Entity added to scene
23:26:14.141 [JavaFX Application Thread] DEBUG GameScene            - Added MainViewComponent
23:26:14.141 [JavaFX Application Thread] DEBUG GameScene            - Entity added to scene
23:26:14.141 [JavaFX Application Thread] DEBUG GameScene            - Added MainViewComponent
23:26:14.141 [JavaFX Application Thread] DEBUG GameScene            - Entity added to scene
23:26:14.141 [JavaFX Application Thread] DEBUG GameScene            - Added MainViewComponent
23:26:14.142 [JavaFX Application Thread] DEBUG GameScene            - Entity added to scene
23:26:14.142 [JavaFX Application Thread] DEBUG GameScene            - Added MainViewComponent
23:26:14.142 [JavaFX Application Thread] DEBUG GameScene            - Entity added to scene
23:26:14.142 [JavaFX Application Thread] DEBUG GameScene            - Added MainViewComponent
23:26:14.142 [JavaFX Application Thread] DEBUG GameScene            - Entity added to scene
23:26:14.142 [JavaFX Application Thread] DEBUG GameScene            - Added MainViewComponent
23:26:14.142 [JavaFX Application Thread] DEBUG GameScene            - Entity added to scene
23:26:14.142 [JavaFX Application Thread] DEBUG GameScene            - Added MainViewComponent
23:26:14.142 [JavaFX Application Thread] DEBUG GameScene            - Entity added to scene
23:26:14.143 [JavaFX Application Thread] DEBUG GameScene            - Added MainViewComponent
23:26:14.143 [JavaFX Application Thread] DEBUG GameScene            - Entity added to scene
23:26:14.143 [JavaFX Application Thread] DEBUG GameScene            - Added MainViewComponent
23:26:14.143 [JavaFX Application Thread] DEBUG GameScene            - Entity added to scene
23:26:14.143 [JavaFX Application Thread] DEBUG GameScene            - Added MainViewComponent
23:26:14.143 [JavaFX Application Thread] DEBUG GameScene            - Entity added to scene
23:26:14.143 [JavaFX Application Thread] DEBUG GameScene            - Added MainViewComponent
23:26:14.143 [JavaFX Application Thread] DEBUG GameScene            - Entity added to scene
23:26:14.143 [JavaFX Application Thread] DEBUG GameScene            - Added MainViewComponent
23:26:14.143 [JavaFX Application Thread] DEBUG GameScene            - Entity added to scene
23:26:14.143 [JavaFX Application Thread] DEBUG GameScene            - Added MainViewComponent
23:26:14.143 [JavaFX Application Thread] DEBUG GameScene            - Entity added to scene
23:26:14.143 [JavaFX Application Thread] DEBUG GameScene            - Added MainViewComponent
23:26:14.143 [JavaFX Application Thread] DEBUG GameScene            - Entity added to scene
23:26:14.143 [JavaFX Application Thread] DEBUG GameScene            - Added MainViewComponent
23:26:14.144 [JavaFX Application Thread] DEBUG GameScene            - Entity added to scene
23:26:14.144 [JavaFX Application Thread] DEBUG GameScene            - Added MainViewComponent
23:26:14.144 [JavaFX Application Thread] DEBUG GameScene            - Entity added to scene
23:26:14.144 [JavaFX Application Thread] DEBUG GameScene            - Added MainViewComponent
23:26:14.144 [JavaFX Application Thread] DEBUG GameScene            - Entity added to scene
23:26:14.144 [JavaFX Application Thread] DEBUG GameScene            - Added MainViewComponent
23:26:14.144 [JavaFX Application Thread] DEBUG GameScene            - Entity added to scene
23:26:14.144 [JavaFX Application Thread] DEBUG GameScene            - Added MainViewComponent
23:26:14.144 [JavaFX Application Thread] DEBUG GameScene            - Entity added to scene
23:26:14.144 [JavaFX Application Thread] DEBUG GameScene            - Added MainViewComponent
23:26:14.144 [JavaFX Application Thread] DEBUG GameScene            - Entity added to scene
23:26:14.144 [JavaFX Application Thread] DEBUG GameScene            - Added MainViewComponent
23:26:14.144 [JavaFX Application Thread] DEBUG GameScene            - Entity added to scene
23:26:14.145 [JavaFX Application Thread] DEBUG GameScene            - Added MainViewComponent
23:26:14.145 [JavaFX Application Thread] DEBUG GameScene            - Entity added to scene
23:26:14.145 [JavaFX Application Thread] DEBUG GameScene            - Added MainViewComponent
23:26:14.145 [JavaFX Application Thread] DEBUG GameScene            - Entity added to scene
23:26:14.145 [JavaFX Application Thread] DEBUG GameScene            - Added MainViewComponent
23:26:14.145 [JavaFX Application Thread] DEBUG GameScene            - Entity added to scene
23:26:14.145 [JavaFX Application Thread] DEBUG GameScene            - Added MainViewComponent
23:26:14.145 [JavaFX Application Thread] DEBUG GameScene            - Entity added to scene
23:26:14.145 [JavaFX Application Thread] DEBUG GameScene            - Added MainViewComponent
23:26:14.145 [JavaFX Application Thread] DEBUG GameScene            - Entity added to scene
23:26:14.145 [JavaFX Application Thread] DEBUG GameScene            - Added MainViewComponent
23:26:14.145 [JavaFX Application Thread] DEBUG GameScene            - Entity added to scene
23:26:14.145 [JavaFX Application Thread] DEBUG GameScene            - Added MainViewComponent
23:26:14.145 [JavaFX Application Thread] DEBUG GameScene            - Entity added to scene
23:26:14.145 [JavaFX Application Thread] DEBUG GameScene            - Added MainViewComponent
23:26:14.146 [JavaFX Application Thread] DEBUG GameScene            - Entity added to scene
23:26:14.146 [JavaFX Application Thread] DEBUG GameScene            - Added MainViewComponent
23:26:14.146 [JavaFX Application Thread] DEBUG GameScene            - Entity added to scene
23:26:14.146 [JavaFX Application Thread] DEBUG GameScene            - Added MainViewComponent
23:26:14.146 [JavaFX Application Thread] DEBUG GameScene            - Entity added to scene
23:26:14.146 [JavaFX Application Thread] DEBUG GameScene            - Added MainViewComponent
23:26:14.146 [JavaFX Application Thread] DEBUG GameScene            - Entity added to scene
23:26:14.146 [JavaFX Application Thread] DEBUG GameScene            - Added MainViewComponent
23:26:14.146 [JavaFX Application Thread] DEBUG GameScene            - Entity added to scene
23:26:14.147 [JavaFX Application Thread] DEBUG GameScene            - Added MainViewComponent
23:26:14.147 [JavaFX Application Thread] DEBUG GameScene            - Entity added to scene
23:26:14.147 [JavaFX Application Thread] DEBUG GameScene            - Added MainViewComponent
23:26:14.147 [JavaFX Application Thread] DEBUG GameScene            - Entity added to scene
23:26:14.147 [JavaFX Application Thread] DEBUG GameScene            - Added MainViewComponent
23:26:14.147 [JavaFX Application Thread] DEBUG GameScene            - Entity added to scene
23:26:14.147 [JavaFX Application Thread] DEBUG GameScene            - Added MainViewComponent
23:26:14.147 [JavaFX Application Thread] DEBUG GameScene            - Entity added to scene
23:26:14.147 [JavaFX Application Thread] DEBUG GameScene            - Added MainViewComponent
23:26:14.147 [JavaFX Application Thread] DEBUG GameScene            - Entity added to scene
23:26:14.147 [JavaFX Application Thread] DEBUG GameScene            - Added MainViewComponent
23:26:14.147 [JavaFX Application Thread] DEBUG GameScene            - Entity added to scene
23:26:14.147 [JavaFX Application Thread] DEBUG GameScene            - Added MainViewComponent
23:26:14.147 [JavaFX Application Thread] DEBUG GameScene            - Entity added to scene
23:26:14.147 [JavaFX Application Thread] DEBUG GameScene            - Added MainViewComponent
23:26:14.148 [JavaFX Application Thread] DEBUG GameScene            - Entity added to scene
23:26:14.148 [JavaFX Application Thread] DEBUG GameScene            - Added MainViewComponent
23:26:14.148 [JavaFX Application Thread] DEBUG GameScene            - Entity added to scene
23:26:14.148 [JavaFX Application Thread] DEBUG GameScene            - Added MainViewComponent
23:26:14.148 [JavaFX Application Thread] DEBUG GameScene            - Entity added to scene
23:26:14.148 [JavaFX Application Thread] DEBUG GameScene            - Added MainViewComponent
23:26:14.148 [JavaFX Application Thread] DEBUG GameScene            - Entity added to scene
23:26:14.148 [JavaFX Application Thread] DEBUG GameScene            - Added MainViewComponent
23:26:14.148 [JavaFX Application Thread] DEBUG GameScene            - Entity added to scene
23:26:14.148 [JavaFX Application Thread] DEBUG GameScene            - Added MainViewComponent
23:26:14.148 [JavaFX Application Thread] DEBUG GameScene            - Entity added to scene
23:26:14.148 [JavaFX Application Thread] DEBUG GameScene            - Added MainViewComponent
23:26:14.148 [JavaFX Application Thread] DEBUG GameScene            - Entity added to scene
23:26:14.148 [JavaFX Application Thread] DEBUG GameScene            - Added MainViewComponent
23:26:14.149 [JavaFX Application Thread] DEBUG GameScene            - Entity added to scene
23:26:14.149 [JavaFX Application Thread] DEBUG GameScene            - Added MainViewComponent
23:26:14.149 [JavaFX Application Thread] DEBUG GameScene            - Entity added to scene
23:26:14.149 [JavaFX Application Thread] DEBUG GameScene            - Added MainViewComponent
23:26:14.149 [JavaFX Application Thread] DEBUG GameScene            - Entity added to scene
23:26:14.149 [JavaFX Application Thread] DEBUG GameScene            - Added MainViewComponent
23:26:14.149 [JavaFX Application Thread] DEBUG GameScene            - Entity added to scene
23:26:14.149 [JavaFX Application Thread] DEBUG GameScene            - Added MainViewComponent
23:26:14.149 [JavaFX Application Thread] DEBUG GameScene            - Entity added to scene
23:26:14.149 [JavaFX Application Thread] DEBUG GameScene            - Added MainViewComponent
23:26:14.149 [JavaFX Application Thread] DEBUG GameScene            - Entity added to scene
23:26:14.149 [JavaFX Application Thread] DEBUG GameScene            - Added MainViewComponent
23:26:14.149 [JavaFX Application Thread] DEBUG GameScene            - Entity added to scene
23:26:14.149 [JavaFX Application Thread] DEBUG GameScene            - Added MainViewComponent
23:26:14.149 [JavaFX Application Thread] DEBUG GameScene            - Entity added to scene
23:26:14.149 [JavaFX Application Thread] DEBUG GameScene            - Added MainViewComponent
23:26:14.149 [JavaFX Application Thread] DEBUG GameScene            - Entity added to scene
23:26:14.149 [JavaFX Application Thread] DEBUG GameScene            - Added MainViewComponent
23:26:14.150 [JavaFX Application Thread] DEBUG GameScene            - Entity added to scene
23:26:14.150 [JavaFX Application Thread] DEBUG GameScene            - Added MainViewComponent
23:26:14.150 [JavaFX Application Thread] DEBUG GameScene            - Entity added to scene
23:26:14.150 [JavaFX Application Thread] DEBUG GameScene            - Added MainViewComponent
23:26:14.150 [JavaFX Application Thread] DEBUG GameScene            - Entity added to scene
23:26:14.150 [JavaFX Application Thread] DEBUG GameScene            - Added MainViewComponent
23:26:14.150 [JavaFX Application Thread] DEBUG GameScene            - Entity added to scene
23:26:14.150 [JavaFX Application Thread] DEBUG GameScene            - Added MainViewComponent
23:26:14.150 [JavaFX Application Thread] DEBUG GameScene            - Entity added to scene
23:26:14.150 [JavaFX Application Thread] DEBUG GameScene            - Added MainViewComponent
23:26:14.150 [JavaFX Application Thread] DEBUG GameScene            - Entity added to scene
23:26:14.150 [JavaFX Application Thread] DEBUG GameScene            - Added MainViewComponent
23:26:14.150 [JavaFX Application Thread] DEBUG GameScene            - Entity added to scene
23:26:14.150 [JavaFX Application Thread] DEBUG GameScene            - Added MainViewComponent
23:26:14.150 [JavaFX Application Thread] DEBUG GameScene            - Entity added to scene
23:26:14.150 [JavaFX Application Thread] DEBUG GameScene            - Added MainViewComponent
23:26:14.150 [JavaFX Application Thread] DEBUG GameScene            - Entity added to scene
23:26:14.150 [JavaFX Application Thread] DEBUG GameScene            - Added MainViewComponent
23:26:14.151 [JavaFX Application Thread] DEBUG GameScene            - Entity added to scene
23:26:14.151 [JavaFX Application Thread] DEBUG GameScene            - Added MainViewComponent
23:26:14.151 [JavaFX Application Thread] DEBUG GameScene            - Entity added to scene
23:26:14.151 [JavaFX Application Thread] DEBUG GameScene            - Added MainViewComponent
23:26:14.151 [JavaFX Application Thread] DEBUG GameScene            - Entity added to scene
23:26:14.151 [JavaFX Application Thread] DEBUG GameScene            - Added MainViewComponent
23:26:14.151 [JavaFX Application Thread] DEBUG GameScene            - Entity added to scene
23:26:14.151 [JavaFX Application Thread] DEBUG GameScene            - Added MainViewComponent
23:26:14.151 [JavaFX Application Thread] DEBUG GameScene            - Entity added to scene
23:26:14.151 [JavaFX Application Thread] DEBUG GameScene            - Added MainViewComponent
23:26:14.151 [JavaFX Application Thread] DEBUG GameScene            - Entity added to scene
23:26:14.151 [JavaFX Application Thread] DEBUG GameScene            - Added MainViewComponent
23:26:14.151 [JavaFX Application Thread] DEBUG GameScene            - Entity added to scene
23:26:14.151 [JavaFX Application Thread] DEBUG GameScene            - Added MainViewComponent
23:26:14.151 [JavaFX Application Thread] DEBUG GameScene            - Entity added to scene
23:26:14.151 [JavaFX Application Thread] DEBUG GameScene            - Added MainViewComponent
23:26:14.152 [JavaFX Application Thread] DEBUG GameScene            - Entity added to scene
23:26:14.152 [JavaFX Application Thread] DEBUG GameScene            - Added MainViewComponent
23:26:14.152 [JavaFX Application Thread] DEBUG GameScene            - Entity added to scene
23:26:14.152 [JavaFX Application Thread] DEBUG GameScene            - Added MainViewComponent
23:26:14.152 [JavaFX Application Thread] DEBUG GameScene            - Entity added to scene
23:26:14.152 [JavaFX Application Thread] DEBUG GameScene            - Added MainViewComponent
23:26:14.152 [JavaFX Application Thread] DEBUG GameScene            - Entity added to scene
23:26:14.152 [JavaFX Application Thread] DEBUG GameScene            - Added MainViewComponent
23:26:14.152 [JavaFX Application Thread] DEBUG GameScene            - Entity added to scene
23:26:14.152 [JavaFX Application Thread] DEBUG GameScene            - Added MainViewComponent
23:26:14.152 [JavaFX Application Thread] DEBUG GameScene            - Entity added to scene
23:26:14.152 [JavaFX Application Thread] DEBUG GameScene            - Added MainViewComponent
23:26:14.153 [JavaFX Application Thread] DEBUG GameScene            - Entity added to scene
23:26:14.153 [JavaFX Application Thread] DEBUG GameScene            - Added MainViewComponent
23:26:14.153 [JavaFX Application Thread] DEBUG GameScene            - Entity added to scene
23:26:14.153 [JavaFX Application Thread] DEBUG GameScene            - Added MainViewComponent
23:26:14.153 [JavaFX Application Thread] DEBUG GameScene            - Entity added to scene
23:26:14.153 [JavaFX Application Thread] DEBUG GameScene            - Added MainViewComponent
23:26:14.153 [JavaFX Application Thread] DEBUG GameScene            - Entity added to scene
23:26:14.153 [JavaFX Application Thread] DEBUG GameScene            - Added MainViewComponent
23:26:14.154 [JavaFX Application Thread] DEBUG GameScene            - Entity added to scene
23:26:14.154 [JavaFX Application Thread] DEBUG GameScene            - Added MainViewComponent
23:26:14.154 [JavaFX Application Thread] DEBUG GameScene            - Entity added to scene
23:26:14.154 [JavaFX Application Thread] DEBUG GameScene            - Added MainViewComponent
23:26:14.154 [JavaFX Application Thread] DEBUG GameScene            - Entity added to scene
23:26:14.154 [JavaFX Application Thread] DEBUG GameScene            - Added MainViewComponent
23:26:14.154 [JavaFX Application Thread] DEBUG GameScene            - Entity added to scene
23:26:14.154 [JavaFX Application Thread] DEBUG GameScene            - Added MainViewComponent
23:26:14.154 [JavaFX Application Thread] DEBUG GameScene            - Entity added to scene
23:26:14.154 [JavaFX Application Thread] DEBUG GameScene            - Added MainViewComponent
23:26:14.154 [JavaFX Application Thread] DEBUG GameScene            - Entity added to scene
23:26:14.154 [JavaFX Application Thread] DEBUG GameScene            - Added MainViewComponent
23:26:14.155 [JavaFX Application Thread] DEBUG GameScene            - Entity added to scene
23:26:14.155 [JavaFX Application Thread] DEBUG GameScene            - Added MainViewComponent
23:26:14.155 [JavaFX Application Thread] DEBUG GameScene            - Entity added to scene
23:26:14.155 [JavaFX Application Thread] DEBUG GameScene            - Added MainViewComponent
23:26:14.155 [JavaFX Application Thread] DEBUG GameScene            - Entity added to scene
23:26:14.155 [JavaFX Application Thread] DEBUG GameScene            - Added MainViewComponent
23:26:14.155 [JavaFX Application Thread] DEBUG GameScene            - Entity added to scene
23:26:14.155 [JavaFX Application Thread] DEBUG GameScene            - Added MainViewComponent
23:26:14.155 [JavaFX Application Thread] DEBUG GameScene            - Entity added to scene
23:26:14.155 [JavaFX Application Thread] DEBUG GameScene            - Added MainViewComponent
23:26:14.155 [JavaFX Application Thread] DEBUG GameScene            - Entity added to scene
23:26:14.155 [JavaFX Application Thread] DEBUG GameScene            - Added MainViewComponent
23:26:14.155 [JavaFX Application Thread] DEBUG GameScene            - Entity added to scene
23:26:14.155 [JavaFX Application Thread] DEBUG GameScene            - Added MainViewComponent
23:26:14.156 [JavaFX Application Thread] DEBUG GameScene            - Entity added to scene
23:26:14.156 [JavaFX Application Thread] DEBUG GameScene            - Added MainViewComponent
23:26:14.156 [JavaFX Application Thread] DEBUG GameScene            - Entity added to scene
23:26:14.156 [JavaFX Application Thread] DEBUG GameScene            - Added MainViewComponent
23:26:14.156 [JavaFX Application Thread] DEBUG GameScene            - Entity added to scene
23:26:14.156 [JavaFX Application Thread] DEBUG GameScene            - Added MainViewComponent
23:26:14.156 [JavaFX Application Thread] DEBUG GameScene            - Entity added to scene
23:26:14.156 [JavaFX Application Thread] DEBUG GameScene            - Added MainViewComponent
23:26:14.156 [JavaFX Application Thread] DEBUG GameScene            - Entity added to scene
23:26:14.156 [JavaFX Application Thread] DEBUG GameScene            - Added MainViewComponent
23:26:14.156 [JavaFX Application Thread] DEBUG GameScene            - Entity added to scene
23:26:14.156 [JavaFX Application Thread] DEBUG GameScene            - Added MainViewComponent
23:26:14.156 [JavaFX Application Thread] DEBUG GameScene            - Entity added to scene
23:26:14.156 [JavaFX Application Thread] DEBUG GameScene            - Added MainViewComponent
23:26:14.156 [JavaFX Application Thread] DEBUG GameScene            - Entity added to scene
23:26:14.156 [JavaFX Application Thread] DEBUG GameScene            - Added MainViewComponent
23:26:14.156 [JavaFX Application Thread] DEBUG GameScene            - Entity added to scene
23:26:14.156 [JavaFX Application Thread] DEBUG GameScene            - Added MainViewComponent
23:26:14.157 [JavaFX Application Thread] DEBUG GameScene            - Entity added to scene
23:26:14.157 [JavaFX Application Thread] DEBUG GameScene            - Added MainViewComponent
23:26:14.157 [JavaFX Application Thread] DEBUG GameScene            - Entity added to scene
23:26:14.157 [JavaFX Application Thread] DEBUG GameScene            - Added MainViewComponent
23:26:14.157 [JavaFX Application Thread] DEBUG GameScene            - Entity added to scene
23:26:14.157 [JavaFX Application Thread] DEBUG GameScene            - Added MainViewComponent
23:26:14.157 [JavaFX Application Thread] DEBUG GameScene            - Entity added to scene
23:26:14.157 [JavaFX Application Thread] DEBUG GameScene            - Added MainViewComponent
23:26:14.157 [JavaFX Application Thread] DEBUG GameScene            - Entity added to scene
23:26:14.157 [JavaFX Application Thread] DEBUG GameScene            - Added MainViewComponent
23:26:14.157 [JavaFX Application Thread] DEBUG GameScene            - Entity added to scene
23:26:14.157 [JavaFX Application Thread] DEBUG GameScene            - Added MainViewComponent
23:26:14.157 [JavaFX Application Thread] DEBUG GameScene            - Entity added to scene
23:26:14.157 [JavaFX Application Thread] DEBUG GameScene            - Added MainViewComponent
23:26:14.157 [JavaFX Application Thread] DEBUG GameScene            - Entity added to scene
23:26:14.157 [JavaFX Application Thread] DEBUG GameScene            - Added MainViewComponent
23:26:14.157 [JavaFX Application Thread] DEBUG GameScene            - Entity added to scene
23:26:14.157 [JavaFX Application Thread] DEBUG GameScene            - Added MainViewComponent
23:26:14.158 [JavaFX Application Thread] DEBUG GameScene            - Entity added to scene
23:26:14.158 [JavaFX Application Thread] DEBUG GameScene            - Added MainViewComponent
23:26:14.158 [JavaFX Application Thread] DEBUG GameScene            - Entity added to scene
23:26:14.158 [JavaFX Application Thread] DEBUG GameScene            - Added MainViewComponent
23:26:14.158 [JavaFX Application Thread] DEBUG GameScene            - Entity added to scene
23:26:14.158 [JavaFX Application Thread] DEBUG GameScene            - Added MainViewComponent
23:26:14.158 [JavaFX Application Thread] DEBUG GameScene            - Entity added to scene
23:26:14.158 [JavaFX Application Thread] DEBUG GameScene            - Added MainViewComponent
23:26:14.158 [JavaFX Application Thread] DEBUG GameScene            - Entity added to scene
23:26:14.158 [JavaFX Application Thread] DEBUG GameScene            - Added MainViewComponent
23:26:14.158 [JavaFX Application Thread] DEBUG GameScene            - Entity added to scene
23:26:14.158 [JavaFX Application Thread] DEBUG GameScene            - Added MainViewComponent
23:26:14.158 [JavaFX Application Thread] DEBUG GameScene            - Entity added to scene
23:26:14.158 [JavaFX Application Thread] DEBUG GameScene            - Added MainViewComponent
23:26:14.158 [JavaFX Application Thread] DEBUG GameScene            - Entity added to scene
23:26:14.158 [JavaFX Application Thread] DEBUG GameScene            - Added MainViewComponent
23:26:14.158 [JavaFX Application Thread] DEBUG GameScene            - Entity added to scene
23:26:14.158 [JavaFX Application Thread] DEBUG GameScene            - Added MainViewComponent
23:26:14.159 [JavaFX Application Thread] DEBUG GameScene            - Entity added to scene
23:26:14.159 [JavaFX Application Thread] DEBUG GameScene            - Added MainViewComponent
23:26:14.159 [JavaFX Application Thread] DEBUG GameScene            - Entity added to scene
23:26:14.159 [JavaFX Application Thread] DEBUG GameScene            - Added MainViewComponent
23:26:14.159 [JavaFX Application Thread] DEBUG GameScene            - Entity added to scene
23:26:14.159 [JavaFX Application Thread] DEBUG GameScene            - Added MainViewComponent
23:26:14.159 [JavaFX Application Thread] DEBUG GameScene            - Entity added to scene
23:26:14.159 [JavaFX Application Thread] DEBUG GameScene            - Added MainViewComponent
23:26:14.159 [JavaFX Application Thread] DEBUG GameScene            - Entity added to scene
23:26:14.159 [JavaFX Application Thread] DEBUG GameScene            - Added MainViewComponent
23:26:14.159 [JavaFX Application Thread] DEBUG GameScene            - Entity added to scene
23:26:14.159 [JavaFX Application Thread] DEBUG GameScene            - Added MainViewComponent
23:26:14.159 [JavaFX Application Thread] DEBUG GameScene            - Entity added to scene
23:26:14.159 [JavaFX Application Thread] DEBUG GameScene            - Added MainViewComponent
23:26:14.159 [JavaFX Application Thread] DEBUG GameScene            - Entity added to scene
23:26:14.159 [JavaFX Application Thread] DEBUG GameScene            - Added MainViewComponent
23:26:14.159 [JavaFX Application Thread] DEBUG GameScene            - Entity added to scene
23:26:14.160 [JavaFX Application Thread] DEBUG GameScene            - Added MainViewComponent
23:26:14.160 [JavaFX Application Thread] DEBUG GameScene            - Entity added to scene
23:26:14.160 [JavaFX Application Thread] DEBUG GameScene            - Added MainViewComponent
23:26:14.160 [JavaFX Application Thread] DEBUG GameScene            - Entity added to scene
23:26:14.160 [JavaFX Application Thread] DEBUG GameScene            - Added MainViewComponent
23:26:14.160 [JavaFX Application Thread] DEBUG GameScene            - Entity added to scene
23:26:14.160 [JavaFX Application Thread] DEBUG GameScene            - Added MainViewComponent
23:26:14.160 [JavaFX Application Thread] DEBUG GameScene            - Entity added to scene
23:26:14.160 [JavaFX Application Thread] DEBUG GameScene            - Added MainViewComponent
23:26:14.160 [JavaFX Application Thread] DEBUG GameScene            - Entity added to scene
23:26:14.160 [JavaFX Application Thread] DEBUG GameScene            - Added MainViewComponent
23:26:14.160 [JavaFX Application Thread] DEBUG GameScene            - Entity added to scene
23:26:14.160 [JavaFX Application Thread] DEBUG GameScene            - Added MainViewComponent
23:26:14.160 [JavaFX Application Thread] DEBUG GameScene            - Entity added to scene
23:26:14.160 [JavaFX Application Thread] DEBUG GameScene            - Added MainViewComponent
23:26:14.160 [JavaFX Application Thread] DEBUG GameScene            - Entity added to scene
23:26:14.160 [JavaFX Application Thread] DEBUG GameScene            - Added MainViewComponent
23:26:14.160 [JavaFX Application Thread] DEBUG GameScene            - Entity added to scene
23:26:14.160 [JavaFX Application Thread] DEBUG GameScene            - Added MainViewComponent
23:26:14.161 [JavaFX Application Thread] DEBUG GameScene            - Entity added to scene
23:26:14.161 [JavaFX Application Thread] DEBUG GameScene            - Added MainViewComponent
23:26:14.161 [JavaFX Application Thread] DEBUG GameScene            - Entity added to scene
23:26:14.161 [JavaFX Application Thread] DEBUG GameScene            - Added MainViewComponent
23:26:14.161 [JavaFX Application Thread] DEBUG GameScene            - Entity added to scene
23:26:14.161 [JavaFX Application Thread] DEBUG GameScene            - Added MainViewComponent
23:26:14.161 [JavaFX Application Thread] DEBUG GameScene            - Entity added to scene
23:26:14.161 [JavaFX Application Thread] DEBUG GameScene            - Added MainViewComponent
23:26:14.161 [JavaFX Application Thread] DEBUG GameScene            - Entity added to scene
23:26:14.161 [JavaFX Application Thread] DEBUG GameScene            - Added MainViewComponent
23:26:14.161 [JavaFX Application Thread] DEBUG GameScene            - Entity added to scene
23:26:14.161 [JavaFX Application Thread] DEBUG GameScene            - Added MainViewComponent
23:26:14.161 [JavaFX Application Thread] DEBUG GameScene            - Entity added to scene
23:26:14.161 [JavaFX Application Thread] DEBUG GameScene            - Added MainViewComponent
23:26:14.161 [JavaFX Application Thread] DEBUG GameScene            - Entity added to scene
23:26:14.161 [JavaFX Application Thread] DEBUG GameScene            - Added MainViewComponent
23:26:14.161 [JavaFX Application Thread] DEBUG GameScene            - Entity added to scene
23:26:14.161 [JavaFX Application Thread] DEBUG GameScene            - Added MainViewComponent
23:26:14.162 [JavaFX Application Thread] DEBUG GameScene            - Entity added to scene
23:26:14.162 [JavaFX Application Thread] DEBUG GameScene            - Added MainViewComponent
23:26:14.162 [JavaFX Application Thread] DEBUG GameScene            - Entity added to scene
23:26:14.162 [JavaFX Application Thread] DEBUG GameScene            - Added MainViewComponent
23:26:14.162 [JavaFX Application Thread] DEBUG GameScene            - Entity added to scene
23:26:14.162 [JavaFX Application Thread] DEBUG GameScene            - Added MainViewComponent
23:26:14.162 [JavaFX Application Thread] DEBUG GameScene            - Entity added to scene
23:26:14.162 [JavaFX Application Thread] DEBUG GameScene            - Added MainViewComponent
23:26:14.162 [JavaFX Application Thread] DEBUG GameScene            - Entity added to scene
23:26:14.162 [JavaFX Application Thread] DEBUG GameScene            - Added MainViewComponent
23:26:14.162 [JavaFX Application Thread] DEBUG GameScene            - Entity added to scene
23:26:14.162 [JavaFX Application Thread] DEBUG GameScene            - Added MainViewComponent
23:26:14.162 [JavaFX Application Thread] DEBUG GameScene            - Entity added to scene
23:26:14.162 [JavaFX Application Thread] DEBUG GameScene            - Added MainViewComponent
23:26:14.162 [JavaFX Application Thread] DEBUG GameScene            - Entity added to scene
23:26:14.162 [JavaFX Application Thread] DEBUG GameScene            - Added MainViewComponent
23:26:14.162 [JavaFX Application Thread] DEBUG GameScene            - Entity added to scene
23:26:14.162 [JavaFX Application Thread] DEBUG GameScene            - Added MainViewComponent
23:26:14.163 [JavaFX Application Thread] DEBUG GameScene            - Entity added to scene
23:26:14.163 [JavaFX Application Thread] DEBUG GameScene            - Added MainViewComponent
23:26:14.163 [JavaFX Application Thread] DEBUG GameScene            - Entity added to scene
23:26:14.163 [JavaFX Application Thread] DEBUG GameScene            - Added MainViewComponent
23:26:14.163 [JavaFX Application Thread] DEBUG GameScene            - Entity added to scene
23:26:14.163 [JavaFX Application Thread] DEBUG GameScene            - Added MainViewComponent
23:26:14.163 [JavaFX Application Thread] DEBUG GameScene            - Entity added to scene
23:26:14.163 [JavaFX Application Thread] DEBUG GameScene            - Added MainViewComponent
23:26:14.163 [JavaFX Application Thread] DEBUG GameScene            - Entity added to scene
23:26:14.163 [JavaFX Application Thread] DEBUG GameScene            - Added MainViewComponent
23:26:14.163 [JavaFX Application Thread] DEBUG GameScene            - Entity added to scene
23:26:14.163 [JavaFX Application Thread] DEBUG GameScene            - Added MainViewComponent
23:26:14.163 [JavaFX Application Thread] DEBUG GameScene            - Entity added to scene
23:26:14.163 [JavaFX Application Thread] DEBUG GameScene            - Added MainViewComponent
23:26:14.163 [JavaFX Application Thread] DEBUG GameScene            - Entity added to scene
23:26:14.163 [JavaFX Application Thread] DEBUG GameScene            - Added MainViewComponent
23:26:14.163 [JavaFX Application Thread] DEBUG GameScene            - Entity added to scene
23:26:14.164 [JavaFX Application Thread] DEBUG GameScene            - Added MainViewComponent
23:26:14.164 [JavaFX Application Thread] DEBUG GameScene            - Entity added to scene
23:26:14.164 [JavaFX Application Thread] DEBUG GameScene            - Added MainViewComponent
23:26:14.164 [JavaFX Application Thread] DEBUG GameScene            - Entity added to scene
23:26:14.164 [JavaFX Application Thread] DEBUG GameScene            - Added MainViewComponent
23:26:14.164 [JavaFX Application Thread] DEBUG GameScene            - Entity added to scene
23:26:14.164 [JavaFX Application Thread] DEBUG GameScene            - Added MainViewComponent
23:26:14.164 [JavaFX Application Thread] DEBUG GameScene            - Entity added to scene
23:26:14.164 [JavaFX Application Thread] DEBUG GameScene            - Added MainViewComponent
23:26:14.164 [JavaFX Application Thread] DEBUG GameScene            - Entity added to scene
23:26:14.164 [JavaFX Application Thread] DEBUG GameScene            - Added MainViewComponent
23:26:14.164 [JavaFX Application Thread] DEBUG GameScene            - Entity added to scene
23:26:14.164 [JavaFX Application Thread] DEBUG GameScene            - Added MainViewComponent
23:26:14.164 [JavaFX Application Thread] DEBUG GameScene            - Entity added to scene
23:26:14.164 [JavaFX Application Thread] DEBUG GameScene            - Added MainViewComponent
23:26:14.164 [JavaFX Application Thread] DEBUG GameScene            - Entity added to scene
23:26:14.164 [JavaFX Application Thread] DEBUG GameScene            - Added MainViewComponent
23:26:14.164 [JavaFX Application Thread] DEBUG GameScene            - Entity added to scene
23:26:14.164 [JavaFX Application Thread] DEBUG GameScene            - Added MainViewComponent
23:26:14.164 [JavaFX Application Thread] DEBUG GameScene            - Entity added to scene
23:26:14.165 [JavaFX Application Thread] DEBUG GameScene            - Added MainViewComponent
23:26:14.165 [JavaFX Application Thread] DEBUG GameScene            - Entity added to scene
23:26:14.165 [JavaFX Application Thread] DEBUG GameScene            - Added MainViewComponent
23:26:14.165 [JavaFX Application Thread] DEBUG GameScene            - Entity added to scene
23:26:14.165 [JavaFX Application Thread] DEBUG GameScene            - Added MainViewComponent
23:26:14.165 [JavaFX Application Thread] DEBUG GameScene            - Entity added to scene
23:26:14.165 [JavaFX Application Thread] DEBUG GameScene            - Added MainViewComponent
23:26:14.165 [JavaFX Application Thread] DEBUG GameScene            - Entity added to scene
23:26:14.165 [JavaFX Application Thread] DEBUG GameScene            - Added MainViewComponent
23:26:14.165 [JavaFX Application Thread] DEBUG GameScene            - Entity added to scene
23:26:14.165 [JavaFX Application Thread] DEBUG GameScene            - Added MainViewComponent
23:26:14.165 [JavaFX Application Thread] DEBUG GameScene            - Entity added to scene
23:26:14.165 [JavaFX Application Thread] DEBUG GameScene            - Added MainViewComponent
23:26:14.165 [JavaFX Application Thread] DEBUG GameScene            - Entity added to scene
23:26:14.165 [JavaFX Application Thread] DEBUG GameScene            - Added MainViewComponent
23:26:14.165 [JavaFX Application Thread] DEBUG GameScene            - Entity added to scene
23:26:14.165 [JavaFX Application Thread] DEBUG GameScene            - Added MainViewComponent
23:26:14.165 [JavaFX Application Thread] DEBUG GameScene            - Entity added to scene
23:26:14.165 [JavaFX Application Thread] DEBUG GameScene            - Added MainViewComponent
23:26:14.165 [JavaFX Application Thread] DEBUG GameScene            - Entity added to scene
23:26:14.165 [JavaFX Application Thread] DEBUG GameScene            - Added MainViewComponent
23:26:14.166 [JavaFX Application Thread] DEBUG GameScene            - Entity added to scene
23:26:14.166 [JavaFX Application Thread] DEBUG GameScene            - Added MainViewComponent
23:26:14.166 [JavaFX Application Thread] DEBUG GameScene            - Entity added to scene
23:26:14.166 [JavaFX Application Thread] DEBUG GameScene            - Added MainViewComponent
23:26:14.166 [JavaFX Application Thread] DEBUG GameScene            - Entity added to scene
23:26:14.166 [JavaFX Application Thread] DEBUG GameScene            - Added MainViewComponent
23:26:14.166 [JavaFX Application Thread] DEBUG GameScene            - Entity added to scene
23:26:14.166 [JavaFX Application Thread] DEBUG GameScene            - Added MainViewComponent
23:26:14.166 [JavaFX Application Thread] DEBUG GameScene            - Entity added to scene
23:26:14.166 [JavaFX Application Thread] DEBUG GameScene            - Added MainViewComponent
23:26:14.166 [JavaFX Application Thread] DEBUG GameScene            - Entity added to scene
23:26:14.166 [JavaFX Application Thread] DEBUG GameScene            - Added MainViewComponent
23:26:14.166 [JavaFX Application Thread] DEBUG GameScene            - Entity added to scene
23:26:14.166 [JavaFX Application Thread] DEBUG GameScene            - Added MainViewComponent
23:26:14.166 [JavaFX Application Thread] DEBUG GameScene            - Entity added to scene
23:26:14.166 [JavaFX Application Thread] DEBUG GameScene            - Added MainViewComponent
23:26:14.166 [JavaFX Application Thread] DEBUG GameScene            - Entity added to scene
23:26:14.166 [JavaFX Application Thread] DEBUG GameScene            - Added MainViewComponent
23:26:14.166 [JavaFX Application Thread] DEBUG GameScene            - Entity added to scene
23:26:14.166 [JavaFX Application Thread] DEBUG GameScene            - Added MainViewComponent
23:26:14.166 [JavaFX Application Thread] DEBUG GameScene            - Entity added to scene
23:26:14.166 [JavaFX Application Thread] DEBUG GameScene            - Added MainViewComponent
23:26:14.166 [JavaFX Application Thread] DEBUG GameScene            - Entity added to scene
23:26:14.167 [JavaFX Application Thread] DEBUG GameScene            - Added MainViewComponent
23:26:14.167 [JavaFX Application Thread] DEBUG GameScene            - Entity added to scene
23:26:14.167 [JavaFX Application Thread] DEBUG GameScene            - Added MainViewComponent
23:26:14.167 [JavaFX Application Thread] DEBUG GameScene            - Entity added to scene
23:26:14.167 [JavaFX Application Thread] DEBUG GameScene            - Added MainViewComponent
23:26:14.167 [JavaFX Application Thread] DEBUG GameScene            - Entity added to scene
23:26:14.167 [JavaFX Application Thread] DEBUG GameScene            - Added MainViewComponent
23:26:14.167 [JavaFX Application Thread] DEBUG GameScene            - Entity added to scene
23:26:14.167 [JavaFX Application Thread] DEBUG GameScene            - Added MainViewComponent
23:26:14.167 [JavaFX Application Thread] DEBUG GameScene            - Entity added to scene
23:26:14.167 [JavaFX Application Thread] DEBUG GameScene            - Added MainViewComponent
23:26:14.167 [JavaFX Application Thread] DEBUG GameScene            - Entity added to scene
23:26:14.167 [JavaFX Application Thread] DEBUG GameScene            - Added MainViewComponent
23:26:14.167 [JavaFX Application Thread] DEBUG GameScene            - Entity added to scene
23:26:14.167 [JavaFX Application Thread] DEBUG GameScene            - Added MainViewComponent
23:26:14.167 [JavaFX Application Thread] DEBUG GameScene            - Entity added to scene
23:26:14.167 [JavaFX Application Thread] DEBUG GameScene            - Added MainViewComponent
23:26:14.167 [JavaFX Application Thread] DEBUG GameScene            - Entity added to scene
23:26:14.167 [JavaFX Application Thread] DEBUG GameScene            - Added MainViewComponent
23:26:14.167 [JavaFX Application Thread] DEBUG GameScene            - Entity added to scene
23:26:14.167 [JavaFX Application Thread] DEBUG GameScene            - Added MainViewComponent
23:26:14.167 [JavaFX Application Thread] DEBUG GameScene            - Entity added to scene
23:26:14.167 [JavaFX Application Thread] DEBUG GameScene            - Added MainViewComponent
23:26:14.168 [JavaFX Application Thread] DEBUG GameScene            - Entity added to scene
23:26:14.168 [JavaFX Application Thread] DEBUG GameScene            - Added MainViewComponent
23:26:14.168 [JavaFX Application Thread] DEBUG GameScene            - Entity added to scene
23:26:14.168 [JavaFX Application Thread] DEBUG GameScene            - Added MainViewComponent
23:26:14.168 [JavaFX Application Thread] DEBUG GameScene            - Entity added to scene
23:26:14.168 [JavaFX Application Thread] DEBUG GameScene            - Added MainViewComponent
23:26:14.168 [JavaFX Application Thread] DEBUG GameScene            - Entity added to scene
23:26:14.168 [JavaFX Application Thread] DEBUG GameScene            - Added MainViewComponent
23:26:14.168 [JavaFX Application Thread] DEBUG GameScene            - Entity added to scene
23:26:14.168 [JavaFX Application Thread] DEBUG GameScene            - Added MainViewComponent
23:26:14.168 [JavaFX Application Thread] DEBUG GameScene            - Entity added to scene
23:26:14.168 [JavaFX Application Thread] DEBUG GameScene            - Added MainViewComponent
23:26:14.168 [JavaFX Application Thread] DEBUG GameScene            - Entity added to scene
23:26:14.168 [JavaFX Application Thread] DEBUG GameScene            - Added MainViewComponent
23:26:14.169 [JavaFX Application Thread] DEBUG GameScene            - Entity added to scene
23:26:14.169 [JavaFX Application Thread] DEBUG GameScene            - Added MainViewComponent
23:26:14.169 [JavaFX Application Thread] DEBUG GameScene            - Entity added to scene
23:26:14.169 [JavaFX Application Thread] DEBUG GameScene            - Added MainViewComponent
23:26:14.169 [JavaFX Application Thread] DEBUG GameScene            - Entity added to scene
23:26:14.169 [JavaFX Application Thread] DEBUG GameScene            - Added MainViewComponent
23:26:14.169 [JavaFX Application Thread] DEBUG GameScene            - Entity added to scene
23:26:14.169 [JavaFX Application Thread] DEBUG GameScene            - Added MainViewComponent
23:26:14.169 [JavaFX Application Thread] DEBUG GameScene            - Entity added to scene
23:26:14.169 [JavaFX Application Thread] DEBUG GameScene            - Added MainViewComponent
23:26:14.169 [JavaFX Application Thread] DEBUG GameScene            - Entity added to scene
23:26:14.169 [JavaFX Application Thread] DEBUG GameScene            - Added MainViewComponent
23:26:14.169 [JavaFX Application Thread] DEBUG GameScene            - Entity added to scene
23:26:14.169 [JavaFX Application Thread] DEBUG GameScene            - Added MainViewComponent
23:26:14.169 [JavaFX Application Thread] DEBUG GameScene            - Entity added to scene
23:26:14.169 [JavaFX Application Thread] DEBUG GameScene            - Added MainViewComponent
23:26:14.169 [JavaFX Application Thread] DEBUG GameScene            - Entity added to scene
23:26:14.169 [JavaFX Application Thread] DEBUG GameScene            - Added MainViewComponent
23:26:14.170 [JavaFX Application Thread] DEBUG GameScene            - Entity added to scene
23:26:14.170 [JavaFX Application Thread] DEBUG GameScene            - Added MainViewComponent
23:26:14.170 [JavaFX Application Thread] DEBUG GameScene            - Entity added to scene
23:26:14.170 [JavaFX Application Thread] DEBUG GameScene            - Added MainViewComponent
23:26:14.170 [JavaFX Application Thread] DEBUG GameScene            - Entity added to scene
23:26:14.170 [JavaFX Application Thread] DEBUG GameScene            - Added MainViewComponent
23:26:14.170 [JavaFX Application Thread] DEBUG GameScene            - Entity added to scene
23:26:14.170 [JavaFX Application Thread] DEBUG GameScene            - Added MainViewComponent
23:26:14.170 [JavaFX Application Thread] DEBUG GameScene            - Entity added to scene
23:26:14.170 [JavaFX Application Thread] DEBUG GameScene            - Added MainViewComponent
23:26:14.172 [JavaFX Application Thread] DEBUG GameScene            - Entity added to scene
23:26:14.172 [JavaFX Application Thread] DEBUG GameScene            - Added MainViewComponent
23:26:14.172 [JavaFX Application Thread] DEBUG GameScene            - Entity added to scene
23:26:14.172 [JavaFX Application Thread] DEBUG GameScene            - Added MainViewComponent
23:26:14.173 [JavaFX Application Thread] DEBUG GameScene            - Entity added to scene
23:26:14.173 [JavaFX Application Thread] DEBUG GameScene            - Added MainViewComponent
23:26:14.173 [JavaFX Application Thread] DEBUG GameScene            - Entity added to scene
23:26:14.173 [JavaFX Application Thread] DEBUG GameScene            - Added MainViewComponent
23:26:14.173 [JavaFX Application Thread] DEBUG GameScene            - Entity added to scene
23:26:14.173 [JavaFX Application Thread] DEBUG GameScene            - Added MainViewComponent
23:26:14.173 [JavaFX Application Thread] DEBUG GameScene            - Entity added to scene
23:26:14.173 [JavaFX Application Thread] DEBUG GameScene            - Added MainViewComponent
23:26:14.173 [JavaFX Application Thread] DEBUG GameScene            - Entity added to scene
23:26:14.173 [JavaFX Application Thread] DEBUG GameScene            - Added MainViewComponent
23:26:14.173 [JavaFX Application Thread] DEBUG GameScene            - Entity added to scene
23:26:14.173 [JavaFX Application Thread] DEBUG GameScene            - Added MainViewComponent
23:26:14.173 [JavaFX Application Thread] DEBUG GameScene            - Entity added to scene
23:26:14.173 [JavaFX Application Thread] DEBUG GameScene            - Added MainViewComponent
23:26:14.173 [JavaFX Application Thread] DEBUG GameScene            - Entity added to scene
23:26:14.173 [JavaFX Application Thread] DEBUG GameScene            - Added MainViewComponent
23:26:14.174 [JavaFX Application Thread] DEBUG GameScene            - Entity added to scene
23:26:14.174 [JavaFX Application Thread] DEBUG GameScene            - Added MainViewComponent
23:26:14.174 [JavaFX Application Thread] DEBUG GameScene            - Entity added to scene
23:26:14.174 [JavaFX Application Thread] DEBUG GameScene            - Added MainViewComponent
23:26:14.174 [JavaFX Application Thread] DEBUG GameScene            - Creating render group for layer: BACKGROUND(1000)
23:26:14.485 [JavaFX Application Thread] DEBUG GameScene            - Entity removed from scene
23:26:14.486 [JavaFX Application Thread] DEBUG GameScene            - Removed MainViewComponent
23:26:14.805 [JavaFX Application Thread] DEBUG GameScene            - Entity removed from scene
23:26:14.805 [JavaFX Application Thread] DEBUG GameScene            - Removed MainViewComponent
23:26:15.141 [JavaFX Application Thread] DEBUG GameScene            - Entity removed from scene
23:26:15.141 [JavaFX Application Thread] DEBUG GameScene            - Removed MainViewComponent
23:26:15.477 [JavaFX Application Thread] DEBUG GameScene            - Entity removed from scene
23:26:15.477 [JavaFX Application Thread] DEBUG GameScene            - Removed MainViewComponent
23:26:15.813 [JavaFX Application Thread] DEBUG GameScene            - Entity removed from scene
23:26:15.813 [JavaFX Application Thread] DEBUG GameScene            - Removed MainViewComponent
23:26:16.469 [JavaFX Application Thread] DEBUG GameScene            - Entity removed from scene
23:26:16.469 [JavaFX Application Thread] DEBUG GameScene            - Removed MainViewComponent
23:26:16.789 [JavaFX Application Thread] DEBUG GameScene            - Entity removed from scene
23:26:16.789 [JavaFX Application Thread] DEBUG GameScene            - Removed MainViewComponent
23:26:17.125 [JavaFX Application Thread] DEBUG GameScene            - Entity removed from scene
23:26:17.125 [JavaFX Application Thread] DEBUG GameScene            - Removed MainViewComponent
23:26:17.461 [JavaFX Application Thread] DEBUG GameScene            - Entity removed from scene
23:26:17.461 [JavaFX Application Thread] DEBUG GameScene            - Removed MainViewComponent
23:26:17.797 [JavaFX Application Thread] DEBUG GameScene            - Entity removed from scene
23:26:17.797 [JavaFX Application Thread] DEBUG GameScene            - Removed MainViewComponent
23:26:18.100 [JavaFX Application Thread] DEBUG GameScene            - Entity removed from scene
23:26:18.100 [JavaFX Application Thread] DEBUG GameScene            - Removed MainViewComponent
23:26:18.102 [JavaFX Application Thread] FATAL FXGLExceptionHandler - Uncaught Exception:
23:26:18.103 [JavaFX Application Thread] FATAL FXGLExceptionHandler - 

Exception occurred: java.lang.IllegalArgumentException : Invalid URL: Invalid URL or resource not found
E: javafx.scene.image.Image.validateUrl(Image.java:1118)
E: javafx.scene.image.Image.<init>(Image.java:620)
E: com.gamedesign.pacman.control.ai.GhostControl.onUpdate(GhostControl.java:96)
E: com.gamedesign.pacman.control.ai.BlinkyControl.onUpdate(BlinkyControl.java:58)
E: com.almasb.ents.Entity.update(Entity.java:545)
E: com.almasb.ents.EntityWorld.update(EntityWorld.java:263)
E: com.almasb.fxgl.gameplay.GameWorld.onUpdateEvent(GameWorld.java:88)
E: com.almasb.fxgl.time.FXGLMasterTimer.handle(FXGLMasterTimer.kt:143)
E: javafx.animation.AnimationTimer$AnimationTimerReceiver.lambda$handle$484(AnimationTimer.java:57)
E: java.security.AccessController.doPrivileged(Native Method)
E: javafx.animation.AnimationTimer$AnimationTimerReceiver.handle(AnimationTimer.java:56)
E: com.sun.scenario.animation.AbstractMasterTimer.timePulseImpl(AbstractMasterTimer.java:357)
E: com.sun.scenario.animation.AbstractMasterTimer$MainLoop.run(AbstractMasterTimer.java:267)
E: com.sun.javafx.tk.quantum.QuantumToolkit.pulse(QuantumToolkit.java:506)
E: com.sun.javafx.tk.quantum.QuantumToolkit.pulse(QuantumToolkit.java:490)
E: com.sun.javafx.tk.quantum.QuantumToolkit.lambda$runToolkit$404(QuantumToolkit.java:319)
E: com.sun.glass.ui.InvokeLaterDispatcher$Future.run(InvokeLaterDispatcher.java:95)
E: com.sun.glass.ui.win.WinApplication._runLoop(Native Method)
E: com.sun.glass.ui.win.WinApplication.lambda$null$148(WinApplication.java:191)
E: java.lang.Thread.run(Thread.java:745)

23:26:18.103 [JavaFX Application Thread] FATAL FXGLExceptionHandler - Application will now exit
23:26:18.103 [JavaFX Application Thread] DEBUG FXGLInput            - Clearing active input actions
23:26:18.103 [JavaFX Application Thread] DEBUG FXGLMasterTimer      - Stopping master timer
23:26:18.103 [JavaFX Application Thread] DEBUG GameApplication      - State: PLAYING -> PAUSED
23:26:18.103 [JavaFX Application Thread] DEBUG FXGLEventBus         - Firing event: FXGLEvent[type=PAUSE]
