16:41:00.577 [FXGL Launcher Thread     ] DEBUG FXGLLoggerFactory    - Service [LoggerFactory] initialized
16:41:00.582 [FXGL Launcher Thread     ] DEBUG FXGL                 - FXGL configuration complete
16:41:00.582 [FXGL Launcher Thread     ] DEBUG FXGL                 - Loading FXGL system data
16:41:00.585 [FXGL Launcher Thread     ] DEBUG IOTask               - Executing task: readDataTask(system/fxgl.bundle)
16:41:00.587 [FXGL Launcher Thread     ] DEBUG FS                   - Reading from: system\fxgl.bundle
16:41:00.592 [FXGL Launcher Thread     ] DEBUG IOTask               - Task succeeded: readDataTask(system/fxgl.bundle)
16:41:00.593 [FXGL Launcher Thread     ] DEBUG Bundle               - Logging bundle: FXGL
16:41:00.593 [FXGL Launcher Thread     ] DEBUG Bundle               - FXGL.offline.timer.version.check=2017-02-20T16:37:54.335
16:41:00.598 [FXGL Launcher Thread     ] DEBUG GameApplication      - Configuring GameApplication
16:41:00.602 [FXGL Launcher Thread     ] DEBUG FXGLExceptionHandler - Service [ExceptionHandler] initialized
16:41:00.607 [FXGL Launcher Thread     ] DEBUG FXGLEventBus         - Service [EventBus] initialized
16:41:00.614 [FXGL Launcher Thread     ] DEBUG FXGLExecutor         - Service [Executor] initialized
16:41:00.615 [FXGL Launcher Thread     ] DEBUG PreInitTask          - Injecting gameWorld & physicsWorld
16:41:00.620 [FXGL Launcher Thread     ] DEBUG GameWorld            - Game world initialized
16:41:00.667 [FXGL Launcher Thread     ] DEBUG FXGLPooler           - Service [Pooler] initialized with default size = 128
16:41:00.667 [FXGL Launcher Thread     ] DEBUG PhysicsWorld         - Physics world initialized: appHeight=840.0, physics.ppm=50.0
16:41:00.668 [FXGL Launcher Thread     ] DEBUG FXGLInput            - Service [Input] initialized
16:41:00.684 [FXGL Launcher Thread     ] DEBUG FXGLInput            - Registered new binding: Screenshot - P
16:41:00.684 [FXGL Launcher Thread     ] DEBUG FXGLInput            - Registered new binding: Dev Options - CTRL+0
16:41:00.684 [FXGL Launcher Thread     ] DEBUG FXGLInput            - Registered new binding: Up - W
16:41:00.685 [FXGL Launcher Thread     ] DEBUG FXGLInput            - Registered new binding: Left - A
16:41:00.685 [FXGL Launcher Thread     ] DEBUG FXGLInput            - Registered new binding: Down - S
16:41:00.685 [FXGL Launcher Thread     ] DEBUG FXGLInput            - Registered new binding: Right - D
16:41:00.705 [FXGL Launcher Thread     ] DEBUG GameScene            - Game scene initialized: 960.0x840.0
16:41:00.710 [FXGL Launcher Thread     ] DEBUG FXGLAssetLoader      - Service [AssetLoader] initialized: cacheSize=35
16:41:00.712 [FXGL Launcher Thread     ] DEBUG FXGLAssetLoader      - Loading from disk: /assets/sounds/system/notification.wav
16:41:00.755 [FXGL Launcher Thread     ] DEBUG FXGLAssetLoader      - Loading from disk: /assets/sounds/menu/select.wav
16:41:00.756 [FXGL Launcher Thread     ] DEBUG FXGLAssetLoader      - Loading from disk: /assets/sounds/menu/back.wav
16:41:00.757 [FXGL Launcher Thread     ] DEBUG FXGLAssetLoader      - Loading from disk: /assets/sounds/menu/press.wav
16:41:00.759 [FXGL Launcher Thread     ] DEBUG FXGLAssetLoader      - Loading from disk: /assets/ui/fonts/Copperplate_Gothic_Light_Regular.ttf
16:41:00.881 [FXGL Launcher Thread     ] DEBUG FXGLAssetLoader      - Loading from disk: /assets/ui/css/fxgl.css
16:41:00.881 [FXGL Launcher Thread     ] DEBUG FXGLAssetLoader      - Loading from disk: /assets/ui/icons/fxgl_icon.png
16:41:00.910 [FXGL Launcher Thread     ] DEBUG FXGLAssetLoader      - Loading from disk: /assets/ui/css/fxgl_dark.css
16:41:00.919 [FXGL Launcher Thread     ] DEBUG FXGLDisplay          - Target size: DoubleProperty [value: 960.0] x DoubleProperty [value: 840.0] @ 1.0
16:41:00.919 [FXGL Launcher Thread     ] DEBUG FXGLDisplay          - New size:    960.0 x 840.0 @ DoubleProperty [value: 1.0]
16:41:00.920 [FXGL Launcher Thread     ] DEBUG FXGLDisplay          - Service [Display] initialized
16:41:00.920 [FXGL Launcher Thread     ] DEBUG FXGLDisplay          - Using CSS: CSS(externalForm=jar:file:/C:/Users/lukel/Documents/Programming/Pacman/lib/fxgl-0.2.9-uber.jar!/assets/ui/css/fxgl_dark.css)
16:41:00.920 [FXGL Launcher Thread     ] DEBUG InitScenesTask       - Injecting loadingScene & gameScene
16:41:00.932 [FXGL Launcher Thread     ] DEBUG FXGLMasterTimer      - Service [MasterTimer] initialized
16:41:00.934 [FXGL Launcher Thread     ] DEBUG FXGLAudioPlayer      - Service [AudioPlayer] initialized
16:41:00.940 [FXGL Launcher Thread     ] DEBUG GameApplication      - Starting new game
16:41:00.941 [FXGL Launcher Thread     ] DEBUG GameApplication      - Initializing App
16:41:00.943 [FXGL Launcher Thread     ] DEBUG FXGLInput            - Clearing active input actions
16:41:00.943 [FXGL Launcher Thread     ] DEBUG FXGLMasterTimer      - Stopping master timer
16:41:00.943 [FXGL Launcher Thread     ] DEBUG GameApplication      - State: STARTUP -> PAUSED
16:41:00.944 [FXGL Launcher Thread     ] DEBUG FXGLEventBus         - Firing event: FXGLEvent[type=PAUSE]
16:41:00.945 [FXGL Launcher Thread     ] DEBUG FXGLInput            - Clearing active input actions
16:41:00.945 [FXGL Launcher Thread     ] DEBUG FXGLMasterTimer      - Resetting ticks and clearing all actions
16:41:00.945 [FXGL Launcher Thread     ] DEBUG GameWorld            - Resetting game world
16:41:00.945 [FXGL Launcher Thread     ] TRACE EntityWorld          - Resetting entity world
16:41:00.946 [FXGL Launcher Thread     ] DEBUG PhysicsWorld         - Resetting physics world
16:41:00.946 [FXGL Launcher Thread     ] DEBUG GameScene            - Resetting game scene
16:41:00.946 [FXGL Launcher Thread     ] DEBUG FXGLEventBus         - Firing event: FXGLEvent[type=RESET]
16:41:00.979 [FXGL Launcher Thread     ] DEBUG GameApplication      - State: PAUSED -> LOADING
16:41:01.000 [FXGL Background Thread 1 ] DEBUG InitAppTask          - Initializing Assets
16:41:01.001 [FXGL Background Thread 1 ] DEBUG InitAppTask          - Initializing Game
16:41:01.013 [FXGL Background Thread 1 ] DEBUG FXGLAssetLoader      - Loading from disk: /assets/textures/pacman0.png
16:41:01.020 [FXGL Background Thread 1 ] DEBUG FXGLAssetLoader      - Loading from disk: /assets/text/levels/level.txt
16:41:01.053 [JavaFX Application Thread] DEBUG FXGLDisplay          - Showing stage
16:41:01.053 [JavaFX Application Thread] DEBUG FXGLDisplay          - Root size: 960.0x840.0
16:41:01.054 [JavaFX Application Thread] DEBUG FXGLDisplay          - Scene size: 960.0x840.0
16:41:01.054 [JavaFX Application Thread] DEBUG FXGLDisplay          - Stage size: 976.0x879.0
16:41:01.089 [FXGL Background Thread 1 ] DEBUG FXGLAssetLoader      - Loading from disk: /assets/textures/blinky0.png
16:41:01.096 [FXGL Background Thread 1 ] DEBUG FXGLAssetLoader      - Loading from disk: /assets/textures/pinky0.png
16:41:01.097 [FXGL Background Thread 1 ] DEBUG FXGLAssetLoader      - Loading from disk: /assets/textures/clyde0.png
16:41:01.099 [FXGL Background Thread 1 ] DEBUG FXGLAssetLoader      - Loading from disk: /assets/textures/inky0.png
16:41:01.121 [FXGL Background Thread 1 ] DEBUG FXGLAssetLoader      - Loading from cache: /assets/textures/pacman0.png
16:41:01.142 [FXGL Background Thread 1 ] DEBUG GameWorld            - Resetting game world
16:41:01.143 [FXGL Background Thread 1 ] TRACE EntityWorld          - Resetting entity world
16:41:01.144 [FXGL Background Thread 1 ] DEBUG GameScene            - Entity added to scene
16:41:01.144 [FXGL Background Thread 1 ] DEBUG GameScene            - Added MainViewComponent
16:41:01.146 [FXGL Background Thread 1 ] DEBUG GameScene            - Creating render group for layer: TOP(2147483647)
16:41:01.149 [FXGL Background Thread 1 ] DEBUG GameScene            - Removed MainViewComponent
16:41:01.149 [FXGL Background Thread 1 ] DEBUG PhysicsWorld         - Resetting physics world
16:41:01.149 [FXGL Background Thread 1 ] DEBUG GameScene            - Resetting game scene
16:41:01.149 [FXGL Background Thread 1 ] DEBUG GameWorld            - Setting level: com.almasb.fxgl.gameplay.Level@161ed140
16:41:01.150 [FXGL Background Thread 1 ] DEBUG InitAppTask          - Initializing Physics
16:41:01.151 [FXGL Background Thread 1 ] DEBUG InitAppTask          - Initializing UI
16:41:01.151 [FXGL Background Thread 1 ] DEBUG FXGLAssetLoader      - Loading from disk: /assets/ui/pacman_ui.fxml
16:41:01.177 [FXGL Background Thread 1 ] DEBUG GameScene            - Adding UI node: Pane@26a4009e
16:41:01.178 [FXGL Background Thread 1 ] DEBUG InitAppTask          - Initialization Complete
16:41:01.179 [JavaFX Application Thread] DEBUG FXGLInput            - Clearing active input actions
16:41:01.179 [JavaFX Application Thread] DEBUG FXGLMasterTimer      - Starting master timer
16:41:01.179 [JavaFX Application Thread] DEBUG GameApplication      - State: LOADING -> PLAYING
16:41:01.184 [JavaFX Application Thread] DEBUG FXGLEventBus         - Firing event: FXGLEvent[type=RESUME]
16:41:01.188 [JavaFX Application Thread] DEBUG GameScene            - Entity added to scene
16:41:01.188 [JavaFX Application Thread] DEBUG GameScene            - Added MainViewComponent
16:41:01.188 [JavaFX Application Thread] DEBUG GameScene            - Creating render group for layer: TOP(2147483647)
16:41:01.189 [JavaFX Application Thread] DEBUG GameScene            - Entity added to scene
16:41:01.189 [JavaFX Application Thread] DEBUG GameScene            - Added MainViewComponent
16:41:01.189 [JavaFX Application Thread] DEBUG GameScene            - Entity added to scene
16:41:01.189 [JavaFX Application Thread] DEBUG GameScene            - Added MainViewComponent
16:41:01.189 [JavaFX Application Thread] DEBUG GameScene            - Entity added to scene
16:41:01.189 [JavaFX Application Thread] DEBUG GameScene            - Added MainViewComponent
16:41:01.189 [JavaFX Application Thread] DEBUG GameScene            - Entity added to scene
16:41:01.189 [JavaFX Application Thread] DEBUG GameScene            - Added MainViewComponent
16:41:01.189 [JavaFX Application Thread] DEBUG GameScene            - Entity added to scene
16:41:01.189 [JavaFX Application Thread] DEBUG GameScene            - Added MainViewComponent
16:41:01.190 [JavaFX Application Thread] DEBUG GameScene            - Entity added to scene
16:41:01.190 [JavaFX Application Thread] DEBUG GameScene            - Added MainViewComponent
16:41:01.190 [JavaFX Application Thread] DEBUG GameScene            - Entity added to scene
16:41:01.190 [JavaFX Application Thread] DEBUG GameScene            - Added MainViewComponent
16:41:01.190 [JavaFX Application Thread] DEBUG GameScene            - Entity added to scene
16:41:01.190 [JavaFX Application Thread] DEBUG GameScene            - Added MainViewComponent
16:41:01.190 [JavaFX Application Thread] DEBUG GameScene            - Entity added to scene
16:41:01.190 [JavaFX Application Thread] DEBUG GameScene            - Added MainViewComponent
16:41:01.190 [JavaFX Application Thread] DEBUG GameScene            - Entity added to scene
16:41:01.190 [JavaFX Application Thread] DEBUG GameScene            - Added MainViewComponent
16:41:01.190 [JavaFX Application Thread] DEBUG GameScene            - Entity added to scene
16:41:01.191 [JavaFX Application Thread] DEBUG GameScene            - Added MainViewComponent
16:41:01.191 [JavaFX Application Thread] DEBUG GameScene            - Entity added to scene
16:41:01.191 [JavaFX Application Thread] DEBUG GameScene            - Added MainViewComponent
16:41:01.191 [JavaFX Application Thread] DEBUG GameScene            - Entity added to scene
16:41:01.191 [JavaFX Application Thread] DEBUG GameScene            - Added MainViewComponent
16:41:01.191 [JavaFX Application Thread] DEBUG GameScene            - Entity added to scene
16:41:01.191 [JavaFX Application Thread] DEBUG GameScene            - Added MainViewComponent
16:41:01.191 [JavaFX Application Thread] DEBUG GameScene            - Entity added to scene
16:41:01.191 [JavaFX Application Thread] DEBUG GameScene            - Added MainViewComponent
16:41:01.191 [JavaFX Application Thread] DEBUG GameScene            - Entity added to scene
16:41:01.191 [JavaFX Application Thread] DEBUG GameScene            - Added MainViewComponent
16:41:01.192 [JavaFX Application Thread] DEBUG GameScene            - Entity added to scene
16:41:01.192 [JavaFX Application Thread] DEBUG GameScene            - Added MainViewComponent
16:41:01.192 [JavaFX Application Thread] DEBUG GameScene            - Entity added to scene
16:41:01.192 [JavaFX Application Thread] DEBUG GameScene            - Added MainViewComponent
16:41:01.192 [JavaFX Application Thread] DEBUG GameScene            - Entity added to scene
16:41:01.192 [JavaFX Application Thread] DEBUG GameScene            - Added MainViewComponent
16:41:01.192 [JavaFX Application Thread] DEBUG GameScene            - Entity added to scene
16:41:01.192 [JavaFX Application Thread] DEBUG GameScene            - Added MainViewComponent
16:41:01.192 [JavaFX Application Thread] DEBUG GameScene            - Creating render group for layer: BACKGROUND2(1001)
16:41:01.193 [JavaFX Application Thread] DEBUG GameScene            - Entity added to scene
16:41:01.193 [JavaFX Application Thread] DEBUG GameScene            - Added MainViewComponent
16:41:01.193 [JavaFX Application Thread] DEBUG GameScene            - Entity added to scene
16:41:01.193 [JavaFX Application Thread] DEBUG GameScene            - Added MainViewComponent
16:41:01.193 [JavaFX Application Thread] DEBUG GameScene            - Entity added to scene
16:41:01.193 [JavaFX Application Thread] DEBUG GameScene            - Added MainViewComponent
16:41:01.193 [JavaFX Application Thread] DEBUG GameScene            - Entity added to scene
16:41:01.193 [JavaFX Application Thread] DEBUG GameScene            - Added MainViewComponent
16:41:01.193 [JavaFX Application Thread] DEBUG GameScene            - Entity added to scene
16:41:01.193 [JavaFX Application Thread] DEBUG GameScene            - Added MainViewComponent
16:41:01.193 [JavaFX Application Thread] DEBUG GameScene            - Entity added to scene
16:41:01.193 [JavaFX Application Thread] DEBUG GameScene            - Added MainViewComponent
16:41:01.194 [JavaFX Application Thread] DEBUG GameScene            - Entity added to scene
16:41:01.194 [JavaFX Application Thread] DEBUG GameScene            - Added MainViewComponent
16:41:01.194 [JavaFX Application Thread] DEBUG GameScene            - Entity added to scene
16:41:01.194 [JavaFX Application Thread] DEBUG GameScene            - Added MainViewComponent
16:41:01.194 [JavaFX Application Thread] DEBUG GameScene            - Entity added to scene
16:41:01.194 [JavaFX Application Thread] DEBUG GameScene            - Added MainViewComponent
16:41:01.194 [JavaFX Application Thread] DEBUG GameScene            - Entity added to scene
16:41:01.194 [JavaFX Application Thread] DEBUG GameScene            - Added MainViewComponent
16:41:01.194 [JavaFX Application Thread] DEBUG GameScene            - Entity added to scene
16:41:01.194 [JavaFX Application Thread] DEBUG GameScene            - Added MainViewComponent
16:41:01.194 [JavaFX Application Thread] DEBUG GameScene            - Entity added to scene
16:41:01.194 [JavaFX Application Thread] DEBUG GameScene            - Added MainViewComponent
16:41:01.195 [JavaFX Application Thread] DEBUG GameScene            - Entity added to scene
16:41:01.195 [JavaFX Application Thread] DEBUG GameScene            - Added MainViewComponent
16:41:01.195 [JavaFX Application Thread] DEBUG GameScene            - Entity added to scene
16:41:01.195 [JavaFX Application Thread] DEBUG GameScene            - Added MainViewComponent
16:41:01.195 [JavaFX Application Thread] DEBUG GameScene            - Entity added to scene
16:41:01.195 [JavaFX Application Thread] DEBUG GameScene            - Added MainViewComponent
16:41:01.195 [JavaFX Application Thread] DEBUG GameScene            - Entity added to scene
16:41:01.195 [JavaFX Application Thread] DEBUG GameScene            - Added MainViewComponent
16:41:01.195 [JavaFX Application Thread] DEBUG GameScene            - Entity added to scene
16:41:01.195 [JavaFX Application Thread] DEBUG GameScene            - Added MainViewComponent
16:41:01.196 [JavaFX Application Thread] DEBUG GameScene            - Entity added to scene
16:41:01.196 [JavaFX Application Thread] DEBUG GameScene            - Added MainViewComponent
16:41:01.196 [JavaFX Application Thread] DEBUG GameScene            - Entity added to scene
16:41:01.196 [JavaFX Application Thread] DEBUG GameScene            - Added MainViewComponent
16:41:01.196 [JavaFX Application Thread] DEBUG GameScene            - Entity added to scene
16:41:01.196 [JavaFX Application Thread] DEBUG GameScene            - Added MainViewComponent
16:41:01.196 [JavaFX Application Thread] DEBUG GameScene            - Entity added to scene
16:41:01.196 [JavaFX Application Thread] DEBUG GameScene            - Added MainViewComponent
16:41:01.196 [JavaFX Application Thread] DEBUG GameScene            - Entity added to scene
16:41:01.196 [JavaFX Application Thread] DEBUG GameScene            - Added MainViewComponent
16:41:01.196 [JavaFX Application Thread] DEBUG GameScene            - Entity added to scene
16:41:01.196 [JavaFX Application Thread] DEBUG GameScene            - Added MainViewComponent
16:41:01.197 [JavaFX Application Thread] DEBUG GameScene            - Entity added to scene
16:41:01.197 [JavaFX Application Thread] DEBUG GameScene            - Added MainViewComponent
16:41:01.197 [JavaFX Application Thread] DEBUG GameScene            - Entity added to scene
16:41:01.197 [JavaFX Application Thread] DEBUG GameScene            - Added MainViewComponent
16:41:01.197 [JavaFX Application Thread] DEBUG GameScene            - Entity added to scene
16:41:01.197 [JavaFX Application Thread] DEBUG GameScene            - Added MainViewComponent
16:41:01.197 [JavaFX Application Thread] DEBUG GameScene            - Entity added to scene
16:41:01.197 [JavaFX Application Thread] DEBUG GameScene            - Added MainViewComponent
16:41:01.197 [JavaFX Application Thread] DEBUG GameScene            - Entity added to scene
16:41:01.197 [JavaFX Application Thread] DEBUG GameScene            - Added MainViewComponent
16:41:01.197 [JavaFX Application Thread] DEBUG GameScene            - Entity added to scene
16:41:01.197 [JavaFX Application Thread] DEBUG GameScene            - Added MainViewComponent
16:41:01.198 [JavaFX Application Thread] DEBUG GameScene            - Entity added to scene
16:41:01.198 [JavaFX Application Thread] DEBUG GameScene            - Added MainViewComponent
16:41:01.198 [JavaFX Application Thread] DEBUG GameScene            - Entity added to scene
16:41:01.198 [JavaFX Application Thread] DEBUG GameScene            - Added MainViewComponent
16:41:01.198 [JavaFX Application Thread] DEBUG GameScene            - Entity added to scene
16:41:01.198 [JavaFX Application Thread] DEBUG GameScene            - Added MainViewComponent
16:41:01.198 [JavaFX Application Thread] DEBUG GameScene            - Entity added to scene
16:41:01.198 [JavaFX Application Thread] DEBUG GameScene            - Added MainViewComponent
16:41:01.198 [JavaFX Application Thread] DEBUG GameScene            - Entity added to scene
16:41:01.198 [JavaFX Application Thread] DEBUG GameScene            - Added MainViewComponent
16:41:01.198 [JavaFX Application Thread] DEBUG GameScene            - Entity added to scene
16:41:01.198 [JavaFX Application Thread] DEBUG GameScene            - Added MainViewComponent
16:41:01.198 [JavaFX Application Thread] DEBUG GameScene            - Entity added to scene
16:41:01.198 [JavaFX Application Thread] DEBUG GameScene            - Added MainViewComponent
16:41:01.199 [JavaFX Application Thread] DEBUG GameScene            - Entity added to scene
16:41:01.199 [JavaFX Application Thread] DEBUG GameScene            - Added MainViewComponent
16:41:01.199 [JavaFX Application Thread] DEBUG GameScene            - Entity added to scene
16:41:01.199 [JavaFX Application Thread] DEBUG GameScene            - Added MainViewComponent
16:41:01.199 [JavaFX Application Thread] DEBUG GameScene            - Entity added to scene
16:41:01.199 [JavaFX Application Thread] DEBUG GameScene            - Added MainViewComponent
16:41:01.200 [JavaFX Application Thread] DEBUG GameScene            - Entity added to scene
16:41:01.200 [JavaFX Application Thread] DEBUG GameScene            - Added MainViewComponent
16:41:01.200 [JavaFX Application Thread] DEBUG GameScene            - Entity added to scene
16:41:01.200 [JavaFX Application Thread] DEBUG GameScene            - Added MainViewComponent
16:41:01.201 [JavaFX Application Thread] DEBUG GameScene            - Entity added to scene
16:41:01.201 [JavaFX Application Thread] DEBUG GameScene            - Added MainViewComponent
16:41:01.201 [JavaFX Application Thread] DEBUG GameScene            - Entity added to scene
16:41:01.201 [JavaFX Application Thread] DEBUG GameScene            - Added MainViewComponent
16:41:01.201 [JavaFX Application Thread] DEBUG GameScene            - Entity added to scene
16:41:01.201 [JavaFX Application Thread] DEBUG GameScene            - Added MainViewComponent
16:41:01.201 [JavaFX Application Thread] DEBUG GameScene            - Entity added to scene
16:41:01.201 [JavaFX Application Thread] DEBUG GameScene            - Added MainViewComponent
16:41:01.201 [JavaFX Application Thread] DEBUG GameScene            - Entity added to scene
16:41:01.201 [JavaFX Application Thread] DEBUG GameScene            - Added MainViewComponent
16:41:01.201 [JavaFX Application Thread] DEBUG GameScene            - Entity added to scene
16:41:01.201 [JavaFX Application Thread] DEBUG GameScene            - Added MainViewComponent
16:41:01.202 [JavaFX Application Thread] DEBUG GameScene            - Entity added to scene
16:41:01.202 [JavaFX Application Thread] DEBUG GameScene            - Added MainViewComponent
16:41:01.202 [JavaFX Application Thread] DEBUG GameScene            - Entity added to scene
16:41:01.202 [JavaFX Application Thread] DEBUG GameScene            - Added MainViewComponent
16:41:01.202 [JavaFX Application Thread] DEBUG GameScene            - Entity added to scene
16:41:01.202 [JavaFX Application Thread] DEBUG GameScene            - Added MainViewComponent
16:41:01.202 [JavaFX Application Thread] DEBUG GameScene            - Entity added to scene
16:41:01.202 [JavaFX Application Thread] DEBUG GameScene            - Added MainViewComponent
16:41:01.202 [JavaFX Application Thread] DEBUG GameScene            - Entity added to scene
16:41:01.202 [JavaFX Application Thread] DEBUG GameScene            - Added MainViewComponent
16:41:01.202 [JavaFX Application Thread] DEBUG GameScene            - Entity added to scene
16:41:01.202 [JavaFX Application Thread] DEBUG GameScene            - Added MainViewComponent
16:41:01.202 [JavaFX Application Thread] DEBUG GameScene            - Entity added to scene
16:41:01.202 [JavaFX Application Thread] DEBUG GameScene            - Added MainViewComponent
16:41:01.203 [JavaFX Application Thread] DEBUG GameScene            - Entity added to scene
16:41:01.203 [JavaFX Application Thread] DEBUG GameScene            - Added MainViewComponent
16:41:01.203 [JavaFX Application Thread] DEBUG GameScene            - Entity added to scene
16:41:01.203 [JavaFX Application Thread] DEBUG GameScene            - Added MainViewComponent
16:41:01.203 [JavaFX Application Thread] DEBUG GameScene            - Entity added to scene
16:41:01.203 [JavaFX Application Thread] DEBUG GameScene            - Added MainViewComponent
16:41:01.203 [JavaFX Application Thread] DEBUG GameScene            - Entity added to scene
16:41:01.203 [JavaFX Application Thread] DEBUG GameScene            - Added MainViewComponent
16:41:01.203 [JavaFX Application Thread] DEBUG GameScene            - Entity added to scene
16:41:01.203 [JavaFX Application Thread] DEBUG GameScene            - Added MainViewComponent
16:41:01.203 [JavaFX Application Thread] DEBUG GameScene            - Entity added to scene
16:41:01.204 [JavaFX Application Thread] DEBUG GameScene            - Added MainViewComponent
16:41:01.204 [JavaFX Application Thread] DEBUG GameScene            - Entity added to scene
16:41:01.204 [JavaFX Application Thread] DEBUG GameScene            - Added MainViewComponent
16:41:01.204 [JavaFX Application Thread] DEBUG GameScene            - Entity added to scene
16:41:01.204 [JavaFX Application Thread] DEBUG GameScene            - Added MainViewComponent
16:41:01.204 [JavaFX Application Thread] DEBUG GameScene            - Entity added to scene
16:41:01.204 [JavaFX Application Thread] DEBUG GameScene            - Added MainViewComponent
16:41:01.204 [JavaFX Application Thread] DEBUG GameScene            - Entity added to scene
16:41:01.204 [JavaFX Application Thread] DEBUG GameScene            - Added MainViewComponent
16:41:01.204 [JavaFX Application Thread] DEBUG GameScene            - Entity added to scene
16:41:01.204 [JavaFX Application Thread] DEBUG GameScene            - Added MainViewComponent
16:41:01.205 [JavaFX Application Thread] DEBUG GameScene            - Entity added to scene
16:41:01.205 [JavaFX Application Thread] DEBUG GameScene            - Added MainViewComponent
16:41:01.205 [JavaFX Application Thread] DEBUG GameScene            - Entity added to scene
16:41:01.205 [JavaFX Application Thread] DEBUG GameScene            - Added MainViewComponent
16:41:01.205 [JavaFX Application Thread] DEBUG GameScene            - Entity added to scene
16:41:01.205 [JavaFX Application Thread] DEBUG GameScene            - Added MainViewComponent
16:41:01.205 [JavaFX Application Thread] DEBUG GameScene            - Entity added to scene
16:41:01.205 [JavaFX Application Thread] DEBUG GameScene            - Added MainViewComponent
16:41:01.205 [JavaFX Application Thread] DEBUG GameScene            - Entity added to scene
16:41:01.205 [JavaFX Application Thread] DEBUG GameScene            - Added MainViewComponent
16:41:01.205 [JavaFX Application Thread] DEBUG GameScene            - Entity added to scene
16:41:01.205 [JavaFX Application Thread] DEBUG GameScene            - Added MainViewComponent
16:41:01.205 [JavaFX Application Thread] DEBUG GameScene            - Entity added to scene
16:41:01.205 [JavaFX Application Thread] DEBUG GameScene            - Added MainViewComponent
16:41:01.206 [JavaFX Application Thread] DEBUG GameScene            - Entity added to scene
16:41:01.206 [JavaFX Application Thread] DEBUG GameScene            - Added MainViewComponent
16:41:01.206 [JavaFX Application Thread] DEBUG GameScene            - Entity added to scene
16:41:01.206 [JavaFX Application Thread] DEBUG GameScene            - Added MainViewComponent
16:41:01.206 [JavaFX Application Thread] DEBUG GameScene            - Entity added to scene
16:41:01.206 [JavaFX Application Thread] DEBUG GameScene            - Added MainViewComponent
16:41:01.206 [JavaFX Application Thread] DEBUG GameScene            - Entity added to scene
16:41:01.206 [JavaFX Application Thread] DEBUG GameScene            - Added MainViewComponent
16:41:01.206 [JavaFX Application Thread] DEBUG GameScene            - Entity added to scene
16:41:01.206 [JavaFX Application Thread] DEBUG GameScene            - Added MainViewComponent
16:41:01.206 [JavaFX Application Thread] DEBUG GameScene            - Entity added to scene
16:41:01.206 [JavaFX Application Thread] DEBUG GameScene            - Added MainViewComponent
16:41:01.206 [JavaFX Application Thread] DEBUG GameScene            - Entity added to scene
16:41:01.206 [JavaFX Application Thread] DEBUG GameScene            - Added MainViewComponent
16:41:01.206 [JavaFX Application Thread] DEBUG GameScene            - Entity added to scene
16:41:01.207 [JavaFX Application Thread] DEBUG GameScene            - Added MainViewComponent
16:41:01.207 [JavaFX Application Thread] DEBUG GameScene            - Entity added to scene
16:41:01.207 [JavaFX Application Thread] DEBUG GameScene            - Added MainViewComponent
16:41:01.207 [JavaFX Application Thread] DEBUG GameScene            - Entity added to scene
16:41:01.207 [JavaFX Application Thread] DEBUG GameScene            - Added MainViewComponent
16:41:01.207 [JavaFX Application Thread] DEBUG GameScene            - Entity added to scene
16:41:01.207 [JavaFX Application Thread] DEBUG GameScene            - Added MainViewComponent
16:41:01.207 [JavaFX Application Thread] DEBUG GameScene            - Entity added to scene
16:41:01.207 [JavaFX Application Thread] DEBUG GameScene            - Added MainViewComponent
16:41:01.207 [JavaFX Application Thread] DEBUG GameScene            - Entity added to scene
16:41:01.207 [JavaFX Application Thread] DEBUG GameScene            - Added MainViewComponent
16:41:01.207 [JavaFX Application Thread] DEBUG GameScene            - Entity added to scene
16:41:01.207 [JavaFX Application Thread] DEBUG GameScene            - Added MainViewComponent
16:41:01.207 [JavaFX Application Thread] DEBUG GameScene            - Entity added to scene
16:41:01.207 [JavaFX Application Thread] DEBUG GameScene            - Added MainViewComponent
16:41:01.208 [JavaFX Application Thread] DEBUG GameScene            - Entity added to scene
16:41:01.208 [JavaFX Application Thread] DEBUG GameScene            - Added MainViewComponent
16:41:01.208 [JavaFX Application Thread] DEBUG GameScene            - Entity added to scene
16:41:01.208 [JavaFX Application Thread] DEBUG GameScene            - Added MainViewComponent
16:41:01.208 [JavaFX Application Thread] DEBUG GameScene            - Entity added to scene
16:41:01.208 [JavaFX Application Thread] DEBUG GameScene            - Added MainViewComponent
16:41:01.208 [JavaFX Application Thread] DEBUG GameScene            - Entity added to scene
16:41:01.208 [JavaFX Application Thread] DEBUG GameScene            - Added MainViewComponent
16:41:01.208 [JavaFX Application Thread] DEBUG GameScene            - Entity added to scene
16:41:01.208 [JavaFX Application Thread] DEBUG GameScene            - Added MainViewComponent
16:41:01.209 [JavaFX Application Thread] DEBUG GameScene            - Entity added to scene
16:41:01.209 [JavaFX Application Thread] DEBUG GameScene            - Added MainViewComponent
16:41:01.209 [JavaFX Application Thread] DEBUG GameScene            - Entity added to scene
16:41:01.209 [JavaFX Application Thread] DEBUG GameScene            - Added MainViewComponent
16:41:01.209 [JavaFX Application Thread] DEBUG GameScene            - Entity added to scene
16:41:01.209 [JavaFX Application Thread] DEBUG GameScene            - Added MainViewComponent
16:41:01.209 [JavaFX Application Thread] DEBUG GameScene            - Entity added to scene
16:41:01.209 [JavaFX Application Thread] DEBUG GameScene            - Added MainViewComponent
16:41:01.209 [JavaFX Application Thread] DEBUG GameScene            - Entity added to scene
16:41:01.209 [JavaFX Application Thread] DEBUG GameScene            - Added MainViewComponent
16:41:01.209 [JavaFX Application Thread] DEBUG GameScene            - Entity added to scene
16:41:01.209 [JavaFX Application Thread] DEBUG GameScene            - Added MainViewComponent
16:41:01.209 [JavaFX Application Thread] DEBUG GameScene            - Entity added to scene
16:41:01.209 [JavaFX Application Thread] DEBUG GameScene            - Added MainViewComponent
16:41:01.209 [JavaFX Application Thread] DEBUG GameScene            - Entity added to scene
16:41:01.210 [JavaFX Application Thread] DEBUG GameScene            - Added MainViewComponent
16:41:01.210 [JavaFX Application Thread] DEBUG GameScene            - Entity added to scene
16:41:01.210 [JavaFX Application Thread] DEBUG GameScene            - Added MainViewComponent
16:41:01.210 [JavaFX Application Thread] DEBUG GameScene            - Entity added to scene
16:41:01.210 [JavaFX Application Thread] DEBUG GameScene            - Added MainViewComponent
16:41:01.210 [JavaFX Application Thread] DEBUG GameScene            - Entity added to scene
16:41:01.210 [JavaFX Application Thread] DEBUG GameScene            - Added MainViewComponent
16:41:01.210 [JavaFX Application Thread] DEBUG GameScene            - Entity added to scene
16:41:01.210 [JavaFX Application Thread] DEBUG GameScene            - Added MainViewComponent
16:41:01.210 [JavaFX Application Thread] DEBUG GameScene            - Entity added to scene
16:41:01.210 [JavaFX Application Thread] DEBUG GameScene            - Added MainViewComponent
16:41:01.210 [JavaFX Application Thread] DEBUG GameScene            - Entity added to scene
16:41:01.210 [JavaFX Application Thread] DEBUG GameScene            - Added MainViewComponent
16:41:01.210 [JavaFX Application Thread] DEBUG GameScene            - Entity added to scene
16:41:01.210 [JavaFX Application Thread] DEBUG GameScene            - Added MainViewComponent
16:41:01.211 [JavaFX Application Thread] DEBUG GameScene            - Entity added to scene
16:41:01.211 [JavaFX Application Thread] DEBUG GameScene            - Added MainViewComponent
16:41:01.211 [JavaFX Application Thread] DEBUG GameScene            - Entity added to scene
16:41:01.211 [JavaFX Application Thread] DEBUG GameScene            - Added MainViewComponent
16:41:01.211 [JavaFX Application Thread] DEBUG GameScene            - Entity added to scene
16:41:01.211 [JavaFX Application Thread] DEBUG GameScene            - Added MainViewComponent
16:41:01.211 [JavaFX Application Thread] DEBUG GameScene            - Entity added to scene
16:41:01.211 [JavaFX Application Thread] DEBUG GameScene            - Added MainViewComponent
16:41:01.212 [JavaFX Application Thread] DEBUG GameScene            - Entity added to scene
16:41:01.212 [JavaFX Application Thread] DEBUG GameScene            - Added MainViewComponent
16:41:01.212 [JavaFX Application Thread] DEBUG GameScene            - Entity added to scene
16:41:01.212 [JavaFX Application Thread] DEBUG GameScene            - Added MainViewComponent
16:41:01.212 [JavaFX Application Thread] DEBUG GameScene            - Entity added to scene
16:41:01.212 [JavaFX Application Thread] DEBUG GameScene            - Added MainViewComponent
16:41:01.212 [JavaFX Application Thread] DEBUG GameScene            - Entity added to scene
16:41:01.212 [JavaFX Application Thread] DEBUG GameScene            - Added MainViewComponent
16:41:01.212 [JavaFX Application Thread] DEBUG GameScene            - Entity added to scene
16:41:01.212 [JavaFX Application Thread] DEBUG GameScene            - Added MainViewComponent
16:41:01.212 [JavaFX Application Thread] DEBUG GameScene            - Entity added to scene
16:41:01.212 [JavaFX Application Thread] DEBUG GameScene            - Added MainViewComponent
16:41:01.212 [JavaFX Application Thread] DEBUG GameScene            - Entity added to scene
16:41:01.212 [JavaFX Application Thread] DEBUG GameScene            - Added MainViewComponent
16:41:01.212 [JavaFX Application Thread] DEBUG GameScene            - Entity added to scene
16:41:01.212 [JavaFX Application Thread] DEBUG GameScene            - Added MainViewComponent
16:41:01.213 [JavaFX Application Thread] DEBUG GameScene            - Entity added to scene
16:41:01.213 [JavaFX Application Thread] DEBUG GameScene            - Added MainViewComponent
16:41:01.213 [JavaFX Application Thread] DEBUG GameScene            - Entity added to scene
16:41:01.213 [JavaFX Application Thread] DEBUG GameScene            - Added MainViewComponent
16:41:01.213 [JavaFX Application Thread] DEBUG GameScene            - Entity added to scene
16:41:01.213 [JavaFX Application Thread] DEBUG GameScene            - Added MainViewComponent
16:41:01.213 [JavaFX Application Thread] DEBUG GameScene            - Entity added to scene
16:41:01.213 [JavaFX Application Thread] DEBUG GameScene            - Added MainViewComponent
16:41:01.213 [JavaFX Application Thread] DEBUG GameScene            - Entity added to scene
16:41:01.213 [JavaFX Application Thread] DEBUG GameScene            - Added MainViewComponent
16:41:01.213 [JavaFX Application Thread] DEBUG GameScene            - Entity added to scene
16:41:01.213 [JavaFX Application Thread] DEBUG GameScene            - Added MainViewComponent
16:41:01.213 [JavaFX Application Thread] DEBUG GameScene            - Entity added to scene
16:41:01.213 [JavaFX Application Thread] DEBUG GameScene            - Added MainViewComponent
16:41:01.214 [JavaFX Application Thread] DEBUG GameScene            - Entity added to scene
16:41:01.214 [JavaFX Application Thread] DEBUG GameScene            - Added MainViewComponent
16:41:01.214 [JavaFX Application Thread] DEBUG GameScene            - Entity added to scene
16:41:01.214 [JavaFX Application Thread] DEBUG GameScene            - Added MainViewComponent
16:41:01.214 [JavaFX Application Thread] DEBUG GameScene            - Entity added to scene
16:41:01.214 [JavaFX Application Thread] DEBUG GameScene            - Added MainViewComponent
16:41:01.214 [JavaFX Application Thread] DEBUG GameScene            - Entity added to scene
16:41:01.214 [JavaFX Application Thread] DEBUG GameScene            - Added MainViewComponent
16:41:01.215 [JavaFX Application Thread] DEBUG GameScene            - Entity added to scene
16:41:01.215 [JavaFX Application Thread] DEBUG GameScene            - Added MainViewComponent
16:41:01.215 [JavaFX Application Thread] DEBUG GameScene            - Entity added to scene
16:41:01.216 [JavaFX Application Thread] DEBUG GameScene            - Added MainViewComponent
16:41:01.216 [JavaFX Application Thread] DEBUG GameScene            - Entity added to scene
16:41:01.216 [JavaFX Application Thread] DEBUG GameScene            - Added MainViewComponent
16:41:01.216 [JavaFX Application Thread] DEBUG GameScene            - Entity added to scene
16:41:01.216 [JavaFX Application Thread] DEBUG GameScene            - Added MainViewComponent
16:41:01.216 [JavaFX Application Thread] DEBUG GameScene            - Entity added to scene
16:41:01.216 [JavaFX Application Thread] DEBUG GameScene            - Added MainViewComponent
16:41:01.216 [JavaFX Application Thread] DEBUG GameScene            - Entity added to scene
16:41:01.216 [JavaFX Application Thread] DEBUG GameScene            - Added MainViewComponent
16:41:01.216 [JavaFX Application Thread] DEBUG GameScene            - Entity added to scene
16:41:01.216 [JavaFX Application Thread] DEBUG GameScene            - Added MainViewComponent
16:41:01.216 [JavaFX Application Thread] DEBUG GameScene            - Entity added to scene
16:41:01.216 [JavaFX Application Thread] DEBUG GameScene            - Added MainViewComponent
16:41:01.217 [JavaFX Application Thread] DEBUG GameScene            - Entity added to scene
16:41:01.217 [JavaFX Application Thread] DEBUG GameScene            - Added MainViewComponent
16:41:01.217 [JavaFX Application Thread] DEBUG GameScene            - Entity added to scene
16:41:01.217 [JavaFX Application Thread] DEBUG GameScene            - Added MainViewComponent
16:41:01.217 [JavaFX Application Thread] DEBUG GameScene            - Entity added to scene
16:41:01.217 [JavaFX Application Thread] DEBUG GameScene            - Added MainViewComponent
16:41:01.217 [JavaFX Application Thread] DEBUG GameScene            - Entity added to scene
16:41:01.217 [JavaFX Application Thread] DEBUG GameScene            - Added MainViewComponent
16:41:01.217 [JavaFX Application Thread] DEBUG GameScene            - Entity added to scene
16:41:01.217 [JavaFX Application Thread] DEBUG GameScene            - Added MainViewComponent
16:41:01.217 [JavaFX Application Thread] DEBUG GameScene            - Entity added to scene
16:41:01.217 [JavaFX Application Thread] DEBUG GameScene            - Added MainViewComponent
16:41:01.217 [JavaFX Application Thread] DEBUG GameScene            - Entity added to scene
16:41:01.217 [JavaFX Application Thread] DEBUG GameScene            - Added MainViewComponent
16:41:01.218 [JavaFX Application Thread] DEBUG GameScene            - Entity added to scene
16:41:01.218 [JavaFX Application Thread] DEBUG GameScene            - Added MainViewComponent
16:41:01.218 [JavaFX Application Thread] DEBUG GameScene            - Entity added to scene
16:41:01.218 [JavaFX Application Thread] DEBUG GameScene            - Added MainViewComponent
16:41:01.218 [JavaFX Application Thread] DEBUG GameScene            - Entity added to scene
16:41:01.218 [JavaFX Application Thread] DEBUG GameScene            - Added MainViewComponent
16:41:01.218 [JavaFX Application Thread] DEBUG GameScene            - Entity added to scene
16:41:01.218 [JavaFX Application Thread] DEBUG GameScene            - Added MainViewComponent
16:41:01.218 [JavaFX Application Thread] DEBUG GameScene            - Entity added to scene
16:41:01.218 [JavaFX Application Thread] DEBUG GameScene            - Added MainViewComponent
16:41:01.218 [JavaFX Application Thread] DEBUG GameScene            - Entity added to scene
16:41:01.218 [JavaFX Application Thread] DEBUG GameScene            - Added MainViewComponent
16:41:01.218 [JavaFX Application Thread] DEBUG GameScene            - Entity added to scene
16:41:01.218 [JavaFX Application Thread] DEBUG GameScene            - Added MainViewComponent
16:41:01.218 [JavaFX Application Thread] DEBUG GameScene            - Entity added to scene
16:41:01.219 [JavaFX Application Thread] DEBUG GameScene            - Added MainViewComponent
16:41:01.219 [JavaFX Application Thread] DEBUG GameScene            - Entity added to scene
16:41:01.219 [JavaFX Application Thread] DEBUG GameScene            - Added MainViewComponent
16:41:01.219 [JavaFX Application Thread] DEBUG GameScene            - Entity added to scene
16:41:01.219 [JavaFX Application Thread] DEBUG GameScene            - Added MainViewComponent
16:41:01.219 [JavaFX Application Thread] DEBUG GameScene            - Entity added to scene
16:41:01.219 [JavaFX Application Thread] DEBUG GameScene            - Added MainViewComponent
16:41:01.219 [JavaFX Application Thread] DEBUG GameScene            - Entity added to scene
16:41:01.219 [JavaFX Application Thread] DEBUG GameScene            - Added MainViewComponent
16:41:01.219 [JavaFX Application Thread] DEBUG GameScene            - Entity added to scene
16:41:01.219 [JavaFX Application Thread] DEBUG GameScene            - Added MainViewComponent
16:41:01.219 [JavaFX Application Thread] DEBUG GameScene            - Entity added to scene
16:41:01.219 [JavaFX Application Thread] DEBUG GameScene            - Added MainViewComponent
16:41:01.219 [JavaFX Application Thread] DEBUG GameScene            - Entity added to scene
16:41:01.219 [JavaFX Application Thread] DEBUG GameScene            - Added MainViewComponent
16:41:01.219 [JavaFX Application Thread] DEBUG GameScene            - Entity added to scene
16:41:01.219 [JavaFX Application Thread] DEBUG GameScene            - Added MainViewComponent
16:41:01.220 [JavaFX Application Thread] DEBUG GameScene            - Entity added to scene
16:41:01.220 [JavaFX Application Thread] DEBUG GameScene            - Added MainViewComponent
16:41:01.220 [JavaFX Application Thread] DEBUG GameScene            - Entity added to scene
16:41:01.220 [JavaFX Application Thread] DEBUG GameScene            - Added MainViewComponent
16:41:01.220 [JavaFX Application Thread] DEBUG GameScene            - Entity added to scene
16:41:01.220 [JavaFX Application Thread] DEBUG GameScene            - Added MainViewComponent
16:41:01.220 [JavaFX Application Thread] DEBUG GameScene            - Entity added to scene
16:41:01.220 [JavaFX Application Thread] DEBUG GameScene            - Added MainViewComponent
16:41:01.220 [JavaFX Application Thread] DEBUG GameScene            - Entity added to scene
16:41:01.220 [JavaFX Application Thread] DEBUG GameScene            - Added MainViewComponent
16:41:01.220 [JavaFX Application Thread] DEBUG GameScene            - Entity added to scene
16:41:01.220 [JavaFX Application Thread] DEBUG GameScene            - Added MainViewComponent
16:41:01.220 [JavaFX Application Thread] DEBUG GameScene            - Entity added to scene
16:41:01.220 [JavaFX Application Thread] DEBUG GameScene            - Added MainViewComponent
16:41:01.220 [JavaFX Application Thread] DEBUG GameScene            - Entity added to scene
16:41:01.220 [JavaFX Application Thread] DEBUG GameScene            - Added MainViewComponent
16:41:01.220 [JavaFX Application Thread] DEBUG GameScene            - Entity added to scene
16:41:01.221 [JavaFX Application Thread] DEBUG GameScene            - Added MainViewComponent
16:41:01.221 [JavaFX Application Thread] DEBUG GameScene            - Entity added to scene
16:41:01.221 [JavaFX Application Thread] DEBUG GameScene            - Added MainViewComponent
16:41:01.221 [JavaFX Application Thread] DEBUG GameScene            - Entity added to scene
16:41:01.221 [JavaFX Application Thread] DEBUG GameScene            - Added MainViewComponent
16:41:01.221 [JavaFX Application Thread] DEBUG GameScene            - Entity added to scene
16:41:01.221 [JavaFX Application Thread] DEBUG GameScene            - Added MainViewComponent
16:41:01.221 [JavaFX Application Thread] DEBUG GameScene            - Entity added to scene
16:41:01.221 [JavaFX Application Thread] DEBUG GameScene            - Added MainViewComponent
16:41:01.221 [JavaFX Application Thread] DEBUG GameScene            - Entity added to scene
16:41:01.221 [JavaFX Application Thread] DEBUG GameScene            - Added MainViewComponent
16:41:01.221 [JavaFX Application Thread] DEBUG GameScene            - Entity added to scene
16:41:01.221 [JavaFX Application Thread] DEBUG GameScene            - Added MainViewComponent
16:41:01.221 [JavaFX Application Thread] DEBUG GameScene            - Entity added to scene
16:41:01.221 [JavaFX Application Thread] DEBUG GameScene            - Added MainViewComponent
16:41:01.221 [JavaFX Application Thread] DEBUG GameScene            - Entity added to scene
16:41:01.221 [JavaFX Application Thread] DEBUG GameScene            - Added MainViewComponent
16:41:01.222 [JavaFX Application Thread] DEBUG GameScene            - Entity added to scene
16:41:01.222 [JavaFX Application Thread] DEBUG GameScene            - Added MainViewComponent
16:41:01.222 [JavaFX Application Thread] DEBUG GameScene            - Entity added to scene
16:41:01.222 [JavaFX Application Thread] DEBUG GameScene            - Added MainViewComponent
16:41:01.222 [JavaFX Application Thread] DEBUG GameScene            - Entity added to scene
16:41:01.222 [JavaFX Application Thread] DEBUG GameScene            - Added MainViewComponent
16:41:01.222 [JavaFX Application Thread] DEBUG GameScene            - Entity added to scene
16:41:01.222 [JavaFX Application Thread] DEBUG GameScene            - Added MainViewComponent
16:41:01.222 [JavaFX Application Thread] DEBUG GameScene            - Entity added to scene
16:41:01.222 [JavaFX Application Thread] DEBUG GameScene            - Added MainViewComponent
16:41:01.222 [JavaFX Application Thread] DEBUG GameScene            - Entity added to scene
16:41:01.222 [JavaFX Application Thread] DEBUG GameScene            - Added MainViewComponent
16:41:01.222 [JavaFX Application Thread] DEBUG GameScene            - Entity added to scene
16:41:01.222 [JavaFX Application Thread] DEBUG GameScene            - Added MainViewComponent
16:41:01.222 [JavaFX Application Thread] DEBUG GameScene            - Entity added to scene
16:41:01.222 [JavaFX Application Thread] DEBUG GameScene            - Added MainViewComponent
16:41:01.223 [JavaFX Application Thread] DEBUG GameScene            - Entity added to scene
16:41:01.223 [JavaFX Application Thread] DEBUG GameScene            - Added MainViewComponent
16:41:01.223 [JavaFX Application Thread] DEBUG GameScene            - Entity added to scene
16:41:01.223 [JavaFX Application Thread] DEBUG GameScene            - Added MainViewComponent
16:41:01.223 [JavaFX Application Thread] DEBUG GameScene            - Entity added to scene
16:41:01.223 [JavaFX Application Thread] DEBUG GameScene            - Added MainViewComponent
16:41:01.223 [JavaFX Application Thread] DEBUG GameScene            - Entity added to scene
16:41:01.223 [JavaFX Application Thread] DEBUG GameScene            - Added MainViewComponent
16:41:01.223 [JavaFX Application Thread] DEBUG GameScene            - Entity added to scene
16:41:01.223 [JavaFX Application Thread] DEBUG GameScene            - Added MainViewComponent
16:41:01.224 [JavaFX Application Thread] DEBUG GameScene            - Entity added to scene
16:41:01.224 [JavaFX Application Thread] DEBUG GameScene            - Added MainViewComponent
16:41:01.224 [JavaFX Application Thread] DEBUG GameScene            - Entity added to scene
16:41:01.224 [JavaFX Application Thread] DEBUG GameScene            - Added MainViewComponent
16:41:01.224 [JavaFX Application Thread] DEBUG GameScene            - Entity added to scene
16:41:01.224 [JavaFX Application Thread] DEBUG GameScene            - Added MainViewComponent
16:41:01.225 [JavaFX Application Thread] DEBUG GameScene            - Entity added to scene
16:41:01.225 [JavaFX Application Thread] DEBUG GameScene            - Added MainViewComponent
16:41:01.225 [JavaFX Application Thread] DEBUG GameScene            - Entity added to scene
16:41:01.225 [JavaFX Application Thread] DEBUG GameScene            - Added MainViewComponent
16:41:01.225 [JavaFX Application Thread] DEBUG GameScene            - Entity added to scene
16:41:01.226 [JavaFX Application Thread] DEBUG GameScene            - Added MainViewComponent
16:41:01.226 [JavaFX Application Thread] DEBUG GameScene            - Entity added to scene
16:41:01.226 [JavaFX Application Thread] DEBUG GameScene            - Added MainViewComponent
16:41:01.226 [JavaFX Application Thread] DEBUG GameScene            - Entity added to scene
16:41:01.226 [JavaFX Application Thread] DEBUG GameScene            - Added MainViewComponent
16:41:01.226 [JavaFX Application Thread] DEBUG GameScene            - Entity added to scene
16:41:01.226 [JavaFX Application Thread] DEBUG GameScene            - Added MainViewComponent
16:41:01.226 [JavaFX Application Thread] DEBUG GameScene            - Entity added to scene
16:41:01.226 [JavaFX Application Thread] DEBUG GameScene            - Added MainViewComponent
16:41:01.226 [JavaFX Application Thread] DEBUG GameScene            - Entity added to scene
16:41:01.226 [JavaFX Application Thread] DEBUG GameScene            - Added MainViewComponent
16:41:01.226 [JavaFX Application Thread] DEBUG GameScene            - Entity added to scene
16:41:01.226 [JavaFX Application Thread] DEBUG GameScene            - Added MainViewComponent
16:41:01.226 [JavaFX Application Thread] DEBUG GameScene            - Entity added to scene
16:41:01.226 [JavaFX Application Thread] DEBUG GameScene            - Added MainViewComponent
16:41:01.226 [JavaFX Application Thread] DEBUG GameScene            - Entity added to scene
16:41:01.226 [JavaFX Application Thread] DEBUG GameScene            - Added MainViewComponent
16:41:01.227 [JavaFX Application Thread] DEBUG GameScene            - Entity added to scene
16:41:01.227 [JavaFX Application Thread] DEBUG GameScene            - Added MainViewComponent
16:41:01.227 [JavaFX Application Thread] DEBUG GameScene            - Entity added to scene
16:41:01.227 [JavaFX Application Thread] DEBUG GameScene            - Added MainViewComponent
16:41:01.227 [JavaFX Application Thread] DEBUG GameScene            - Entity added to scene
16:41:01.227 [JavaFX Application Thread] DEBUG GameScene            - Added MainViewComponent
16:41:01.227 [JavaFX Application Thread] DEBUG GameScene            - Entity added to scene
16:41:01.227 [JavaFX Application Thread] DEBUG GameScene            - Added MainViewComponent
16:41:01.227 [JavaFX Application Thread] DEBUG GameScene            - Entity added to scene
16:41:01.227 [JavaFX Application Thread] DEBUG GameScene            - Added MainViewComponent
16:41:01.227 [JavaFX Application Thread] DEBUG GameScene            - Entity added to scene
16:41:01.227 [JavaFX Application Thread] DEBUG GameScene            - Added MainViewComponent
16:41:01.227 [JavaFX Application Thread] DEBUG GameScene            - Entity added to scene
16:41:01.227 [JavaFX Application Thread] DEBUG GameScene            - Added MainViewComponent
16:41:01.227 [JavaFX Application Thread] DEBUG GameScene            - Entity added to scene
16:41:01.227 [JavaFX Application Thread] DEBUG GameScene            - Added MainViewComponent
16:41:01.228 [JavaFX Application Thread] DEBUG GameScene            - Entity added to scene
16:41:01.228 [JavaFX Application Thread] DEBUG GameScene            - Added MainViewComponent
16:41:01.228 [JavaFX Application Thread] DEBUG GameScene            - Entity added to scene
16:41:01.228 [JavaFX Application Thread] DEBUG GameScene            - Added MainViewComponent
16:41:01.228 [JavaFX Application Thread] DEBUG GameScene            - Entity added to scene
16:41:01.228 [JavaFX Application Thread] DEBUG GameScene            - Added MainViewComponent
16:41:01.228 [JavaFX Application Thread] DEBUG GameScene            - Entity added to scene
16:41:01.228 [JavaFX Application Thread] DEBUG GameScene            - Added MainViewComponent
16:41:01.228 [JavaFX Application Thread] DEBUG GameScene            - Entity added to scene
16:41:01.228 [JavaFX Application Thread] DEBUG GameScene            - Added MainViewComponent
16:41:01.228 [JavaFX Application Thread] DEBUG GameScene            - Entity added to scene
16:41:01.228 [JavaFX Application Thread] DEBUG GameScene            - Added MainViewComponent
16:41:01.228 [JavaFX Application Thread] DEBUG GameScene            - Entity added to scene
16:41:01.228 [JavaFX Application Thread] DEBUG GameScene            - Added MainViewComponent
16:41:01.228 [JavaFX Application Thread] DEBUG GameScene            - Entity added to scene
16:41:01.228 [JavaFX Application Thread] DEBUG GameScene            - Added MainViewComponent
16:41:01.229 [JavaFX Application Thread] DEBUG GameScene            - Entity added to scene
16:41:01.229 [JavaFX Application Thread] DEBUG GameScene            - Added MainViewComponent
16:41:01.229 [JavaFX Application Thread] DEBUG GameScene            - Entity added to scene
16:41:01.229 [JavaFX Application Thread] DEBUG GameScene            - Added MainViewComponent
16:41:01.229 [JavaFX Application Thread] DEBUG GameScene            - Entity added to scene
16:41:01.229 [JavaFX Application Thread] DEBUG GameScene            - Added MainViewComponent
16:41:01.229 [JavaFX Application Thread] DEBUG GameScene            - Entity added to scene
16:41:01.229 [JavaFX Application Thread] DEBUG GameScene            - Added MainViewComponent
16:41:01.229 [JavaFX Application Thread] DEBUG GameScene            - Entity added to scene
16:41:01.229 [JavaFX Application Thread] DEBUG GameScene            - Added MainViewComponent
16:41:01.229 [JavaFX Application Thread] DEBUG GameScene            - Entity added to scene
16:41:01.229 [JavaFX Application Thread] DEBUG GameScene            - Added MainViewComponent
16:41:01.229 [JavaFX Application Thread] DEBUG GameScene            - Entity added to scene
16:41:01.229 [JavaFX Application Thread] DEBUG GameScene            - Added MainViewComponent
16:41:01.229 [JavaFX Application Thread] DEBUG GameScene            - Entity added to scene
16:41:01.230 [JavaFX Application Thread] DEBUG GameScene            - Added MainViewComponent
16:41:01.230 [JavaFX Application Thread] DEBUG GameScene            - Entity added to scene
16:41:01.230 [JavaFX Application Thread] DEBUG GameScene            - Added MainViewComponent
16:41:01.230 [JavaFX Application Thread] DEBUG GameScene            - Entity added to scene
16:41:01.230 [JavaFX Application Thread] DEBUG GameScene            - Added MainViewComponent
16:41:01.230 [JavaFX Application Thread] DEBUG GameScene            - Entity added to scene
16:41:01.230 [JavaFX Application Thread] DEBUG GameScene            - Added MainViewComponent
16:41:01.230 [JavaFX Application Thread] DEBUG GameScene            - Entity added to scene
16:41:01.230 [JavaFX Application Thread] DEBUG GameScene            - Added MainViewComponent
16:41:01.230 [JavaFX Application Thread] DEBUG GameScene            - Entity added to scene
16:41:01.230 [JavaFX Application Thread] DEBUG GameScene            - Added MainViewComponent
16:41:01.230 [JavaFX Application Thread] DEBUG GameScene            - Entity added to scene
16:41:01.230 [JavaFX Application Thread] DEBUG GameScene            - Added MainViewComponent
16:41:01.230 [JavaFX Application Thread] DEBUG GameScene            - Entity added to scene
16:41:01.230 [JavaFX Application Thread] DEBUG GameScene            - Added MainViewComponent
16:41:01.230 [JavaFX Application Thread] DEBUG GameScene            - Entity added to scene
16:41:01.231 [JavaFX Application Thread] DEBUG GameScene            - Added MainViewComponent
16:41:01.231 [JavaFX Application Thread] DEBUG GameScene            - Entity added to scene
16:41:01.231 [JavaFX Application Thread] DEBUG GameScene            - Added MainViewComponent
16:41:01.231 [JavaFX Application Thread] DEBUG GameScene            - Entity added to scene
16:41:01.231 [JavaFX Application Thread] DEBUG GameScene            - Added MainViewComponent
16:41:01.231 [JavaFX Application Thread] DEBUG GameScene            - Entity added to scene
16:41:01.231 [JavaFX Application Thread] DEBUG GameScene            - Added MainViewComponent
16:41:01.231 [JavaFX Application Thread] DEBUG GameScene            - Entity added to scene
16:41:01.231 [JavaFX Application Thread] DEBUG GameScene            - Added MainViewComponent
16:41:01.231 [JavaFX Application Thread] DEBUG GameScene            - Entity added to scene
16:41:01.231 [JavaFX Application Thread] DEBUG GameScene            - Added MainViewComponent
16:41:01.231 [JavaFX Application Thread] DEBUG GameScene            - Entity added to scene
16:41:01.231 [JavaFX Application Thread] DEBUG GameScene            - Added MainViewComponent
16:41:01.231 [JavaFX Application Thread] DEBUG GameScene            - Entity added to scene
16:41:01.231 [JavaFX Application Thread] DEBUG GameScene            - Added MainViewComponent
16:41:01.231 [JavaFX Application Thread] DEBUG GameScene            - Entity added to scene
16:41:01.231 [JavaFX Application Thread] DEBUG GameScene            - Added MainViewComponent
16:41:01.231 [JavaFX Application Thread] DEBUG GameScene            - Entity added to scene
16:41:01.231 [JavaFX Application Thread] DEBUG GameScene            - Added MainViewComponent
16:41:01.232 [JavaFX Application Thread] DEBUG GameScene            - Entity added to scene
16:41:01.232 [JavaFX Application Thread] DEBUG GameScene            - Added MainViewComponent
16:41:01.232 [JavaFX Application Thread] DEBUG GameScene            - Entity added to scene
16:41:01.232 [JavaFX Application Thread] DEBUG GameScene            - Added MainViewComponent
16:41:01.232 [JavaFX Application Thread] DEBUG GameScene            - Entity added to scene
16:41:01.232 [JavaFX Application Thread] DEBUG GameScene            - Added MainViewComponent
16:41:01.232 [JavaFX Application Thread] DEBUG GameScene            - Entity added to scene
16:41:01.232 [JavaFX Application Thread] DEBUG GameScene            - Added MainViewComponent
16:41:01.232 [JavaFX Application Thread] DEBUG GameScene            - Entity added to scene
16:41:01.232 [JavaFX Application Thread] DEBUG GameScene            - Added MainViewComponent
16:41:01.232 [JavaFX Application Thread] DEBUG GameScene            - Entity added to scene
16:41:01.232 [JavaFX Application Thread] DEBUG GameScene            - Added MainViewComponent
16:41:01.232 [JavaFX Application Thread] DEBUG GameScene            - Entity added to scene
16:41:01.232 [JavaFX Application Thread] DEBUG GameScene            - Added MainViewComponent
16:41:01.232 [JavaFX Application Thread] DEBUG GameScene            - Entity added to scene
16:41:01.232 [JavaFX Application Thread] DEBUG GameScene            - Added MainViewComponent
16:41:01.232 [JavaFX Application Thread] DEBUG GameScene            - Entity added to scene
16:41:01.232 [JavaFX Application Thread] DEBUG GameScene            - Added MainViewComponent
16:41:01.233 [JavaFX Application Thread] DEBUG GameScene            - Entity added to scene
16:41:01.233 [JavaFX Application Thread] DEBUG GameScene            - Added MainViewComponent
16:41:01.233 [JavaFX Application Thread] DEBUG GameScene            - Entity added to scene
16:41:01.233 [JavaFX Application Thread] DEBUG GameScene            - Added MainViewComponent
16:41:01.233 [JavaFX Application Thread] DEBUG GameScene            - Entity added to scene
16:41:01.233 [JavaFX Application Thread] DEBUG GameScene            - Added MainViewComponent
16:41:01.233 [JavaFX Application Thread] DEBUG GameScene            - Entity added to scene
16:41:01.233 [JavaFX Application Thread] DEBUG GameScene            - Added MainViewComponent
16:41:01.233 [JavaFX Application Thread] DEBUG GameScene            - Entity added to scene
16:41:01.233 [JavaFX Application Thread] DEBUG GameScene            - Added MainViewComponent
16:41:01.234 [JavaFX Application Thread] DEBUG GameScene            - Entity added to scene
16:41:01.234 [JavaFX Application Thread] DEBUG GameScene            - Added MainViewComponent
16:41:01.234 [JavaFX Application Thread] DEBUG GameScene            - Entity added to scene
16:41:01.234 [JavaFX Application Thread] DEBUG GameScene            - Added MainViewComponent
16:41:01.234 [JavaFX Application Thread] DEBUG GameScene            - Entity added to scene
16:41:01.234 [JavaFX Application Thread] DEBUG GameScene            - Added MainViewComponent
16:41:01.234 [JavaFX Application Thread] DEBUG GameScene            - Entity added to scene
16:41:01.234 [JavaFX Application Thread] DEBUG GameScene            - Added MainViewComponent
16:41:01.234 [JavaFX Application Thread] DEBUG GameScene            - Entity added to scene
16:41:01.234 [JavaFX Application Thread] DEBUG GameScene            - Added MainViewComponent
16:41:01.234 [JavaFX Application Thread] DEBUG GameScene            - Entity added to scene
16:41:01.234 [JavaFX Application Thread] DEBUG GameScene            - Added MainViewComponent
16:41:01.234 [JavaFX Application Thread] DEBUG GameScene            - Entity added to scene
16:41:01.234 [JavaFX Application Thread] DEBUG GameScene            - Added MainViewComponent
16:41:01.235 [JavaFX Application Thread] DEBUG GameScene            - Entity added to scene
16:41:01.235 [JavaFX Application Thread] DEBUG GameScene            - Added MainViewComponent
16:41:01.235 [JavaFX Application Thread] DEBUG GameScene            - Entity added to scene
16:41:01.235 [JavaFX Application Thread] DEBUG GameScene            - Added MainViewComponent
16:41:01.235 [JavaFX Application Thread] DEBUG GameScene            - Entity added to scene
16:41:01.235 [JavaFX Application Thread] DEBUG GameScene            - Added MainViewComponent
16:41:01.235 [JavaFX Application Thread] DEBUG GameScene            - Entity added to scene
16:41:01.235 [JavaFX Application Thread] DEBUG GameScene            - Added MainViewComponent
16:41:01.235 [JavaFX Application Thread] DEBUG GameScene            - Entity added to scene
16:41:01.235 [JavaFX Application Thread] DEBUG GameScene            - Added MainViewComponent
16:41:01.235 [JavaFX Application Thread] DEBUG GameScene            - Entity added to scene
16:41:01.235 [JavaFX Application Thread] DEBUG GameScene            - Added MainViewComponent
16:41:01.235 [JavaFX Application Thread] DEBUG GameScene            - Entity added to scene
16:41:01.235 [JavaFX Application Thread] DEBUG GameScene            - Added MainViewComponent
16:41:01.235 [JavaFX Application Thread] DEBUG GameScene            - Entity added to scene
16:41:01.235 [JavaFX Application Thread] DEBUG GameScene            - Added MainViewComponent
16:41:01.235 [JavaFX Application Thread] DEBUG GameScene            - Entity added to scene
16:41:01.235 [JavaFX Application Thread] DEBUG GameScene            - Added MainViewComponent
16:41:01.235 [JavaFX Application Thread] DEBUG GameScene            - Entity added to scene
16:41:01.235 [JavaFX Application Thread] DEBUG GameScene            - Added MainViewComponent
16:41:01.236 [JavaFX Application Thread] DEBUG GameScene            - Entity added to scene
16:41:01.236 [JavaFX Application Thread] DEBUG GameScene            - Added MainViewComponent
16:41:01.236 [JavaFX Application Thread] DEBUG GameScene            - Entity added to scene
16:41:01.236 [JavaFX Application Thread] DEBUG GameScene            - Added MainViewComponent
16:41:01.236 [JavaFX Application Thread] DEBUG GameScene            - Entity added to scene
16:41:01.236 [JavaFX Application Thread] DEBUG GameScene            - Added MainViewComponent
16:41:01.236 [JavaFX Application Thread] DEBUG GameScene            - Entity added to scene
16:41:01.236 [JavaFX Application Thread] DEBUG GameScene            - Added MainViewComponent
16:41:01.236 [JavaFX Application Thread] DEBUG GameScene            - Entity added to scene
16:41:01.236 [JavaFX Application Thread] DEBUG GameScene            - Added MainViewComponent
16:41:01.236 [JavaFX Application Thread] DEBUG GameScene            - Entity added to scene
16:41:01.236 [JavaFX Application Thread] DEBUG GameScene            - Added MainViewComponent
16:41:01.236 [JavaFX Application Thread] DEBUG GameScene            - Entity added to scene
16:41:01.236 [JavaFX Application Thread] DEBUG GameScene            - Added MainViewComponent
16:41:01.236 [JavaFX Application Thread] DEBUG GameScene            - Entity added to scene
16:41:01.236 [JavaFX Application Thread] DEBUG GameScene            - Added MainViewComponent
16:41:01.236 [JavaFX Application Thread] DEBUG GameScene            - Entity added to scene
16:41:01.236 [JavaFX Application Thread] DEBUG GameScene            - Added MainViewComponent
16:41:01.237 [JavaFX Application Thread] DEBUG GameScene            - Entity added to scene
16:41:01.237 [JavaFX Application Thread] DEBUG GameScene            - Added MainViewComponent
16:41:01.237 [JavaFX Application Thread] DEBUG GameScene            - Entity added to scene
16:41:01.237 [JavaFX Application Thread] DEBUG GameScene            - Added MainViewComponent
16:41:01.237 [JavaFX Application Thread] DEBUG GameScene            - Entity added to scene
16:41:01.237 [JavaFX Application Thread] DEBUG GameScene            - Added MainViewComponent
16:41:01.237 [JavaFX Application Thread] DEBUG GameScene            - Entity added to scene
16:41:01.237 [JavaFX Application Thread] DEBUG GameScene            - Added MainViewComponent
16:41:01.237 [JavaFX Application Thread] DEBUG GameScene            - Entity added to scene
16:41:01.237 [JavaFX Application Thread] DEBUG GameScene            - Added MainViewComponent
16:41:01.237 [JavaFX Application Thread] DEBUG GameScene            - Entity added to scene
16:41:01.237 [JavaFX Application Thread] DEBUG GameScene            - Added MainViewComponent
16:41:01.237 [JavaFX Application Thread] DEBUG GameScene            - Entity added to scene
16:41:01.237 [JavaFX Application Thread] DEBUG GameScene            - Added MainViewComponent
16:41:01.237 [JavaFX Application Thread] DEBUG GameScene            - Entity added to scene
16:41:01.237 [JavaFX Application Thread] DEBUG GameScene            - Added MainViewComponent
16:41:01.237 [JavaFX Application Thread] DEBUG GameScene            - Entity added to scene
16:41:01.237 [JavaFX Application Thread] DEBUG GameScene            - Added MainViewComponent
16:41:01.237 [JavaFX Application Thread] DEBUG GameScene            - Entity added to scene
16:41:01.237 [JavaFX Application Thread] DEBUG GameScene            - Added MainViewComponent
16:41:01.238 [JavaFX Application Thread] DEBUG GameScene            - Entity added to scene
16:41:01.238 [JavaFX Application Thread] DEBUG GameScene            - Added MainViewComponent
16:41:01.238 [JavaFX Application Thread] DEBUG GameScene            - Entity added to scene
16:41:01.238 [JavaFX Application Thread] DEBUG GameScene            - Added MainViewComponent
16:41:01.238 [JavaFX Application Thread] DEBUG GameScene            - Entity added to scene
16:41:01.238 [JavaFX Application Thread] DEBUG GameScene            - Added MainViewComponent
16:41:01.238 [JavaFX Application Thread] DEBUG GameScene            - Entity added to scene
16:41:01.238 [JavaFX Application Thread] DEBUG GameScene            - Added MainViewComponent
16:41:01.238 [JavaFX Application Thread] DEBUG GameScene            - Entity added to scene
16:41:01.238 [JavaFX Application Thread] DEBUG GameScene            - Added MainViewComponent
16:41:01.238 [JavaFX Application Thread] DEBUG GameScene            - Entity added to scene
16:41:01.238 [JavaFX Application Thread] DEBUG GameScene            - Added MainViewComponent
16:41:01.238 [JavaFX Application Thread] DEBUG GameScene            - Entity added to scene
16:41:01.238 [JavaFX Application Thread] DEBUG GameScene            - Added MainViewComponent
16:41:01.238 [JavaFX Application Thread] DEBUG GameScene            - Entity added to scene
16:41:01.238 [JavaFX Application Thread] DEBUG GameScene            - Added MainViewComponent
16:41:01.238 [JavaFX Application Thread] DEBUG GameScene            - Entity added to scene
16:41:01.238 [JavaFX Application Thread] DEBUG GameScene            - Added MainViewComponent
16:41:01.239 [JavaFX Application Thread] DEBUG GameScene            - Entity added to scene
16:41:01.239 [JavaFX Application Thread] DEBUG GameScene            - Added MainViewComponent
16:41:01.239 [JavaFX Application Thread] DEBUG GameScene            - Entity added to scene
16:41:01.239 [JavaFX Application Thread] DEBUG GameScene            - Added MainViewComponent
16:41:01.239 [JavaFX Application Thread] DEBUG GameScene            - Entity added to scene
16:41:01.239 [JavaFX Application Thread] DEBUG GameScene            - Added MainViewComponent
16:41:01.239 [JavaFX Application Thread] DEBUG GameScene            - Entity added to scene
16:41:01.239 [JavaFX Application Thread] DEBUG GameScene            - Added MainViewComponent
16:41:01.239 [JavaFX Application Thread] DEBUG GameScene            - Entity added to scene
16:41:01.239 [JavaFX Application Thread] DEBUG GameScene            - Added MainViewComponent
16:41:01.239 [JavaFX Application Thread] DEBUG GameScene            - Entity added to scene
16:41:01.239 [JavaFX Application Thread] DEBUG GameScene            - Added MainViewComponent
16:41:01.239 [JavaFX Application Thread] DEBUG GameScene            - Entity added to scene
16:41:01.239 [JavaFX Application Thread] DEBUG GameScene            - Added MainViewComponent
16:41:01.239 [JavaFX Application Thread] DEBUG GameScene            - Entity added to scene
16:41:01.239 [JavaFX Application Thread] DEBUG GameScene            - Added MainViewComponent
16:41:01.239 [JavaFX Application Thread] DEBUG GameScene            - Entity added to scene
16:41:01.239 [JavaFX Application Thread] DEBUG GameScene            - Added MainViewComponent
16:41:01.239 [JavaFX Application Thread] DEBUG GameScene            - Entity added to scene
16:41:01.239 [JavaFX Application Thread] DEBUG GameScene            - Added MainViewComponent
16:41:01.239 [JavaFX Application Thread] DEBUG GameScene            - Entity added to scene
16:41:01.239 [JavaFX Application Thread] DEBUG GameScene            - Added MainViewComponent
16:41:01.240 [JavaFX Application Thread] DEBUG GameScene            - Entity added to scene
16:41:01.240 [JavaFX Application Thread] DEBUG GameScene            - Added MainViewComponent
16:41:01.240 [JavaFX Application Thread] DEBUG GameScene            - Entity added to scene
16:41:01.240 [JavaFX Application Thread] DEBUG GameScene            - Added MainViewComponent
16:41:01.240 [JavaFX Application Thread] DEBUG GameScene            - Entity added to scene
16:41:01.240 [JavaFX Application Thread] DEBUG GameScene            - Added MainViewComponent
16:41:01.240 [JavaFX Application Thread] DEBUG GameScene            - Entity added to scene
16:41:01.240 [JavaFX Application Thread] DEBUG GameScene            - Added MainViewComponent
16:41:01.240 [JavaFX Application Thread] DEBUG GameScene            - Entity added to scene
16:41:01.240 [JavaFX Application Thread] DEBUG GameScene            - Added MainViewComponent
16:41:01.240 [JavaFX Application Thread] DEBUG GameScene            - Entity added to scene
16:41:01.240 [JavaFX Application Thread] DEBUG GameScene            - Added MainViewComponent
16:41:01.240 [JavaFX Application Thread] DEBUG GameScene            - Entity added to scene
16:41:01.240 [JavaFX Application Thread] DEBUG GameScene            - Added MainViewComponent
16:41:01.240 [JavaFX Application Thread] DEBUG GameScene            - Entity added to scene
16:41:01.240 [JavaFX Application Thread] DEBUG GameScene            - Added MainViewComponent
16:41:01.240 [JavaFX Application Thread] DEBUG GameScene            - Entity added to scene
16:41:01.240 [JavaFX Application Thread] DEBUG GameScene            - Added MainViewComponent
16:41:01.240 [JavaFX Application Thread] DEBUG GameScene            - Entity added to scene
16:41:01.240 [JavaFX Application Thread] DEBUG GameScene            - Added MainViewComponent
16:41:01.241 [JavaFX Application Thread] DEBUG GameScene            - Entity added to scene
16:41:01.241 [JavaFX Application Thread] DEBUG GameScene            - Added MainViewComponent
16:41:01.241 [JavaFX Application Thread] DEBUG GameScene            - Entity added to scene
16:41:01.241 [JavaFX Application Thread] DEBUG GameScene            - Added MainViewComponent
16:41:01.241 [JavaFX Application Thread] DEBUG GameScene            - Entity added to scene
16:41:01.241 [JavaFX Application Thread] DEBUG GameScene            - Added MainViewComponent
16:41:01.241 [JavaFX Application Thread] DEBUG GameScene            - Entity added to scene
16:41:01.241 [JavaFX Application Thread] DEBUG GameScene            - Added MainViewComponent
16:41:01.241 [JavaFX Application Thread] DEBUG GameScene            - Entity added to scene
16:41:01.241 [JavaFX Application Thread] DEBUG GameScene            - Added MainViewComponent
16:41:01.241 [JavaFX Application Thread] DEBUG GameScene            - Entity added to scene
16:41:01.241 [JavaFX Application Thread] DEBUG GameScene            - Added MainViewComponent
16:41:01.241 [JavaFX Application Thread] DEBUG GameScene            - Entity added to scene
16:41:01.241 [JavaFX Application Thread] DEBUG GameScene            - Added MainViewComponent
16:41:01.242 [JavaFX Application Thread] DEBUG GameScene            - Entity added to scene
16:41:01.242 [JavaFX Application Thread] DEBUG GameScene            - Added MainViewComponent
16:41:01.242 [JavaFX Application Thread] DEBUG GameScene            - Entity added to scene
16:41:01.242 [JavaFX Application Thread] DEBUG GameScene            - Added MainViewComponent
16:41:01.242 [JavaFX Application Thread] DEBUG GameScene            - Entity added to scene
16:41:01.242 [JavaFX Application Thread] DEBUG GameScene            - Added MainViewComponent
16:41:01.242 [JavaFX Application Thread] DEBUG GameScene            - Entity added to scene
16:41:01.242 [JavaFX Application Thread] DEBUG GameScene            - Added MainViewComponent
16:41:01.242 [JavaFX Application Thread] DEBUG GameScene            - Entity added to scene
16:41:01.242 [JavaFX Application Thread] DEBUG GameScene            - Added MainViewComponent
16:41:01.242 [JavaFX Application Thread] DEBUG GameScene            - Entity added to scene
16:41:01.242 [JavaFX Application Thread] DEBUG GameScene            - Added MainViewComponent
16:41:01.242 [JavaFX Application Thread] DEBUG GameScene            - Entity added to scene
16:41:01.242 [JavaFX Application Thread] DEBUG GameScene            - Added MainViewComponent
16:41:01.243 [JavaFX Application Thread] DEBUG GameScene            - Entity added to scene
16:41:01.243 [JavaFX Application Thread] DEBUG GameScene            - Added MainViewComponent
16:41:01.243 [JavaFX Application Thread] DEBUG GameScene            - Entity added to scene
16:41:01.243 [JavaFX Application Thread] DEBUG GameScene            - Added MainViewComponent
16:41:01.243 [JavaFX Application Thread] DEBUG GameScene            - Entity added to scene
16:41:01.243 [JavaFX Application Thread] DEBUG GameScene            - Added MainViewComponent
16:41:01.243 [JavaFX Application Thread] DEBUG GameScene            - Entity added to scene
16:41:01.243 [JavaFX Application Thread] DEBUG GameScene            - Added MainViewComponent
16:41:01.243 [JavaFX Application Thread] DEBUG GameScene            - Entity added to scene
16:41:01.244 [JavaFX Application Thread] DEBUG GameScene            - Added MainViewComponent
16:41:01.244 [JavaFX Application Thread] DEBUG GameScene            - Creating render group for layer: BACKGROUND(1000)
16:41:01.781 [JavaFX Application Thread] DEBUG GameScene            - Entity removed from scene
16:41:01.781 [JavaFX Application Thread] DEBUG GameScene            - Removed MainViewComponent
16:41:02.147 [JavaFX Application Thread] DEBUG GameScene            - Entity removed from scene
16:41:02.147 [JavaFX Application Thread] DEBUG GameScene            - Removed MainViewComponent
16:41:02.499 [JavaFX Application Thread] DEBUG GameScene            - Entity removed from scene
16:41:02.499 [JavaFX Application Thread] DEBUG GameScene            - Removed MainViewComponent
16:41:02.836 [JavaFX Application Thread] DEBUG GameScene            - Entity removed from scene
16:41:02.836 [JavaFX Application Thread] DEBUG GameScene            - Removed MainViewComponent
16:41:03.187 [JavaFX Application Thread] DEBUG GameScene            - Entity removed from scene
16:41:03.188 [JavaFX Application Thread] DEBUG GameScene            - Removed MainViewComponent
16:41:03.539 [JavaFX Application Thread] DEBUG GameScene            - Entity removed from scene
16:41:03.539 [JavaFX Application Thread] DEBUG GameScene            - Removed MainViewComponent
16:41:03.891 [JavaFX Application Thread] DEBUG GameScene            - Entity removed from scene
16:41:03.891 [JavaFX Application Thread] DEBUG GameScene            - Removed MainViewComponent
16:41:04.243 [JavaFX Application Thread] DEBUG GameScene            - Entity removed from scene
16:41:04.243 [JavaFX Application Thread] DEBUG GameScene            - Removed MainViewComponent
16:41:04.579 [JavaFX Application Thread] DEBUG GameScene            - Entity removed from scene
16:41:04.579 [JavaFX Application Thread] DEBUG GameScene            - Removed MainViewComponent
16:41:04.931 [JavaFX Application Thread] DEBUG GameScene            - Entity removed from scene
16:41:04.932 [JavaFX Application Thread] DEBUG GameScene            - Removed MainViewComponent
16:41:05.252 [JavaFX Application Thread] DEBUG GameScene            - Entity removed from scene
16:41:05.252 [JavaFX Application Thread] DEBUG GameScene            - Removed MainViewComponent
16:41:05.604 [JavaFX Application Thread] DEBUG GameScene            - Entity removed from scene
16:41:05.604 [JavaFX Application Thread] DEBUG GameScene            - Removed MainViewComponent
16:41:05.939 [JavaFX Application Thread] DEBUG GameScene            - Entity removed from scene
16:41:05.939 [JavaFX Application Thread] DEBUG GameScene            - Removed MainViewComponent
16:41:06.165 [JavaFX Application Thread] DEBUG FXGLEventBus         - Firing event: DisplayEvent[type=CLOSE_REQUEST]
16:41:06.166 [JavaFX Application Thread] DEBUG FXGLEventBus         - Firing event: FXGLEvent[type=EXIT]
16:41:06.166 [JavaFX Application Thread] DEBUG FXGL                 - Saving FXGL system data
16:41:06.167 [JavaFX Application Thread] DEBUG IOTask               - Executing task: writeDataTask(system/fxgl.bundle)
16:41:06.169 [JavaFX Application Thread] DEBUG FS                   - Writing to: system\fxgl.bundle
16:41:06.172 [JavaFX Application Thread] DEBUG IOTask               - Task succeeded: writeDataTask(system/fxgl.bundle)
