22:35:11.303 [FXGL Launcher Thread     ] DEBUG FXGLLoggerFactory    - Service [LoggerFactory] initialized
22:35:11.308 [FXGL Launcher Thread     ] DEBUG FXGL                 - FXGL configuration complete
22:35:11.308 [FXGL Launcher Thread     ] DEBUG FXGL                 - Loading FXGL system data
22:35:11.311 [FXGL Launcher Thread     ] DEBUG IOTask               - Executing task: readDataTask(system/fxgl.bundle)
22:35:11.313 [FXGL Launcher Thread     ] DEBUG FS                   - Reading from: system\fxgl.bundle
22:35:11.318 [FXGL Launcher Thread     ] DEBUG IOTask               - Task succeeded: readDataTask(system/fxgl.bundle)
22:35:11.318 [FXGL Launcher Thread     ] DEBUG Bundle               - Logging bundle: FXGL
22:35:11.319 [FXGL Launcher Thread     ] DEBUG Bundle               - FXGL.offline.timer.version.check=2017-07-06T21:24:34.887
22:35:11.324 [FXGL Launcher Thread     ] DEBUG GameApplication      - Configuring GameApplication
22:35:11.327 [FXGL Launcher Thread     ] DEBUG FXGLExceptionHandler - Service [ExceptionHandler] initialized
22:35:11.328 [FXGL Launcher Thread     ] DEBUG FXGLEventBus         - Service [EventBus] initialized
22:35:11.330 [FXGL Launcher Thread     ] DEBUG FXGLExecutor         - Service [Executor] initialized
22:35:11.330 [FXGL Launcher Thread     ] DEBUG PreInitTask          - Injecting gameWorld & physicsWorld
22:35:11.338 [FXGL Launcher Thread     ] DEBUG GameWorld            - Game world initialized
22:35:11.376 [FXGL Launcher Thread     ] DEBUG FXGLPooler           - Service [Pooler] initialized with default size = 128
22:35:11.377 [FXGL Launcher Thread     ] DEBUG PhysicsWorld         - Physics world initialized: appHeight=840.0, physics.ppm=50.0
22:35:11.378 [FXGL Launcher Thread     ] DEBUG FXGLInput            - Service [Input] initialized
22:35:11.393 [FXGL Launcher Thread     ] DEBUG FXGLInput            - Registered new binding: Screenshot - P
22:35:11.393 [FXGL Launcher Thread     ] DEBUG FXGLInput            - Registered new binding: Dev Options - CTRL+0
22:35:11.394 [FXGL Launcher Thread     ] DEBUG FXGLInput            - Registered new binding: Up - W
22:35:11.394 [FXGL Launcher Thread     ] DEBUG FXGLInput            - Registered new binding: Left - A
22:35:11.394 [FXGL Launcher Thread     ] DEBUG FXGLInput            - Registered new binding: Down - S
22:35:11.394 [FXGL Launcher Thread     ] DEBUG FXGLInput            - Registered new binding: Right - D
22:35:11.413 [FXGL Launcher Thread     ] DEBUG GameScene            - Game scene initialized: 960.0x840.0
22:35:11.416 [FXGL Launcher Thread     ] DEBUG FXGLAssetLoader      - Service [AssetLoader] initialized: cacheSize=35
22:35:11.418 [FXGL Launcher Thread     ] DEBUG FXGLAssetLoader      - Loading from disk: /assets/sounds/system/notification.wav
22:35:11.461 [FXGL Launcher Thread     ] DEBUG FXGLAssetLoader      - Loading from disk: /assets/sounds/menu/select.wav
22:35:11.462 [FXGL Launcher Thread     ] DEBUG FXGLAssetLoader      - Loading from disk: /assets/sounds/menu/back.wav
22:35:11.464 [FXGL Launcher Thread     ] DEBUG FXGLAssetLoader      - Loading from disk: /assets/sounds/menu/press.wav
22:35:11.465 [FXGL Launcher Thread     ] DEBUG FXGLAssetLoader      - Loading from disk: /assets/ui/fonts/Copperplate_Gothic_Light_Regular.ttf
22:35:11.526 [FXGL Launcher Thread     ] DEBUG FXGLAssetLoader      - Loading from disk: /assets/ui/css/fxgl.css
22:35:11.526 [FXGL Launcher Thread     ] DEBUG FXGLAssetLoader      - Loading from disk: /assets/ui/icons/fxgl_icon.png
22:35:11.550 [FXGL Launcher Thread     ] DEBUG FXGLAssetLoader      - Loading from disk: /assets/ui/css/fxgl_dark.css
22:35:11.558 [FXGL Launcher Thread     ] DEBUG FXGLDisplay          - Target size: DoubleProperty [value: 960.0] x DoubleProperty [value: 840.0] @ 1.0
22:35:11.558 [FXGL Launcher Thread     ] DEBUG FXGLDisplay          - New size:    960.0 x 840.0 @ DoubleProperty [value: 1.0]
22:35:11.558 [FXGL Launcher Thread     ] DEBUG FXGLDisplay          - Service [Display] initialized
22:35:11.559 [FXGL Launcher Thread     ] DEBUG FXGLDisplay          - Using CSS: CSS(externalForm=jar:file:/C:/Users/lukel/Documents/FLASHDRIVE%20BACKUP/Pacman2.8.17/Pacman/lib/fxgl-0.2.9-uber.jar!/assets/ui/css/fxgl_dark.css)
22:35:11.559 [FXGL Launcher Thread     ] DEBUG InitScenesTask       - Injecting loadingScene & gameScene
22:35:11.571 [FXGL Launcher Thread     ] DEBUG FXGLMasterTimer      - Service [MasterTimer] initialized
22:35:11.573 [FXGL Launcher Thread     ] DEBUG FXGLAudioPlayer      - Service [AudioPlayer] initialized
22:35:11.579 [FXGL Launcher Thread     ] DEBUG GameApplication      - Starting new game
22:35:11.580 [FXGL Launcher Thread     ] DEBUG GameApplication      - Initializing App
22:35:11.581 [FXGL Launcher Thread     ] DEBUG FXGLInput            - Clearing active input actions
22:35:11.582 [FXGL Launcher Thread     ] DEBUG FXGLMasterTimer      - Stopping master timer
22:35:11.582 [FXGL Launcher Thread     ] DEBUG GameApplication      - State: STARTUP -> PAUSED
22:35:11.582 [FXGL Launcher Thread     ] DEBUG FXGLEventBus         - Firing event: FXGLEvent[type=PAUSE]
22:35:11.583 [FXGL Launcher Thread     ] DEBUG FXGLInput            - Clearing active input actions
22:35:11.583 [FXGL Launcher Thread     ] DEBUG FXGLMasterTimer      - Resetting ticks and clearing all actions
22:35:11.583 [FXGL Launcher Thread     ] DEBUG GameWorld            - Resetting game world
22:35:11.583 [FXGL Launcher Thread     ] TRACE EntityWorld          - Resetting entity world
22:35:11.584 [FXGL Launcher Thread     ] DEBUG PhysicsWorld         - Resetting physics world
22:35:11.584 [FXGL Launcher Thread     ] DEBUG GameScene            - Resetting game scene
22:35:11.584 [FXGL Launcher Thread     ] DEBUG FXGLEventBus         - Firing event: FXGLEvent[type=RESET]
22:35:11.618 [FXGL Launcher Thread     ] DEBUG GameApplication      - State: PAUSED -> LOADING
22:35:11.641 [FXGL Background Thread 1 ] DEBUG InitAppTask          - Initializing Assets
22:35:11.642 [FXGL Background Thread 1 ] DEBUG InitAppTask          - Initializing Game
22:35:11.655 [FXGL Background Thread 1 ] DEBUG FXGLAssetLoader      - Loading from disk: /assets/textures/pacman0.png
22:35:11.663 [FXGL Background Thread 1 ] DEBUG FXGLAssetLoader      - Loading from disk: /assets/text/levels/level.txt
22:35:11.706 [JavaFX Application Thread] DEBUG FXGLDisplay          - Showing stage
22:35:11.706 [JavaFX Application Thread] DEBUG FXGLDisplay          - Root size: 960.0x840.0
22:35:11.706 [JavaFX Application Thread] DEBUG FXGLDisplay          - Scene size: 960.0x840.0
22:35:11.706 [JavaFX Application Thread] DEBUG FXGLDisplay          - Stage size: 976.0x879.0
22:35:11.741 [FXGL Background Thread 1 ] DEBUG FXGLAssetLoader      - Loading from disk: /assets/textures/blinkyBottom00.png
22:35:11.749 [FXGL Background Thread 1 ] DEBUG FXGLAssetLoader      - Loading from disk: /assets/textures/pinkyBottom00.png
22:35:11.750 [FXGL Background Thread 1 ] DEBUG FXGLAssetLoader      - Loading from disk: /assets/textures/inkyBottom00.png
22:35:11.754 [FXGL Background Thread 1 ] DEBUG FXGLAssetLoader      - Loading from disk: /assets/textures/clydeBottom00.png
22:35:11.782 [FXGL Background Thread 1 ] DEBUG FXGLAssetLoader      - Loading from cache: /assets/textures/pacman0.png
22:35:11.795 [FXGL Background Thread 1 ] DEBUG GameWorld            - Resetting game world
22:35:11.795 [FXGL Background Thread 1 ] TRACE EntityWorld          - Resetting entity world
22:35:11.797 [FXGL Background Thread 1 ] DEBUG GameScene            - Entity added to scene
22:35:11.797 [FXGL Background Thread 1 ] DEBUG GameScene            - Added MainViewComponent
22:35:11.798 [FXGL Background Thread 1 ] DEBUG GameScene            - Creating render group for layer: TOP(2147483647)
22:35:11.801 [FXGL Background Thread 1 ] DEBUG GameScene            - Removed MainViewComponent
22:35:11.802 [FXGL Background Thread 1 ] DEBUG PhysicsWorld         - Resetting physics world
22:35:11.802 [FXGL Background Thread 1 ] DEBUG GameScene            - Resetting game scene
22:35:11.802 [FXGL Background Thread 1 ] DEBUG GameWorld            - Setting level: com.almasb.fxgl.gameplay.Level@64a8a34d
22:35:11.804 [FXGL Background Thread 1 ] DEBUG InitAppTask          - Initializing Physics
22:35:11.804 [FXGL Background Thread 1 ] DEBUG InitAppTask          - Initializing UI
22:35:11.805 [FXGL Background Thread 1 ] DEBUG FXGLAssetLoader      - Loading from disk: /assets/ui/pacman_ui.fxml
22:35:11.831 [FXGL Background Thread 1 ] DEBUG GameScene            - Adding UI node: Pane@621400d5
22:35:11.831 [FXGL Background Thread 1 ] DEBUG GameScene            - Adding UI node: Label@21d496f6[styleClass=label]'Lives:'
22:35:11.831 [FXGL Background Thread 1 ] DEBUG GameScene            - Adding UI node: Circle[centerX=0.0, centerY=0.0, radius=15.0, fill=0xffff00ff, stroke=0x000000ff, strokeWidth=1.0]
22:35:11.831 [FXGL Background Thread 1 ] DEBUG GameScene            - Adding UI node: Circle[centerX=0.0, centerY=0.0, radius=15.0, fill=0xffff00ff, stroke=0x000000ff, strokeWidth=1.0]
22:35:11.831 [FXGL Background Thread 1 ] DEBUG GameScene            - Adding UI node: Circle[centerX=0.0, centerY=0.0, radius=15.0, fill=0xffff00ff, stroke=0x000000ff, strokeWidth=1.0]
22:35:11.831 [FXGL Background Thread 1 ] DEBUG InitAppTask          - Initialization Complete
22:35:11.833 [JavaFX Application Thread] DEBUG FXGLInput            - Clearing active input actions
22:35:11.833 [JavaFX Application Thread] DEBUG FXGLMasterTimer      - Starting master timer
22:35:11.833 [JavaFX Application Thread] DEBUG GameApplication      - State: LOADING -> PLAYING
22:35:11.839 [JavaFX Application Thread] DEBUG FXGLEventBus         - Firing event: FXGLEvent[type=RESUME]
22:35:11.848 [JavaFX Application Thread] DEBUG GameScene            - Entity added to scene
22:35:11.848 [JavaFX Application Thread] DEBUG GameScene            - Added MainViewComponent
22:35:11.849 [JavaFX Application Thread] DEBUG GameScene            - Creating render group for layer: TOP(2147483647)
22:35:11.849 [JavaFX Application Thread] DEBUG GameScene            - Entity added to scene
22:35:11.849 [JavaFX Application Thread] DEBUG GameScene            - Added MainViewComponent
22:35:11.849 [JavaFX Application Thread] DEBUG GameScene            - Entity added to scene
22:35:11.849 [JavaFX Application Thread] DEBUG GameScene            - Added MainViewComponent
22:35:11.849 [JavaFX Application Thread] DEBUG GameScene            - Entity added to scene
22:35:11.849 [JavaFX Application Thread] DEBUG GameScene            - Added MainViewComponent
22:35:11.849 [JavaFX Application Thread] DEBUG GameScene            - Entity added to scene
22:35:11.849 [JavaFX Application Thread] DEBUG GameScene            - Added MainViewComponent
22:35:11.850 [JavaFX Application Thread] DEBUG GameScene            - Entity added to scene
22:35:11.850 [JavaFX Application Thread] DEBUG GameScene            - Added MainViewComponent
22:35:11.850 [JavaFX Application Thread] DEBUG GameScene            - Entity added to scene
22:35:11.850 [JavaFX Application Thread] DEBUG GameScene            - Added MainViewComponent
22:35:11.850 [JavaFX Application Thread] DEBUG GameScene            - Entity added to scene
22:35:11.850 [JavaFX Application Thread] DEBUG GameScene            - Added MainViewComponent
22:35:11.850 [JavaFX Application Thread] DEBUG GameScene            - Entity added to scene
22:35:11.850 [JavaFX Application Thread] DEBUG GameScene            - Added MainViewComponent
22:35:11.850 [JavaFX Application Thread] DEBUG GameScene            - Entity added to scene
22:35:11.850 [JavaFX Application Thread] DEBUG GameScene            - Added MainViewComponent
22:35:11.851 [JavaFX Application Thread] DEBUG GameScene            - Entity added to scene
22:35:11.851 [JavaFX Application Thread] DEBUG GameScene            - Added MainViewComponent
22:35:11.851 [JavaFX Application Thread] DEBUG GameScene            - Entity added to scene
22:35:11.851 [JavaFX Application Thread] DEBUG GameScene            - Added MainViewComponent
22:35:11.851 [JavaFX Application Thread] DEBUG GameScene            - Entity added to scene
22:35:11.851 [JavaFX Application Thread] DEBUG GameScene            - Added MainViewComponent
22:35:11.851 [JavaFX Application Thread] DEBUG GameScene            - Entity added to scene
22:35:11.851 [JavaFX Application Thread] DEBUG GameScene            - Added MainViewComponent
22:35:11.851 [JavaFX Application Thread] DEBUG GameScene            - Entity added to scene
22:35:11.851 [JavaFX Application Thread] DEBUG GameScene            - Added MainViewComponent
22:35:11.852 [JavaFX Application Thread] DEBUG GameScene            - Entity added to scene
22:35:11.852 [JavaFX Application Thread] DEBUG GameScene            - Added MainViewComponent
22:35:11.852 [JavaFX Application Thread] DEBUG GameScene            - Entity added to scene
22:35:11.852 [JavaFX Application Thread] DEBUG GameScene            - Added MainViewComponent
22:35:11.852 [JavaFX Application Thread] DEBUG GameScene            - Entity added to scene
22:35:11.852 [JavaFX Application Thread] DEBUG GameScene            - Added MainViewComponent
22:35:11.853 [JavaFX Application Thread] DEBUG GameScene            - Entity added to scene
22:35:11.853 [JavaFX Application Thread] DEBUG GameScene            - Added MainViewComponent
22:35:11.853 [JavaFX Application Thread] DEBUG GameScene            - Entity added to scene
22:35:11.853 [JavaFX Application Thread] DEBUG GameScene            - Added MainViewComponent
22:35:11.853 [JavaFX Application Thread] DEBUG GameScene            - Entity added to scene
22:35:11.853 [JavaFX Application Thread] DEBUG GameScene            - Added MainViewComponent
22:35:11.853 [JavaFX Application Thread] DEBUG GameScene            - Creating render group for layer: BACKGROUND2(1001)
22:35:11.853 [JavaFX Application Thread] DEBUG GameScene            - Entity added to scene
22:35:11.854 [JavaFX Application Thread] DEBUG GameScene            - Added MainViewComponent
22:35:11.854 [JavaFX Application Thread] DEBUG GameScene            - Entity added to scene
22:35:11.854 [JavaFX Application Thread] DEBUG GameScene            - Added MainViewComponent
22:35:11.854 [JavaFX Application Thread] DEBUG GameScene            - Entity added to scene
22:35:11.854 [JavaFX Application Thread] DEBUG GameScene            - Added MainViewComponent
22:35:11.854 [JavaFX Application Thread] DEBUG GameScene            - Entity added to scene
22:35:11.854 [JavaFX Application Thread] DEBUG GameScene            - Added MainViewComponent
22:35:11.854 [JavaFX Application Thread] DEBUG GameScene            - Entity added to scene
22:35:11.854 [JavaFX Application Thread] DEBUG GameScene            - Added MainViewComponent
22:35:11.854 [JavaFX Application Thread] DEBUG GameScene            - Entity added to scene
22:35:11.854 [JavaFX Application Thread] DEBUG GameScene            - Added MainViewComponent
22:35:11.855 [JavaFX Application Thread] DEBUG GameScene            - Entity added to scene
22:35:11.855 [JavaFX Application Thread] DEBUG GameScene            - Added MainViewComponent
22:35:11.855 [JavaFX Application Thread] DEBUG GameScene            - Entity added to scene
22:35:11.855 [JavaFX Application Thread] DEBUG GameScene            - Added MainViewComponent
22:35:11.855 [JavaFX Application Thread] DEBUG GameScene            - Entity added to scene
22:35:11.855 [JavaFX Application Thread] DEBUG GameScene            - Added MainViewComponent
22:35:11.855 [JavaFX Application Thread] DEBUG GameScene            - Entity added to scene
22:35:11.855 [JavaFX Application Thread] DEBUG GameScene            - Added MainViewComponent
22:35:11.855 [JavaFX Application Thread] DEBUG GameScene            - Entity added to scene
22:35:11.855 [JavaFX Application Thread] DEBUG GameScene            - Added MainViewComponent
22:35:11.855 [JavaFX Application Thread] DEBUG GameScene            - Entity added to scene
22:35:11.855 [JavaFX Application Thread] DEBUG GameScene            - Added MainViewComponent
22:35:11.856 [JavaFX Application Thread] DEBUG GameScene            - Entity added to scene
22:35:11.856 [JavaFX Application Thread] DEBUG GameScene            - Added MainViewComponent
22:35:11.856 [JavaFX Application Thread] DEBUG GameScene            - Entity added to scene
22:35:11.856 [JavaFX Application Thread] DEBUG GameScene            - Added MainViewComponent
22:35:11.856 [JavaFX Application Thread] DEBUG GameScene            - Entity added to scene
22:35:11.856 [JavaFX Application Thread] DEBUG GameScene            - Added MainViewComponent
22:35:11.856 [JavaFX Application Thread] DEBUG GameScene            - Entity added to scene
22:35:11.856 [JavaFX Application Thread] DEBUG GameScene            - Added MainViewComponent
22:35:11.856 [JavaFX Application Thread] DEBUG GameScene            - Entity added to scene
22:35:11.856 [JavaFX Application Thread] DEBUG GameScene            - Added MainViewComponent
22:35:11.856 [JavaFX Application Thread] DEBUG GameScene            - Entity added to scene
22:35:11.856 [JavaFX Application Thread] DEBUG GameScene            - Added MainViewComponent
22:35:11.857 [JavaFX Application Thread] DEBUG GameScene            - Entity added to scene
22:35:11.857 [JavaFX Application Thread] DEBUG GameScene            - Added MainViewComponent
22:35:11.857 [JavaFX Application Thread] DEBUG GameScene            - Entity added to scene
22:35:11.857 [JavaFX Application Thread] DEBUG GameScene            - Added MainViewComponent
22:35:11.857 [JavaFX Application Thread] DEBUG GameScene            - Entity added to scene
22:35:11.857 [JavaFX Application Thread] DEBUG GameScene            - Added MainViewComponent
22:35:11.857 [JavaFX Application Thread] DEBUG GameScene            - Entity added to scene
22:35:11.857 [JavaFX Application Thread] DEBUG GameScene            - Added MainViewComponent
22:35:11.857 [JavaFX Application Thread] DEBUG GameScene            - Entity added to scene
22:35:11.857 [JavaFX Application Thread] DEBUG GameScene            - Added MainViewComponent
22:35:11.857 [JavaFX Application Thread] DEBUG GameScene            - Entity added to scene
22:35:11.857 [JavaFX Application Thread] DEBUG GameScene            - Added MainViewComponent
22:35:11.858 [JavaFX Application Thread] DEBUG GameScene            - Entity added to scene
22:35:11.858 [JavaFX Application Thread] DEBUG GameScene            - Added MainViewComponent
22:35:11.858 [JavaFX Application Thread] DEBUG GameScene            - Entity added to scene
22:35:11.858 [JavaFX Application Thread] DEBUG GameScene            - Added MainViewComponent
22:35:11.858 [JavaFX Application Thread] DEBUG GameScene            - Entity added to scene
22:35:11.858 [JavaFX Application Thread] DEBUG GameScene            - Added MainViewComponent
22:35:11.858 [JavaFX Application Thread] DEBUG GameScene            - Entity added to scene
22:35:11.858 [JavaFX Application Thread] DEBUG GameScene            - Added MainViewComponent
22:35:11.858 [JavaFX Application Thread] DEBUG GameScene            - Entity added to scene
22:35:11.858 [JavaFX Application Thread] DEBUG GameScene            - Added MainViewComponent
22:35:11.858 [JavaFX Application Thread] DEBUG GameScene            - Entity added to scene
22:35:11.858 [JavaFX Application Thread] DEBUG GameScene            - Added MainViewComponent
22:35:11.858 [JavaFX Application Thread] DEBUG GameScene            - Entity added to scene
22:35:11.858 [JavaFX Application Thread] DEBUG GameScene            - Added MainViewComponent
22:35:11.859 [JavaFX Application Thread] DEBUG GameScene            - Entity added to scene
22:35:11.859 [JavaFX Application Thread] DEBUG GameScene            - Added MainViewComponent
22:35:11.859 [JavaFX Application Thread] DEBUG GameScene            - Entity added to scene
22:35:11.859 [JavaFX Application Thread] DEBUG GameScene            - Added MainViewComponent
22:35:11.859 [JavaFX Application Thread] DEBUG GameScene            - Entity added to scene
22:35:11.859 [JavaFX Application Thread] DEBUG GameScene            - Added MainViewComponent
22:35:11.859 [JavaFX Application Thread] DEBUG GameScene            - Entity added to scene
22:35:11.859 [JavaFX Application Thread] DEBUG GameScene            - Added MainViewComponent
22:35:11.859 [JavaFX Application Thread] DEBUG GameScene            - Entity added to scene
22:35:11.859 [JavaFX Application Thread] DEBUG GameScene            - Added MainViewComponent
22:35:11.859 [JavaFX Application Thread] DEBUG GameScene            - Entity added to scene
22:35:11.859 [JavaFX Application Thread] DEBUG GameScene            - Added MainViewComponent
22:35:11.859 [JavaFX Application Thread] DEBUG GameScene            - Entity added to scene
22:35:11.859 [JavaFX Application Thread] DEBUG GameScene            - Added MainViewComponent
22:35:11.860 [JavaFX Application Thread] DEBUG GameScene            - Entity added to scene
22:35:11.860 [JavaFX Application Thread] DEBUG GameScene            - Added MainViewComponent
22:35:11.860 [JavaFX Application Thread] DEBUG GameScene            - Entity added to scene
22:35:11.860 [JavaFX Application Thread] DEBUG GameScene            - Added MainViewComponent
22:35:11.860 [JavaFX Application Thread] DEBUG GameScene            - Entity added to scene
22:35:11.860 [JavaFX Application Thread] DEBUG GameScene            - Added MainViewComponent
22:35:11.860 [JavaFX Application Thread] DEBUG GameScene            - Entity added to scene
22:35:11.860 [JavaFX Application Thread] DEBUG GameScene            - Added MainViewComponent
22:35:11.860 [JavaFX Application Thread] DEBUG GameScene            - Entity added to scene
22:35:11.860 [JavaFX Application Thread] DEBUG GameScene            - Added MainViewComponent
22:35:11.860 [JavaFX Application Thread] DEBUG GameScene            - Entity added to scene
22:35:11.860 [JavaFX Application Thread] DEBUG GameScene            - Added MainViewComponent
22:35:11.860 [JavaFX Application Thread] DEBUG GameScene            - Entity added to scene
22:35:11.860 [JavaFX Application Thread] DEBUG GameScene            - Added MainViewComponent
22:35:11.861 [JavaFX Application Thread] DEBUG GameScene            - Entity added to scene
22:35:11.861 [JavaFX Application Thread] DEBUG GameScene            - Added MainViewComponent
22:35:11.861 [JavaFX Application Thread] DEBUG GameScene            - Entity added to scene
22:35:11.861 [JavaFX Application Thread] DEBUG GameScene            - Added MainViewComponent
22:35:11.861 [JavaFX Application Thread] DEBUG GameScene            - Entity added to scene
22:35:11.861 [JavaFX Application Thread] DEBUG GameScene            - Added MainViewComponent
22:35:11.861 [JavaFX Application Thread] DEBUG GameScene            - Entity added to scene
22:35:11.861 [JavaFX Application Thread] DEBUG GameScene            - Added MainViewComponent
22:35:11.862 [JavaFX Application Thread] DEBUG GameScene            - Entity added to scene
22:35:11.862 [JavaFX Application Thread] DEBUG GameScene            - Added MainViewComponent
22:35:11.862 [JavaFX Application Thread] DEBUG GameScene            - Entity added to scene
22:35:11.862 [JavaFX Application Thread] DEBUG GameScene            - Added MainViewComponent
22:35:11.862 [JavaFX Application Thread] DEBUG GameScene            - Entity added to scene
22:35:11.862 [JavaFX Application Thread] DEBUG GameScene            - Added MainViewComponent
22:35:11.862 [JavaFX Application Thread] DEBUG GameScene            - Entity added to scene
22:35:11.862 [JavaFX Application Thread] DEBUG GameScene            - Added MainViewComponent
22:35:11.862 [JavaFX Application Thread] DEBUG GameScene            - Entity added to scene
22:35:11.862 [JavaFX Application Thread] DEBUG GameScene            - Added MainViewComponent
22:35:11.862 [JavaFX Application Thread] DEBUG GameScene            - Entity added to scene
22:35:11.862 [JavaFX Application Thread] DEBUG GameScene            - Added MainViewComponent
22:35:11.862 [JavaFX Application Thread] DEBUG GameScene            - Entity added to scene
22:35:11.862 [JavaFX Application Thread] DEBUG GameScene            - Added MainViewComponent
22:35:11.863 [JavaFX Application Thread] DEBUG GameScene            - Entity added to scene
22:35:11.863 [JavaFX Application Thread] DEBUG GameScene            - Added MainViewComponent
22:35:11.863 [JavaFX Application Thread] DEBUG GameScene            - Entity added to scene
22:35:11.863 [JavaFX Application Thread] DEBUG GameScene            - Added MainViewComponent
22:35:11.863 [JavaFX Application Thread] DEBUG GameScene            - Entity added to scene
22:35:11.863 [JavaFX Application Thread] DEBUG GameScene            - Added MainViewComponent
22:35:11.863 [JavaFX Application Thread] DEBUG GameScene            - Entity added to scene
22:35:11.863 [JavaFX Application Thread] DEBUG GameScene            - Added MainViewComponent
22:35:11.863 [JavaFX Application Thread] DEBUG GameScene            - Entity added to scene
22:35:11.863 [JavaFX Application Thread] DEBUG GameScene            - Added MainViewComponent
22:35:11.863 [JavaFX Application Thread] DEBUG GameScene            - Entity added to scene
22:35:11.863 [JavaFX Application Thread] DEBUG GameScene            - Added MainViewComponent
22:35:11.864 [JavaFX Application Thread] DEBUG GameScene            - Entity added to scene
22:35:11.864 [JavaFX Application Thread] DEBUG GameScene            - Added MainViewComponent
22:35:11.864 [JavaFX Application Thread] DEBUG GameScene            - Entity added to scene
22:35:11.864 [JavaFX Application Thread] DEBUG GameScene            - Added MainViewComponent
22:35:11.864 [JavaFX Application Thread] DEBUG GameScene            - Entity added to scene
22:35:11.864 [JavaFX Application Thread] DEBUG GameScene            - Added MainViewComponent
22:35:11.864 [JavaFX Application Thread] DEBUG GameScene            - Entity added to scene
22:35:11.864 [JavaFX Application Thread] DEBUG GameScene            - Added MainViewComponent
22:35:11.864 [JavaFX Application Thread] DEBUG GameScene            - Entity added to scene
22:35:11.864 [JavaFX Application Thread] DEBUG GameScene            - Added MainViewComponent
22:35:11.864 [JavaFX Application Thread] DEBUG GameScene            - Entity added to scene
22:35:11.864 [JavaFX Application Thread] DEBUG GameScene            - Added MainViewComponent
22:35:11.864 [JavaFX Application Thread] DEBUG GameScene            - Entity added to scene
22:35:11.864 [JavaFX Application Thread] DEBUG GameScene            - Added MainViewComponent
22:35:11.864 [JavaFX Application Thread] DEBUG GameScene            - Entity added to scene
22:35:11.864 [JavaFX Application Thread] DEBUG GameScene            - Added MainViewComponent
22:35:11.865 [JavaFX Application Thread] DEBUG GameScene            - Entity added to scene
22:35:11.865 [JavaFX Application Thread] DEBUG GameScene            - Added MainViewComponent
22:35:11.865 [JavaFX Application Thread] DEBUG GameScene            - Entity added to scene
22:35:11.865 [JavaFX Application Thread] DEBUG GameScene            - Added MainViewComponent
22:35:11.865 [JavaFX Application Thread] DEBUG GameScene            - Entity added to scene
22:35:11.865 [JavaFX Application Thread] DEBUG GameScene            - Added MainViewComponent
22:35:11.865 [JavaFX Application Thread] DEBUG GameScene            - Entity added to scene
22:35:11.865 [JavaFX Application Thread] DEBUG GameScene            - Added MainViewComponent
22:35:11.865 [JavaFX Application Thread] DEBUG GameScene            - Entity added to scene
22:35:11.865 [JavaFX Application Thread] DEBUG GameScene            - Added MainViewComponent
22:35:11.865 [JavaFX Application Thread] DEBUG GameScene            - Entity added to scene
22:35:11.865 [JavaFX Application Thread] DEBUG GameScene            - Added MainViewComponent
22:35:11.865 [JavaFX Application Thread] DEBUG GameScene            - Entity added to scene
22:35:11.865 [JavaFX Application Thread] DEBUG GameScene            - Added MainViewComponent
22:35:11.866 [JavaFX Application Thread] DEBUG GameScene            - Entity added to scene
22:35:11.866 [JavaFX Application Thread] DEBUG GameScene            - Added MainViewComponent
22:35:11.866 [JavaFX Application Thread] DEBUG GameScene            - Entity added to scene
22:35:11.866 [JavaFX Application Thread] DEBUG GameScene            - Added MainViewComponent
22:35:11.866 [JavaFX Application Thread] DEBUG GameScene            - Entity added to scene
22:35:11.866 [JavaFX Application Thread] DEBUG GameScene            - Added MainViewComponent
22:35:11.866 [JavaFX Application Thread] DEBUG GameScene            - Entity added to scene
22:35:11.866 [JavaFX Application Thread] DEBUG GameScene            - Added MainViewComponent
22:35:11.866 [JavaFX Application Thread] DEBUG GameScene            - Entity added to scene
22:35:11.866 [JavaFX Application Thread] DEBUG GameScene            - Added MainViewComponent
22:35:11.867 [JavaFX Application Thread] DEBUG GameScene            - Entity added to scene
22:35:11.867 [JavaFX Application Thread] DEBUG GameScene            - Added MainViewComponent
22:35:11.867 [JavaFX Application Thread] DEBUG GameScene            - Entity added to scene
22:35:11.867 [JavaFX Application Thread] DEBUG GameScene            - Added MainViewComponent
22:35:11.867 [JavaFX Application Thread] DEBUG GameScene            - Entity added to scene
22:35:11.867 [JavaFX Application Thread] DEBUG GameScene            - Added MainViewComponent
22:35:11.867 [JavaFX Application Thread] DEBUG GameScene            - Entity added to scene
22:35:11.867 [JavaFX Application Thread] DEBUG GameScene            - Added MainViewComponent
22:35:11.867 [JavaFX Application Thread] DEBUG GameScene            - Entity added to scene
22:35:11.867 [JavaFX Application Thread] DEBUG GameScene            - Added MainViewComponent
22:35:11.867 [JavaFX Application Thread] DEBUG GameScene            - Entity added to scene
22:35:11.867 [JavaFX Application Thread] DEBUG GameScene            - Added MainViewComponent
22:35:11.867 [JavaFX Application Thread] DEBUG GameScene            - Entity added to scene
22:35:11.867 [JavaFX Application Thread] DEBUG GameScene            - Added MainViewComponent
22:35:11.868 [JavaFX Application Thread] DEBUG GameScene            - Entity added to scene
22:35:11.868 [JavaFX Application Thread] DEBUG GameScene            - Added MainViewComponent
22:35:11.868 [JavaFX Application Thread] DEBUG GameScene            - Entity added to scene
22:35:11.868 [JavaFX Application Thread] DEBUG GameScene            - Added MainViewComponent
22:35:11.868 [JavaFX Application Thread] DEBUG GameScene            - Entity added to scene
22:35:11.868 [JavaFX Application Thread] DEBUG GameScene            - Added MainViewComponent
22:35:11.868 [JavaFX Application Thread] DEBUG GameScene            - Entity added to scene
22:35:11.868 [JavaFX Application Thread] DEBUG GameScene            - Added MainViewComponent
22:35:11.868 [JavaFX Application Thread] DEBUG GameScene            - Entity added to scene
22:35:11.868 [JavaFX Application Thread] DEBUG GameScene            - Added MainViewComponent
22:35:11.868 [JavaFX Application Thread] DEBUG GameScene            - Entity added to scene
22:35:11.868 [JavaFX Application Thread] DEBUG GameScene            - Added MainViewComponent
22:35:11.868 [JavaFX Application Thread] DEBUG GameScene            - Entity added to scene
22:35:11.869 [JavaFX Application Thread] DEBUG GameScene            - Added MainViewComponent
22:35:11.869 [JavaFX Application Thread] DEBUG GameScene            - Entity added to scene
22:35:11.869 [JavaFX Application Thread] DEBUG GameScene            - Added MainViewComponent
22:35:11.869 [JavaFX Application Thread] DEBUG GameScene            - Entity added to scene
22:35:11.869 [JavaFX Application Thread] DEBUG GameScene            - Added MainViewComponent
22:35:11.869 [JavaFX Application Thread] DEBUG GameScene            - Entity added to scene
22:35:11.869 [JavaFX Application Thread] DEBUG GameScene            - Added MainViewComponent
22:35:11.869 [JavaFX Application Thread] DEBUG GameScene            - Entity added to scene
22:35:11.869 [JavaFX Application Thread] DEBUG GameScene            - Added MainViewComponent
22:35:11.869 [JavaFX Application Thread] DEBUG GameScene            - Entity added to scene
22:35:11.869 [JavaFX Application Thread] DEBUG GameScene            - Added MainViewComponent
22:35:11.869 [JavaFX Application Thread] DEBUG GameScene            - Entity added to scene
22:35:11.869 [JavaFX Application Thread] DEBUG GameScene            - Added MainViewComponent
22:35:11.870 [JavaFX Application Thread] DEBUG GameScene            - Entity added to scene
22:35:11.870 [JavaFX Application Thread] DEBUG GameScene            - Added MainViewComponent
22:35:11.870 [JavaFX Application Thread] DEBUG GameScene            - Entity added to scene
22:35:11.870 [JavaFX Application Thread] DEBUG GameScene            - Added MainViewComponent
22:35:11.871 [JavaFX Application Thread] DEBUG GameScene            - Entity added to scene
22:35:11.871 [JavaFX Application Thread] DEBUG GameScene            - Added MainViewComponent
22:35:11.871 [JavaFX Application Thread] DEBUG GameScene            - Entity added to scene
22:35:11.871 [JavaFX Application Thread] DEBUG GameScene            - Added MainViewComponent
22:35:11.871 [JavaFX Application Thread] DEBUG GameScene            - Entity added to scene
22:35:11.871 [JavaFX Application Thread] DEBUG GameScene            - Added MainViewComponent
22:35:11.872 [JavaFX Application Thread] DEBUG GameScene            - Entity added to scene
22:35:11.872 [JavaFX Application Thread] DEBUG GameScene            - Added MainViewComponent
22:35:11.872 [JavaFX Application Thread] DEBUG GameScene            - Entity added to scene
22:35:11.872 [JavaFX Application Thread] DEBUG GameScene            - Added MainViewComponent
22:35:11.872 [JavaFX Application Thread] DEBUG GameScene            - Entity added to scene
22:35:11.872 [JavaFX Application Thread] DEBUG GameScene            - Added MainViewComponent
22:35:11.873 [JavaFX Application Thread] DEBUG GameScene            - Entity added to scene
22:35:11.873 [JavaFX Application Thread] DEBUG GameScene            - Added MainViewComponent
22:35:11.873 [JavaFX Application Thread] DEBUG GameScene            - Entity added to scene
22:35:11.873 [JavaFX Application Thread] DEBUG GameScene            - Added MainViewComponent
22:35:11.873 [JavaFX Application Thread] DEBUG GameScene            - Entity added to scene
22:35:11.873 [JavaFX Application Thread] DEBUG GameScene            - Added MainViewComponent
22:35:11.873 [JavaFX Application Thread] DEBUG GameScene            - Entity added to scene
22:35:11.873 [JavaFX Application Thread] DEBUG GameScene            - Added MainViewComponent
22:35:11.873 [JavaFX Application Thread] DEBUG GameScene            - Entity added to scene
22:35:11.873 [JavaFX Application Thread] DEBUG GameScene            - Added MainViewComponent
22:35:11.874 [JavaFX Application Thread] DEBUG GameScene            - Entity added to scene
22:35:11.874 [JavaFX Application Thread] DEBUG GameScene            - Added MainViewComponent
22:35:11.874 [JavaFX Application Thread] DEBUG GameScene            - Entity added to scene
22:35:11.874 [JavaFX Application Thread] DEBUG GameScene            - Added MainViewComponent
22:35:11.874 [JavaFX Application Thread] DEBUG GameScene            - Entity added to scene
22:35:11.874 [JavaFX Application Thread] DEBUG GameScene            - Added MainViewComponent
22:35:11.874 [JavaFX Application Thread] DEBUG GameScene            - Entity added to scene
22:35:11.874 [JavaFX Application Thread] DEBUG GameScene            - Added MainViewComponent
22:35:11.874 [JavaFX Application Thread] DEBUG GameScene            - Entity added to scene
22:35:11.874 [JavaFX Application Thread] DEBUG GameScene            - Added MainViewComponent
22:35:11.874 [JavaFX Application Thread] DEBUG GameScene            - Entity added to scene
22:35:11.874 [JavaFX Application Thread] DEBUG GameScene            - Added MainViewComponent
22:35:11.874 [JavaFX Application Thread] DEBUG GameScene            - Entity added to scene
22:35:11.874 [JavaFX Application Thread] DEBUG GameScene            - Added MainViewComponent
22:35:11.874 [JavaFX Application Thread] DEBUG GameScene            - Entity added to scene
22:35:11.875 [JavaFX Application Thread] DEBUG GameScene            - Added MainViewComponent
22:35:11.875 [JavaFX Application Thread] DEBUG GameScene            - Entity added to scene
22:35:11.875 [JavaFX Application Thread] DEBUG GameScene            - Added MainViewComponent
22:35:11.875 [JavaFX Application Thread] DEBUG GameScene            - Entity added to scene
22:35:11.875 [JavaFX Application Thread] DEBUG GameScene            - Added MainViewComponent
22:35:11.875 [JavaFX Application Thread] DEBUG GameScene            - Entity added to scene
22:35:11.875 [JavaFX Application Thread] DEBUG GameScene            - Added MainViewComponent
22:35:11.875 [JavaFX Application Thread] DEBUG GameScene            - Entity added to scene
22:35:11.875 [JavaFX Application Thread] DEBUG GameScene            - Added MainViewComponent
22:35:11.875 [JavaFX Application Thread] DEBUG GameScene            - Entity added to scene
22:35:11.875 [JavaFX Application Thread] DEBUG GameScene            - Added MainViewComponent
22:35:11.875 [JavaFX Application Thread] DEBUG GameScene            - Entity added to scene
22:35:11.875 [JavaFX Application Thread] DEBUG GameScene            - Added MainViewComponent
22:35:11.875 [JavaFX Application Thread] DEBUG GameScene            - Entity added to scene
22:35:11.875 [JavaFX Application Thread] DEBUG GameScene            - Added MainViewComponent
22:35:11.875 [JavaFX Application Thread] DEBUG GameScene            - Entity added to scene
22:35:11.876 [JavaFX Application Thread] DEBUG GameScene            - Added MainViewComponent
22:35:11.876 [JavaFX Application Thread] DEBUG GameScene            - Entity added to scene
22:35:11.876 [JavaFX Application Thread] DEBUG GameScene            - Added MainViewComponent
22:35:11.876 [JavaFX Application Thread] DEBUG GameScene            - Entity added to scene
22:35:11.876 [JavaFX Application Thread] DEBUG GameScene            - Added MainViewComponent
22:35:11.876 [JavaFX Application Thread] DEBUG GameScene            - Entity added to scene
22:35:11.876 [JavaFX Application Thread] DEBUG GameScene            - Added MainViewComponent
22:35:11.876 [JavaFX Application Thread] DEBUG GameScene            - Entity added to scene
22:35:11.877 [JavaFX Application Thread] DEBUG GameScene            - Added MainViewComponent
22:35:11.877 [JavaFX Application Thread] DEBUG GameScene            - Entity added to scene
22:35:11.877 [JavaFX Application Thread] DEBUG GameScene            - Added MainViewComponent
22:35:11.877 [JavaFX Application Thread] DEBUG GameScene            - Entity added to scene
22:35:11.877 [JavaFX Application Thread] DEBUG GameScene            - Added MainViewComponent
22:35:11.877 [JavaFX Application Thread] DEBUG GameScene            - Entity added to scene
22:35:11.877 [JavaFX Application Thread] DEBUG GameScene            - Added MainViewComponent
22:35:11.877 [JavaFX Application Thread] DEBUG GameScene            - Entity added to scene
22:35:11.877 [JavaFX Application Thread] DEBUG GameScene            - Added MainViewComponent
22:35:11.877 [JavaFX Application Thread] DEBUG GameScene            - Entity added to scene
22:35:11.877 [JavaFX Application Thread] DEBUG GameScene            - Added MainViewComponent
22:35:11.877 [JavaFX Application Thread] DEBUG GameScene            - Entity added to scene
22:35:11.877 [JavaFX Application Thread] DEBUG GameScene            - Added MainViewComponent
22:35:11.877 [JavaFX Application Thread] DEBUG GameScene            - Entity added to scene
22:35:11.877 [JavaFX Application Thread] DEBUG GameScene            - Added MainViewComponent
22:35:11.878 [JavaFX Application Thread] DEBUG GameScene            - Entity added to scene
22:35:11.878 [JavaFX Application Thread] DEBUG GameScene            - Added MainViewComponent
22:35:11.878 [JavaFX Application Thread] DEBUG GameScene            - Entity added to scene
22:35:11.878 [JavaFX Application Thread] DEBUG GameScene            - Added MainViewComponent
22:35:11.878 [JavaFX Application Thread] DEBUG GameScene            - Entity added to scene
22:35:11.878 [JavaFX Application Thread] DEBUG GameScene            - Added MainViewComponent
22:35:11.878 [JavaFX Application Thread] DEBUG GameScene            - Entity added to scene
22:35:11.878 [JavaFX Application Thread] DEBUG GameScene            - Added MainViewComponent
22:35:11.878 [JavaFX Application Thread] DEBUG GameScene            - Entity added to scene
22:35:11.878 [JavaFX Application Thread] DEBUG GameScene            - Added MainViewComponent
22:35:11.878 [JavaFX Application Thread] DEBUG GameScene            - Entity added to scene
22:35:11.878 [JavaFX Application Thread] DEBUG GameScene            - Added MainViewComponent
22:35:11.878 [JavaFX Application Thread] DEBUG GameScene            - Entity added to scene
22:35:11.878 [JavaFX Application Thread] DEBUG GameScene            - Added MainViewComponent
22:35:11.878 [JavaFX Application Thread] DEBUG GameScene            - Entity added to scene
22:35:11.878 [JavaFX Application Thread] DEBUG GameScene            - Added MainViewComponent
22:35:11.879 [JavaFX Application Thread] DEBUG GameScene            - Entity added to scene
22:35:11.879 [JavaFX Application Thread] DEBUG GameScene            - Added MainViewComponent
22:35:11.879 [JavaFX Application Thread] DEBUG GameScene            - Entity added to scene
22:35:11.879 [JavaFX Application Thread] DEBUG GameScene            - Added MainViewComponent
22:35:11.879 [JavaFX Application Thread] DEBUG GameScene            - Entity added to scene
22:35:11.879 [JavaFX Application Thread] DEBUG GameScene            - Added MainViewComponent
22:35:11.879 [JavaFX Application Thread] DEBUG GameScene            - Entity added to scene
22:35:11.879 [JavaFX Application Thread] DEBUG GameScene            - Added MainViewComponent
22:35:11.879 [JavaFX Application Thread] DEBUG GameScene            - Entity added to scene
22:35:11.879 [JavaFX Application Thread] DEBUG GameScene            - Added MainViewComponent
22:35:11.879 [JavaFX Application Thread] DEBUG GameScene            - Entity added to scene
22:35:11.879 [JavaFX Application Thread] DEBUG GameScene            - Added MainViewComponent
22:35:11.879 [JavaFX Application Thread] DEBUG GameScene            - Entity added to scene
22:35:11.879 [JavaFX Application Thread] DEBUG GameScene            - Added MainViewComponent
22:35:11.879 [JavaFX Application Thread] DEBUG GameScene            - Entity added to scene
22:35:11.879 [JavaFX Application Thread] DEBUG GameScene            - Added MainViewComponent
22:35:11.880 [JavaFX Application Thread] DEBUG GameScene            - Entity added to scene
22:35:11.880 [JavaFX Application Thread] DEBUG GameScene            - Added MainViewComponent
22:35:11.880 [JavaFX Application Thread] DEBUG GameScene            - Entity added to scene
22:35:11.880 [JavaFX Application Thread] DEBUG GameScene            - Added MainViewComponent
22:35:11.880 [JavaFX Application Thread] DEBUG GameScene            - Entity added to scene
22:35:11.880 [JavaFX Application Thread] DEBUG GameScene            - Added MainViewComponent
22:35:11.880 [JavaFX Application Thread] DEBUG GameScene            - Entity added to scene
22:35:11.880 [JavaFX Application Thread] DEBUG GameScene            - Added MainViewComponent
22:35:11.880 [JavaFX Application Thread] DEBUG GameScene            - Entity added to scene
22:35:11.880 [JavaFX Application Thread] DEBUG GameScene            - Added MainViewComponent
22:35:11.880 [JavaFX Application Thread] DEBUG GameScene            - Entity added to scene
22:35:11.880 [JavaFX Application Thread] DEBUG GameScene            - Added MainViewComponent
22:35:11.880 [JavaFX Application Thread] DEBUG GameScene            - Entity added to scene
22:35:11.880 [JavaFX Application Thread] DEBUG GameScene            - Added MainViewComponent
22:35:11.880 [JavaFX Application Thread] DEBUG GameScene            - Entity added to scene
22:35:11.880 [JavaFX Application Thread] DEBUG GameScene            - Added MainViewComponent
22:35:11.880 [JavaFX Application Thread] DEBUG GameScene            - Entity added to scene
22:35:11.880 [JavaFX Application Thread] DEBUG GameScene            - Added MainViewComponent
22:35:11.881 [JavaFX Application Thread] DEBUG GameScene            - Entity added to scene
22:35:11.881 [JavaFX Application Thread] DEBUG GameScene            - Added MainViewComponent
22:35:11.881 [JavaFX Application Thread] DEBUG GameScene            - Entity added to scene
22:35:11.881 [JavaFX Application Thread] DEBUG GameScene            - Added MainViewComponent
22:35:11.881 [JavaFX Application Thread] DEBUG GameScene            - Entity added to scene
22:35:11.881 [JavaFX Application Thread] DEBUG GameScene            - Added MainViewComponent
22:35:11.881 [JavaFX Application Thread] DEBUG GameScene            - Entity added to scene
22:35:11.881 [JavaFX Application Thread] DEBUG GameScene            - Added MainViewComponent
22:35:11.881 [JavaFX Application Thread] DEBUG GameScene            - Entity added to scene
22:35:11.881 [JavaFX Application Thread] DEBUG GameScene            - Added MainViewComponent
22:35:11.881 [JavaFX Application Thread] DEBUG GameScene            - Entity added to scene
22:35:11.881 [JavaFX Application Thread] DEBUG GameScene            - Added MainViewComponent
22:35:11.881 [JavaFX Application Thread] DEBUG GameScene            - Entity added to scene
22:35:11.881 [JavaFX Application Thread] DEBUG GameScene            - Added MainViewComponent
22:35:11.882 [JavaFX Application Thread] DEBUG GameScene            - Entity added to scene
22:35:11.882 [JavaFX Application Thread] DEBUG GameScene            - Added MainViewComponent
22:35:11.882 [JavaFX Application Thread] DEBUG GameScene            - Entity added to scene
22:35:11.882 [JavaFX Application Thread] DEBUG GameScene            - Added MainViewComponent
22:35:11.882 [JavaFX Application Thread] DEBUG GameScene            - Entity added to scene
22:35:11.882 [JavaFX Application Thread] DEBUG GameScene            - Added MainViewComponent
22:35:11.882 [JavaFX Application Thread] DEBUG GameScene            - Entity added to scene
22:35:11.882 [JavaFX Application Thread] DEBUG GameScene            - Added MainViewComponent
22:35:11.882 [JavaFX Application Thread] DEBUG GameScene            - Entity added to scene
22:35:11.882 [JavaFX Application Thread] DEBUG GameScene            - Added MainViewComponent
22:35:11.882 [JavaFX Application Thread] DEBUG GameScene            - Entity added to scene
22:35:11.882 [JavaFX Application Thread] DEBUG GameScene            - Added MainViewComponent
22:35:11.882 [JavaFX Application Thread] DEBUG GameScene            - Entity added to scene
22:35:11.882 [JavaFX Application Thread] DEBUG GameScene            - Added MainViewComponent
22:35:11.882 [JavaFX Application Thread] DEBUG GameScene            - Entity added to scene
22:35:11.882 [JavaFX Application Thread] DEBUG GameScene            - Added MainViewComponent
22:35:11.883 [JavaFX Application Thread] DEBUG GameScene            - Entity added to scene
22:35:11.883 [JavaFX Application Thread] DEBUG GameScene            - Added MainViewComponent
22:35:11.883 [JavaFX Application Thread] DEBUG GameScene            - Entity added to scene
22:35:11.883 [JavaFX Application Thread] DEBUG GameScene            - Added MainViewComponent
22:35:11.883 [JavaFX Application Thread] DEBUG GameScene            - Entity added to scene
22:35:11.883 [JavaFX Application Thread] DEBUG GameScene            - Added MainViewComponent
22:35:11.883 [JavaFX Application Thread] DEBUG GameScene            - Entity added to scene
22:35:11.884 [JavaFX Application Thread] DEBUG GameScene            - Added MainViewComponent
22:35:11.884 [JavaFX Application Thread] DEBUG GameScene            - Entity added to scene
22:35:11.884 [JavaFX Application Thread] DEBUG GameScene            - Added MainViewComponent
22:35:11.884 [JavaFX Application Thread] DEBUG GameScene            - Entity added to scene
22:35:11.884 [JavaFX Application Thread] DEBUG GameScene            - Added MainViewComponent
22:35:11.884 [JavaFX Application Thread] DEBUG GameScene            - Entity added to scene
22:35:11.884 [JavaFX Application Thread] DEBUG GameScene            - Added MainViewComponent
22:35:11.884 [JavaFX Application Thread] DEBUG GameScene            - Entity added to scene
22:35:11.884 [JavaFX Application Thread] DEBUG GameScene            - Added MainViewComponent
22:35:11.885 [JavaFX Application Thread] DEBUG GameScene            - Entity added to scene
22:35:11.885 [JavaFX Application Thread] DEBUG GameScene            - Added MainViewComponent
22:35:11.886 [JavaFX Application Thread] DEBUG GameScene            - Entity added to scene
22:35:11.886 [JavaFX Application Thread] DEBUG GameScene            - Added MainViewComponent
22:35:11.886 [JavaFX Application Thread] DEBUG GameScene            - Entity added to scene
22:35:11.886 [JavaFX Application Thread] DEBUG GameScene            - Added MainViewComponent
22:35:11.886 [JavaFX Application Thread] DEBUG GameScene            - Entity added to scene
22:35:11.886 [JavaFX Application Thread] DEBUG GameScene            - Added MainViewComponent
22:35:11.887 [JavaFX Application Thread] DEBUG GameScene            - Entity added to scene
22:35:11.887 [JavaFX Application Thread] DEBUG GameScene            - Added MainViewComponent
22:35:11.887 [JavaFX Application Thread] DEBUG GameScene            - Entity added to scene
22:35:11.887 [JavaFX Application Thread] DEBUG GameScene            - Added MainViewComponent
22:35:11.887 [JavaFX Application Thread] DEBUG GameScene            - Entity added to scene
22:35:11.887 [JavaFX Application Thread] DEBUG GameScene            - Added MainViewComponent
22:35:11.887 [JavaFX Application Thread] DEBUG GameScene            - Entity added to scene
22:35:11.887 [JavaFX Application Thread] DEBUG GameScene            - Added MainViewComponent
22:35:11.888 [JavaFX Application Thread] DEBUG GameScene            - Entity added to scene
22:35:11.888 [JavaFX Application Thread] DEBUG GameScene            - Added MainViewComponent
22:35:11.888 [JavaFX Application Thread] DEBUG GameScene            - Entity added to scene
22:35:11.888 [JavaFX Application Thread] DEBUG GameScene            - Added MainViewComponent
22:35:11.888 [JavaFX Application Thread] DEBUG GameScene            - Entity added to scene
22:35:11.888 [JavaFX Application Thread] DEBUG GameScene            - Added MainViewComponent
22:35:11.888 [JavaFX Application Thread] DEBUG GameScene            - Entity added to scene
22:35:11.888 [JavaFX Application Thread] DEBUG GameScene            - Added MainViewComponent
22:35:11.888 [JavaFX Application Thread] DEBUG GameScene            - Entity added to scene
22:35:11.888 [JavaFX Application Thread] DEBUG GameScene            - Added MainViewComponent
22:35:11.888 [JavaFX Application Thread] DEBUG GameScene            - Entity added to scene
22:35:11.888 [JavaFX Application Thread] DEBUG GameScene            - Added MainViewComponent
22:35:11.888 [JavaFX Application Thread] DEBUG GameScene            - Entity added to scene
22:35:11.888 [JavaFX Application Thread] DEBUG GameScene            - Added MainViewComponent
22:35:11.889 [JavaFX Application Thread] DEBUG GameScene            - Entity added to scene
22:35:11.889 [JavaFX Application Thread] DEBUG GameScene            - Added MainViewComponent
22:35:11.889 [JavaFX Application Thread] DEBUG GameScene            - Entity added to scene
22:35:11.889 [JavaFX Application Thread] DEBUG GameScene            - Added MainViewComponent
22:35:11.889 [JavaFX Application Thread] DEBUG GameScene            - Entity added to scene
22:35:11.889 [JavaFX Application Thread] DEBUG GameScene            - Added MainViewComponent
22:35:11.889 [JavaFX Application Thread] DEBUG GameScene            - Entity added to scene
22:35:11.889 [JavaFX Application Thread] DEBUG GameScene            - Added MainViewComponent
22:35:11.889 [JavaFX Application Thread] DEBUG GameScene            - Entity added to scene
22:35:11.890 [JavaFX Application Thread] DEBUG GameScene            - Added MainViewComponent
22:35:11.890 [JavaFX Application Thread] DEBUG GameScene            - Entity added to scene
22:35:11.890 [JavaFX Application Thread] DEBUG GameScene            - Added MainViewComponent
22:35:11.890 [JavaFX Application Thread] DEBUG GameScene            - Entity added to scene
22:35:11.890 [JavaFX Application Thread] DEBUG GameScene            - Added MainViewComponent
22:35:11.890 [JavaFX Application Thread] DEBUG GameScene            - Entity added to scene
22:35:11.890 [JavaFX Application Thread] DEBUG GameScene            - Added MainViewComponent
22:35:11.890 [JavaFX Application Thread] DEBUG GameScene            - Entity added to scene
22:35:11.890 [JavaFX Application Thread] DEBUG GameScene            - Added MainViewComponent
22:35:11.890 [JavaFX Application Thread] DEBUG GameScene            - Entity added to scene
22:35:11.890 [JavaFX Application Thread] DEBUG GameScene            - Added MainViewComponent
22:35:11.890 [JavaFX Application Thread] DEBUG GameScene            - Entity added to scene
22:35:11.890 [JavaFX Application Thread] DEBUG GameScene            - Added MainViewComponent
22:35:11.890 [JavaFX Application Thread] DEBUG GameScene            - Entity added to scene
22:35:11.890 [JavaFX Application Thread] DEBUG GameScene            - Added MainViewComponent
22:35:11.890 [JavaFX Application Thread] DEBUG GameScene            - Entity added to scene
22:35:11.890 [JavaFX Application Thread] DEBUG GameScene            - Added MainViewComponent
22:35:11.891 [JavaFX Application Thread] DEBUG GameScene            - Entity added to scene
22:35:11.891 [JavaFX Application Thread] DEBUG GameScene            - Added MainViewComponent
22:35:11.891 [JavaFX Application Thread] DEBUG GameScene            - Entity added to scene
22:35:11.891 [JavaFX Application Thread] DEBUG GameScene            - Added MainViewComponent
22:35:11.891 [JavaFX Application Thread] DEBUG GameScene            - Entity added to scene
22:35:11.891 [JavaFX Application Thread] DEBUG GameScene            - Added MainViewComponent
22:35:11.891 [JavaFX Application Thread] DEBUG GameScene            - Entity added to scene
22:35:11.891 [JavaFX Application Thread] DEBUG GameScene            - Added MainViewComponent
22:35:11.891 [JavaFX Application Thread] DEBUG GameScene            - Entity added to scene
22:35:11.891 [JavaFX Application Thread] DEBUG GameScene            - Added MainViewComponent
22:35:11.891 [JavaFX Application Thread] DEBUG GameScene            - Entity added to scene
22:35:11.891 [JavaFX Application Thread] DEBUG GameScene            - Added MainViewComponent
22:35:11.891 [JavaFX Application Thread] DEBUG GameScene            - Entity added to scene
22:35:11.891 [JavaFX Application Thread] DEBUG GameScene            - Added MainViewComponent
22:35:11.891 [JavaFX Application Thread] DEBUG GameScene            - Entity added to scene
22:35:11.891 [JavaFX Application Thread] DEBUG GameScene            - Added MainViewComponent
22:35:11.891 [JavaFX Application Thread] DEBUG GameScene            - Entity added to scene
22:35:11.891 [JavaFX Application Thread] DEBUG GameScene            - Added MainViewComponent
22:35:11.892 [JavaFX Application Thread] DEBUG GameScene            - Entity added to scene
22:35:11.892 [JavaFX Application Thread] DEBUG GameScene            - Added MainViewComponent
22:35:11.892 [JavaFX Application Thread] DEBUG GameScene            - Entity added to scene
22:35:11.892 [JavaFX Application Thread] DEBUG GameScene            - Added MainViewComponent
22:35:11.892 [JavaFX Application Thread] DEBUG GameScene            - Entity added to scene
22:35:11.892 [JavaFX Application Thread] DEBUG GameScene            - Added MainViewComponent
22:35:11.892 [JavaFX Application Thread] DEBUG GameScene            - Entity added to scene
22:35:11.892 [JavaFX Application Thread] DEBUG GameScene            - Added MainViewComponent
22:35:11.892 [JavaFX Application Thread] DEBUG GameScene            - Entity added to scene
22:35:11.892 [JavaFX Application Thread] DEBUG GameScene            - Added MainViewComponent
22:35:11.892 [JavaFX Application Thread] DEBUG GameScene            - Entity added to scene
22:35:11.892 [JavaFX Application Thread] DEBUG GameScene            - Added MainViewComponent
22:35:11.892 [JavaFX Application Thread] DEBUG GameScene            - Entity added to scene
22:35:11.892 [JavaFX Application Thread] DEBUG GameScene            - Added MainViewComponent
22:35:11.892 [JavaFX Application Thread] DEBUG GameScene            - Entity added to scene
22:35:11.892 [JavaFX Application Thread] DEBUG GameScene            - Added MainViewComponent
22:35:11.892 [JavaFX Application Thread] DEBUG GameScene            - Entity added to scene
22:35:11.893 [JavaFX Application Thread] DEBUG GameScene            - Added MainViewComponent
22:35:11.893 [JavaFX Application Thread] DEBUG GameScene            - Entity added to scene
22:35:11.893 [JavaFX Application Thread] DEBUG GameScene            - Added MainViewComponent
22:35:11.893 [JavaFX Application Thread] DEBUG GameScene            - Entity added to scene
22:35:11.893 [JavaFX Application Thread] DEBUG GameScene            - Added MainViewComponent
22:35:11.893 [JavaFX Application Thread] DEBUG GameScene            - Entity added to scene
22:35:11.893 [JavaFX Application Thread] DEBUG GameScene            - Added MainViewComponent
22:35:11.893 [JavaFX Application Thread] DEBUG GameScene            - Entity added to scene
22:35:11.893 [JavaFX Application Thread] DEBUG GameScene            - Added MainViewComponent
22:35:11.893 [JavaFX Application Thread] DEBUG GameScene            - Entity added to scene
22:35:11.893 [JavaFX Application Thread] DEBUG GameScene            - Added MainViewComponent
22:35:11.893 [JavaFX Application Thread] DEBUG GameScene            - Entity added to scene
22:35:11.893 [JavaFX Application Thread] DEBUG GameScene            - Added MainViewComponent
22:35:11.893 [JavaFX Application Thread] DEBUG GameScene            - Entity added to scene
22:35:11.893 [JavaFX Application Thread] DEBUG GameScene            - Added MainViewComponent
22:35:11.893 [JavaFX Application Thread] DEBUG GameScene            - Entity added to scene
22:35:11.893 [JavaFX Application Thread] DEBUG GameScene            - Added MainViewComponent
22:35:11.893 [JavaFX Application Thread] DEBUG GameScene            - Entity added to scene
22:35:11.893 [JavaFX Application Thread] DEBUG GameScene            - Added MainViewComponent
22:35:11.893 [JavaFX Application Thread] DEBUG GameScene            - Entity added to scene
22:35:11.894 [JavaFX Application Thread] DEBUG GameScene            - Added MainViewComponent
22:35:11.894 [JavaFX Application Thread] DEBUG GameScene            - Entity added to scene
22:35:11.894 [JavaFX Application Thread] DEBUG GameScene            - Added MainViewComponent
22:35:11.894 [JavaFX Application Thread] DEBUG GameScene            - Entity added to scene
22:35:11.894 [JavaFX Application Thread] DEBUG GameScene            - Added MainViewComponent
22:35:11.894 [JavaFX Application Thread] DEBUG GameScene            - Entity added to scene
22:35:11.894 [JavaFX Application Thread] DEBUG GameScene            - Added MainViewComponent
22:35:11.894 [JavaFX Application Thread] DEBUG GameScene            - Entity added to scene
22:35:11.894 [JavaFX Application Thread] DEBUG GameScene            - Added MainViewComponent
22:35:11.894 [JavaFX Application Thread] DEBUG GameScene            - Entity added to scene
22:35:11.894 [JavaFX Application Thread] DEBUG GameScene            - Added MainViewComponent
22:35:11.894 [JavaFX Application Thread] DEBUG GameScene            - Entity added to scene
22:35:11.894 [JavaFX Application Thread] DEBUG GameScene            - Added MainViewComponent
22:35:11.894 [JavaFX Application Thread] DEBUG GameScene            - Entity added to scene
22:35:11.894 [JavaFX Application Thread] DEBUG GameScene            - Added MainViewComponent
22:35:11.894 [JavaFX Application Thread] DEBUG GameScene            - Entity added to scene
22:35:11.894 [JavaFX Application Thread] DEBUG GameScene            - Added MainViewComponent
22:35:11.894 [JavaFX Application Thread] DEBUG GameScene            - Entity added to scene
22:35:11.894 [JavaFX Application Thread] DEBUG GameScene            - Added MainViewComponent
22:35:11.895 [JavaFX Application Thread] DEBUG GameScene            - Entity added to scene
22:35:11.895 [JavaFX Application Thread] DEBUG GameScene            - Added MainViewComponent
22:35:11.895 [JavaFX Application Thread] DEBUG GameScene            - Entity added to scene
22:35:11.895 [JavaFX Application Thread] DEBUG GameScene            - Added MainViewComponent
22:35:11.895 [JavaFX Application Thread] DEBUG GameScene            - Entity added to scene
22:35:11.895 [JavaFX Application Thread] DEBUG GameScene            - Added MainViewComponent
22:35:11.895 [JavaFX Application Thread] DEBUG GameScene            - Entity added to scene
22:35:11.895 [JavaFX Application Thread] DEBUG GameScene            - Added MainViewComponent
22:35:11.895 [JavaFX Application Thread] DEBUG GameScene            - Entity added to scene
22:35:11.895 [JavaFX Application Thread] DEBUG GameScene            - Added MainViewComponent
22:35:11.895 [JavaFX Application Thread] DEBUG GameScene            - Entity added to scene
22:35:11.895 [JavaFX Application Thread] DEBUG GameScene            - Added MainViewComponent
22:35:11.896 [JavaFX Application Thread] DEBUG GameScene            - Entity added to scene
22:35:11.896 [JavaFX Application Thread] DEBUG GameScene            - Added MainViewComponent
22:35:11.896 [JavaFX Application Thread] DEBUG GameScene            - Entity added to scene
22:35:11.896 [JavaFX Application Thread] DEBUG GameScene            - Added MainViewComponent
22:35:11.897 [JavaFX Application Thread] DEBUG GameScene            - Entity added to scene
22:35:11.897 [JavaFX Application Thread] DEBUG GameScene            - Added MainViewComponent
22:35:11.897 [JavaFX Application Thread] DEBUG GameScene            - Entity added to scene
22:35:11.897 [JavaFX Application Thread] DEBUG GameScene            - Added MainViewComponent
22:35:11.897 [JavaFX Application Thread] DEBUG GameScene            - Entity added to scene
22:35:11.897 [JavaFX Application Thread] DEBUG GameScene            - Added MainViewComponent
22:35:11.897 [JavaFX Application Thread] DEBUG GameScene            - Entity added to scene
22:35:11.897 [JavaFX Application Thread] DEBUG GameScene            - Added MainViewComponent
22:35:11.897 [JavaFX Application Thread] DEBUG GameScene            - Entity added to scene
22:35:11.897 [JavaFX Application Thread] DEBUG GameScene            - Added MainViewComponent
22:35:11.897 [JavaFX Application Thread] DEBUG GameScene            - Entity added to scene
22:35:11.897 [JavaFX Application Thread] DEBUG GameScene            - Added MainViewComponent
22:35:11.897 [JavaFX Application Thread] DEBUG GameScene            - Entity added to scene
22:35:11.897 [JavaFX Application Thread] DEBUG GameScene            - Added MainViewComponent
22:35:11.897 [JavaFX Application Thread] DEBUG GameScene            - Entity added to scene
22:35:11.897 [JavaFX Application Thread] DEBUG GameScene            - Added MainViewComponent
22:35:11.897 [JavaFX Application Thread] DEBUG GameScene            - Entity added to scene
22:35:11.897 [JavaFX Application Thread] DEBUG GameScene            - Added MainViewComponent
22:35:11.897 [JavaFX Application Thread] DEBUG GameScene            - Entity added to scene
22:35:11.897 [JavaFX Application Thread] DEBUG GameScene            - Added MainViewComponent
22:35:11.898 [JavaFX Application Thread] DEBUG GameScene            - Entity added to scene
22:35:11.898 [JavaFX Application Thread] DEBUG GameScene            - Added MainViewComponent
22:35:11.898 [JavaFX Application Thread] DEBUG GameScene            - Entity added to scene
22:35:11.898 [JavaFX Application Thread] DEBUG GameScene            - Added MainViewComponent
22:35:11.898 [JavaFX Application Thread] DEBUG GameScene            - Entity added to scene
22:35:11.898 [JavaFX Application Thread] DEBUG GameScene            - Added MainViewComponent
22:35:11.898 [JavaFX Application Thread] DEBUG GameScene            - Entity added to scene
22:35:11.898 [JavaFX Application Thread] DEBUG GameScene            - Added MainViewComponent
22:35:11.898 [JavaFX Application Thread] DEBUG GameScene            - Entity added to scene
22:35:11.898 [JavaFX Application Thread] DEBUG GameScene            - Added MainViewComponent
22:35:11.898 [JavaFX Application Thread] DEBUG GameScene            - Entity added to scene
22:35:11.898 [JavaFX Application Thread] DEBUG GameScene            - Added MainViewComponent
22:35:11.898 [JavaFX Application Thread] DEBUG GameScene            - Entity added to scene
22:35:11.898 [JavaFX Application Thread] DEBUG GameScene            - Added MainViewComponent
22:35:11.898 [JavaFX Application Thread] DEBUG GameScene            - Entity added to scene
22:35:11.898 [JavaFX Application Thread] DEBUG GameScene            - Added MainViewComponent
22:35:11.898 [JavaFX Application Thread] DEBUG GameScene            - Entity added to scene
22:35:11.898 [JavaFX Application Thread] DEBUG GameScene            - Added MainViewComponent
22:35:11.898 [JavaFX Application Thread] DEBUG GameScene            - Entity added to scene
22:35:11.898 [JavaFX Application Thread] DEBUG GameScene            - Added MainViewComponent
22:35:11.899 [JavaFX Application Thread] DEBUG GameScene            - Entity added to scene
22:35:11.899 [JavaFX Application Thread] DEBUG GameScene            - Added MainViewComponent
22:35:11.899 [JavaFX Application Thread] DEBUG GameScene            - Entity added to scene
22:35:11.899 [JavaFX Application Thread] DEBUG GameScene            - Added MainViewComponent
22:35:11.899 [JavaFX Application Thread] DEBUG GameScene            - Entity added to scene
22:35:11.899 [JavaFX Application Thread] DEBUG GameScene            - Added MainViewComponent
22:35:11.899 [JavaFX Application Thread] DEBUG GameScene            - Entity added to scene
22:35:11.899 [JavaFX Application Thread] DEBUG GameScene            - Added MainViewComponent
22:35:11.899 [JavaFX Application Thread] DEBUG GameScene            - Entity added to scene
22:35:11.899 [JavaFX Application Thread] DEBUG GameScene            - Added MainViewComponent
22:35:11.899 [JavaFX Application Thread] DEBUG GameScene            - Entity added to scene
22:35:11.899 [JavaFX Application Thread] DEBUG GameScene            - Added MainViewComponent
22:35:11.900 [JavaFX Application Thread] DEBUG GameScene            - Entity added to scene
22:35:11.900 [JavaFX Application Thread] DEBUG GameScene            - Added MainViewComponent
22:35:11.900 [JavaFX Application Thread] DEBUG GameScene            - Entity added to scene
22:35:11.900 [JavaFX Application Thread] DEBUG GameScene            - Added MainViewComponent
22:35:11.900 [JavaFX Application Thread] DEBUG GameScene            - Entity added to scene
22:35:11.900 [JavaFX Application Thread] DEBUG GameScene            - Added MainViewComponent
22:35:11.900 [JavaFX Application Thread] DEBUG GameScene            - Entity added to scene
22:35:11.900 [JavaFX Application Thread] DEBUG GameScene            - Added MainViewComponent
22:35:11.900 [JavaFX Application Thread] DEBUG GameScene            - Entity added to scene
22:35:11.900 [JavaFX Application Thread] DEBUG GameScene            - Added MainViewComponent
22:35:11.900 [JavaFX Application Thread] DEBUG GameScene            - Entity added to scene
22:35:11.900 [JavaFX Application Thread] DEBUG GameScene            - Added MainViewComponent
22:35:11.900 [JavaFX Application Thread] DEBUG GameScene            - Entity added to scene
22:35:11.900 [JavaFX Application Thread] DEBUG GameScene            - Added MainViewComponent
22:35:11.900 [JavaFX Application Thread] DEBUG GameScene            - Entity added to scene
22:35:11.900 [JavaFX Application Thread] DEBUG GameScene            - Added MainViewComponent
22:35:11.900 [JavaFX Application Thread] DEBUG GameScene            - Entity added to scene
22:35:11.900 [JavaFX Application Thread] DEBUG GameScene            - Added MainViewComponent
22:35:11.901 [JavaFX Application Thread] DEBUG GameScene            - Entity added to scene
22:35:11.901 [JavaFX Application Thread] DEBUG GameScene            - Added MainViewComponent
22:35:11.901 [JavaFX Application Thread] DEBUG GameScene            - Entity added to scene
22:35:11.901 [JavaFX Application Thread] DEBUG GameScene            - Added MainViewComponent
22:35:11.901 [JavaFX Application Thread] DEBUG GameScene            - Entity added to scene
22:35:11.901 [JavaFX Application Thread] DEBUG GameScene            - Added MainViewComponent
22:35:11.901 [JavaFX Application Thread] DEBUG GameScene            - Entity added to scene
22:35:11.901 [JavaFX Application Thread] DEBUG GameScene            - Added MainViewComponent
22:35:11.902 [JavaFX Application Thread] DEBUG GameScene            - Entity added to scene
22:35:11.902 [JavaFX Application Thread] DEBUG GameScene            - Added MainViewComponent
22:35:11.902 [JavaFX Application Thread] DEBUG GameScene            - Entity added to scene
22:35:11.902 [JavaFX Application Thread] DEBUG GameScene            - Added MainViewComponent
22:35:11.902 [JavaFX Application Thread] DEBUG GameScene            - Entity added to scene
22:35:11.902 [JavaFX Application Thread] DEBUG GameScene            - Added MainViewComponent
22:35:11.902 [JavaFX Application Thread] DEBUG GameScene            - Entity added to scene
22:35:11.902 [JavaFX Application Thread] DEBUG GameScene            - Added MainViewComponent
22:35:11.902 [JavaFX Application Thread] DEBUG GameScene            - Entity added to scene
22:35:11.902 [JavaFX Application Thread] DEBUG GameScene            - Added MainViewComponent
22:35:11.903 [JavaFX Application Thread] DEBUG GameScene            - Entity added to scene
22:35:11.903 [JavaFX Application Thread] DEBUG GameScene            - Added MainViewComponent
22:35:11.903 [JavaFX Application Thread] DEBUG GameScene            - Entity added to scene
22:35:11.903 [JavaFX Application Thread] DEBUG GameScene            - Added MainViewComponent
22:35:11.903 [JavaFX Application Thread] DEBUG GameScene            - Entity added to scene
22:35:11.903 [JavaFX Application Thread] DEBUG GameScene            - Added MainViewComponent
22:35:11.903 [JavaFX Application Thread] DEBUG GameScene            - Entity added to scene
22:35:11.903 [JavaFX Application Thread] DEBUG GameScene            - Added MainViewComponent
22:35:11.903 [JavaFX Application Thread] DEBUG GameScene            - Entity added to scene
22:35:11.903 [JavaFX Application Thread] DEBUG GameScene            - Added MainViewComponent
22:35:11.904 [JavaFX Application Thread] DEBUG GameScene            - Entity added to scene
22:35:11.904 [JavaFX Application Thread] DEBUG GameScene            - Added MainViewComponent
22:35:11.904 [JavaFX Application Thread] DEBUG GameScene            - Entity added to scene
22:35:11.904 [JavaFX Application Thread] DEBUG GameScene            - Added MainViewComponent
22:35:11.904 [JavaFX Application Thread] DEBUG GameScene            - Entity added to scene
22:35:11.904 [JavaFX Application Thread] DEBUG GameScene            - Added MainViewComponent
22:35:11.904 [JavaFX Application Thread] DEBUG GameScene            - Entity added to scene
22:35:11.904 [JavaFX Application Thread] DEBUG GameScene            - Added MainViewComponent
22:35:11.904 [JavaFX Application Thread] DEBUG GameScene            - Entity added to scene
22:35:11.904 [JavaFX Application Thread] DEBUG GameScene            - Added MainViewComponent
22:35:11.904 [JavaFX Application Thread] DEBUG GameScene            - Entity added to scene
22:35:11.904 [JavaFX Application Thread] DEBUG GameScene            - Added MainViewComponent
22:35:11.904 [JavaFX Application Thread] DEBUG GameScene            - Entity added to scene
22:35:11.904 [JavaFX Application Thread] DEBUG GameScene            - Added MainViewComponent
22:35:11.905 [JavaFX Application Thread] DEBUG GameScene            - Entity added to scene
22:35:11.905 [JavaFX Application Thread] DEBUG GameScene            - Added MainViewComponent
22:35:11.905 [JavaFX Application Thread] DEBUG GameScene            - Entity added to scene
22:35:11.905 [JavaFX Application Thread] DEBUG GameScene            - Added MainViewComponent
22:35:11.905 [JavaFX Application Thread] DEBUG GameScene            - Entity added to scene
22:35:11.905 [JavaFX Application Thread] DEBUG GameScene            - Added MainViewComponent
22:35:11.905 [JavaFX Application Thread] DEBUG GameScene            - Entity added to scene
22:35:11.905 [JavaFX Application Thread] DEBUG GameScene            - Added MainViewComponent
22:35:11.905 [JavaFX Application Thread] DEBUG GameScene            - Entity added to scene
22:35:11.905 [JavaFX Application Thread] DEBUG GameScene            - Added MainViewComponent
22:35:11.905 [JavaFX Application Thread] DEBUG GameScene            - Entity added to scene
22:35:11.905 [JavaFX Application Thread] DEBUG GameScene            - Added MainViewComponent
22:35:11.906 [JavaFX Application Thread] DEBUG GameScene            - Entity added to scene
22:35:11.906 [JavaFX Application Thread] DEBUG GameScene            - Added MainViewComponent
22:35:11.906 [JavaFX Application Thread] DEBUG GameScene            - Entity added to scene
22:35:11.906 [JavaFX Application Thread] DEBUG GameScene            - Added MainViewComponent
22:35:11.906 [JavaFX Application Thread] DEBUG GameScene            - Entity added to scene
22:35:11.906 [JavaFX Application Thread] DEBUG GameScene            - Added MainViewComponent
22:35:11.906 [JavaFX Application Thread] DEBUG GameScene            - Entity added to scene
22:35:11.906 [JavaFX Application Thread] DEBUG GameScene            - Added MainViewComponent
22:35:11.906 [JavaFX Application Thread] DEBUG GameScene            - Entity added to scene
22:35:11.906 [JavaFX Application Thread] DEBUG GameScene            - Added MainViewComponent
22:35:11.906 [JavaFX Application Thread] DEBUG GameScene            - Entity added to scene
22:35:11.906 [JavaFX Application Thread] DEBUG GameScene            - Added MainViewComponent
22:35:11.906 [JavaFX Application Thread] DEBUG GameScene            - Entity added to scene
22:35:11.906 [JavaFX Application Thread] DEBUG GameScene            - Added MainViewComponent
22:35:11.906 [JavaFX Application Thread] DEBUG GameScene            - Entity added to scene
22:35:11.906 [JavaFX Application Thread] DEBUG GameScene            - Added MainViewComponent
22:35:11.907 [JavaFX Application Thread] DEBUG GameScene            - Entity added to scene
22:35:11.907 [JavaFX Application Thread] DEBUG GameScene            - Added MainViewComponent
22:35:11.907 [JavaFX Application Thread] DEBUG GameScene            - Entity added to scene
22:35:11.907 [JavaFX Application Thread] DEBUG GameScene            - Added MainViewComponent
22:35:11.907 [JavaFX Application Thread] DEBUG GameScene            - Entity added to scene
22:35:11.907 [JavaFX Application Thread] DEBUG GameScene            - Added MainViewComponent
22:35:11.907 [JavaFX Application Thread] DEBUG GameScene            - Entity added to scene
22:35:11.907 [JavaFX Application Thread] DEBUG GameScene            - Added MainViewComponent
22:35:11.907 [JavaFX Application Thread] DEBUG GameScene            - Entity added to scene
22:35:11.907 [JavaFX Application Thread] DEBUG GameScene            - Added MainViewComponent
22:35:11.907 [JavaFX Application Thread] DEBUG GameScene            - Entity added to scene
22:35:11.907 [JavaFX Application Thread] DEBUG GameScene            - Added MainViewComponent
22:35:11.907 [JavaFX Application Thread] DEBUG GameScene            - Entity added to scene
22:35:11.907 [JavaFX Application Thread] DEBUG GameScene            - Added MainViewComponent
22:35:11.907 [JavaFX Application Thread] DEBUG GameScene            - Entity added to scene
22:35:11.907 [JavaFX Application Thread] DEBUG GameScene            - Added MainViewComponent
22:35:11.907 [JavaFX Application Thread] DEBUG GameScene            - Entity added to scene
22:35:11.907 [JavaFX Application Thread] DEBUG GameScene            - Added MainViewComponent
22:35:11.907 [JavaFX Application Thread] DEBUG GameScene            - Entity added to scene
22:35:11.907 [JavaFX Application Thread] DEBUG GameScene            - Added MainViewComponent
22:35:11.908 [JavaFX Application Thread] DEBUG GameScene            - Entity added to scene
22:35:11.908 [JavaFX Application Thread] DEBUG GameScene            - Added MainViewComponent
22:35:11.908 [JavaFX Application Thread] DEBUG GameScene            - Entity added to scene
22:35:11.908 [JavaFX Application Thread] DEBUG GameScene            - Added MainViewComponent
22:35:11.908 [JavaFX Application Thread] DEBUG GameScene            - Entity added to scene
22:35:11.908 [JavaFX Application Thread] DEBUG GameScene            - Added MainViewComponent
22:35:11.908 [JavaFX Application Thread] DEBUG GameScene            - Entity added to scene
22:35:11.908 [JavaFX Application Thread] DEBUG GameScene            - Added MainViewComponent
22:35:11.908 [JavaFX Application Thread] DEBUG GameScene            - Creating render group for layer: BACKGROUND(1000)
22:35:12.216 [JavaFX Application Thread] DEBUG GameScene            - Entity removed from scene
22:35:12.216 [JavaFX Application Thread] DEBUG GameScene            - Removed MainViewComponent
22:35:12.710 [JavaFX Application Thread] DEBUG GameScene            - Entity removed from scene
22:35:12.710 [JavaFX Application Thread] DEBUG GameScene            - Removed MainViewComponent
22:35:13.047 [JavaFX Application Thread] DEBUG GameScene            - Entity removed from scene
22:35:13.047 [JavaFX Application Thread] DEBUG GameScene            - Removed MainViewComponent
22:35:13.383 [JavaFX Application Thread] DEBUG GameScene            - Entity removed from scene
22:35:13.383 [JavaFX Application Thread] DEBUG GameScene            - Removed MainViewComponent
22:35:13.703 [JavaFX Application Thread] DEBUG GameScene            - Entity removed from scene
22:35:13.703 [JavaFX Application Thread] DEBUG GameScene            - Removed MainViewComponent
22:35:16.038 [JavaFX Application Thread] DEBUG GameScene            - Entity removed from scene
22:35:16.038 [JavaFX Application Thread] DEBUG GameScene            - Removed MainViewComponent
22:35:16.375 [JavaFX Application Thread] DEBUG GameScene            - Entity removed from scene
22:35:16.375 [JavaFX Application Thread] DEBUG GameScene            - Removed MainViewComponent
22:35:16.759 [JavaFX Application Thread] DEBUG GameScene            - Entity removed from scene
22:35:16.759 [JavaFX Application Thread] DEBUG GameScene            - Removed MainViewComponent
22:35:17.095 [JavaFX Application Thread] DEBUG GameScene            - Entity removed from scene
22:35:17.095 [JavaFX Application Thread] DEBUG GameScene            - Removed MainViewComponent
22:35:17.431 [JavaFX Application Thread] DEBUG GameScene            - Entity removed from scene
22:35:17.431 [JavaFX Application Thread] DEBUG GameScene            - Removed MainViewComponent
22:35:17.767 [JavaFX Application Thread] DEBUG GameScene            - Entity removed from scene
22:35:17.767 [JavaFX Application Thread] DEBUG GameScene            - Removed MainViewComponent
22:35:18.087 [JavaFX Application Thread] DEBUG GameScene            - Entity removed from scene
22:35:18.087 [JavaFX Application Thread] DEBUG GameScene            - Removed MainViewComponent
22:35:18.455 [JavaFX Application Thread] DEBUG GameScene            - Entity removed from scene
22:35:18.455 [JavaFX Application Thread] DEBUG GameScene            - Removed MainViewComponent
22:35:18.791 [JavaFX Application Thread] DEBUG GameScene            - Entity removed from scene
22:35:18.791 [JavaFX Application Thread] DEBUG GameScene            - Removed MainViewComponent
22:35:19.127 [JavaFX Application Thread] DEBUG GameScene            - Entity removed from scene
22:35:19.127 [JavaFX Application Thread] DEBUG GameScene            - Removed MainViewComponent
22:35:19.463 [JavaFX Application Thread] DEBUG GameScene            - Entity removed from scene
22:35:19.463 [JavaFX Application Thread] DEBUG GameScene            - Removed MainViewComponent
22:35:19.799 [JavaFX Application Thread] DEBUG GameScene            - Entity removed from scene
22:35:19.799 [JavaFX Application Thread] DEBUG GameScene            - Removed MainViewComponent
22:35:20.135 [JavaFX Application Thread] DEBUG GameScene            - Entity removed from scene
22:35:20.135 [JavaFX Application Thread] DEBUG GameScene            - Removed MainViewComponent
22:35:20.455 [JavaFX Application Thread] DEBUG GameScene            - Entity removed from scene
22:35:20.455 [JavaFX Application Thread] DEBUG GameScene            - Removed MainViewComponent
22:35:20.791 [JavaFX Application Thread] DEBUG GameScene            - Entity removed from scene
22:35:20.791 [JavaFX Application Thread] DEBUG GameScene            - Removed MainViewComponent
22:35:21.127 [JavaFX Application Thread] DEBUG GameScene            - Entity removed from scene
22:35:21.127 [JavaFX Application Thread] DEBUG GameScene            - Removed MainViewComponent
22:35:21.463 [JavaFX Application Thread] DEBUG GameScene            - Entity removed from scene
22:35:21.463 [JavaFX Application Thread] DEBUG GameScene            - Removed MainViewComponent
22:35:21.799 [JavaFX Application Thread] DEBUG GameScene            - Entity removed from scene
22:35:21.799 [JavaFX Application Thread] DEBUG GameScene            - Removed MainViewComponent
22:35:22.135 [JavaFX Application Thread] DEBUG GameScene            - Entity removed from scene
22:35:22.135 [JavaFX Application Thread] DEBUG GameScene            - Removed MainViewComponent
22:35:23.463 [JavaFX Application Thread] DEBUG GameScene            - Entity removed from scene
22:35:23.463 [JavaFX Application Thread] DEBUG GameScene            - Removed MainViewComponent
22:35:23.798 [JavaFX Application Thread] DEBUG GameScene            - Entity removed from scene
22:35:23.798 [JavaFX Application Thread] DEBUG GameScene            - Removed MainViewComponent
22:35:24.134 [JavaFX Application Thread] DEBUG GameScene            - Entity removed from scene
22:35:24.134 [JavaFX Application Thread] DEBUG GameScene            - Removed MainViewComponent
22:35:24.455 [JavaFX Application Thread] DEBUG GameScene            - Entity removed from scene
22:35:24.455 [JavaFX Application Thread] DEBUG GameScene            - Removed MainViewComponent
22:35:24.791 [JavaFX Application Thread] DEBUG GameScene            - Entity removed from scene
22:35:24.791 [JavaFX Application Thread] DEBUG GameScene            - Removed MainViewComponent
22:35:25.126 [JavaFX Application Thread] DEBUG GameScene            - Entity removed from scene
22:35:25.126 [JavaFX Application Thread] DEBUG GameScene            - Removed MainViewComponent
22:35:25.463 [JavaFX Application Thread] DEBUG GameScene            - Entity removed from scene
22:35:25.463 [JavaFX Application Thread] DEBUG GameScene            - Removed MainViewComponent
22:35:28.056 [JavaFX Application Thread] DEBUG GameScene            - Removing UI node: Circle[centerX=0.0, centerY=0.0, radius=15.0, fill=0xffff00ff, stroke=0x000000ff, strokeWidth=1.0]
22:35:28.056 [JavaFX Application Thread] DEBUG FXGLAssetLoader      - Loading from cache: /assets/textures/pacman0.png
22:35:28.057 [JavaFX Application Thread] DEBUG FXGLAssetLoader      - Loading from cache: /assets/textures/clydeBottom00.png
22:35:28.057 [JavaFX Application Thread] DEBUG FXGLAssetLoader      - Loading from cache: /assets/textures/inkyBottom00.png
22:35:28.057 [JavaFX Application Thread] DEBUG FXGLAssetLoader      - Loading from cache: /assets/textures/pinkyBottom00.png
22:35:28.058 [JavaFX Application Thread] DEBUG FXGLAssetLoader      - Loading from cache: /assets/textures/blinkyBottom00.png
22:35:28.072 [JavaFX Application Thread] DEBUG GameScene            - Entity added to scene
22:35:28.072 [JavaFX Application Thread] DEBUG GameScene            - Added MainViewComponent
22:35:28.072 [JavaFX Application Thread] DEBUG GameScene            - Entity added to scene
22:35:28.072 [JavaFX Application Thread] DEBUG GameScene            - Added MainViewComponent
22:35:28.072 [JavaFX Application Thread] DEBUG GameScene            - Entity added to scene
22:35:28.072 [JavaFX Application Thread] DEBUG GameScene            - Added MainViewComponent
22:35:28.072 [JavaFX Application Thread] DEBUG GameScene            - Entity added to scene
22:35:28.072 [JavaFX Application Thread] DEBUG GameScene            - Added MainViewComponent
22:35:28.072 [JavaFX Application Thread] DEBUG GameScene            - Entity added to scene
22:35:28.072 [JavaFX Application Thread] DEBUG GameScene            - Added MainViewComponent
22:35:28.072 [JavaFX Application Thread] DEBUG GameScene            - Entity removed from scene
22:35:28.072 [JavaFX Application Thread] DEBUG GameScene            - Removed MainViewComponent
22:35:28.072 [JavaFX Application Thread] DEBUG GameScene            - Entity removed from scene
22:35:28.072 [JavaFX Application Thread] DEBUG GameScene            - Removed MainViewComponent
22:35:28.073 [JavaFX Application Thread] DEBUG GameScene            - Entity removed from scene
22:35:28.073 [JavaFX Application Thread] DEBUG GameScene            - Removed MainViewComponent
22:35:28.073 [JavaFX Application Thread] DEBUG GameScene            - Entity removed from scene
22:35:28.073 [JavaFX Application Thread] DEBUG GameScene            - Removed MainViewComponent
22:35:28.073 [JavaFX Application Thread] DEBUG GameScene            - Entity removed from scene
22:35:28.073 [JavaFX Application Thread] DEBUG GameScene            - Removed MainViewComponent
22:35:31.559 [JavaFX Application Thread] DEBUG GameScene            - Entity removed from scene
22:35:31.559 [JavaFX Application Thread] DEBUG GameScene            - Removed MainViewComponent
22:35:31.895 [JavaFX Application Thread] DEBUG GameScene            - Entity removed from scene
22:35:31.895 [JavaFX Application Thread] DEBUG GameScene            - Removed MainViewComponent
22:35:32.231 [JavaFX Application Thread] DEBUG GameScene            - Entity removed from scene
22:35:32.231 [JavaFX Application Thread] DEBUG GameScene            - Removed MainViewComponent
22:35:32.567 [JavaFX Application Thread] DEBUG GameScene            - Entity removed from scene
22:35:32.567 [JavaFX Application Thread] DEBUG GameScene            - Removed MainViewComponent
22:35:32.903 [JavaFX Application Thread] DEBUG GameScene            - Entity removed from scene
22:35:32.903 [JavaFX Application Thread] DEBUG GameScene            - Removed MainViewComponent
22:35:33.223 [JavaFX Application Thread] DEBUG GameScene            - Entity removed from scene
22:35:33.223 [JavaFX Application Thread] DEBUG GameScene            - Removed MainViewComponent
22:35:33.559 [JavaFX Application Thread] DEBUG GameScene            - Entity removed from scene
22:35:33.559 [JavaFX Application Thread] DEBUG GameScene            - Removed MainViewComponent
22:35:33.895 [JavaFX Application Thread] DEBUG GameScene            - Entity removed from scene
22:35:33.895 [JavaFX Application Thread] DEBUG GameScene            - Removed MainViewComponent
22:35:34.231 [JavaFX Application Thread] DEBUG GameScene            - Entity removed from scene
22:35:34.231 [JavaFX Application Thread] DEBUG GameScene            - Removed MainViewComponent
22:35:34.567 [JavaFX Application Thread] DEBUG GameScene            - Entity removed from scene
22:35:34.567 [JavaFX Application Thread] DEBUG GameScene            - Removed MainViewComponent
22:35:34.886 [JavaFX Application Thread] DEBUG GameScene            - Entity removed from scene
22:35:34.886 [JavaFX Application Thread] DEBUG GameScene            - Removed MainViewComponent
22:35:35.223 [JavaFX Application Thread] DEBUG GameScene            - Entity removed from scene
22:35:35.223 [JavaFX Application Thread] DEBUG GameScene            - Removed MainViewComponent
22:35:35.559 [JavaFX Application Thread] DEBUG GameScene            - Entity removed from scene
22:35:35.559 [JavaFX Application Thread] DEBUG GameScene            - Removed MainViewComponent
22:35:35.895 [JavaFX Application Thread] DEBUG GameScene            - Entity removed from scene
22:35:35.895 [JavaFX Application Thread] DEBUG GameScene            - Removed MainViewComponent
22:35:36.230 [JavaFX Application Thread] DEBUG GameScene            - Entity removed from scene
22:35:36.230 [JavaFX Application Thread] DEBUG GameScene            - Removed MainViewComponent
22:35:39.818 [JavaFX Application Thread] DEBUG GameScene            - Removing UI node: Circle[centerX=0.0, centerY=0.0, radius=15.0, fill=0xffff00ff, stroke=0x000000ff, strokeWidth=1.0]
22:35:39.819 [JavaFX Application Thread] DEBUG FXGLAssetLoader      - Loading from cache: /assets/textures/pacman0.png
22:35:39.820 [JavaFX Application Thread] DEBUG FXGLAssetLoader      - Loading from cache: /assets/textures/blinkyBottom00.png
22:35:39.820 [JavaFX Application Thread] DEBUG FXGLAssetLoader      - Loading from cache: /assets/textures/pinkyBottom00.png
22:35:39.821 [JavaFX Application Thread] DEBUG FXGLAssetLoader      - Loading from cache: /assets/textures/inkyBottom00.png
22:35:39.821 [JavaFX Application Thread] DEBUG FXGLAssetLoader      - Loading from cache: /assets/textures/clydeBottom00.png
22:35:39.831 [JavaFX Application Thread] DEBUG GameScene            - Entity added to scene
22:35:39.831 [JavaFX Application Thread] DEBUG GameScene            - Added MainViewComponent
22:35:39.831 [JavaFX Application Thread] DEBUG GameScene            - Entity added to scene
22:35:39.831 [JavaFX Application Thread] DEBUG GameScene            - Added MainViewComponent
22:35:39.831 [JavaFX Application Thread] DEBUG GameScene            - Entity added to scene
22:35:39.831 [JavaFX Application Thread] DEBUG GameScene            - Added MainViewComponent
22:35:39.831 [JavaFX Application Thread] DEBUG GameScene            - Entity added to scene
22:35:39.831 [JavaFX Application Thread] DEBUG GameScene            - Added MainViewComponent
22:35:39.831 [JavaFX Application Thread] DEBUG GameScene            - Entity added to scene
22:35:39.831 [JavaFX Application Thread] DEBUG GameScene            - Added MainViewComponent
22:35:39.831 [JavaFX Application Thread] DEBUG GameScene            - Entity removed from scene
22:35:39.831 [JavaFX Application Thread] DEBUG GameScene            - Removed MainViewComponent
22:35:39.831 [JavaFX Application Thread] DEBUG GameScene            - Entity removed from scene
22:35:39.831 [JavaFX Application Thread] DEBUG GameScene            - Removed MainViewComponent
22:35:39.831 [JavaFX Application Thread] DEBUG GameScene            - Entity removed from scene
22:35:39.831 [JavaFX Application Thread] DEBUG GameScene            - Removed MainViewComponent
22:35:39.831 [JavaFX Application Thread] DEBUG GameScene            - Entity removed from scene
22:35:39.831 [JavaFX Application Thread] DEBUG GameScene            - Removed MainViewComponent
22:35:39.831 [JavaFX Application Thread] DEBUG GameScene            - Entity removed from scene
22:35:39.831 [JavaFX Application Thread] DEBUG GameScene            - Removed MainViewComponent
22:35:46.085 [JavaFX Application Thread] DEBUG FXGLEventBus         - Firing event: DisplayEvent[type=CLOSE_REQUEST]
22:35:46.086 [JavaFX Application Thread] DEBUG FXGLEventBus         - Firing event: FXGLEvent[type=EXIT]
22:35:46.086 [JavaFX Application Thread] DEBUG FXGL                 - Saving FXGL system data
22:35:46.087 [JavaFX Application Thread] DEBUG IOTask               - Executing task: writeDataTask(system/fxgl.bundle)
22:35:46.089 [JavaFX Application Thread] DEBUG FS                   - Writing to: system\fxgl.bundle
22:35:46.091 [JavaFX Application Thread] DEBUG IOTask               - Task succeeded: writeDataTask(system/fxgl.bundle)
