21:53:40.087 [FXGL Launcher Thread     ] DEBUG FXGLLoggerFactory    - Service [LoggerFactory] initialized
21:53:40.091 [FXGL Launcher Thread     ] DEBUG FXGL                 - FXGL configuration complete
21:53:40.091 [FXGL Launcher Thread     ] DEBUG FXGL                 - Loading FXGL system data
21:53:40.094 [FXGL Launcher Thread     ] DEBUG IOTask               - Executing task: readDataTask(system/fxgl.bundle)
21:53:40.096 [FXGL Launcher Thread     ] DEBUG FS                   - Reading from: system\fxgl.bundle
21:53:40.101 [FXGL Launcher Thread     ] DEBUG IOTask               - Task succeeded: readDataTask(system/fxgl.bundle)
21:53:40.101 [FXGL Launcher Thread     ] DEBUG Bundle               - Logging bundle: FXGL
21:53:40.102 [FXGL Launcher Thread     ] DEBUG Bundle               - FXGL.offline.timer.version.check=2017-02-07T20:48:18.246
21:53:40.106 [FXGL Launcher Thread     ] DEBUG GameApplication      - Configuring GameApplication
21:53:40.110 [FXGL Launcher Thread     ] DEBUG FXGLExceptionHandler - Service [ExceptionHandler] initialized
21:53:40.111 [FXGL Launcher Thread     ] DEBUG FXGLEventBus         - Service [EventBus] initialized
21:53:40.113 [FXGL Launcher Thread     ] DEBUG FXGLExecutor         - Service [Executor] initialized
21:53:40.113 [FXGL Launcher Thread     ] DEBUG PreInitTask          - Injecting gameWorld & physicsWorld
21:53:40.117 [FXGL Launcher Thread     ] DEBUG GameWorld            - Game world initialized
21:53:40.151 [FXGL Launcher Thread     ] DEBUG FXGLPooler           - Service [Pooler] initialized with default size = 128
21:53:40.151 [FXGL Launcher Thread     ] DEBUG PhysicsWorld         - Physics world initialized: appHeight=840.0, physics.ppm=50.0
21:53:40.152 [FXGL Launcher Thread     ] DEBUG FXGLInput            - Service [Input] initialized
21:53:40.166 [FXGL Launcher Thread     ] DEBUG FXGLInput            - Registered new binding: Screenshot - P
21:53:40.166 [FXGL Launcher Thread     ] DEBUG FXGLInput            - Registered new binding: Dev Options - CTRL+0
21:53:40.167 [FXGL Launcher Thread     ] DEBUG FXGLInput            - Registered new binding: Up - W
21:53:40.167 [FXGL Launcher Thread     ] DEBUG FXGLInput            - Registered new binding: Left - A
21:53:40.167 [FXGL Launcher Thread     ] DEBUG FXGLInput            - Registered new binding: Down - S
21:53:40.167 [FXGL Launcher Thread     ] DEBUG FXGLInput            - Registered new binding: Right - D
21:53:40.185 [FXGL Launcher Thread     ] DEBUG GameScene            - Game scene initialized: 960.0x840.0
21:53:40.189 [FXGL Launcher Thread     ] DEBUG FXGLAssetLoader      - Service [AssetLoader] initialized: cacheSize=35
21:53:40.191 [FXGL Launcher Thread     ] DEBUG FXGLAssetLoader      - Loading from disk: /assets/sounds/system/notification.wav
21:53:40.212 [FXGL Launcher Thread     ] DEBUG FXGLAssetLoader      - Loading from disk: /assets/sounds/menu/select.wav
21:53:40.213 [FXGL Launcher Thread     ] DEBUG FXGLAssetLoader      - Loading from disk: /assets/sounds/menu/back.wav
21:53:40.214 [FXGL Launcher Thread     ] DEBUG FXGLAssetLoader      - Loading from disk: /assets/sounds/menu/press.wav
21:53:40.216 [FXGL Launcher Thread     ] DEBUG FXGLAssetLoader      - Loading from disk: /assets/ui/fonts/Copperplate_Gothic_Light_Regular.ttf
21:53:40.283 [FXGL Launcher Thread     ] DEBUG FXGLAssetLoader      - Loading from disk: /assets/ui/css/fxgl.css
21:53:40.283 [FXGL Launcher Thread     ] DEBUG FXGLAssetLoader      - Loading from disk: /assets/ui/icons/fxgl_icon.png
21:53:40.306 [FXGL Launcher Thread     ] DEBUG FXGLAssetLoader      - Loading from disk: /assets/ui/css/fxgl_dark.css
21:53:40.315 [FXGL Launcher Thread     ] DEBUG FXGLDisplay          - Target size: DoubleProperty [value: 960.0] x DoubleProperty [value: 840.0] @ 1.0
21:53:40.315 [FXGL Launcher Thread     ] DEBUG FXGLDisplay          - New size:    960.0 x 840.0 @ DoubleProperty [value: 1.0]
21:53:40.315 [FXGL Launcher Thread     ] DEBUG FXGLDisplay          - Service [Display] initialized
21:53:40.315 [FXGL Launcher Thread     ] DEBUG FXGLDisplay          - Using CSS: CSS(externalForm=jar:file:/C:/Users/lukel/Documents/Programming/Pacman/lib/fxgl-0.2.9-uber.jar!/assets/ui/css/fxgl_dark.css)
21:53:40.316 [FXGL Launcher Thread     ] DEBUG InitScenesTask       - Injecting loadingScene & gameScene
21:53:40.326 [FXGL Launcher Thread     ] DEBUG FXGLMasterTimer      - Service [MasterTimer] initialized
21:53:40.332 [FXGL Launcher Thread     ] DEBUG FXGLAudioPlayer      - Service [AudioPlayer] initialized
21:53:40.338 [FXGL Launcher Thread     ] DEBUG GameApplication      - Starting new game
21:53:40.339 [FXGL Launcher Thread     ] DEBUG GameApplication      - Initializing App
21:53:40.340 [FXGL Launcher Thread     ] DEBUG FXGLInput            - Clearing active input actions
21:53:40.340 [FXGL Launcher Thread     ] DEBUG FXGLMasterTimer      - Stopping master timer
21:53:40.340 [FXGL Launcher Thread     ] DEBUG GameApplication      - State: STARTUP -> PAUSED
21:53:40.341 [FXGL Launcher Thread     ] DEBUG FXGLEventBus         - Firing event: FXGLEvent[type=PAUSE]
21:53:40.342 [FXGL Launcher Thread     ] DEBUG FXGLInput            - Clearing active input actions
21:53:40.342 [FXGL Launcher Thread     ] DEBUG FXGLMasterTimer      - Resetting ticks and clearing all actions
21:53:40.342 [FXGL Launcher Thread     ] DEBUG GameWorld            - Resetting game world
21:53:40.342 [FXGL Launcher Thread     ] TRACE EntityWorld          - Resetting entity world
21:53:40.343 [FXGL Launcher Thread     ] DEBUG PhysicsWorld         - Resetting physics world
21:53:40.344 [FXGL Launcher Thread     ] DEBUG GameScene            - Resetting game scene
21:53:40.344 [FXGL Launcher Thread     ] DEBUG FXGLEventBus         - Firing event: FXGLEvent[type=RESET]
21:53:40.375 [FXGL Launcher Thread     ] DEBUG GameApplication      - State: PAUSED -> LOADING
21:53:40.396 [FXGL Background Thread 1 ] DEBUG InitAppTask          - Initializing Assets
21:53:40.397 [FXGL Background Thread 1 ] DEBUG InitAppTask          - Initializing Game
21:53:40.408 [FXGL Background Thread 1 ] DEBUG FXGLAssetLoader      - Loading from disk: /assets/textures/pacman0.png
21:53:40.430 [FXGL Background Thread 1 ] DEBUG FXGLAssetLoader      - Loading from disk: /assets/text/levels/level.txt
21:53:40.441 [JavaFX Application Thread] DEBUG FXGLDisplay          - Showing stage
21:53:40.441 [JavaFX Application Thread] DEBUG FXGLDisplay          - Root size: 960.0x840.0
21:53:40.441 [JavaFX Application Thread] DEBUG FXGLDisplay          - Scene size: 960.0x840.0
21:53:40.441 [JavaFX Application Thread] DEBUG FXGLDisplay          - Stage size: 976.0x879.0
21:53:40.494 [FXGL Background Thread 1 ] DEBUG FXGLAssetLoader      - Loading from disk: /assets/textures/blinky0.png
21:53:40.499 [FXGL Background Thread 1 ] DEBUG FXGLAssetLoader      - Loading from disk: /assets/textures/pinky0.png
21:53:40.501 [FXGL Background Thread 1 ] DEBUG FXGLAssetLoader      - Loading from disk: /assets/textures/clyde0.png
21:53:40.502 [FXGL Background Thread 1 ] DEBUG FXGLAssetLoader      - Loading from disk: /assets/textures/inky0.png
21:53:40.522 [FXGL Background Thread 1 ] DEBUG FXGLAssetLoader      - Loading from cache: /assets/textures/pacman0.png
21:53:40.538 [FXGL Background Thread 1 ] DEBUG GameWorld            - Resetting game world
21:53:40.538 [FXGL Background Thread 1 ] TRACE EntityWorld          - Resetting entity world
21:53:40.540 [FXGL Background Thread 1 ] DEBUG GameScene            - Entity added to scene
21:53:40.540 [FXGL Background Thread 1 ] DEBUG GameScene            - Added MainViewComponent
21:53:40.542 [FXGL Background Thread 1 ] DEBUG GameScene            - Creating render group for layer: TOP(2147483647)
21:53:40.545 [FXGL Background Thread 1 ] DEBUG GameScene            - Removed MainViewComponent
21:53:40.545 [FXGL Background Thread 1 ] DEBUG PhysicsWorld         - Resetting physics world
21:53:40.545 [FXGL Background Thread 1 ] DEBUG GameScene            - Resetting game scene
21:53:40.545 [FXGL Background Thread 1 ] DEBUG GameWorld            - Setting level: com.almasb.fxgl.gameplay.Level@68a1869d
21:53:40.546 [FXGL Background Thread 1 ] DEBUG InitAppTask          - Initializing Physics
21:53:40.547 [FXGL Background Thread 1 ] DEBUG InitAppTask          - Initializing UI
21:53:40.548 [FXGL Background Thread 1 ] DEBUG FXGLAssetLoader      - Loading from disk: /assets/ui/pacman_ui.fxml
21:53:40.573 [FXGL Background Thread 1 ] DEBUG GameScene            - Adding UI node: Pane@3859eae6
21:53:40.573 [FXGL Background Thread 1 ] DEBUG InitAppTask          - Initialization Complete
21:53:40.575 [JavaFX Application Thread] DEBUG FXGLInput            - Clearing active input actions
21:53:40.575 [JavaFX Application Thread] DEBUG FXGLMasterTimer      - Starting master timer
21:53:40.575 [JavaFX Application Thread] DEBUG GameApplication      - State: LOADING -> PLAYING
21:53:40.581 [JavaFX Application Thread] DEBUG FXGLEventBus         - Firing event: FXGLEvent[type=RESUME]
21:53:40.587 [JavaFX Application Thread] DEBUG GameScene            - Entity added to scene
21:53:40.587 [JavaFX Application Thread] DEBUG GameScene            - Added MainViewComponent
21:53:40.587 [JavaFX Application Thread] DEBUG GameScene            - Creating render group for layer: TOP(2147483647)
21:53:40.587 [JavaFX Application Thread] DEBUG GameScene            - Entity added to scene
21:53:40.587 [JavaFX Application Thread] DEBUG GameScene            - Added MainViewComponent
21:53:40.587 [JavaFX Application Thread] DEBUG GameScene            - Entity added to scene
21:53:40.587 [JavaFX Application Thread] DEBUG GameScene            - Added MainViewComponent
21:53:40.587 [JavaFX Application Thread] DEBUG GameScene            - Entity added to scene
21:53:40.587 [JavaFX Application Thread] DEBUG GameScene            - Added MainViewComponent
21:53:40.588 [JavaFX Application Thread] DEBUG GameScene            - Entity added to scene
21:53:40.588 [JavaFX Application Thread] DEBUG GameScene            - Added MainViewComponent
21:53:40.588 [JavaFX Application Thread] DEBUG GameScene            - Entity added to scene
21:53:40.588 [JavaFX Application Thread] DEBUG GameScene            - Added MainViewComponent
21:53:40.588 [JavaFX Application Thread] DEBUG GameScene            - Entity added to scene
21:53:40.588 [JavaFX Application Thread] DEBUG GameScene            - Added MainViewComponent
21:53:40.588 [JavaFX Application Thread] DEBUG GameScene            - Entity added to scene
21:53:40.588 [JavaFX Application Thread] DEBUG GameScene            - Added MainViewComponent
21:53:40.589 [JavaFX Application Thread] DEBUG GameScene            - Entity added to scene
21:53:40.589 [JavaFX Application Thread] DEBUG GameScene            - Added MainViewComponent
21:53:40.589 [JavaFX Application Thread] DEBUG GameScene            - Entity added to scene
21:53:40.589 [JavaFX Application Thread] DEBUG GameScene            - Added MainViewComponent
21:53:40.589 [JavaFX Application Thread] DEBUG GameScene            - Entity added to scene
21:53:40.589 [JavaFX Application Thread] DEBUG GameScene            - Added MainViewComponent
21:53:40.589 [JavaFX Application Thread] DEBUG GameScene            - Entity added to scene
21:53:40.589 [JavaFX Application Thread] DEBUG GameScene            - Added MainViewComponent
21:53:40.589 [JavaFX Application Thread] DEBUG GameScene            - Entity added to scene
21:53:40.589 [JavaFX Application Thread] DEBUG GameScene            - Added MainViewComponent
21:53:40.590 [JavaFX Application Thread] DEBUG GameScene            - Entity added to scene
21:53:40.590 [JavaFX Application Thread] DEBUG GameScene            - Added MainViewComponent
21:53:40.590 [JavaFX Application Thread] DEBUG GameScene            - Entity added to scene
21:53:40.590 [JavaFX Application Thread] DEBUG GameScene            - Added MainViewComponent
21:53:40.590 [JavaFX Application Thread] DEBUG GameScene            - Entity added to scene
21:53:40.590 [JavaFX Application Thread] DEBUG GameScene            - Added MainViewComponent
21:53:40.590 [JavaFX Application Thread] DEBUG GameScene            - Entity added to scene
21:53:40.590 [JavaFX Application Thread] DEBUG GameScene            - Added MainViewComponent
21:53:40.591 [JavaFX Application Thread] DEBUG GameScene            - Entity added to scene
21:53:40.591 [JavaFX Application Thread] DEBUG GameScene            - Added MainViewComponent
21:53:40.591 [JavaFX Application Thread] DEBUG GameScene            - Entity added to scene
21:53:40.591 [JavaFX Application Thread] DEBUG GameScene            - Added MainViewComponent
21:53:40.591 [JavaFX Application Thread] DEBUG GameScene            - Entity added to scene
21:53:40.591 [JavaFX Application Thread] DEBUG GameScene            - Added MainViewComponent
21:53:40.591 [JavaFX Application Thread] DEBUG GameScene            - Entity added to scene
21:53:40.591 [JavaFX Application Thread] DEBUG GameScene            - Added MainViewComponent
21:53:40.591 [JavaFX Application Thread] DEBUG GameScene            - Creating render group for layer: BACKGROUND2(1001)
21:53:40.592 [JavaFX Application Thread] DEBUG GameScene            - Entity added to scene
21:53:40.592 [JavaFX Application Thread] DEBUG GameScene            - Added MainViewComponent
21:53:40.592 [JavaFX Application Thread] DEBUG GameScene            - Entity added to scene
21:53:40.592 [JavaFX Application Thread] DEBUG GameScene            - Added MainViewComponent
21:53:40.592 [JavaFX Application Thread] DEBUG GameScene            - Entity added to scene
21:53:40.592 [JavaFX Application Thread] DEBUG GameScene            - Added MainViewComponent
21:53:40.593 [JavaFX Application Thread] DEBUG GameScene            - Entity added to scene
21:53:40.593 [JavaFX Application Thread] DEBUG GameScene            - Added MainViewComponent
21:53:40.593 [JavaFX Application Thread] DEBUG GameScene            - Entity added to scene
21:53:40.593 [JavaFX Application Thread] DEBUG GameScene            - Added MainViewComponent
21:53:40.593 [JavaFX Application Thread] DEBUG GameScene            - Entity added to scene
21:53:40.593 [JavaFX Application Thread] DEBUG GameScene            - Added MainViewComponent
21:53:40.593 [JavaFX Application Thread] DEBUG GameScene            - Entity added to scene
21:53:40.593 [JavaFX Application Thread] DEBUG GameScene            - Added MainViewComponent
21:53:40.593 [JavaFX Application Thread] DEBUG GameScene            - Entity added to scene
21:53:40.593 [JavaFX Application Thread] DEBUG GameScene            - Added MainViewComponent
21:53:40.593 [JavaFX Application Thread] DEBUG GameScene            - Entity added to scene
21:53:40.593 [JavaFX Application Thread] DEBUG GameScene            - Added MainViewComponent
21:53:40.594 [JavaFX Application Thread] DEBUG GameScene            - Entity added to scene
21:53:40.594 [JavaFX Application Thread] DEBUG GameScene            - Added MainViewComponent
21:53:40.594 [JavaFX Application Thread] DEBUG GameScene            - Entity added to scene
21:53:40.594 [JavaFX Application Thread] DEBUG GameScene            - Added MainViewComponent
21:53:40.594 [JavaFX Application Thread] DEBUG GameScene            - Entity added to scene
21:53:40.594 [JavaFX Application Thread] DEBUG GameScene            - Added MainViewComponent
21:53:40.594 [JavaFX Application Thread] DEBUG GameScene            - Entity added to scene
21:53:40.594 [JavaFX Application Thread] DEBUG GameScene            - Added MainViewComponent
21:53:40.594 [JavaFX Application Thread] DEBUG GameScene            - Entity added to scene
21:53:40.594 [JavaFX Application Thread] DEBUG GameScene            - Added MainViewComponent
21:53:40.595 [JavaFX Application Thread] DEBUG GameScene            - Entity added to scene
21:53:40.595 [JavaFX Application Thread] DEBUG GameScene            - Added MainViewComponent
21:53:40.595 [JavaFX Application Thread] DEBUG GameScene            - Entity added to scene
21:53:40.595 [JavaFX Application Thread] DEBUG GameScene            - Added MainViewComponent
21:53:40.595 [JavaFX Application Thread] DEBUG GameScene            - Entity added to scene
21:53:40.595 [JavaFX Application Thread] DEBUG GameScene            - Added MainViewComponent
21:53:40.595 [JavaFX Application Thread] DEBUG GameScene            - Entity added to scene
21:53:40.595 [JavaFX Application Thread] DEBUG GameScene            - Added MainViewComponent
21:53:40.595 [JavaFX Application Thread] DEBUG GameScene            - Entity added to scene
21:53:40.595 [JavaFX Application Thread] DEBUG GameScene            - Added MainViewComponent
21:53:40.595 [JavaFX Application Thread] DEBUG GameScene            - Entity added to scene
21:53:40.595 [JavaFX Application Thread] DEBUG GameScene            - Added MainViewComponent
21:53:40.596 [JavaFX Application Thread] DEBUG GameScene            - Entity added to scene
21:53:40.596 [JavaFX Application Thread] DEBUG GameScene            - Added MainViewComponent
21:53:40.596 [JavaFX Application Thread] DEBUG GameScene            - Entity added to scene
21:53:40.596 [JavaFX Application Thread] DEBUG GameScene            - Added MainViewComponent
21:53:40.596 [JavaFX Application Thread] DEBUG GameScene            - Entity added to scene
21:53:40.596 [JavaFX Application Thread] DEBUG GameScene            - Added MainViewComponent
21:53:40.596 [JavaFX Application Thread] DEBUG GameScene            - Entity added to scene
21:53:40.596 [JavaFX Application Thread] DEBUG GameScene            - Added MainViewComponent
21:53:40.596 [JavaFX Application Thread] DEBUG GameScene            - Entity added to scene
21:53:40.596 [JavaFX Application Thread] DEBUG GameScene            - Added MainViewComponent
21:53:40.596 [JavaFX Application Thread] DEBUG GameScene            - Entity added to scene
21:53:40.596 [JavaFX Application Thread] DEBUG GameScene            - Added MainViewComponent
21:53:40.596 [JavaFX Application Thread] DEBUG GameScene            - Entity added to scene
21:53:40.597 [JavaFX Application Thread] DEBUG GameScene            - Added MainViewComponent
21:53:40.597 [JavaFX Application Thread] DEBUG GameScene            - Entity added to scene
21:53:40.597 [JavaFX Application Thread] DEBUG GameScene            - Added MainViewComponent
21:53:40.597 [JavaFX Application Thread] DEBUG GameScene            - Entity added to scene
21:53:40.597 [JavaFX Application Thread] DEBUG GameScene            - Added MainViewComponent
21:53:40.597 [JavaFX Application Thread] DEBUG GameScene            - Entity added to scene
21:53:40.597 [JavaFX Application Thread] DEBUG GameScene            - Added MainViewComponent
21:53:40.597 [JavaFX Application Thread] DEBUG GameScene            - Entity added to scene
21:53:40.597 [JavaFX Application Thread] DEBUG GameScene            - Added MainViewComponent
21:53:40.597 [JavaFX Application Thread] DEBUG GameScene            - Entity added to scene
21:53:40.597 [JavaFX Application Thread] DEBUG GameScene            - Added MainViewComponent
21:53:40.598 [JavaFX Application Thread] DEBUG GameScene            - Entity added to scene
21:53:40.598 [JavaFX Application Thread] DEBUG GameScene            - Added MainViewComponent
21:53:40.598 [JavaFX Application Thread] DEBUG GameScene            - Entity added to scene
21:53:40.598 [JavaFX Application Thread] DEBUG GameScene            - Added MainViewComponent
21:53:40.598 [JavaFX Application Thread] DEBUG GameScene            - Entity added to scene
21:53:40.598 [JavaFX Application Thread] DEBUG GameScene            - Added MainViewComponent
21:53:40.598 [JavaFX Application Thread] DEBUG GameScene            - Entity added to scene
21:53:40.598 [JavaFX Application Thread] DEBUG GameScene            - Added MainViewComponent
21:53:40.598 [JavaFX Application Thread] DEBUG GameScene            - Entity added to scene
21:53:40.598 [JavaFX Application Thread] DEBUG GameScene            - Added MainViewComponent
21:53:40.598 [JavaFX Application Thread] DEBUG GameScene            - Entity added to scene
21:53:40.598 [JavaFX Application Thread] DEBUG GameScene            - Added MainViewComponent
21:53:40.598 [JavaFX Application Thread] DEBUG GameScene            - Entity added to scene
21:53:40.599 [JavaFX Application Thread] DEBUG GameScene            - Added MainViewComponent
21:53:40.599 [JavaFX Application Thread] DEBUG GameScene            - Entity added to scene
21:53:40.599 [JavaFX Application Thread] DEBUG GameScene            - Added MainViewComponent
21:53:40.599 [JavaFX Application Thread] DEBUG GameScene            - Entity added to scene
21:53:40.599 [JavaFX Application Thread] DEBUG GameScene            - Added MainViewComponent
21:53:40.599 [JavaFX Application Thread] DEBUG GameScene            - Entity added to scene
21:53:40.599 [JavaFX Application Thread] DEBUG GameScene            - Added MainViewComponent
21:53:40.599 [JavaFX Application Thread] DEBUG GameScene            - Entity added to scene
21:53:40.599 [JavaFX Application Thread] DEBUG GameScene            - Added MainViewComponent
21:53:40.599 [JavaFX Application Thread] DEBUG GameScene            - Entity added to scene
21:53:40.599 [JavaFX Application Thread] DEBUG GameScene            - Added MainViewComponent
21:53:40.599 [JavaFX Application Thread] DEBUG GameScene            - Entity added to scene
21:53:40.599 [JavaFX Application Thread] DEBUG GameScene            - Added MainViewComponent
21:53:40.600 [JavaFX Application Thread] DEBUG GameScene            - Entity added to scene
21:53:40.600 [JavaFX Application Thread] DEBUG GameScene            - Added MainViewComponent
21:53:40.600 [JavaFX Application Thread] DEBUG GameScene            - Entity added to scene
21:53:40.600 [JavaFX Application Thread] DEBUG GameScene            - Added MainViewComponent
21:53:40.600 [JavaFX Application Thread] DEBUG GameScene            - Entity added to scene
21:53:40.600 [JavaFX Application Thread] DEBUG GameScene            - Added MainViewComponent
21:53:40.600 [JavaFX Application Thread] DEBUG GameScene            - Entity added to scene
21:53:40.600 [JavaFX Application Thread] DEBUG GameScene            - Added MainViewComponent
21:53:40.600 [JavaFX Application Thread] DEBUG GameScene            - Entity added to scene
21:53:40.600 [JavaFX Application Thread] DEBUG GameScene            - Added MainViewComponent
21:53:40.600 [JavaFX Application Thread] DEBUG GameScene            - Entity added to scene
21:53:40.600 [JavaFX Application Thread] DEBUG GameScene            - Added MainViewComponent
21:53:40.600 [JavaFX Application Thread] DEBUG GameScene            - Entity added to scene
21:53:40.600 [JavaFX Application Thread] DEBUG GameScene            - Added MainViewComponent
21:53:40.600 [JavaFX Application Thread] DEBUG GameScene            - Entity added to scene
21:53:40.600 [JavaFX Application Thread] DEBUG GameScene            - Added MainViewComponent
21:53:40.601 [JavaFX Application Thread] DEBUG GameScene            - Entity added to scene
21:53:40.601 [JavaFX Application Thread] DEBUG GameScene            - Added MainViewComponent
21:53:40.601 [JavaFX Application Thread] DEBUG GameScene            - Entity added to scene
21:53:40.601 [JavaFX Application Thread] DEBUG GameScene            - Added MainViewComponent
21:53:40.601 [JavaFX Application Thread] DEBUG GameScene            - Entity added to scene
21:53:40.601 [JavaFX Application Thread] DEBUG GameScene            - Added MainViewComponent
21:53:40.601 [JavaFX Application Thread] DEBUG GameScene            - Entity added to scene
21:53:40.601 [JavaFX Application Thread] DEBUG GameScene            - Added MainViewComponent
21:53:40.601 [JavaFX Application Thread] DEBUG GameScene            - Entity added to scene
21:53:40.601 [JavaFX Application Thread] DEBUG GameScene            - Added MainViewComponent
21:53:40.601 [JavaFX Application Thread] DEBUG GameScene            - Entity added to scene
21:53:40.601 [JavaFX Application Thread] DEBUG GameScene            - Added MainViewComponent
21:53:40.601 [JavaFX Application Thread] DEBUG GameScene            - Entity added to scene
21:53:40.602 [JavaFX Application Thread] DEBUG GameScene            - Added MainViewComponent
21:53:40.602 [JavaFX Application Thread] DEBUG GameScene            - Entity added to scene
21:53:40.602 [JavaFX Application Thread] DEBUG GameScene            - Added MainViewComponent
21:53:40.602 [JavaFX Application Thread] DEBUG GameScene            - Entity added to scene
21:53:40.602 [JavaFX Application Thread] DEBUG GameScene            - Added MainViewComponent
21:53:40.602 [JavaFX Application Thread] DEBUG GameScene            - Entity added to scene
21:53:40.602 [JavaFX Application Thread] DEBUG GameScene            - Added MainViewComponent
21:53:40.602 [JavaFX Application Thread] DEBUG GameScene            - Entity added to scene
21:53:40.602 [JavaFX Application Thread] DEBUG GameScene            - Added MainViewComponent
21:53:40.602 [JavaFX Application Thread] DEBUG GameScene            - Entity added to scene
21:53:40.602 [JavaFX Application Thread] DEBUG GameScene            - Added MainViewComponent
21:53:40.603 [JavaFX Application Thread] DEBUG GameScene            - Entity added to scene
21:53:40.603 [JavaFX Application Thread] DEBUG GameScene            - Added MainViewComponent
21:53:40.603 [JavaFX Application Thread] DEBUG GameScene            - Entity added to scene
21:53:40.603 [JavaFX Application Thread] DEBUG GameScene            - Added MainViewComponent
21:53:40.603 [JavaFX Application Thread] DEBUG GameScene            - Entity added to scene
21:53:40.603 [JavaFX Application Thread] DEBUG GameScene            - Added MainViewComponent
21:53:40.603 [JavaFX Application Thread] DEBUG GameScene            - Entity added to scene
21:53:40.603 [JavaFX Application Thread] DEBUG GameScene            - Added MainViewComponent
21:53:40.603 [JavaFX Application Thread] DEBUG GameScene            - Entity added to scene
21:53:40.603 [JavaFX Application Thread] DEBUG GameScene            - Added MainViewComponent
21:53:40.603 [JavaFX Application Thread] DEBUG GameScene            - Entity added to scene
21:53:40.603 [JavaFX Application Thread] DEBUG GameScene            - Added MainViewComponent
21:53:40.604 [JavaFX Application Thread] DEBUG GameScene            - Entity added to scene
21:53:40.604 [JavaFX Application Thread] DEBUG GameScene            - Added MainViewComponent
21:53:40.604 [JavaFX Application Thread] DEBUG GameScene            - Entity added to scene
21:53:40.604 [JavaFX Application Thread] DEBUG GameScene            - Added MainViewComponent
21:53:40.604 [JavaFX Application Thread] DEBUG GameScene            - Entity added to scene
21:53:40.604 [JavaFX Application Thread] DEBUG GameScene            - Added MainViewComponent
21:53:40.604 [JavaFX Application Thread] DEBUG GameScene            - Entity added to scene
21:53:40.604 [JavaFX Application Thread] DEBUG GameScene            - Added MainViewComponent
21:53:40.604 [JavaFX Application Thread] DEBUG GameScene            - Entity added to scene
21:53:40.604 [JavaFX Application Thread] DEBUG GameScene            - Added MainViewComponent
21:53:40.604 [JavaFX Application Thread] DEBUG GameScene            - Entity added to scene
21:53:40.604 [JavaFX Application Thread] DEBUG GameScene            - Added MainViewComponent
21:53:40.605 [JavaFX Application Thread] DEBUG GameScene            - Entity added to scene
21:53:40.605 [JavaFX Application Thread] DEBUG GameScene            - Added MainViewComponent
21:53:40.605 [JavaFX Application Thread] DEBUG GameScene            - Entity added to scene
21:53:40.605 [JavaFX Application Thread] DEBUG GameScene            - Added MainViewComponent
21:53:40.605 [JavaFX Application Thread] DEBUG GameScene            - Entity added to scene
21:53:40.605 [JavaFX Application Thread] DEBUG GameScene            - Added MainViewComponent
21:53:40.605 [JavaFX Application Thread] DEBUG GameScene            - Entity added to scene
21:53:40.605 [JavaFX Application Thread] DEBUG GameScene            - Added MainViewComponent
21:53:40.605 [JavaFX Application Thread] DEBUG GameScene            - Entity added to scene
21:53:40.605 [JavaFX Application Thread] DEBUG GameScene            - Added MainViewComponent
21:53:40.605 [JavaFX Application Thread] DEBUG GameScene            - Entity added to scene
21:53:40.605 [JavaFX Application Thread] DEBUG GameScene            - Added MainViewComponent
21:53:40.605 [JavaFX Application Thread] DEBUG GameScene            - Entity added to scene
21:53:40.605 [JavaFX Application Thread] DEBUG GameScene            - Added MainViewComponent
21:53:40.606 [JavaFX Application Thread] DEBUG GameScene            - Entity added to scene
21:53:40.606 [JavaFX Application Thread] DEBUG GameScene            - Added MainViewComponent
21:53:40.606 [JavaFX Application Thread] DEBUG GameScene            - Entity added to scene
21:53:40.606 [JavaFX Application Thread] DEBUG GameScene            - Added MainViewComponent
21:53:40.606 [JavaFX Application Thread] DEBUG GameScene            - Entity added to scene
21:53:40.606 [JavaFX Application Thread] DEBUG GameScene            - Added MainViewComponent
21:53:40.606 [JavaFX Application Thread] DEBUG GameScene            - Entity added to scene
21:53:40.606 [JavaFX Application Thread] DEBUG GameScene            - Added MainViewComponent
21:53:40.606 [JavaFX Application Thread] DEBUG GameScene            - Entity added to scene
21:53:40.606 [JavaFX Application Thread] DEBUG GameScene            - Added MainViewComponent
21:53:40.606 [JavaFX Application Thread] DEBUG GameScene            - Entity added to scene
21:53:40.606 [JavaFX Application Thread] DEBUG GameScene            - Added MainViewComponent
21:53:40.606 [JavaFX Application Thread] DEBUG GameScene            - Entity added to scene
21:53:40.606 [JavaFX Application Thread] DEBUG GameScene            - Added MainViewComponent
21:53:40.607 [JavaFX Application Thread] DEBUG GameScene            - Entity added to scene
21:53:40.607 [JavaFX Application Thread] DEBUG GameScene            - Added MainViewComponent
21:53:40.607 [JavaFX Application Thread] DEBUG GameScene            - Entity added to scene
21:53:40.607 [JavaFX Application Thread] DEBUG GameScene            - Added MainViewComponent
21:53:40.607 [JavaFX Application Thread] DEBUG GameScene            - Entity added to scene
21:53:40.607 [JavaFX Application Thread] DEBUG GameScene            - Added MainViewComponent
21:53:40.607 [JavaFX Application Thread] DEBUG GameScene            - Entity added to scene
21:53:40.607 [JavaFX Application Thread] DEBUG GameScene            - Added MainViewComponent
21:53:40.607 [JavaFX Application Thread] DEBUG GameScene            - Entity added to scene
21:53:40.607 [JavaFX Application Thread] DEBUG GameScene            - Added MainViewComponent
21:53:40.607 [JavaFX Application Thread] DEBUG GameScene            - Entity added to scene
21:53:40.607 [JavaFX Application Thread] DEBUG GameScene            - Added MainViewComponent
21:53:40.607 [JavaFX Application Thread] DEBUG GameScene            - Entity added to scene
21:53:40.607 [JavaFX Application Thread] DEBUG GameScene            - Added MainViewComponent
21:53:40.608 [JavaFX Application Thread] DEBUG GameScene            - Entity added to scene
21:53:40.608 [JavaFX Application Thread] DEBUG GameScene            - Added MainViewComponent
21:53:40.608 [JavaFX Application Thread] DEBUG GameScene            - Entity added to scene
21:53:40.608 [JavaFX Application Thread] DEBUG GameScene            - Added MainViewComponent
21:53:40.608 [JavaFX Application Thread] DEBUG GameScene            - Entity added to scene
21:53:40.608 [JavaFX Application Thread] DEBUG GameScene            - Added MainViewComponent
21:53:40.608 [JavaFX Application Thread] DEBUG GameScene            - Entity added to scene
21:53:40.608 [JavaFX Application Thread] DEBUG GameScene            - Added MainViewComponent
21:53:40.608 [JavaFX Application Thread] DEBUG GameScene            - Entity added to scene
21:53:40.608 [JavaFX Application Thread] DEBUG GameScene            - Added MainViewComponent
21:53:40.608 [JavaFX Application Thread] DEBUG GameScene            - Entity added to scene
21:53:40.608 [JavaFX Application Thread] DEBUG GameScene            - Added MainViewComponent
21:53:40.608 [JavaFX Application Thread] DEBUG GameScene            - Entity added to scene
21:53:40.608 [JavaFX Application Thread] DEBUG GameScene            - Added MainViewComponent
21:53:40.609 [JavaFX Application Thread] DEBUG GameScene            - Entity added to scene
21:53:40.609 [JavaFX Application Thread] DEBUG GameScene            - Added MainViewComponent
21:53:40.609 [JavaFX Application Thread] DEBUG GameScene            - Entity added to scene
21:53:40.609 [JavaFX Application Thread] DEBUG GameScene            - Added MainViewComponent
21:53:40.609 [JavaFX Application Thread] DEBUG GameScene            - Entity added to scene
21:53:40.609 [JavaFX Application Thread] DEBUG GameScene            - Added MainViewComponent
21:53:40.610 [JavaFX Application Thread] DEBUG GameScene            - Entity added to scene
21:53:40.610 [JavaFX Application Thread] DEBUG GameScene            - Added MainViewComponent
21:53:40.610 [JavaFX Application Thread] DEBUG GameScene            - Entity added to scene
21:53:40.610 [JavaFX Application Thread] DEBUG GameScene            - Added MainViewComponent
21:53:40.610 [JavaFX Application Thread] DEBUG GameScene            - Entity added to scene
21:53:40.610 [JavaFX Application Thread] DEBUG GameScene            - Added MainViewComponent
21:53:40.610 [JavaFX Application Thread] DEBUG GameScene            - Entity added to scene
21:53:40.610 [JavaFX Application Thread] DEBUG GameScene            - Added MainViewComponent
21:53:40.610 [JavaFX Application Thread] DEBUG GameScene            - Entity added to scene
21:53:40.610 [JavaFX Application Thread] DEBUG GameScene            - Added MainViewComponent
21:53:40.610 [JavaFX Application Thread] DEBUG GameScene            - Entity added to scene
21:53:40.610 [JavaFX Application Thread] DEBUG GameScene            - Added MainViewComponent
21:53:40.610 [JavaFX Application Thread] DEBUG GameScene            - Entity added to scene
21:53:40.610 [JavaFX Application Thread] DEBUG GameScene            - Added MainViewComponent
21:53:40.611 [JavaFX Application Thread] DEBUG GameScene            - Entity added to scene
21:53:40.611 [JavaFX Application Thread] DEBUG GameScene            - Added MainViewComponent
21:53:40.611 [JavaFX Application Thread] DEBUG GameScene            - Entity added to scene
21:53:40.611 [JavaFX Application Thread] DEBUG GameScene            - Added MainViewComponent
21:53:40.611 [JavaFX Application Thread] DEBUG GameScene            - Entity added to scene
21:53:40.611 [JavaFX Application Thread] DEBUG GameScene            - Added MainViewComponent
21:53:40.611 [JavaFX Application Thread] DEBUG GameScene            - Entity added to scene
21:53:40.611 [JavaFX Application Thread] DEBUG GameScene            - Added MainViewComponent
21:53:40.611 [JavaFX Application Thread] DEBUG GameScene            - Entity added to scene
21:53:40.611 [JavaFX Application Thread] DEBUG GameScene            - Added MainViewComponent
21:53:40.611 [JavaFX Application Thread] DEBUG GameScene            - Entity added to scene
21:53:40.611 [JavaFX Application Thread] DEBUG GameScene            - Added MainViewComponent
21:53:40.611 [JavaFX Application Thread] DEBUG GameScene            - Entity added to scene
21:53:40.611 [JavaFX Application Thread] DEBUG GameScene            - Added MainViewComponent
21:53:40.611 [JavaFX Application Thread] DEBUG GameScene            - Entity added to scene
21:53:40.611 [JavaFX Application Thread] DEBUG GameScene            - Added MainViewComponent
21:53:40.612 [JavaFX Application Thread] DEBUG GameScene            - Entity added to scene
21:53:40.612 [JavaFX Application Thread] DEBUG GameScene            - Added MainViewComponent
21:53:40.612 [JavaFX Application Thread] DEBUG GameScene            - Entity added to scene
21:53:40.612 [JavaFX Application Thread] DEBUG GameScene            - Added MainViewComponent
21:53:40.612 [JavaFX Application Thread] DEBUG GameScene            - Entity added to scene
21:53:40.612 [JavaFX Application Thread] DEBUG GameScene            - Added MainViewComponent
21:53:40.612 [JavaFX Application Thread] DEBUG GameScene            - Entity added to scene
21:53:40.612 [JavaFX Application Thread] DEBUG GameScene            - Added MainViewComponent
21:53:40.612 [JavaFX Application Thread] DEBUG GameScene            - Entity added to scene
21:53:40.612 [JavaFX Application Thread] DEBUG GameScene            - Added MainViewComponent
21:53:40.613 [JavaFX Application Thread] DEBUG GameScene            - Entity added to scene
21:53:40.613 [JavaFX Application Thread] DEBUG GameScene            - Added MainViewComponent
21:53:40.613 [JavaFX Application Thread] DEBUG GameScene            - Entity added to scene
21:53:40.613 [JavaFX Application Thread] DEBUG GameScene            - Added MainViewComponent
21:53:40.613 [JavaFX Application Thread] DEBUG GameScene            - Entity added to scene
21:53:40.613 [JavaFX Application Thread] DEBUG GameScene            - Added MainViewComponent
21:53:40.613 [JavaFX Application Thread] DEBUG GameScene            - Entity added to scene
21:53:40.613 [JavaFX Application Thread] DEBUG GameScene            - Added MainViewComponent
21:53:40.614 [JavaFX Application Thread] DEBUG GameScene            - Entity added to scene
21:53:40.614 [JavaFX Application Thread] DEBUG GameScene            - Added MainViewComponent
21:53:40.614 [JavaFX Application Thread] DEBUG GameScene            - Entity added to scene
21:53:40.614 [JavaFX Application Thread] DEBUG GameScene            - Added MainViewComponent
21:53:40.614 [JavaFX Application Thread] DEBUG GameScene            - Entity added to scene
21:53:40.614 [JavaFX Application Thread] DEBUG GameScene            - Added MainViewComponent
21:53:40.614 [JavaFX Application Thread] DEBUG GameScene            - Entity added to scene
21:53:40.614 [JavaFX Application Thread] DEBUG GameScene            - Added MainViewComponent
21:53:40.614 [JavaFX Application Thread] DEBUG GameScene            - Entity added to scene
21:53:40.614 [JavaFX Application Thread] DEBUG GameScene            - Added MainViewComponent
21:53:40.614 [JavaFX Application Thread] DEBUG GameScene            - Entity added to scene
21:53:40.614 [JavaFX Application Thread] DEBUG GameScene            - Added MainViewComponent
21:53:40.614 [JavaFX Application Thread] DEBUG GameScene            - Entity added to scene
21:53:40.614 [JavaFX Application Thread] DEBUG GameScene            - Added MainViewComponent
21:53:40.615 [JavaFX Application Thread] DEBUG GameScene            - Entity added to scene
21:53:40.615 [JavaFX Application Thread] DEBUG GameScene            - Added MainViewComponent
21:53:40.615 [JavaFX Application Thread] DEBUG GameScene            - Entity added to scene
21:53:40.615 [JavaFX Application Thread] DEBUG GameScene            - Added MainViewComponent
21:53:40.615 [JavaFX Application Thread] DEBUG GameScene            - Entity added to scene
21:53:40.615 [JavaFX Application Thread] DEBUG GameScene            - Added MainViewComponent
21:53:40.615 [JavaFX Application Thread] DEBUG GameScene            - Entity added to scene
21:53:40.615 [JavaFX Application Thread] DEBUG GameScene            - Added MainViewComponent
21:53:40.615 [JavaFX Application Thread] DEBUG GameScene            - Entity added to scene
21:53:40.615 [JavaFX Application Thread] DEBUG GameScene            - Added MainViewComponent
21:53:40.615 [JavaFX Application Thread] DEBUG GameScene            - Entity added to scene
21:53:40.615 [JavaFX Application Thread] DEBUG GameScene            - Added MainViewComponent
21:53:40.615 [JavaFX Application Thread] DEBUG GameScene            - Entity added to scene
21:53:40.615 [JavaFX Application Thread] DEBUG GameScene            - Added MainViewComponent
21:53:40.616 [JavaFX Application Thread] DEBUG GameScene            - Entity added to scene
21:53:40.616 [JavaFX Application Thread] DEBUG GameScene            - Added MainViewComponent
21:53:40.616 [JavaFX Application Thread] DEBUG GameScene            - Entity added to scene
21:53:40.616 [JavaFX Application Thread] DEBUG GameScene            - Added MainViewComponent
21:53:40.616 [JavaFX Application Thread] DEBUG GameScene            - Entity added to scene
21:53:40.616 [JavaFX Application Thread] DEBUG GameScene            - Added MainViewComponent
21:53:40.616 [JavaFX Application Thread] DEBUG GameScene            - Entity added to scene
21:53:40.616 [JavaFX Application Thread] DEBUG GameScene            - Added MainViewComponent
21:53:40.616 [JavaFX Application Thread] DEBUG GameScene            - Entity added to scene
21:53:40.616 [JavaFX Application Thread] DEBUG GameScene            - Added MainViewComponent
21:53:40.616 [JavaFX Application Thread] DEBUG GameScene            - Entity added to scene
21:53:40.616 [JavaFX Application Thread] DEBUG GameScene            - Added MainViewComponent
21:53:40.616 [JavaFX Application Thread] DEBUG GameScene            - Entity added to scene
21:53:40.616 [JavaFX Application Thread] DEBUG GameScene            - Added MainViewComponent
21:53:40.616 [JavaFX Application Thread] DEBUG GameScene            - Entity added to scene
21:53:40.616 [JavaFX Application Thread] DEBUG GameScene            - Added MainViewComponent
21:53:40.617 [JavaFX Application Thread] DEBUG GameScene            - Entity added to scene
21:53:40.617 [JavaFX Application Thread] DEBUG GameScene            - Added MainViewComponent
21:53:40.617 [JavaFX Application Thread] DEBUG GameScene            - Entity added to scene
21:53:40.617 [JavaFX Application Thread] DEBUG GameScene            - Added MainViewComponent
21:53:40.617 [JavaFX Application Thread] DEBUG GameScene            - Entity added to scene
21:53:40.617 [JavaFX Application Thread] DEBUG GameScene            - Added MainViewComponent
21:53:40.617 [JavaFX Application Thread] DEBUG GameScene            - Entity added to scene
21:53:40.617 [JavaFX Application Thread] DEBUG GameScene            - Added MainViewComponent
21:53:40.617 [JavaFX Application Thread] DEBUG GameScene            - Entity added to scene
21:53:40.617 [JavaFX Application Thread] DEBUG GameScene            - Added MainViewComponent
21:53:40.617 [JavaFX Application Thread] DEBUG GameScene            - Entity added to scene
21:53:40.617 [JavaFX Application Thread] DEBUG GameScene            - Added MainViewComponent
21:53:40.617 [JavaFX Application Thread] DEBUG GameScene            - Entity added to scene
21:53:40.617 [JavaFX Application Thread] DEBUG GameScene            - Added MainViewComponent
21:53:40.617 [JavaFX Application Thread] DEBUG GameScene            - Entity added to scene
21:53:40.617 [JavaFX Application Thread] DEBUG GameScene            - Added MainViewComponent
21:53:40.618 [JavaFX Application Thread] DEBUG GameScene            - Entity added to scene
21:53:40.618 [JavaFX Application Thread] DEBUG GameScene            - Added MainViewComponent
21:53:40.618 [JavaFX Application Thread] DEBUG GameScene            - Entity added to scene
21:53:40.618 [JavaFX Application Thread] DEBUG GameScene            - Added MainViewComponent
21:53:40.618 [JavaFX Application Thread] DEBUG GameScene            - Entity added to scene
21:53:40.618 [JavaFX Application Thread] DEBUG GameScene            - Added MainViewComponent
21:53:40.618 [JavaFX Application Thread] DEBUG GameScene            - Entity added to scene
21:53:40.618 [JavaFX Application Thread] DEBUG GameScene            - Added MainViewComponent
21:53:40.618 [JavaFX Application Thread] DEBUG GameScene            - Entity added to scene
21:53:40.618 [JavaFX Application Thread] DEBUG GameScene            - Added MainViewComponent
21:53:40.618 [JavaFX Application Thread] DEBUG GameScene            - Entity added to scene
21:53:40.618 [JavaFX Application Thread] DEBUG GameScene            - Added MainViewComponent
21:53:40.618 [JavaFX Application Thread] DEBUG GameScene            - Entity added to scene
21:53:40.618 [JavaFX Application Thread] DEBUG GameScene            - Added MainViewComponent
21:53:40.618 [JavaFX Application Thread] DEBUG GameScene            - Entity added to scene
21:53:40.618 [JavaFX Application Thread] DEBUG GameScene            - Added MainViewComponent
21:53:40.618 [JavaFX Application Thread] DEBUG GameScene            - Entity added to scene
21:53:40.618 [JavaFX Application Thread] DEBUG GameScene            - Added MainViewComponent
21:53:40.619 [JavaFX Application Thread] DEBUG GameScene            - Entity added to scene
21:53:40.619 [JavaFX Application Thread] DEBUG GameScene            - Added MainViewComponent
21:53:40.619 [JavaFX Application Thread] DEBUG GameScene            - Entity added to scene
21:53:40.619 [JavaFX Application Thread] DEBUG GameScene            - Added MainViewComponent
21:53:40.619 [JavaFX Application Thread] DEBUG GameScene            - Entity added to scene
21:53:40.619 [JavaFX Application Thread] DEBUG GameScene            - Added MainViewComponent
21:53:40.619 [JavaFX Application Thread] DEBUG GameScene            - Entity added to scene
21:53:40.619 [JavaFX Application Thread] DEBUG GameScene            - Added MainViewComponent
21:53:40.619 [JavaFX Application Thread] DEBUG GameScene            - Entity added to scene
21:53:40.619 [JavaFX Application Thread] DEBUG GameScene            - Added MainViewComponent
21:53:40.619 [JavaFX Application Thread] DEBUG GameScene            - Entity added to scene
21:53:40.619 [JavaFX Application Thread] DEBUG GameScene            - Added MainViewComponent
21:53:40.619 [JavaFX Application Thread] DEBUG GameScene            - Entity added to scene
21:53:40.619 [JavaFX Application Thread] DEBUG GameScene            - Added MainViewComponent
21:53:40.619 [JavaFX Application Thread] DEBUG GameScene            - Entity added to scene
21:53:40.619 [JavaFX Application Thread] DEBUG GameScene            - Added MainViewComponent
21:53:40.620 [JavaFX Application Thread] DEBUG GameScene            - Entity added to scene
21:53:40.620 [JavaFX Application Thread] DEBUG GameScene            - Added MainViewComponent
21:53:40.620 [JavaFX Application Thread] DEBUG GameScene            - Entity added to scene
21:53:40.620 [JavaFX Application Thread] DEBUG GameScene            - Added MainViewComponent
21:53:40.620 [JavaFX Application Thread] DEBUG GameScene            - Entity added to scene
21:53:40.620 [JavaFX Application Thread] DEBUG GameScene            - Added MainViewComponent
21:53:40.620 [JavaFX Application Thread] DEBUG GameScene            - Entity added to scene
21:53:40.620 [JavaFX Application Thread] DEBUG GameScene            - Added MainViewComponent
21:53:40.620 [JavaFX Application Thread] DEBUG GameScene            - Entity added to scene
21:53:40.620 [JavaFX Application Thread] DEBUG GameScene            - Added MainViewComponent
21:53:40.620 [JavaFX Application Thread] DEBUG GameScene            - Entity added to scene
21:53:40.620 [JavaFX Application Thread] DEBUG GameScene            - Added MainViewComponent
21:53:40.620 [JavaFX Application Thread] DEBUG GameScene            - Entity added to scene
21:53:40.620 [JavaFX Application Thread] DEBUG GameScene            - Added MainViewComponent
21:53:40.620 [JavaFX Application Thread] DEBUG GameScene            - Entity added to scene
21:53:40.620 [JavaFX Application Thread] DEBUG GameScene            - Added MainViewComponent
21:53:40.621 [JavaFX Application Thread] DEBUG GameScene            - Entity added to scene
21:53:40.621 [JavaFX Application Thread] DEBUG GameScene            - Added MainViewComponent
21:53:40.621 [JavaFX Application Thread] DEBUG GameScene            - Entity added to scene
21:53:40.621 [JavaFX Application Thread] DEBUG GameScene            - Added MainViewComponent
21:53:40.621 [JavaFX Application Thread] DEBUG GameScene            - Entity added to scene
21:53:40.621 [JavaFX Application Thread] DEBUG GameScene            - Added MainViewComponent
21:53:40.621 [JavaFX Application Thread] DEBUG GameScene            - Entity added to scene
21:53:40.621 [JavaFX Application Thread] DEBUG GameScene            - Added MainViewComponent
21:53:40.621 [JavaFX Application Thread] DEBUG GameScene            - Entity added to scene
21:53:40.621 [JavaFX Application Thread] DEBUG GameScene            - Added MainViewComponent
21:53:40.621 [JavaFX Application Thread] DEBUG GameScene            - Entity added to scene
21:53:40.621 [JavaFX Application Thread] DEBUG GameScene            - Added MainViewComponent
21:53:40.622 [JavaFX Application Thread] DEBUG GameScene            - Entity added to scene
21:53:40.622 [JavaFX Application Thread] DEBUG GameScene            - Added MainViewComponent
21:53:40.622 [JavaFX Application Thread] DEBUG GameScene            - Entity added to scene
21:53:40.622 [JavaFX Application Thread] DEBUG GameScene            - Added MainViewComponent
21:53:40.622 [JavaFX Application Thread] DEBUG GameScene            - Entity added to scene
21:53:40.622 [JavaFX Application Thread] DEBUG GameScene            - Added MainViewComponent
21:53:40.622 [JavaFX Application Thread] DEBUG GameScene            - Entity added to scene
21:53:40.622 [JavaFX Application Thread] DEBUG GameScene            - Added MainViewComponent
21:53:40.622 [JavaFX Application Thread] DEBUG GameScene            - Entity added to scene
21:53:40.622 [JavaFX Application Thread] DEBUG GameScene            - Added MainViewComponent
21:53:40.622 [JavaFX Application Thread] DEBUG GameScene            - Entity added to scene
21:53:40.622 [JavaFX Application Thread] DEBUG GameScene            - Added MainViewComponent
21:53:40.622 [JavaFX Application Thread] DEBUG GameScene            - Entity added to scene
21:53:40.622 [JavaFX Application Thread] DEBUG GameScene            - Added MainViewComponent
21:53:40.623 [JavaFX Application Thread] DEBUG GameScene            - Entity added to scene
21:53:40.623 [JavaFX Application Thread] DEBUG GameScene            - Added MainViewComponent
21:53:40.623 [JavaFX Application Thread] DEBUG GameScene            - Entity added to scene
21:53:40.623 [JavaFX Application Thread] DEBUG GameScene            - Added MainViewComponent
21:53:40.623 [JavaFX Application Thread] DEBUG GameScene            - Entity added to scene
21:53:40.623 [JavaFX Application Thread] DEBUG GameScene            - Added MainViewComponent
21:53:40.623 [JavaFX Application Thread] DEBUG GameScene            - Entity added to scene
21:53:40.623 [JavaFX Application Thread] DEBUG GameScene            - Added MainViewComponent
21:53:40.623 [JavaFX Application Thread] DEBUG GameScene            - Entity added to scene
21:53:40.623 [JavaFX Application Thread] DEBUG GameScene            - Added MainViewComponent
21:53:40.623 [JavaFX Application Thread] DEBUG GameScene            - Entity added to scene
21:53:40.623 [JavaFX Application Thread] DEBUG GameScene            - Added MainViewComponent
21:53:40.623 [JavaFX Application Thread] DEBUG GameScene            - Entity added to scene
21:53:40.623 [JavaFX Application Thread] DEBUG GameScene            - Added MainViewComponent
21:53:40.623 [JavaFX Application Thread] DEBUG GameScene            - Entity added to scene
21:53:40.623 [JavaFX Application Thread] DEBUG GameScene            - Added MainViewComponent
21:53:40.623 [JavaFX Application Thread] DEBUG GameScene            - Entity added to scene
21:53:40.623 [JavaFX Application Thread] DEBUG GameScene            - Added MainViewComponent
21:53:40.624 [JavaFX Application Thread] DEBUG GameScene            - Entity added to scene
21:53:40.624 [JavaFX Application Thread] DEBUG GameScene            - Added MainViewComponent
21:53:40.624 [JavaFX Application Thread] DEBUG GameScene            - Entity added to scene
21:53:40.624 [JavaFX Application Thread] DEBUG GameScene            - Added MainViewComponent
21:53:40.624 [JavaFX Application Thread] DEBUG GameScene            - Entity added to scene
21:53:40.624 [JavaFX Application Thread] DEBUG GameScene            - Added MainViewComponent
21:53:40.624 [JavaFX Application Thread] DEBUG GameScene            - Entity added to scene
21:53:40.624 [JavaFX Application Thread] DEBUG GameScene            - Added MainViewComponent
21:53:40.624 [JavaFX Application Thread] DEBUG GameScene            - Entity added to scene
21:53:40.624 [JavaFX Application Thread] DEBUG GameScene            - Added MainViewComponent
21:53:40.624 [JavaFX Application Thread] DEBUG GameScene            - Entity added to scene
21:53:40.624 [JavaFX Application Thread] DEBUG GameScene            - Added MainViewComponent
21:53:40.624 [JavaFX Application Thread] DEBUG GameScene            - Entity added to scene
21:53:40.624 [JavaFX Application Thread] DEBUG GameScene            - Added MainViewComponent
21:53:40.624 [JavaFX Application Thread] DEBUG GameScene            - Entity added to scene
21:53:40.624 [JavaFX Application Thread] DEBUG GameScene            - Added MainViewComponent
21:53:40.625 [JavaFX Application Thread] DEBUG GameScene            - Entity added to scene
21:53:40.625 [JavaFX Application Thread] DEBUG GameScene            - Added MainViewComponent
21:53:40.625 [JavaFX Application Thread] DEBUG GameScene            - Entity added to scene
21:53:40.625 [JavaFX Application Thread] DEBUG GameScene            - Added MainViewComponent
21:53:40.625 [JavaFX Application Thread] DEBUG GameScene            - Entity added to scene
21:53:40.625 [JavaFX Application Thread] DEBUG GameScene            - Added MainViewComponent
21:53:40.625 [JavaFX Application Thread] DEBUG GameScene            - Entity added to scene
21:53:40.625 [JavaFX Application Thread] DEBUG GameScene            - Added MainViewComponent
21:53:40.625 [JavaFX Application Thread] DEBUG GameScene            - Entity added to scene
21:53:40.625 [JavaFX Application Thread] DEBUG GameScene            - Added MainViewComponent
21:53:40.625 [JavaFX Application Thread] DEBUG GameScene            - Entity added to scene
21:53:40.625 [JavaFX Application Thread] DEBUG GameScene            - Added MainViewComponent
21:53:40.626 [JavaFX Application Thread] DEBUG GameScene            - Entity added to scene
21:53:40.626 [JavaFX Application Thread] DEBUG GameScene            - Added MainViewComponent
21:53:40.626 [JavaFX Application Thread] DEBUG GameScene            - Entity added to scene
21:53:40.626 [JavaFX Application Thread] DEBUG GameScene            - Added MainViewComponent
21:53:40.626 [JavaFX Application Thread] DEBUG GameScene            - Entity added to scene
21:53:40.626 [JavaFX Application Thread] DEBUG GameScene            - Added MainViewComponent
21:53:40.626 [JavaFX Application Thread] DEBUG GameScene            - Entity added to scene
21:53:40.626 [JavaFX Application Thread] DEBUG GameScene            - Added MainViewComponent
21:53:40.626 [JavaFX Application Thread] DEBUG GameScene            - Entity added to scene
21:53:40.626 [JavaFX Application Thread] DEBUG GameScene            - Added MainViewComponent
21:53:40.626 [JavaFX Application Thread] DEBUG GameScene            - Entity added to scene
21:53:40.626 [JavaFX Application Thread] DEBUG GameScene            - Added MainViewComponent
21:53:40.626 [JavaFX Application Thread] DEBUG GameScene            - Entity added to scene
21:53:40.626 [JavaFX Application Thread] DEBUG GameScene            - Added MainViewComponent
21:53:40.626 [JavaFX Application Thread] DEBUG GameScene            - Entity added to scene
21:53:40.626 [JavaFX Application Thread] DEBUG GameScene            - Added MainViewComponent
21:53:40.627 [JavaFX Application Thread] DEBUG GameScene            - Entity added to scene
21:53:40.627 [JavaFX Application Thread] DEBUG GameScene            - Added MainViewComponent
21:53:40.627 [JavaFX Application Thread] DEBUG GameScene            - Entity added to scene
21:53:40.627 [JavaFX Application Thread] DEBUG GameScene            - Added MainViewComponent
21:53:40.627 [JavaFX Application Thread] DEBUG GameScene            - Entity added to scene
21:53:40.627 [JavaFX Application Thread] DEBUG GameScene            - Added MainViewComponent
21:53:40.627 [JavaFX Application Thread] DEBUG GameScene            - Entity added to scene
21:53:40.627 [JavaFX Application Thread] DEBUG GameScene            - Added MainViewComponent
21:53:40.627 [JavaFX Application Thread] DEBUG GameScene            - Entity added to scene
21:53:40.627 [JavaFX Application Thread] DEBUG GameScene            - Added MainViewComponent
21:53:40.627 [JavaFX Application Thread] DEBUG GameScene            - Entity added to scene
21:53:40.627 [JavaFX Application Thread] DEBUG GameScene            - Added MainViewComponent
21:53:40.627 [JavaFX Application Thread] DEBUG GameScene            - Entity added to scene
21:53:40.627 [JavaFX Application Thread] DEBUG GameScene            - Added MainViewComponent
21:53:40.627 [JavaFX Application Thread] DEBUG GameScene            - Entity added to scene
21:53:40.627 [JavaFX Application Thread] DEBUG GameScene            - Added MainViewComponent
21:53:40.628 [JavaFX Application Thread] DEBUG GameScene            - Entity added to scene
21:53:40.628 [JavaFX Application Thread] DEBUG GameScene            - Added MainViewComponent
21:53:40.628 [JavaFX Application Thread] DEBUG GameScene            - Entity added to scene
21:53:40.628 [JavaFX Application Thread] DEBUG GameScene            - Added MainViewComponent
21:53:40.628 [JavaFX Application Thread] DEBUG GameScene            - Entity added to scene
21:53:40.628 [JavaFX Application Thread] DEBUG GameScene            - Added MainViewComponent
21:53:40.628 [JavaFX Application Thread] DEBUG GameScene            - Entity added to scene
21:53:40.628 [JavaFX Application Thread] DEBUG GameScene            - Added MainViewComponent
21:53:40.628 [JavaFX Application Thread] DEBUG GameScene            - Entity added to scene
21:53:40.628 [JavaFX Application Thread] DEBUG GameScene            - Added MainViewComponent
21:53:40.628 [JavaFX Application Thread] DEBUG GameScene            - Entity added to scene
21:53:40.628 [JavaFX Application Thread] DEBUG GameScene            - Added MainViewComponent
21:53:40.628 [JavaFX Application Thread] DEBUG GameScene            - Entity added to scene
21:53:40.628 [JavaFX Application Thread] DEBUG GameScene            - Added MainViewComponent
21:53:40.628 [JavaFX Application Thread] DEBUG GameScene            - Entity added to scene
21:53:40.628 [JavaFX Application Thread] DEBUG GameScene            - Added MainViewComponent
21:53:40.628 [JavaFX Application Thread] DEBUG GameScene            - Entity added to scene
21:53:40.628 [JavaFX Application Thread] DEBUG GameScene            - Added MainViewComponent
21:53:40.629 [JavaFX Application Thread] DEBUG GameScene            - Entity added to scene
21:53:40.629 [JavaFX Application Thread] DEBUG GameScene            - Added MainViewComponent
21:53:40.629 [JavaFX Application Thread] DEBUG GameScene            - Entity added to scene
21:53:40.629 [JavaFX Application Thread] DEBUG GameScene            - Added MainViewComponent
21:53:40.629 [JavaFX Application Thread] DEBUG GameScene            - Entity added to scene
21:53:40.629 [JavaFX Application Thread] DEBUG GameScene            - Added MainViewComponent
21:53:40.629 [JavaFX Application Thread] DEBUG GameScene            - Entity added to scene
21:53:40.629 [JavaFX Application Thread] DEBUG GameScene            - Added MainViewComponent
21:53:40.629 [JavaFX Application Thread] DEBUG GameScene            - Entity added to scene
21:53:40.629 [JavaFX Application Thread] DEBUG GameScene            - Added MainViewComponent
21:53:40.629 [JavaFX Application Thread] DEBUG GameScene            - Entity added to scene
21:53:40.629 [JavaFX Application Thread] DEBUG GameScene            - Added MainViewComponent
21:53:40.629 [JavaFX Application Thread] DEBUG GameScene            - Entity added to scene
21:53:40.629 [JavaFX Application Thread] DEBUG GameScene            - Added MainViewComponent
21:53:40.629 [JavaFX Application Thread] DEBUG GameScene            - Entity added to scene
21:53:40.629 [JavaFX Application Thread] DEBUG GameScene            - Added MainViewComponent
21:53:40.629 [JavaFX Application Thread] DEBUG GameScene            - Entity added to scene
21:53:40.629 [JavaFX Application Thread] DEBUG GameScene            - Added MainViewComponent
21:53:40.630 [JavaFX Application Thread] DEBUG GameScene            - Entity added to scene
21:53:40.630 [JavaFX Application Thread] DEBUG GameScene            - Added MainViewComponent
21:53:40.630 [JavaFX Application Thread] DEBUG GameScene            - Entity added to scene
21:53:40.630 [JavaFX Application Thread] DEBUG GameScene            - Added MainViewComponent
21:53:40.630 [JavaFX Application Thread] DEBUG GameScene            - Entity added to scene
21:53:40.630 [JavaFX Application Thread] DEBUG GameScene            - Added MainViewComponent
21:53:40.630 [JavaFX Application Thread] DEBUG GameScene            - Entity added to scene
21:53:40.630 [JavaFX Application Thread] DEBUG GameScene            - Added MainViewComponent
21:53:40.630 [JavaFX Application Thread] DEBUG GameScene            - Entity added to scene
21:53:40.630 [JavaFX Application Thread] DEBUG GameScene            - Added MainViewComponent
21:53:40.630 [JavaFX Application Thread] DEBUG GameScene            - Entity added to scene
21:53:40.630 [JavaFX Application Thread] DEBUG GameScene            - Added MainViewComponent
21:53:40.630 [JavaFX Application Thread] DEBUG GameScene            - Entity added to scene
21:53:40.630 [JavaFX Application Thread] DEBUG GameScene            - Added MainViewComponent
21:53:40.630 [JavaFX Application Thread] DEBUG GameScene            - Entity added to scene
21:53:40.630 [JavaFX Application Thread] DEBUG GameScene            - Added MainViewComponent
21:53:40.630 [JavaFX Application Thread] DEBUG GameScene            - Entity added to scene
21:53:40.630 [JavaFX Application Thread] DEBUG GameScene            - Added MainViewComponent
21:53:40.631 [JavaFX Application Thread] DEBUG GameScene            - Entity added to scene
21:53:40.631 [JavaFX Application Thread] DEBUG GameScene            - Added MainViewComponent
21:53:40.631 [JavaFX Application Thread] DEBUG GameScene            - Entity added to scene
21:53:40.631 [JavaFX Application Thread] DEBUG GameScene            - Added MainViewComponent
21:53:40.631 [JavaFX Application Thread] DEBUG GameScene            - Entity added to scene
21:53:40.631 [JavaFX Application Thread] DEBUG GameScene            - Added MainViewComponent
21:53:40.631 [JavaFX Application Thread] DEBUG GameScene            - Entity added to scene
21:53:40.631 [JavaFX Application Thread] DEBUG GameScene            - Added MainViewComponent
21:53:40.631 [JavaFX Application Thread] DEBUG GameScene            - Entity added to scene
21:53:40.631 [JavaFX Application Thread] DEBUG GameScene            - Added MainViewComponent
21:53:40.631 [JavaFX Application Thread] DEBUG GameScene            - Entity added to scene
21:53:40.631 [JavaFX Application Thread] DEBUG GameScene            - Added MainViewComponent
21:53:40.631 [JavaFX Application Thread] DEBUG GameScene            - Entity added to scene
21:53:40.631 [JavaFX Application Thread] DEBUG GameScene            - Added MainViewComponent
21:53:40.631 [JavaFX Application Thread] DEBUG GameScene            - Entity added to scene
21:53:40.631 [JavaFX Application Thread] DEBUG GameScene            - Added MainViewComponent
21:53:40.631 [JavaFX Application Thread] DEBUG GameScene            - Entity added to scene
21:53:40.631 [JavaFX Application Thread] DEBUG GameScene            - Added MainViewComponent
21:53:40.631 [JavaFX Application Thread] DEBUG GameScene            - Entity added to scene
21:53:40.631 [JavaFX Application Thread] DEBUG GameScene            - Added MainViewComponent
21:53:40.632 [JavaFX Application Thread] DEBUG GameScene            - Entity added to scene
21:53:40.632 [JavaFX Application Thread] DEBUG GameScene            - Added MainViewComponent
21:53:40.632 [JavaFX Application Thread] DEBUG GameScene            - Entity added to scene
21:53:40.632 [JavaFX Application Thread] DEBUG GameScene            - Added MainViewComponent
21:53:40.632 [JavaFX Application Thread] DEBUG GameScene            - Entity added to scene
21:53:40.632 [JavaFX Application Thread] DEBUG GameScene            - Added MainViewComponent
21:53:40.632 [JavaFX Application Thread] DEBUG GameScene            - Entity added to scene
21:53:40.632 [JavaFX Application Thread] DEBUG GameScene            - Added MainViewComponent
21:53:40.632 [JavaFX Application Thread] DEBUG GameScene            - Entity added to scene
21:53:40.632 [JavaFX Application Thread] DEBUG GameScene            - Added MainViewComponent
21:53:40.632 [JavaFX Application Thread] DEBUG GameScene            - Entity added to scene
21:53:40.632 [JavaFX Application Thread] DEBUG GameScene            - Added MainViewComponent
21:53:40.632 [JavaFX Application Thread] DEBUG GameScene            - Entity added to scene
21:53:40.632 [JavaFX Application Thread] DEBUG GameScene            - Added MainViewComponent
21:53:40.632 [JavaFX Application Thread] DEBUG GameScene            - Entity added to scene
21:53:40.632 [JavaFX Application Thread] DEBUG GameScene            - Added MainViewComponent
21:53:40.632 [JavaFX Application Thread] DEBUG GameScene            - Entity added to scene
21:53:40.632 [JavaFX Application Thread] DEBUG GameScene            - Added MainViewComponent
21:53:40.632 [JavaFX Application Thread] DEBUG GameScene            - Entity added to scene
21:53:40.633 [JavaFX Application Thread] DEBUG GameScene            - Added MainViewComponent
21:53:40.634 [JavaFX Application Thread] DEBUG GameScene            - Entity added to scene
21:53:40.634 [JavaFX Application Thread] DEBUG GameScene            - Added MainViewComponent
21:53:40.634 [JavaFX Application Thread] DEBUG GameScene            - Entity added to scene
21:53:40.634 [JavaFX Application Thread] DEBUG GameScene            - Added MainViewComponent
21:53:40.634 [JavaFX Application Thread] DEBUG GameScene            - Entity added to scene
21:53:40.634 [JavaFX Application Thread] DEBUG GameScene            - Added MainViewComponent
21:53:40.634 [JavaFX Application Thread] DEBUG GameScene            - Entity added to scene
21:53:40.634 [JavaFX Application Thread] DEBUG GameScene            - Added MainViewComponent
21:53:40.634 [JavaFX Application Thread] DEBUG GameScene            - Entity added to scene
21:53:40.634 [JavaFX Application Thread] DEBUG GameScene            - Added MainViewComponent
21:53:40.634 [JavaFX Application Thread] DEBUG GameScene            - Entity added to scene
21:53:40.634 [JavaFX Application Thread] DEBUG GameScene            - Added MainViewComponent
21:53:40.634 [JavaFX Application Thread] DEBUG GameScene            - Entity added to scene
21:53:40.634 [JavaFX Application Thread] DEBUG GameScene            - Added MainViewComponent
21:53:40.634 [JavaFX Application Thread] DEBUG GameScene            - Entity added to scene
21:53:40.634 [JavaFX Application Thread] DEBUG GameScene            - Added MainViewComponent
21:53:40.635 [JavaFX Application Thread] DEBUG GameScene            - Entity added to scene
21:53:40.635 [JavaFX Application Thread] DEBUG GameScene            - Added MainViewComponent
21:53:40.635 [JavaFX Application Thread] DEBUG GameScene            - Entity added to scene
21:53:40.635 [JavaFX Application Thread] DEBUG GameScene            - Added MainViewComponent
21:53:40.635 [JavaFX Application Thread] DEBUG GameScene            - Entity added to scene
21:53:40.635 [JavaFX Application Thread] DEBUG GameScene            - Added MainViewComponent
21:53:40.636 [JavaFX Application Thread] DEBUG GameScene            - Entity added to scene
21:53:40.636 [JavaFX Application Thread] DEBUG GameScene            - Added MainViewComponent
21:53:40.637 [JavaFX Application Thread] DEBUG GameScene            - Entity added to scene
21:53:40.637 [JavaFX Application Thread] DEBUG GameScene            - Added MainViewComponent
21:53:40.637 [JavaFX Application Thread] DEBUG GameScene            - Entity added to scene
21:53:40.637 [JavaFX Application Thread] DEBUG GameScene            - Added MainViewComponent
21:53:40.637 [JavaFX Application Thread] DEBUG GameScene            - Entity added to scene
21:53:40.638 [JavaFX Application Thread] DEBUG GameScene            - Added MainViewComponent
21:53:40.638 [JavaFX Application Thread] DEBUG GameScene            - Entity added to scene
21:53:40.638 [JavaFX Application Thread] DEBUG GameScene            - Added MainViewComponent
21:53:40.638 [JavaFX Application Thread] DEBUG GameScene            - Entity added to scene
21:53:40.638 [JavaFX Application Thread] DEBUG GameScene            - Added MainViewComponent
21:53:40.638 [JavaFX Application Thread] DEBUG GameScene            - Entity added to scene
21:53:40.638 [JavaFX Application Thread] DEBUG GameScene            - Added MainViewComponent
21:53:40.638 [JavaFX Application Thread] DEBUG GameScene            - Entity added to scene
21:53:40.638 [JavaFX Application Thread] DEBUG GameScene            - Added MainViewComponent
21:53:40.638 [JavaFX Application Thread] DEBUG GameScene            - Entity added to scene
21:53:40.638 [JavaFX Application Thread] DEBUG GameScene            - Added MainViewComponent
21:53:40.638 [JavaFX Application Thread] DEBUG GameScene            - Entity added to scene
21:53:40.638 [JavaFX Application Thread] DEBUG GameScene            - Added MainViewComponent
21:53:40.638 [JavaFX Application Thread] DEBUG GameScene            - Entity added to scene
21:53:40.638 [JavaFX Application Thread] DEBUG GameScene            - Added MainViewComponent
21:53:40.639 [JavaFX Application Thread] DEBUG GameScene            - Entity added to scene
21:53:40.639 [JavaFX Application Thread] DEBUG GameScene            - Added MainViewComponent
21:53:40.639 [JavaFX Application Thread] DEBUG GameScene            - Entity added to scene
21:53:40.639 [JavaFX Application Thread] DEBUG GameScene            - Added MainViewComponent
21:53:40.639 [JavaFX Application Thread] DEBUG GameScene            - Entity added to scene
21:53:40.639 [JavaFX Application Thread] DEBUG GameScene            - Added MainViewComponent
21:53:40.639 [JavaFX Application Thread] DEBUG GameScene            - Entity added to scene
21:53:40.639 [JavaFX Application Thread] DEBUG GameScene            - Added MainViewComponent
21:53:40.639 [JavaFX Application Thread] DEBUG GameScene            - Entity added to scene
21:53:40.639 [JavaFX Application Thread] DEBUG GameScene            - Added MainViewComponent
21:53:40.639 [JavaFX Application Thread] DEBUG GameScene            - Entity added to scene
21:53:40.639 [JavaFX Application Thread] DEBUG GameScene            - Added MainViewComponent
21:53:40.639 [JavaFX Application Thread] DEBUG GameScene            - Entity added to scene
21:53:40.639 [JavaFX Application Thread] DEBUG GameScene            - Added MainViewComponent
21:53:40.639 [JavaFX Application Thread] DEBUG GameScene            - Entity added to scene
21:53:40.640 [JavaFX Application Thread] DEBUG GameScene            - Added MainViewComponent
21:53:40.640 [JavaFX Application Thread] DEBUG GameScene            - Entity added to scene
21:53:40.640 [JavaFX Application Thread] DEBUG GameScene            - Added MainViewComponent
21:53:40.640 [JavaFX Application Thread] DEBUG GameScene            - Entity added to scene
21:53:40.640 [JavaFX Application Thread] DEBUG GameScene            - Added MainViewComponent
21:53:40.640 [JavaFX Application Thread] DEBUG GameScene            - Entity added to scene
21:53:40.640 [JavaFX Application Thread] DEBUG GameScene            - Added MainViewComponent
21:53:40.640 [JavaFX Application Thread] DEBUG GameScene            - Entity added to scene
21:53:40.640 [JavaFX Application Thread] DEBUG GameScene            - Added MainViewComponent
21:53:40.640 [JavaFX Application Thread] DEBUG GameScene            - Entity added to scene
21:53:40.640 [JavaFX Application Thread] DEBUG GameScene            - Added MainViewComponent
21:53:40.640 [JavaFX Application Thread] DEBUG GameScene            - Entity added to scene
21:53:40.640 [JavaFX Application Thread] DEBUG GameScene            - Added MainViewComponent
21:53:40.640 [JavaFX Application Thread] DEBUG GameScene            - Entity added to scene
21:53:40.640 [JavaFX Application Thread] DEBUG GameScene            - Added MainViewComponent
21:53:40.641 [JavaFX Application Thread] DEBUG GameScene            - Entity added to scene
21:53:40.641 [JavaFX Application Thread] DEBUG GameScene            - Added MainViewComponent
21:53:40.641 [JavaFX Application Thread] DEBUG GameScene            - Entity added to scene
21:53:40.641 [JavaFX Application Thread] DEBUG GameScene            - Added MainViewComponent
21:53:40.641 [JavaFX Application Thread] DEBUG GameScene            - Entity added to scene
21:53:40.641 [JavaFX Application Thread] DEBUG GameScene            - Added MainViewComponent
21:53:40.641 [JavaFX Application Thread] DEBUG GameScene            - Entity added to scene
21:53:40.641 [JavaFX Application Thread] DEBUG GameScene            - Added MainViewComponent
21:53:40.641 [JavaFX Application Thread] DEBUG GameScene            - Entity added to scene
21:53:40.641 [JavaFX Application Thread] DEBUG GameScene            - Added MainViewComponent
21:53:40.641 [JavaFX Application Thread] DEBUG GameScene            - Entity added to scene
21:53:40.641 [JavaFX Application Thread] DEBUG GameScene            - Added MainViewComponent
21:53:40.641 [JavaFX Application Thread] DEBUG GameScene            - Entity added to scene
21:53:40.641 [JavaFX Application Thread] DEBUG GameScene            - Added MainViewComponent
21:53:40.641 [JavaFX Application Thread] DEBUG GameScene            - Entity added to scene
21:53:40.641 [JavaFX Application Thread] DEBUG GameScene            - Added MainViewComponent
21:53:40.641 [JavaFX Application Thread] DEBUG GameScene            - Entity added to scene
21:53:40.641 [JavaFX Application Thread] DEBUG GameScene            - Added MainViewComponent
21:53:40.641 [JavaFX Application Thread] DEBUG GameScene            - Entity added to scene
21:53:40.641 [JavaFX Application Thread] DEBUG GameScene            - Added MainViewComponent
21:53:40.642 [JavaFX Application Thread] DEBUG GameScene            - Entity added to scene
21:53:40.642 [JavaFX Application Thread] DEBUG GameScene            - Added MainViewComponent
21:53:40.642 [JavaFX Application Thread] DEBUG GameScene            - Entity added to scene
21:53:40.642 [JavaFX Application Thread] DEBUG GameScene            - Added MainViewComponent
21:53:40.642 [JavaFX Application Thread] DEBUG GameScene            - Entity added to scene
21:53:40.642 [JavaFX Application Thread] DEBUG GameScene            - Added MainViewComponent
21:53:40.642 [JavaFX Application Thread] DEBUG GameScene            - Entity added to scene
21:53:40.642 [JavaFX Application Thread] DEBUG GameScene            - Added MainViewComponent
21:53:40.642 [JavaFX Application Thread] DEBUG GameScene            - Entity added to scene
21:53:40.642 [JavaFX Application Thread] DEBUG GameScene            - Added MainViewComponent
21:53:40.642 [JavaFX Application Thread] DEBUG GameScene            - Entity added to scene
21:53:40.642 [JavaFX Application Thread] DEBUG GameScene            - Added MainViewComponent
21:53:40.642 [JavaFX Application Thread] DEBUG GameScene            - Entity added to scene
21:53:40.642 [JavaFX Application Thread] DEBUG GameScene            - Added MainViewComponent
21:53:40.642 [JavaFX Application Thread] DEBUG GameScene            - Entity added to scene
21:53:40.642 [JavaFX Application Thread] DEBUG GameScene            - Added MainViewComponent
21:53:40.642 [JavaFX Application Thread] DEBUG GameScene            - Entity added to scene
21:53:40.642 [JavaFX Application Thread] DEBUG GameScene            - Added MainViewComponent
21:53:40.643 [JavaFX Application Thread] DEBUG GameScene            - Entity added to scene
21:53:40.643 [JavaFX Application Thread] DEBUG GameScene            - Added MainViewComponent
21:53:40.643 [JavaFX Application Thread] DEBUG GameScene            - Entity added to scene
21:53:40.643 [JavaFX Application Thread] DEBUG GameScene            - Added MainViewComponent
21:53:40.643 [JavaFX Application Thread] DEBUG GameScene            - Entity added to scene
21:53:40.643 [JavaFX Application Thread] DEBUG GameScene            - Added MainViewComponent
21:53:40.643 [JavaFX Application Thread] DEBUG GameScene            - Creating render group for layer: BACKGROUND(1000)
21:53:44.095 [JavaFX Application Thread] DEBUG FXGLEventBus         - Firing event: DisplayEvent[type=CLOSE_REQUEST]
21:53:44.096 [JavaFX Application Thread] DEBUG FXGLEventBus         - Firing event: FXGLEvent[type=EXIT]
21:53:44.096 [JavaFX Application Thread] DEBUG FXGL                 - Saving FXGL system data
21:53:44.097 [JavaFX Application Thread] DEBUG IOTask               - Executing task: writeDataTask(system/fxgl.bundle)
21:53:44.098 [JavaFX Application Thread] DEBUG FS                   - Writing to: system\fxgl.bundle
21:53:44.101 [JavaFX Application Thread] DEBUG IOTask               - Task succeeded: writeDataTask(system/fxgl.bundle)
