22:24:59.136 [FXGL Launcher Thread     ] DEBUG FXGLLoggerFactory    - Service [LoggerFactory] initialized
22:24:59.140 [FXGL Launcher Thread     ] DEBUG FXGL                 - FXGL configuration complete
22:24:59.140 [FXGL Launcher Thread     ] DEBUG FXGL                 - Loading FXGL system data
22:24:59.143 [FXGL Launcher Thread     ] DEBUG IOTask               - Executing task: readDataTask(system/fxgl.bundle)
22:24:59.146 [FXGL Launcher Thread     ] DEBUG FS                   - Reading from: system\fxgl.bundle
22:24:59.151 [FXGL Launcher Thread     ] DEBUG IOTask               - Task succeeded: readDataTask(system/fxgl.bundle)
22:24:59.151 [FXGL Launcher Thread     ] DEBUG Bundle               - Logging bundle: FXGL
22:24:59.152 [FXGL Launcher Thread     ] DEBUG Bundle               - FXGL.offline.timer.version.check=2017-07-06T21:24:34.887
22:24:59.158 [FXGL Launcher Thread     ] DEBUG GameApplication      - Configuring GameApplication
22:24:59.161 [FXGL Launcher Thread     ] DEBUG FXGLExceptionHandler - Service [ExceptionHandler] initialized
22:24:59.162 [FXGL Launcher Thread     ] DEBUG FXGLEventBus         - Service [EventBus] initialized
22:24:59.164 [FXGL Launcher Thread     ] DEBUG FXGLExecutor         - Service [Executor] initialized
22:24:59.164 [FXGL Launcher Thread     ] DEBUG PreInitTask          - Injecting gameWorld & physicsWorld
22:24:59.168 [FXGL Launcher Thread     ] DEBUG GameWorld            - Game world initialized
22:24:59.200 [FXGL Launcher Thread     ] DEBUG FXGLPooler           - Service [Pooler] initialized with default size = 128
22:24:59.200 [FXGL Launcher Thread     ] DEBUG PhysicsWorld         - Physics world initialized: appHeight=840.0, physics.ppm=50.0
22:24:59.201 [FXGL Launcher Thread     ] DEBUG FXGLInput            - Service [Input] initialized
22:24:59.217 [FXGL Launcher Thread     ] DEBUG FXGLInput            - Registered new binding: Screenshot - P
22:24:59.217 [FXGL Launcher Thread     ] DEBUG FXGLInput            - Registered new binding: Dev Options - CTRL+0
22:24:59.218 [FXGL Launcher Thread     ] DEBUG FXGLInput            - Registered new binding: Up - W
22:24:59.218 [FXGL Launcher Thread     ] DEBUG FXGLInput            - Registered new binding: Left - A
22:24:59.218 [FXGL Launcher Thread     ] DEBUG FXGLInput            - Registered new binding: Down - S
22:24:59.218 [FXGL Launcher Thread     ] DEBUG FXGLInput            - Registered new binding: Right - D
22:24:59.244 [FXGL Launcher Thread     ] DEBUG GameScene            - Game scene initialized: 960.0x840.0
22:24:59.249 [FXGL Launcher Thread     ] DEBUG FXGLAssetLoader      - Service [AssetLoader] initialized: cacheSize=35
22:24:59.251 [FXGL Launcher Thread     ] DEBUG FXGLAssetLoader      - Loading from disk: /assets/sounds/system/notification.wav
22:24:59.287 [FXGL Launcher Thread     ] DEBUG FXGLAssetLoader      - Loading from disk: /assets/sounds/menu/select.wav
22:24:59.290 [FXGL Launcher Thread     ] DEBUG FXGLAssetLoader      - Loading from disk: /assets/sounds/menu/back.wav
22:24:59.291 [FXGL Launcher Thread     ] DEBUG FXGLAssetLoader      - Loading from disk: /assets/sounds/menu/press.wav
22:24:59.293 [FXGL Launcher Thread     ] DEBUG FXGLAssetLoader      - Loading from disk: /assets/ui/fonts/Copperplate_Gothic_Light_Regular.ttf
22:24:59.350 [FXGL Launcher Thread     ] DEBUG FXGLAssetLoader      - Loading from disk: /assets/ui/css/fxgl.css
22:24:59.350 [FXGL Launcher Thread     ] DEBUG FXGLAssetLoader      - Loading from disk: /assets/ui/icons/fxgl_icon.png
22:24:59.376 [FXGL Launcher Thread     ] DEBUG FXGLAssetLoader      - Loading from disk: /assets/ui/css/fxgl_dark.css
22:24:59.384 [FXGL Launcher Thread     ] DEBUG FXGLDisplay          - Target size: DoubleProperty [value: 960.0] x DoubleProperty [value: 840.0] @ 1.0
22:24:59.384 [FXGL Launcher Thread     ] DEBUG FXGLDisplay          - New size:    960.0 x 840.0 @ DoubleProperty [value: 1.0]
22:24:59.385 [FXGL Launcher Thread     ] DEBUG FXGLDisplay          - Service [Display] initialized
22:24:59.385 [FXGL Launcher Thread     ] DEBUG FXGLDisplay          - Using CSS: CSS(externalForm=jar:file:/C:/Users/lukel/Documents/FLASHDRIVE%20BACKUP/Pacman2.8.17/Pacman/lib/fxgl-0.2.9-uber.jar!/assets/ui/css/fxgl_dark.css)
22:24:59.385 [FXGL Launcher Thread     ] DEBUG InitScenesTask       - Injecting loadingScene & gameScene
22:24:59.397 [FXGL Launcher Thread     ] DEBUG FXGLMasterTimer      - Service [MasterTimer] initialized
22:24:59.399 [FXGL Launcher Thread     ] DEBUG FXGLAudioPlayer      - Service [AudioPlayer] initialized
22:24:59.406 [FXGL Launcher Thread     ] DEBUG GameApplication      - Starting new game
22:24:59.407 [FXGL Launcher Thread     ] DEBUG GameApplication      - Initializing App
22:24:59.408 [FXGL Launcher Thread     ] DEBUG FXGLInput            - Clearing active input actions
22:24:59.408 [FXGL Launcher Thread     ] DEBUG FXGLMasterTimer      - Stopping master timer
22:24:59.409 [FXGL Launcher Thread     ] DEBUG GameApplication      - State: STARTUP -> PAUSED
22:24:59.409 [FXGL Launcher Thread     ] DEBUG FXGLEventBus         - Firing event: FXGLEvent[type=PAUSE]
22:24:59.410 [FXGL Launcher Thread     ] DEBUG FXGLInput            - Clearing active input actions
22:24:59.410 [FXGL Launcher Thread     ] DEBUG FXGLMasterTimer      - Resetting ticks and clearing all actions
22:24:59.410 [FXGL Launcher Thread     ] DEBUG GameWorld            - Resetting game world
22:24:59.410 [FXGL Launcher Thread     ] TRACE EntityWorld          - Resetting entity world
22:24:59.411 [FXGL Launcher Thread     ] DEBUG PhysicsWorld         - Resetting physics world
22:24:59.411 [FXGL Launcher Thread     ] DEBUG GameScene            - Resetting game scene
22:24:59.411 [FXGL Launcher Thread     ] DEBUG FXGLEventBus         - Firing event: FXGLEvent[type=RESET]
22:24:59.443 [FXGL Launcher Thread     ] DEBUG GameApplication      - State: PAUSED -> LOADING
22:24:59.463 [FXGL Background Thread 1 ] DEBUG InitAppTask          - Initializing Assets
22:24:59.464 [FXGL Background Thread 1 ] DEBUG InitAppTask          - Initializing Game
22:24:59.478 [FXGL Background Thread 1 ] DEBUG FXGLAssetLoader      - Loading from disk: /assets/textures/pacman0.png
22:24:59.491 [FXGL Background Thread 1 ] DEBUG FXGLAssetLoader      - Loading from disk: /assets/text/levels/level.txt
22:24:59.501 [JavaFX Application Thread] DEBUG FXGLDisplay          - Showing stage
22:24:59.501 [JavaFX Application Thread] DEBUG FXGLDisplay          - Root size: 960.0x840.0
22:24:59.501 [JavaFX Application Thread] DEBUG FXGLDisplay          - Scene size: 960.0x840.0
22:24:59.501 [JavaFX Application Thread] DEBUG FXGLDisplay          - Stage size: 976.0x879.0
22:24:59.560 [FXGL Background Thread 1 ] DEBUG FXGLAssetLoader      - Loading from disk: /assets/textures/blinkyBottom00.png
22:24:59.566 [FXGL Background Thread 1 ] DEBUG FXGLAssetLoader      - Loading from disk: /assets/textures/pinkyBottom00.png
22:24:59.568 [FXGL Background Thread 1 ] DEBUG FXGLAssetLoader      - Loading from disk: /assets/textures/inkyBottom00.png
22:24:59.569 [FXGL Background Thread 1 ] DEBUG FXGLAssetLoader      - Loading from disk: /assets/textures/clydeBottom00.png
22:24:59.589 [FXGL Background Thread 1 ] DEBUG FXGLAssetLoader      - Loading from cache: /assets/textures/pacman0.png
22:24:59.605 [FXGL Background Thread 1 ] DEBUG GameWorld            - Resetting game world
22:24:59.606 [FXGL Background Thread 1 ] TRACE EntityWorld          - Resetting entity world
22:24:59.607 [FXGL Background Thread 1 ] DEBUG GameScene            - Entity added to scene
22:24:59.607 [FXGL Background Thread 1 ] DEBUG GameScene            - Added MainViewComponent
22:24:59.609 [FXGL Background Thread 1 ] DEBUG GameScene            - Creating render group for layer: TOP(2147483647)
22:24:59.612 [FXGL Background Thread 1 ] DEBUG GameScene            - Removed MainViewComponent
22:24:59.612 [FXGL Background Thread 1 ] DEBUG PhysicsWorld         - Resetting physics world
22:24:59.612 [FXGL Background Thread 1 ] DEBUG GameScene            - Resetting game scene
22:24:59.612 [FXGL Background Thread 1 ] DEBUG GameWorld            - Setting level: com.almasb.fxgl.gameplay.Level@4faecc77
22:24:59.613 [FXGL Background Thread 1 ] DEBUG InitAppTask          - Initializing Physics
22:24:59.614 [FXGL Background Thread 1 ] DEBUG InitAppTask          - Initializing UI
22:24:59.614 [FXGL Background Thread 1 ] DEBUG FXGLAssetLoader      - Loading from disk: /assets/ui/pacman_ui.fxml
22:24:59.641 [FXGL Background Thread 1 ] DEBUG GameScene            - Adding UI node: Pane@1066fe47
22:24:59.641 [FXGL Background Thread 1 ] DEBUG GameScene            - Adding UI node: Label@13f0c70e[styleClass=label]'Lives:'
22:24:59.642 [FXGL Background Thread 1 ] DEBUG GameScene            - Adding UI node: Circle[centerX=0.0, centerY=0.0, radius=15.0, fill=0xffff00ff, stroke=0x000000ff, strokeWidth=1.0]
22:24:59.642 [FXGL Background Thread 1 ] DEBUG GameScene            - Adding UI node: Circle[centerX=0.0, centerY=0.0, radius=15.0, fill=0xffff00ff, stroke=0x000000ff, strokeWidth=1.0]
22:24:59.642 [FXGL Background Thread 1 ] DEBUG GameScene            - Adding UI node: Circle[centerX=0.0, centerY=0.0, radius=15.0, fill=0xffff00ff, stroke=0x000000ff, strokeWidth=1.0]
22:24:59.642 [FXGL Background Thread 1 ] DEBUG InitAppTask          - Initialization Complete
22:24:59.643 [JavaFX Application Thread] DEBUG FXGLInput            - Clearing active input actions
22:24:59.643 [JavaFX Application Thread] DEBUG FXGLMasterTimer      - Starting master timer
22:24:59.644 [JavaFX Application Thread] DEBUG GameApplication      - State: LOADING -> PLAYING
22:24:59.650 [JavaFX Application Thread] DEBUG FXGLEventBus         - Firing event: FXGLEvent[type=RESUME]
22:24:59.658 [JavaFX Application Thread] DEBUG GameScene            - Entity added to scene
22:24:59.658 [JavaFX Application Thread] DEBUG GameScene            - Added MainViewComponent
22:24:59.658 [JavaFX Application Thread] DEBUG GameScene            - Creating render group for layer: TOP(2147483647)
22:24:59.658 [JavaFX Application Thread] DEBUG GameScene            - Entity added to scene
22:24:59.658 [JavaFX Application Thread] DEBUG GameScene            - Added MainViewComponent
22:24:59.659 [JavaFX Application Thread] DEBUG GameScene            - Entity added to scene
22:24:59.659 [JavaFX Application Thread] DEBUG GameScene            - Added MainViewComponent
22:24:59.659 [JavaFX Application Thread] DEBUG GameScene            - Entity added to scene
22:24:59.659 [JavaFX Application Thread] DEBUG GameScene            - Added MainViewComponent
22:24:59.659 [JavaFX Application Thread] DEBUG GameScene            - Entity added to scene
22:24:59.659 [JavaFX Application Thread] DEBUG GameScene            - Added MainViewComponent
22:24:59.659 [JavaFX Application Thread] DEBUG GameScene            - Entity added to scene
22:24:59.659 [JavaFX Application Thread] DEBUG GameScene            - Added MainViewComponent
22:24:59.660 [JavaFX Application Thread] DEBUG GameScene            - Entity added to scene
22:24:59.660 [JavaFX Application Thread] DEBUG GameScene            - Added MainViewComponent
22:24:59.660 [JavaFX Application Thread] DEBUG GameScene            - Entity added to scene
22:24:59.660 [JavaFX Application Thread] DEBUG GameScene            - Added MainViewComponent
22:24:59.660 [JavaFX Application Thread] DEBUG GameScene            - Entity added to scene
22:24:59.660 [JavaFX Application Thread] DEBUG GameScene            - Added MainViewComponent
22:24:59.660 [JavaFX Application Thread] DEBUG GameScene            - Entity added to scene
22:24:59.660 [JavaFX Application Thread] DEBUG GameScene            - Added MainViewComponent
22:24:59.661 [JavaFX Application Thread] DEBUG GameScene            - Entity added to scene
22:24:59.661 [JavaFX Application Thread] DEBUG GameScene            - Added MainViewComponent
22:24:59.661 [JavaFX Application Thread] DEBUG GameScene            - Entity added to scene
22:24:59.661 [JavaFX Application Thread] DEBUG GameScene            - Added MainViewComponent
22:24:59.661 [JavaFX Application Thread] DEBUG GameScene            - Entity added to scene
22:24:59.661 [JavaFX Application Thread] DEBUG GameScene            - Added MainViewComponent
22:24:59.661 [JavaFX Application Thread] DEBUG GameScene            - Entity added to scene
22:24:59.661 [JavaFX Application Thread] DEBUG GameScene            - Added MainViewComponent
22:24:59.661 [JavaFX Application Thread] DEBUG GameScene            - Entity added to scene
22:24:59.661 [JavaFX Application Thread] DEBUG GameScene            - Added MainViewComponent
22:24:59.662 [JavaFX Application Thread] DEBUG GameScene            - Entity added to scene
22:24:59.662 [JavaFX Application Thread] DEBUG GameScene            - Added MainViewComponent
22:24:59.662 [JavaFX Application Thread] DEBUG GameScene            - Entity added to scene
22:24:59.662 [JavaFX Application Thread] DEBUG GameScene            - Added MainViewComponent
22:24:59.662 [JavaFX Application Thread] DEBUG GameScene            - Entity added to scene
22:24:59.662 [JavaFX Application Thread] DEBUG GameScene            - Added MainViewComponent
22:24:59.662 [JavaFX Application Thread] DEBUG GameScene            - Entity added to scene
22:24:59.662 [JavaFX Application Thread] DEBUG GameScene            - Added MainViewComponent
22:24:59.662 [JavaFX Application Thread] DEBUG GameScene            - Entity added to scene
22:24:59.662 [JavaFX Application Thread] DEBUG GameScene            - Added MainViewComponent
22:24:59.662 [JavaFX Application Thread] DEBUG GameScene            - Entity added to scene
22:24:59.663 [JavaFX Application Thread] DEBUG GameScene            - Added MainViewComponent
22:24:59.663 [JavaFX Application Thread] DEBUG GameScene            - Creating render group for layer: BACKGROUND2(1001)
22:24:59.663 [JavaFX Application Thread] DEBUG GameScene            - Entity added to scene
22:24:59.663 [JavaFX Application Thread] DEBUG GameScene            - Added MainViewComponent
22:24:59.663 [JavaFX Application Thread] DEBUG GameScene            - Entity added to scene
22:24:59.663 [JavaFX Application Thread] DEBUG GameScene            - Added MainViewComponent
22:24:59.663 [JavaFX Application Thread] DEBUG GameScene            - Entity added to scene
22:24:59.663 [JavaFX Application Thread] DEBUG GameScene            - Added MainViewComponent
22:24:59.663 [JavaFX Application Thread] DEBUG GameScene            - Entity added to scene
22:24:59.663 [JavaFX Application Thread] DEBUG GameScene            - Added MainViewComponent
22:24:59.663 [JavaFX Application Thread] DEBUG GameScene            - Entity added to scene
22:24:59.663 [JavaFX Application Thread] DEBUG GameScene            - Added MainViewComponent
22:24:59.664 [JavaFX Application Thread] DEBUG GameScene            - Entity added to scene
22:24:59.664 [JavaFX Application Thread] DEBUG GameScene            - Added MainViewComponent
22:24:59.664 [JavaFX Application Thread] DEBUG GameScene            - Entity added to scene
22:24:59.664 [JavaFX Application Thread] DEBUG GameScene            - Added MainViewComponent
22:24:59.664 [JavaFX Application Thread] DEBUG GameScene            - Entity added to scene
22:24:59.664 [JavaFX Application Thread] DEBUG GameScene            - Added MainViewComponent
22:24:59.664 [JavaFX Application Thread] DEBUG GameScene            - Entity added to scene
22:24:59.664 [JavaFX Application Thread] DEBUG GameScene            - Added MainViewComponent
22:24:59.664 [JavaFX Application Thread] DEBUG GameScene            - Entity added to scene
22:24:59.664 [JavaFX Application Thread] DEBUG GameScene            - Added MainViewComponent
22:24:59.664 [JavaFX Application Thread] DEBUG GameScene            - Entity added to scene
22:24:59.664 [JavaFX Application Thread] DEBUG GameScene            - Added MainViewComponent
22:24:59.665 [JavaFX Application Thread] DEBUG GameScene            - Entity added to scene
22:24:59.665 [JavaFX Application Thread] DEBUG GameScene            - Added MainViewComponent
22:24:59.665 [JavaFX Application Thread] DEBUG GameScene            - Entity added to scene
22:24:59.665 [JavaFX Application Thread] DEBUG GameScene            - Added MainViewComponent
22:24:59.665 [JavaFX Application Thread] DEBUG GameScene            - Entity added to scene
22:24:59.665 [JavaFX Application Thread] DEBUG GameScene            - Added MainViewComponent
22:24:59.665 [JavaFX Application Thread] DEBUG GameScene            - Entity added to scene
22:24:59.665 [JavaFX Application Thread] DEBUG GameScene            - Added MainViewComponent
22:24:59.665 [JavaFX Application Thread] DEBUG GameScene            - Entity added to scene
22:24:59.666 [JavaFX Application Thread] DEBUG GameScene            - Added MainViewComponent
22:24:59.666 [JavaFX Application Thread] DEBUG GameScene            - Entity added to scene
22:24:59.666 [JavaFX Application Thread] DEBUG GameScene            - Added MainViewComponent
22:24:59.666 [JavaFX Application Thread] DEBUG GameScene            - Entity added to scene
22:24:59.666 [JavaFX Application Thread] DEBUG GameScene            - Added MainViewComponent
22:24:59.666 [JavaFX Application Thread] DEBUG GameScene            - Entity added to scene
22:24:59.666 [JavaFX Application Thread] DEBUG GameScene            - Added MainViewComponent
22:24:59.666 [JavaFX Application Thread] DEBUG GameScene            - Entity added to scene
22:24:59.666 [JavaFX Application Thread] DEBUG GameScene            - Added MainViewComponent
22:24:59.666 [JavaFX Application Thread] DEBUG GameScene            - Entity added to scene
22:24:59.666 [JavaFX Application Thread] DEBUG GameScene            - Added MainViewComponent
22:24:59.667 [JavaFX Application Thread] DEBUG GameScene            - Entity added to scene
22:24:59.667 [JavaFX Application Thread] DEBUG GameScene            - Added MainViewComponent
22:24:59.667 [JavaFX Application Thread] DEBUG GameScene            - Entity added to scene
22:24:59.667 [JavaFX Application Thread] DEBUG GameScene            - Added MainViewComponent
22:24:59.667 [JavaFX Application Thread] DEBUG GameScene            - Entity added to scene
22:24:59.667 [JavaFX Application Thread] DEBUG GameScene            - Added MainViewComponent
22:24:59.667 [JavaFX Application Thread] DEBUG GameScene            - Entity added to scene
22:24:59.667 [JavaFX Application Thread] DEBUG GameScene            - Added MainViewComponent
22:24:59.667 [JavaFX Application Thread] DEBUG GameScene            - Entity added to scene
22:24:59.667 [JavaFX Application Thread] DEBUG GameScene            - Added MainViewComponent
22:24:59.667 [JavaFX Application Thread] DEBUG GameScene            - Entity added to scene
22:24:59.667 [JavaFX Application Thread] DEBUG GameScene            - Added MainViewComponent
22:24:59.668 [JavaFX Application Thread] DEBUG GameScene            - Entity added to scene
22:24:59.668 [JavaFX Application Thread] DEBUG GameScene            - Added MainViewComponent
22:24:59.668 [JavaFX Application Thread] DEBUG GameScene            - Entity added to scene
22:24:59.668 [JavaFX Application Thread] DEBUG GameScene            - Added MainViewComponent
22:24:59.668 [JavaFX Application Thread] DEBUG GameScene            - Entity added to scene
22:24:59.668 [JavaFX Application Thread] DEBUG GameScene            - Added MainViewComponent
22:24:59.668 [JavaFX Application Thread] DEBUG GameScene            - Entity added to scene
22:24:59.668 [JavaFX Application Thread] DEBUG GameScene            - Added MainViewComponent
22:24:59.668 [JavaFX Application Thread] DEBUG GameScene            - Entity added to scene
22:24:59.668 [JavaFX Application Thread] DEBUG GameScene            - Added MainViewComponent
22:24:59.668 [JavaFX Application Thread] DEBUG GameScene            - Entity added to scene
22:24:59.668 [JavaFX Application Thread] DEBUG GameScene            - Added MainViewComponent
22:24:59.668 [JavaFX Application Thread] DEBUG GameScene            - Entity added to scene
22:24:59.669 [JavaFX Application Thread] DEBUG GameScene            - Added MainViewComponent
22:24:59.669 [JavaFX Application Thread] DEBUG GameScene            - Entity added to scene
22:24:59.669 [JavaFX Application Thread] DEBUG GameScene            - Added MainViewComponent
22:24:59.669 [JavaFX Application Thread] DEBUG GameScene            - Entity added to scene
22:24:59.669 [JavaFX Application Thread] DEBUG GameScene            - Added MainViewComponent
22:24:59.669 [JavaFX Application Thread] DEBUG GameScene            - Entity added to scene
22:24:59.669 [JavaFX Application Thread] DEBUG GameScene            - Added MainViewComponent
22:24:59.669 [JavaFX Application Thread] DEBUG GameScene            - Entity added to scene
22:24:59.669 [JavaFX Application Thread] DEBUG GameScene            - Added MainViewComponent
22:24:59.669 [JavaFX Application Thread] DEBUG GameScene            - Entity added to scene
22:24:59.669 [JavaFX Application Thread] DEBUG GameScene            - Added MainViewComponent
22:24:59.669 [JavaFX Application Thread] DEBUG GameScene            - Entity added to scene
22:24:59.669 [JavaFX Application Thread] DEBUG GameScene            - Added MainViewComponent
22:24:59.670 [JavaFX Application Thread] DEBUG GameScene            - Entity added to scene
22:24:59.670 [JavaFX Application Thread] DEBUG GameScene            - Added MainViewComponent
22:24:59.670 [JavaFX Application Thread] DEBUG GameScene            - Entity added to scene
22:24:59.670 [JavaFX Application Thread] DEBUG GameScene            - Added MainViewComponent
22:24:59.670 [JavaFX Application Thread] DEBUG GameScene            - Entity added to scene
22:24:59.670 [JavaFX Application Thread] DEBUG GameScene            - Added MainViewComponent
22:24:59.670 [JavaFX Application Thread] DEBUG GameScene            - Entity added to scene
22:24:59.670 [JavaFX Application Thread] DEBUG GameScene            - Added MainViewComponent
22:24:59.670 [JavaFX Application Thread] DEBUG GameScene            - Entity added to scene
22:24:59.670 [JavaFX Application Thread] DEBUG GameScene            - Added MainViewComponent
22:24:59.671 [JavaFX Application Thread] DEBUG GameScene            - Entity added to scene
22:24:59.671 [JavaFX Application Thread] DEBUG GameScene            - Added MainViewComponent
22:24:59.671 [JavaFX Application Thread] DEBUG GameScene            - Entity added to scene
22:24:59.671 [JavaFX Application Thread] DEBUG GameScene            - Added MainViewComponent
22:24:59.671 [JavaFX Application Thread] DEBUG GameScene            - Entity added to scene
22:24:59.671 [JavaFX Application Thread] DEBUG GameScene            - Added MainViewComponent
22:24:59.671 [JavaFX Application Thread] DEBUG GameScene            - Entity added to scene
22:24:59.671 [JavaFX Application Thread] DEBUG GameScene            - Added MainViewComponent
22:24:59.672 [JavaFX Application Thread] DEBUG GameScene            - Entity added to scene
22:24:59.672 [JavaFX Application Thread] DEBUG GameScene            - Added MainViewComponent
22:24:59.672 [JavaFX Application Thread] DEBUG GameScene            - Entity added to scene
22:24:59.672 [JavaFX Application Thread] DEBUG GameScene            - Added MainViewComponent
22:24:59.672 [JavaFX Application Thread] DEBUG GameScene            - Entity added to scene
22:24:59.672 [JavaFX Application Thread] DEBUG GameScene            - Added MainViewComponent
22:24:59.672 [JavaFX Application Thread] DEBUG GameScene            - Entity added to scene
22:24:59.672 [JavaFX Application Thread] DEBUG GameScene            - Added MainViewComponent
22:24:59.672 [JavaFX Application Thread] DEBUG GameScene            - Entity added to scene
22:24:59.672 [JavaFX Application Thread] DEBUG GameScene            - Added MainViewComponent
22:24:59.672 [JavaFX Application Thread] DEBUG GameScene            - Entity added to scene
22:24:59.672 [JavaFX Application Thread] DEBUG GameScene            - Added MainViewComponent
22:24:59.672 [JavaFX Application Thread] DEBUG GameScene            - Entity added to scene
22:24:59.672 [JavaFX Application Thread] DEBUG GameScene            - Added MainViewComponent
22:24:59.672 [JavaFX Application Thread] DEBUG GameScene            - Entity added to scene
22:24:59.673 [JavaFX Application Thread] DEBUG GameScene            - Added MainViewComponent
22:24:59.673 [JavaFX Application Thread] DEBUG GameScene            - Entity added to scene
22:24:59.673 [JavaFX Application Thread] DEBUG GameScene            - Added MainViewComponent
22:24:59.673 [JavaFX Application Thread] DEBUG GameScene            - Entity added to scene
22:24:59.673 [JavaFX Application Thread] DEBUG GameScene            - Added MainViewComponent
22:24:59.673 [JavaFX Application Thread] DEBUG GameScene            - Entity added to scene
22:24:59.673 [JavaFX Application Thread] DEBUG GameScene            - Added MainViewComponent
22:24:59.673 [JavaFX Application Thread] DEBUG GameScene            - Entity added to scene
22:24:59.673 [JavaFX Application Thread] DEBUG GameScene            - Added MainViewComponent
22:24:59.673 [JavaFX Application Thread] DEBUG GameScene            - Entity added to scene
22:24:59.673 [JavaFX Application Thread] DEBUG GameScene            - Added MainViewComponent
22:24:59.673 [JavaFX Application Thread] DEBUG GameScene            - Entity added to scene
22:24:59.673 [JavaFX Application Thread] DEBUG GameScene            - Added MainViewComponent
22:24:59.674 [JavaFX Application Thread] DEBUG GameScene            - Entity added to scene
22:24:59.674 [JavaFX Application Thread] DEBUG GameScene            - Added MainViewComponent
22:24:59.674 [JavaFX Application Thread] DEBUG GameScene            - Entity added to scene
22:24:59.674 [JavaFX Application Thread] DEBUG GameScene            - Added MainViewComponent
22:24:59.674 [JavaFX Application Thread] DEBUG GameScene            - Entity added to scene
22:24:59.674 [JavaFX Application Thread] DEBUG GameScene            - Added MainViewComponent
22:24:59.674 [JavaFX Application Thread] DEBUG GameScene            - Entity added to scene
22:24:59.674 [JavaFX Application Thread] DEBUG GameScene            - Added MainViewComponent
22:24:59.674 [JavaFX Application Thread] DEBUG GameScene            - Entity added to scene
22:24:59.674 [JavaFX Application Thread] DEBUG GameScene            - Added MainViewComponent
22:24:59.674 [JavaFX Application Thread] DEBUG GameScene            - Entity added to scene
22:24:59.674 [JavaFX Application Thread] DEBUG GameScene            - Added MainViewComponent
22:24:59.674 [JavaFX Application Thread] DEBUG GameScene            - Entity added to scene
22:24:59.674 [JavaFX Application Thread] DEBUG GameScene            - Added MainViewComponent
22:24:59.674 [JavaFX Application Thread] DEBUG GameScene            - Entity added to scene
22:24:59.674 [JavaFX Application Thread] DEBUG GameScene            - Added MainViewComponent
22:24:59.675 [JavaFX Application Thread] DEBUG GameScene            - Entity added to scene
22:24:59.675 [JavaFX Application Thread] DEBUG GameScene            - Added MainViewComponent
22:24:59.675 [JavaFX Application Thread] DEBUG GameScene            - Entity added to scene
22:24:59.675 [JavaFX Application Thread] DEBUG GameScene            - Added MainViewComponent
22:24:59.675 [JavaFX Application Thread] DEBUG GameScene            - Entity added to scene
22:24:59.675 [JavaFX Application Thread] DEBUG GameScene            - Added MainViewComponent
22:24:59.675 [JavaFX Application Thread] DEBUG GameScene            - Entity added to scene
22:24:59.675 [JavaFX Application Thread] DEBUG GameScene            - Added MainViewComponent
22:24:59.675 [JavaFX Application Thread] DEBUG GameScene            - Entity added to scene
22:24:59.675 [JavaFX Application Thread] DEBUG GameScene            - Added MainViewComponent
22:24:59.675 [JavaFX Application Thread] DEBUG GameScene            - Entity added to scene
22:24:59.675 [JavaFX Application Thread] DEBUG GameScene            - Added MainViewComponent
22:24:59.675 [JavaFX Application Thread] DEBUG GameScene            - Entity added to scene
22:24:59.675 [JavaFX Application Thread] DEBUG GameScene            - Added MainViewComponent
22:24:59.676 [JavaFX Application Thread] DEBUG GameScene            - Entity added to scene
22:24:59.676 [JavaFX Application Thread] DEBUG GameScene            - Added MainViewComponent
22:24:59.676 [JavaFX Application Thread] DEBUG GameScene            - Entity added to scene
22:24:59.676 [JavaFX Application Thread] DEBUG GameScene            - Added MainViewComponent
22:24:59.676 [JavaFX Application Thread] DEBUG GameScene            - Entity added to scene
22:24:59.676 [JavaFX Application Thread] DEBUG GameScene            - Added MainViewComponent
22:24:59.676 [JavaFX Application Thread] DEBUG GameScene            - Entity added to scene
22:24:59.676 [JavaFX Application Thread] DEBUG GameScene            - Added MainViewComponent
22:24:59.676 [JavaFX Application Thread] DEBUG GameScene            - Entity added to scene
22:24:59.676 [JavaFX Application Thread] DEBUG GameScene            - Added MainViewComponent
22:24:59.676 [JavaFX Application Thread] DEBUG GameScene            - Entity added to scene
22:24:59.676 [JavaFX Application Thread] DEBUG GameScene            - Added MainViewComponent
22:24:59.676 [JavaFX Application Thread] DEBUG GameScene            - Entity added to scene
22:24:59.676 [JavaFX Application Thread] DEBUG GameScene            - Added MainViewComponent
22:24:59.676 [JavaFX Application Thread] DEBUG GameScene            - Entity added to scene
22:24:59.677 [JavaFX Application Thread] DEBUG GameScene            - Added MainViewComponent
22:24:59.677 [JavaFX Application Thread] DEBUG GameScene            - Entity added to scene
22:24:59.677 [JavaFX Application Thread] DEBUG GameScene            - Added MainViewComponent
22:24:59.677 [JavaFX Application Thread] DEBUG GameScene            - Entity added to scene
22:24:59.677 [JavaFX Application Thread] DEBUG GameScene            - Added MainViewComponent
22:24:59.677 [JavaFX Application Thread] DEBUG GameScene            - Entity added to scene
22:24:59.677 [JavaFX Application Thread] DEBUG GameScene            - Added MainViewComponent
22:24:59.677 [JavaFX Application Thread] DEBUG GameScene            - Entity added to scene
22:24:59.677 [JavaFX Application Thread] DEBUG GameScene            - Added MainViewComponent
22:24:59.677 [JavaFX Application Thread] DEBUG GameScene            - Entity added to scene
22:24:59.677 [JavaFX Application Thread] DEBUG GameScene            - Added MainViewComponent
22:24:59.677 [JavaFX Application Thread] DEBUG GameScene            - Entity added to scene
22:24:59.677 [JavaFX Application Thread] DEBUG GameScene            - Added MainViewComponent
22:24:59.677 [JavaFX Application Thread] DEBUG GameScene            - Entity added to scene
22:24:59.677 [JavaFX Application Thread] DEBUG GameScene            - Added MainViewComponent
22:24:59.678 [JavaFX Application Thread] DEBUG GameScene            - Entity added to scene
22:24:59.678 [JavaFX Application Thread] DEBUG GameScene            - Added MainViewComponent
22:24:59.678 [JavaFX Application Thread] DEBUG GameScene            - Entity added to scene
22:24:59.678 [JavaFX Application Thread] DEBUG GameScene            - Added MainViewComponent
22:24:59.678 [JavaFX Application Thread] DEBUG GameScene            - Entity added to scene
22:24:59.678 [JavaFX Application Thread] DEBUG GameScene            - Added MainViewComponent
22:24:59.678 [JavaFX Application Thread] DEBUG GameScene            - Entity added to scene
22:24:59.678 [JavaFX Application Thread] DEBUG GameScene            - Added MainViewComponent
22:24:59.678 [JavaFX Application Thread] DEBUG GameScene            - Entity added to scene
22:24:59.678 [JavaFX Application Thread] DEBUG GameScene            - Added MainViewComponent
22:24:59.678 [JavaFX Application Thread] DEBUG GameScene            - Entity added to scene
22:24:59.678 [JavaFX Application Thread] DEBUG GameScene            - Added MainViewComponent
22:24:59.678 [JavaFX Application Thread] DEBUG GameScene            - Entity added to scene
22:24:59.678 [JavaFX Application Thread] DEBUG GameScene            - Added MainViewComponent
22:24:59.679 [JavaFX Application Thread] DEBUG GameScene            - Entity added to scene
22:24:59.679 [JavaFX Application Thread] DEBUG GameScene            - Added MainViewComponent
22:24:59.679 [JavaFX Application Thread] DEBUG GameScene            - Entity added to scene
22:24:59.679 [JavaFX Application Thread] DEBUG GameScene            - Added MainViewComponent
22:24:59.679 [JavaFX Application Thread] DEBUG GameScene            - Entity added to scene
22:24:59.679 [JavaFX Application Thread] DEBUG GameScene            - Added MainViewComponent
22:24:59.679 [JavaFX Application Thread] DEBUG GameScene            - Entity added to scene
22:24:59.679 [JavaFX Application Thread] DEBUG GameScene            - Added MainViewComponent
22:24:59.679 [JavaFX Application Thread] DEBUG GameScene            - Entity added to scene
22:24:59.679 [JavaFX Application Thread] DEBUG GameScene            - Added MainViewComponent
22:24:59.679 [JavaFX Application Thread] DEBUG GameScene            - Entity added to scene
22:24:59.679 [JavaFX Application Thread] DEBUG GameScene            - Added MainViewComponent
22:24:59.680 [JavaFX Application Thread] DEBUG GameScene            - Entity added to scene
22:24:59.680 [JavaFX Application Thread] DEBUG GameScene            - Added MainViewComponent
22:24:59.680 [JavaFX Application Thread] DEBUG GameScene            - Entity added to scene
22:24:59.680 [JavaFX Application Thread] DEBUG GameScene            - Added MainViewComponent
22:24:59.681 [JavaFX Application Thread] DEBUG GameScene            - Entity added to scene
22:24:59.681 [JavaFX Application Thread] DEBUG GameScene            - Added MainViewComponent
22:24:59.681 [JavaFX Application Thread] DEBUG GameScene            - Entity added to scene
22:24:59.681 [JavaFX Application Thread] DEBUG GameScene            - Added MainViewComponent
22:24:59.681 [JavaFX Application Thread] DEBUG GameScene            - Entity added to scene
22:24:59.681 [JavaFX Application Thread] DEBUG GameScene            - Added MainViewComponent
22:24:59.681 [JavaFX Application Thread] DEBUG GameScene            - Entity added to scene
22:24:59.681 [JavaFX Application Thread] DEBUG GameScene            - Added MainViewComponent
22:24:59.681 [JavaFX Application Thread] DEBUG GameScene            - Entity added to scene
22:24:59.681 [JavaFX Application Thread] DEBUG GameScene            - Added MainViewComponent
22:24:59.681 [JavaFX Application Thread] DEBUG GameScene            - Entity added to scene
22:24:59.681 [JavaFX Application Thread] DEBUG GameScene            - Added MainViewComponent
22:24:59.682 [JavaFX Application Thread] DEBUG GameScene            - Entity added to scene
22:24:59.682 [JavaFX Application Thread] DEBUG GameScene            - Added MainViewComponent
22:24:59.682 [JavaFX Application Thread] DEBUG GameScene            - Entity added to scene
22:24:59.682 [JavaFX Application Thread] DEBUG GameScene            - Added MainViewComponent
22:24:59.682 [JavaFX Application Thread] DEBUG GameScene            - Entity added to scene
22:24:59.682 [JavaFX Application Thread] DEBUG GameScene            - Added MainViewComponent
22:24:59.682 [JavaFX Application Thread] DEBUG GameScene            - Entity added to scene
22:24:59.682 [JavaFX Application Thread] DEBUG GameScene            - Added MainViewComponent
22:24:59.682 [JavaFX Application Thread] DEBUG GameScene            - Entity added to scene
22:24:59.682 [JavaFX Application Thread] DEBUG GameScene            - Added MainViewComponent
22:24:59.682 [JavaFX Application Thread] DEBUG GameScene            - Entity added to scene
22:24:59.682 [JavaFX Application Thread] DEBUG GameScene            - Added MainViewComponent
22:24:59.682 [JavaFX Application Thread] DEBUG GameScene            - Entity added to scene
22:24:59.682 [JavaFX Application Thread] DEBUG GameScene            - Added MainViewComponent
22:24:59.683 [JavaFX Application Thread] DEBUG GameScene            - Entity added to scene
22:24:59.683 [JavaFX Application Thread] DEBUG GameScene            - Added MainViewComponent
22:24:59.683 [JavaFX Application Thread] DEBUG GameScene            - Entity added to scene
22:24:59.683 [JavaFX Application Thread] DEBUG GameScene            - Added MainViewComponent
22:24:59.683 [JavaFX Application Thread] DEBUG GameScene            - Entity added to scene
22:24:59.683 [JavaFX Application Thread] DEBUG GameScene            - Added MainViewComponent
22:24:59.683 [JavaFX Application Thread] DEBUG GameScene            - Entity added to scene
22:24:59.683 [JavaFX Application Thread] DEBUG GameScene            - Added MainViewComponent
22:24:59.683 [JavaFX Application Thread] DEBUG GameScene            - Entity added to scene
22:24:59.683 [JavaFX Application Thread] DEBUG GameScene            - Added MainViewComponent
22:24:59.683 [JavaFX Application Thread] DEBUG GameScene            - Entity added to scene
22:24:59.683 [JavaFX Application Thread] DEBUG GameScene            - Added MainViewComponent
22:24:59.683 [JavaFX Application Thread] DEBUG GameScene            - Entity added to scene
22:24:59.683 [JavaFX Application Thread] DEBUG GameScene            - Added MainViewComponent
22:24:59.684 [JavaFX Application Thread] DEBUG GameScene            - Entity added to scene
22:24:59.684 [JavaFX Application Thread] DEBUG GameScene            - Added MainViewComponent
22:24:59.684 [JavaFX Application Thread] DEBUG GameScene            - Entity added to scene
22:24:59.684 [JavaFX Application Thread] DEBUG GameScene            - Added MainViewComponent
22:24:59.684 [JavaFX Application Thread] DEBUG GameScene            - Entity added to scene
22:24:59.684 [JavaFX Application Thread] DEBUG GameScene            - Added MainViewComponent
22:24:59.684 [JavaFX Application Thread] DEBUG GameScene            - Entity added to scene
22:24:59.684 [JavaFX Application Thread] DEBUG GameScene            - Added MainViewComponent
22:24:59.685 [JavaFX Application Thread] DEBUG GameScene            - Entity added to scene
22:24:59.685 [JavaFX Application Thread] DEBUG GameScene            - Added MainViewComponent
22:24:59.685 [JavaFX Application Thread] DEBUG GameScene            - Entity added to scene
22:24:59.685 [JavaFX Application Thread] DEBUG GameScene            - Added MainViewComponent
22:24:59.685 [JavaFX Application Thread] DEBUG GameScene            - Entity added to scene
22:24:59.685 [JavaFX Application Thread] DEBUG GameScene            - Added MainViewComponent
22:24:59.685 [JavaFX Application Thread] DEBUG GameScene            - Entity added to scene
22:24:59.685 [JavaFX Application Thread] DEBUG GameScene            - Added MainViewComponent
22:24:59.685 [JavaFX Application Thread] DEBUG GameScene            - Entity added to scene
22:24:59.685 [JavaFX Application Thread] DEBUG GameScene            - Added MainViewComponent
22:24:59.685 [JavaFX Application Thread] DEBUG GameScene            - Entity added to scene
22:24:59.685 [JavaFX Application Thread] DEBUG GameScene            - Added MainViewComponent
22:24:59.685 [JavaFX Application Thread] DEBUG GameScene            - Entity added to scene
22:24:59.685 [JavaFX Application Thread] DEBUG GameScene            - Added MainViewComponent
22:24:59.686 [JavaFX Application Thread] DEBUG GameScene            - Entity added to scene
22:24:59.686 [JavaFX Application Thread] DEBUG GameScene            - Added MainViewComponent
22:24:59.686 [JavaFX Application Thread] DEBUG GameScene            - Entity added to scene
22:24:59.686 [JavaFX Application Thread] DEBUG GameScene            - Added MainViewComponent
22:24:59.686 [JavaFX Application Thread] DEBUG GameScene            - Entity added to scene
22:24:59.686 [JavaFX Application Thread] DEBUG GameScene            - Added MainViewComponent
22:24:59.686 [JavaFX Application Thread] DEBUG GameScene            - Entity added to scene
22:24:59.686 [JavaFX Application Thread] DEBUG GameScene            - Added MainViewComponent
22:24:59.686 [JavaFX Application Thread] DEBUG GameScene            - Entity added to scene
22:24:59.686 [JavaFX Application Thread] DEBUG GameScene            - Added MainViewComponent
22:24:59.686 [JavaFX Application Thread] DEBUG GameScene            - Entity added to scene
22:24:59.687 [JavaFX Application Thread] DEBUG GameScene            - Added MainViewComponent
22:24:59.687 [JavaFX Application Thread] DEBUG GameScene            - Entity added to scene
22:24:59.687 [JavaFX Application Thread] DEBUG GameScene            - Added MainViewComponent
22:24:59.687 [JavaFX Application Thread] DEBUG GameScene            - Entity added to scene
22:24:59.687 [JavaFX Application Thread] DEBUG GameScene            - Added MainViewComponent
22:24:59.687 [JavaFX Application Thread] DEBUG GameScene            - Entity added to scene
22:24:59.687 [JavaFX Application Thread] DEBUG GameScene            - Added MainViewComponent
22:24:59.688 [JavaFX Application Thread] DEBUG GameScene            - Entity added to scene
22:24:59.688 [JavaFX Application Thread] DEBUG GameScene            - Added MainViewComponent
22:24:59.688 [JavaFX Application Thread] DEBUG GameScene            - Entity added to scene
22:24:59.688 [JavaFX Application Thread] DEBUG GameScene            - Added MainViewComponent
22:24:59.688 [JavaFX Application Thread] DEBUG GameScene            - Entity added to scene
22:24:59.688 [JavaFX Application Thread] DEBUG GameScene            - Added MainViewComponent
22:24:59.688 [JavaFX Application Thread] DEBUG GameScene            - Entity added to scene
22:24:59.688 [JavaFX Application Thread] DEBUG GameScene            - Added MainViewComponent
22:24:59.688 [JavaFX Application Thread] DEBUG GameScene            - Entity added to scene
22:24:59.688 [JavaFX Application Thread] DEBUG GameScene            - Added MainViewComponent
22:24:59.688 [JavaFX Application Thread] DEBUG GameScene            - Entity added to scene
22:24:59.688 [JavaFX Application Thread] DEBUG GameScene            - Added MainViewComponent
22:24:59.688 [JavaFX Application Thread] DEBUG GameScene            - Entity added to scene
22:24:59.688 [JavaFX Application Thread] DEBUG GameScene            - Added MainViewComponent
22:24:59.688 [JavaFX Application Thread] DEBUG GameScene            - Entity added to scene
22:24:59.688 [JavaFX Application Thread] DEBUG GameScene            - Added MainViewComponent
22:24:59.689 [JavaFX Application Thread] DEBUG GameScene            - Entity added to scene
22:24:59.689 [JavaFX Application Thread] DEBUG GameScene            - Added MainViewComponent
22:24:59.689 [JavaFX Application Thread] DEBUG GameScene            - Entity added to scene
22:24:59.689 [JavaFX Application Thread] DEBUG GameScene            - Added MainViewComponent
22:24:59.689 [JavaFX Application Thread] DEBUG GameScene            - Entity added to scene
22:24:59.689 [JavaFX Application Thread] DEBUG GameScene            - Added MainViewComponent
22:24:59.689 [JavaFX Application Thread] DEBUG GameScene            - Entity added to scene
22:24:59.689 [JavaFX Application Thread] DEBUG GameScene            - Added MainViewComponent
22:24:59.689 [JavaFX Application Thread] DEBUG GameScene            - Entity added to scene
22:24:59.689 [JavaFX Application Thread] DEBUG GameScene            - Added MainViewComponent
22:24:59.689 [JavaFX Application Thread] DEBUG GameScene            - Entity added to scene
22:24:59.689 [JavaFX Application Thread] DEBUG GameScene            - Added MainViewComponent
22:24:59.689 [JavaFX Application Thread] DEBUG GameScene            - Entity added to scene
22:24:59.689 [JavaFX Application Thread] DEBUG GameScene            - Added MainViewComponent
22:24:59.689 [JavaFX Application Thread] DEBUG GameScene            - Entity added to scene
22:24:59.689 [JavaFX Application Thread] DEBUG GameScene            - Added MainViewComponent
22:24:59.690 [JavaFX Application Thread] DEBUG GameScene            - Entity added to scene
22:24:59.690 [JavaFX Application Thread] DEBUG GameScene            - Added MainViewComponent
22:24:59.690 [JavaFX Application Thread] DEBUG GameScene            - Entity added to scene
22:24:59.690 [JavaFX Application Thread] DEBUG GameScene            - Added MainViewComponent
22:24:59.690 [JavaFX Application Thread] DEBUG GameScene            - Entity added to scene
22:24:59.690 [JavaFX Application Thread] DEBUG GameScene            - Added MainViewComponent
22:24:59.690 [JavaFX Application Thread] DEBUG GameScene            - Entity added to scene
22:24:59.690 [JavaFX Application Thread] DEBUG GameScene            - Added MainViewComponent
22:24:59.690 [JavaFX Application Thread] DEBUG GameScene            - Entity added to scene
22:24:59.690 [JavaFX Application Thread] DEBUG GameScene            - Added MainViewComponent
22:24:59.690 [JavaFX Application Thread] DEBUG GameScene            - Entity added to scene
22:24:59.690 [JavaFX Application Thread] DEBUG GameScene            - Added MainViewComponent
22:24:59.690 [JavaFX Application Thread] DEBUG GameScene            - Entity added to scene
22:24:59.690 [JavaFX Application Thread] DEBUG GameScene            - Added MainViewComponent
22:24:59.691 [JavaFX Application Thread] DEBUG GameScene            - Entity added to scene
22:24:59.691 [JavaFX Application Thread] DEBUG GameScene            - Added MainViewComponent
22:24:59.691 [JavaFX Application Thread] DEBUG GameScene            - Entity added to scene
22:24:59.691 [JavaFX Application Thread] DEBUG GameScene            - Added MainViewComponent
22:24:59.691 [JavaFX Application Thread] DEBUG GameScene            - Entity added to scene
22:24:59.691 [JavaFX Application Thread] DEBUG GameScene            - Added MainViewComponent
22:24:59.691 [JavaFX Application Thread] DEBUG GameScene            - Entity added to scene
22:24:59.691 [JavaFX Application Thread] DEBUG GameScene            - Added MainViewComponent
22:24:59.691 [JavaFX Application Thread] DEBUG GameScene            - Entity added to scene
22:24:59.691 [JavaFX Application Thread] DEBUG GameScene            - Added MainViewComponent
22:24:59.691 [JavaFX Application Thread] DEBUG GameScene            - Entity added to scene
22:24:59.691 [JavaFX Application Thread] DEBUG GameScene            - Added MainViewComponent
22:24:59.691 [JavaFX Application Thread] DEBUG GameScene            - Entity added to scene
22:24:59.691 [JavaFX Application Thread] DEBUG GameScene            - Added MainViewComponent
22:24:59.691 [JavaFX Application Thread] DEBUG GameScene            - Entity added to scene
22:24:59.691 [JavaFX Application Thread] DEBUG GameScene            - Added MainViewComponent
22:24:59.691 [JavaFX Application Thread] DEBUG GameScene            - Entity added to scene
22:24:59.692 [JavaFX Application Thread] DEBUG GameScene            - Added MainViewComponent
22:24:59.692 [JavaFX Application Thread] DEBUG GameScene            - Entity added to scene
22:24:59.692 [JavaFX Application Thread] DEBUG GameScene            - Added MainViewComponent
22:24:59.692 [JavaFX Application Thread] DEBUG GameScene            - Entity added to scene
22:24:59.692 [JavaFX Application Thread] DEBUG GameScene            - Added MainViewComponent
22:24:59.692 [JavaFX Application Thread] DEBUG GameScene            - Entity added to scene
22:24:59.692 [JavaFX Application Thread] DEBUG GameScene            - Added MainViewComponent
22:24:59.692 [JavaFX Application Thread] DEBUG GameScene            - Entity added to scene
22:24:59.692 [JavaFX Application Thread] DEBUG GameScene            - Added MainViewComponent
22:24:59.692 [JavaFX Application Thread] DEBUG GameScene            - Entity added to scene
22:24:59.692 [JavaFX Application Thread] DEBUG GameScene            - Added MainViewComponent
22:24:59.692 [JavaFX Application Thread] DEBUG GameScene            - Entity added to scene
22:24:59.692 [JavaFX Application Thread] DEBUG GameScene            - Added MainViewComponent
22:24:59.693 [JavaFX Application Thread] DEBUG GameScene            - Entity added to scene
22:24:59.693 [JavaFX Application Thread] DEBUG GameScene            - Added MainViewComponent
22:24:59.693 [JavaFX Application Thread] DEBUG GameScene            - Entity added to scene
22:24:59.693 [JavaFX Application Thread] DEBUG GameScene            - Added MainViewComponent
22:24:59.693 [JavaFX Application Thread] DEBUG GameScene            - Entity added to scene
22:24:59.693 [JavaFX Application Thread] DEBUG GameScene            - Added MainViewComponent
22:24:59.693 [JavaFX Application Thread] DEBUG GameScene            - Entity added to scene
22:24:59.693 [JavaFX Application Thread] DEBUG GameScene            - Added MainViewComponent
22:24:59.694 [JavaFX Application Thread] DEBUG GameScene            - Entity added to scene
22:24:59.694 [JavaFX Application Thread] DEBUG GameScene            - Added MainViewComponent
22:24:59.694 [JavaFX Application Thread] DEBUG GameScene            - Entity added to scene
22:24:59.694 [JavaFX Application Thread] DEBUG GameScene            - Added MainViewComponent
22:24:59.694 [JavaFX Application Thread] DEBUG GameScene            - Entity added to scene
22:24:59.694 [JavaFX Application Thread] DEBUG GameScene            - Added MainViewComponent
22:24:59.694 [JavaFX Application Thread] DEBUG GameScene            - Entity added to scene
22:24:59.694 [JavaFX Application Thread] DEBUG GameScene            - Added MainViewComponent
22:24:59.694 [JavaFX Application Thread] DEBUG GameScene            - Entity added to scene
22:24:59.694 [JavaFX Application Thread] DEBUG GameScene            - Added MainViewComponent
22:24:59.694 [JavaFX Application Thread] DEBUG GameScene            - Entity added to scene
22:24:59.694 [JavaFX Application Thread] DEBUG GameScene            - Added MainViewComponent
22:24:59.694 [JavaFX Application Thread] DEBUG GameScene            - Entity added to scene
22:24:59.695 [JavaFX Application Thread] DEBUG GameScene            - Added MainViewComponent
22:24:59.695 [JavaFX Application Thread] DEBUG GameScene            - Entity added to scene
22:24:59.695 [JavaFX Application Thread] DEBUG GameScene            - Added MainViewComponent
22:24:59.695 [JavaFX Application Thread] DEBUG GameScene            - Entity added to scene
22:24:59.695 [JavaFX Application Thread] DEBUG GameScene            - Added MainViewComponent
22:24:59.695 [JavaFX Application Thread] DEBUG GameScene            - Entity added to scene
22:24:59.695 [JavaFX Application Thread] DEBUG GameScene            - Added MainViewComponent
22:24:59.695 [JavaFX Application Thread] DEBUG GameScene            - Entity added to scene
22:24:59.695 [JavaFX Application Thread] DEBUG GameScene            - Added MainViewComponent
22:24:59.696 [JavaFX Application Thread] DEBUG GameScene            - Entity added to scene
22:24:59.696 [JavaFX Application Thread] DEBUG GameScene            - Added MainViewComponent
22:24:59.696 [JavaFX Application Thread] DEBUG GameScene            - Entity added to scene
22:24:59.696 [JavaFX Application Thread] DEBUG GameScene            - Added MainViewComponent
22:24:59.696 [JavaFX Application Thread] DEBUG GameScene            - Entity added to scene
22:24:59.696 [JavaFX Application Thread] DEBUG GameScene            - Added MainViewComponent
22:24:59.696 [JavaFX Application Thread] DEBUG GameScene            - Entity added to scene
22:24:59.696 [JavaFX Application Thread] DEBUG GameScene            - Added MainViewComponent
22:24:59.696 [JavaFX Application Thread] DEBUG GameScene            - Entity added to scene
22:24:59.696 [JavaFX Application Thread] DEBUG GameScene            - Added MainViewComponent
22:24:59.696 [JavaFX Application Thread] DEBUG GameScene            - Entity added to scene
22:24:59.696 [JavaFX Application Thread] DEBUG GameScene            - Added MainViewComponent
22:24:59.696 [JavaFX Application Thread] DEBUG GameScene            - Entity added to scene
22:24:59.697 [JavaFX Application Thread] DEBUG GameScene            - Added MainViewComponent
22:24:59.697 [JavaFX Application Thread] DEBUG GameScene            - Entity added to scene
22:24:59.697 [JavaFX Application Thread] DEBUG GameScene            - Added MainViewComponent
22:24:59.697 [JavaFX Application Thread] DEBUG GameScene            - Entity added to scene
22:24:59.697 [JavaFX Application Thread] DEBUG GameScene            - Added MainViewComponent
22:24:59.697 [JavaFX Application Thread] DEBUG GameScene            - Entity added to scene
22:24:59.697 [JavaFX Application Thread] DEBUG GameScene            - Added MainViewComponent
22:24:59.697 [JavaFX Application Thread] DEBUG GameScene            - Entity added to scene
22:24:59.697 [JavaFX Application Thread] DEBUG GameScene            - Added MainViewComponent
22:24:59.697 [JavaFX Application Thread] DEBUG GameScene            - Entity added to scene
22:24:59.697 [JavaFX Application Thread] DEBUG GameScene            - Added MainViewComponent
22:24:59.697 [JavaFX Application Thread] DEBUG GameScene            - Entity added to scene
22:24:59.697 [JavaFX Application Thread] DEBUG GameScene            - Added MainViewComponent
22:24:59.698 [JavaFX Application Thread] DEBUG GameScene            - Entity added to scene
22:24:59.698 [JavaFX Application Thread] DEBUG GameScene            - Added MainViewComponent
22:24:59.698 [JavaFX Application Thread] DEBUG GameScene            - Entity added to scene
22:24:59.698 [JavaFX Application Thread] DEBUG GameScene            - Added MainViewComponent
22:24:59.698 [JavaFX Application Thread] DEBUG GameScene            - Entity added to scene
22:24:59.698 [JavaFX Application Thread] DEBUG GameScene            - Added MainViewComponent
22:24:59.698 [JavaFX Application Thread] DEBUG GameScene            - Entity added to scene
22:24:59.698 [JavaFX Application Thread] DEBUG GameScene            - Added MainViewComponent
22:24:59.698 [JavaFX Application Thread] DEBUG GameScene            - Entity added to scene
22:24:59.698 [JavaFX Application Thread] DEBUG GameScene            - Added MainViewComponent
22:24:59.698 [JavaFX Application Thread] DEBUG GameScene            - Entity added to scene
22:24:59.698 [JavaFX Application Thread] DEBUG GameScene            - Added MainViewComponent
22:24:59.698 [JavaFX Application Thread] DEBUG GameScene            - Entity added to scene
22:24:59.698 [JavaFX Application Thread] DEBUG GameScene            - Added MainViewComponent
22:24:59.698 [JavaFX Application Thread] DEBUG GameScene            - Entity added to scene
22:24:59.699 [JavaFX Application Thread] DEBUG GameScene            - Added MainViewComponent
22:24:59.699 [JavaFX Application Thread] DEBUG GameScene            - Entity added to scene
22:24:59.699 [JavaFX Application Thread] DEBUG GameScene            - Added MainViewComponent
22:24:59.699 [JavaFX Application Thread] DEBUG GameScene            - Entity added to scene
22:24:59.699 [JavaFX Application Thread] DEBUG GameScene            - Added MainViewComponent
22:24:59.699 [JavaFX Application Thread] DEBUG GameScene            - Entity added to scene
22:24:59.699 [JavaFX Application Thread] DEBUG GameScene            - Added MainViewComponent
22:24:59.699 [JavaFX Application Thread] DEBUG GameScene            - Entity added to scene
22:24:59.699 [JavaFX Application Thread] DEBUG GameScene            - Added MainViewComponent
22:24:59.699 [JavaFX Application Thread] DEBUG GameScene            - Entity added to scene
22:24:59.699 [JavaFX Application Thread] DEBUG GameScene            - Added MainViewComponent
22:24:59.700 [JavaFX Application Thread] DEBUG GameScene            - Entity added to scene
22:24:59.700 [JavaFX Application Thread] DEBUG GameScene            - Added MainViewComponent
22:24:59.700 [JavaFX Application Thread] DEBUG GameScene            - Entity added to scene
22:24:59.700 [JavaFX Application Thread] DEBUG GameScene            - Added MainViewComponent
22:24:59.700 [JavaFX Application Thread] DEBUG GameScene            - Entity added to scene
22:24:59.700 [JavaFX Application Thread] DEBUG GameScene            - Added MainViewComponent
22:24:59.700 [JavaFX Application Thread] DEBUG GameScene            - Entity added to scene
22:24:59.700 [JavaFX Application Thread] DEBUG GameScene            - Added MainViewComponent
22:24:59.700 [JavaFX Application Thread] DEBUG GameScene            - Entity added to scene
22:24:59.700 [JavaFX Application Thread] DEBUG GameScene            - Added MainViewComponent
22:24:59.700 [JavaFX Application Thread] DEBUG GameScene            - Entity added to scene
22:24:59.700 [JavaFX Application Thread] DEBUG GameScene            - Added MainViewComponent
22:24:59.701 [JavaFX Application Thread] DEBUG GameScene            - Entity added to scene
22:24:59.701 [JavaFX Application Thread] DEBUG GameScene            - Added MainViewComponent
22:24:59.701 [JavaFX Application Thread] DEBUG GameScene            - Entity added to scene
22:24:59.701 [JavaFX Application Thread] DEBUG GameScene            - Added MainViewComponent
22:24:59.701 [JavaFX Application Thread] DEBUG GameScene            - Entity added to scene
22:24:59.701 [JavaFX Application Thread] DEBUG GameScene            - Added MainViewComponent
22:24:59.701 [JavaFX Application Thread] DEBUG GameScene            - Entity added to scene
22:24:59.701 [JavaFX Application Thread] DEBUG GameScene            - Added MainViewComponent
22:24:59.701 [JavaFX Application Thread] DEBUG GameScene            - Entity added to scene
22:24:59.701 [JavaFX Application Thread] DEBUG GameScene            - Added MainViewComponent
22:24:59.701 [JavaFX Application Thread] DEBUG GameScene            - Entity added to scene
22:24:59.701 [JavaFX Application Thread] DEBUG GameScene            - Added MainViewComponent
22:24:59.701 [JavaFX Application Thread] DEBUG GameScene            - Entity added to scene
22:24:59.701 [JavaFX Application Thread] DEBUG GameScene            - Added MainViewComponent
22:24:59.702 [JavaFX Application Thread] DEBUG GameScene            - Entity added to scene
22:24:59.702 [JavaFX Application Thread] DEBUG GameScene            - Added MainViewComponent
22:24:59.702 [JavaFX Application Thread] DEBUG GameScene            - Entity added to scene
22:24:59.702 [JavaFX Application Thread] DEBUG GameScene            - Added MainViewComponent
22:24:59.702 [JavaFX Application Thread] DEBUG GameScene            - Entity added to scene
22:24:59.702 [JavaFX Application Thread] DEBUG GameScene            - Added MainViewComponent
22:24:59.702 [JavaFX Application Thread] DEBUG GameScene            - Entity added to scene
22:24:59.702 [JavaFX Application Thread] DEBUG GameScene            - Added MainViewComponent
22:24:59.702 [JavaFX Application Thread] DEBUG GameScene            - Entity added to scene
22:24:59.702 [JavaFX Application Thread] DEBUG GameScene            - Added MainViewComponent
22:24:59.702 [JavaFX Application Thread] DEBUG GameScene            - Entity added to scene
22:24:59.702 [JavaFX Application Thread] DEBUG GameScene            - Added MainViewComponent
22:24:59.702 [JavaFX Application Thread] DEBUG GameScene            - Entity added to scene
22:24:59.702 [JavaFX Application Thread] DEBUG GameScene            - Added MainViewComponent
22:24:59.702 [JavaFX Application Thread] DEBUG GameScene            - Entity added to scene
22:24:59.702 [JavaFX Application Thread] DEBUG GameScene            - Added MainViewComponent
22:24:59.702 [JavaFX Application Thread] DEBUG GameScene            - Entity added to scene
22:24:59.702 [JavaFX Application Thread] DEBUG GameScene            - Added MainViewComponent
22:24:59.703 [JavaFX Application Thread] DEBUG GameScene            - Entity added to scene
22:24:59.703 [JavaFX Application Thread] DEBUG GameScene            - Added MainViewComponent
22:24:59.703 [JavaFX Application Thread] DEBUG GameScene            - Entity added to scene
22:24:59.703 [JavaFX Application Thread] DEBUG GameScene            - Added MainViewComponent
22:24:59.703 [JavaFX Application Thread] DEBUG GameScene            - Entity added to scene
22:24:59.703 [JavaFX Application Thread] DEBUG GameScene            - Added MainViewComponent
22:24:59.703 [JavaFX Application Thread] DEBUG GameScene            - Entity added to scene
22:24:59.703 [JavaFX Application Thread] DEBUG GameScene            - Added MainViewComponent
22:24:59.703 [JavaFX Application Thread] DEBUG GameScene            - Entity added to scene
22:24:59.703 [JavaFX Application Thread] DEBUG GameScene            - Added MainViewComponent
22:24:59.704 [JavaFX Application Thread] DEBUG GameScene            - Entity added to scene
22:24:59.704 [JavaFX Application Thread] DEBUG GameScene            - Added MainViewComponent
22:24:59.704 [JavaFX Application Thread] DEBUG GameScene            - Entity added to scene
22:24:59.704 [JavaFX Application Thread] DEBUG GameScene            - Added MainViewComponent
22:24:59.704 [JavaFX Application Thread] DEBUG GameScene            - Entity added to scene
22:24:59.704 [JavaFX Application Thread] DEBUG GameScene            - Added MainViewComponent
22:24:59.704 [JavaFX Application Thread] DEBUG GameScene            - Entity added to scene
22:24:59.704 [JavaFX Application Thread] DEBUG GameScene            - Added MainViewComponent
22:24:59.704 [JavaFX Application Thread] DEBUG GameScene            - Entity added to scene
22:24:59.704 [JavaFX Application Thread] DEBUG GameScene            - Added MainViewComponent
22:24:59.704 [JavaFX Application Thread] DEBUG GameScene            - Entity added to scene
22:24:59.704 [JavaFX Application Thread] DEBUG GameScene            - Added MainViewComponent
22:24:59.704 [JavaFX Application Thread] DEBUG GameScene            - Entity added to scene
22:24:59.704 [JavaFX Application Thread] DEBUG GameScene            - Added MainViewComponent
22:24:59.705 [JavaFX Application Thread] DEBUG GameScene            - Entity added to scene
22:24:59.705 [JavaFX Application Thread] DEBUG GameScene            - Added MainViewComponent
22:24:59.705 [JavaFX Application Thread] DEBUG GameScene            - Entity added to scene
22:24:59.705 [JavaFX Application Thread] DEBUG GameScene            - Added MainViewComponent
22:24:59.705 [JavaFX Application Thread] DEBUG GameScene            - Entity added to scene
22:24:59.705 [JavaFX Application Thread] DEBUG GameScene            - Added MainViewComponent
22:24:59.705 [JavaFX Application Thread] DEBUG GameScene            - Entity added to scene
22:24:59.705 [JavaFX Application Thread] DEBUG GameScene            - Added MainViewComponent
22:24:59.706 [JavaFX Application Thread] DEBUG GameScene            - Entity added to scene
22:24:59.706 [JavaFX Application Thread] DEBUG GameScene            - Added MainViewComponent
22:24:59.706 [JavaFX Application Thread] DEBUG GameScene            - Entity added to scene
22:24:59.706 [JavaFX Application Thread] DEBUG GameScene            - Added MainViewComponent
22:24:59.706 [JavaFX Application Thread] DEBUG GameScene            - Entity added to scene
22:24:59.706 [JavaFX Application Thread] DEBUG GameScene            - Added MainViewComponent
22:24:59.706 [JavaFX Application Thread] DEBUG GameScene            - Entity added to scene
22:24:59.706 [JavaFX Application Thread] DEBUG GameScene            - Added MainViewComponent
22:24:59.706 [JavaFX Application Thread] DEBUG GameScene            - Entity added to scene
22:24:59.706 [JavaFX Application Thread] DEBUG GameScene            - Added MainViewComponent
22:24:59.706 [JavaFX Application Thread] DEBUG GameScene            - Entity added to scene
22:24:59.706 [JavaFX Application Thread] DEBUG GameScene            - Added MainViewComponent
22:24:59.706 [JavaFX Application Thread] DEBUG GameScene            - Entity added to scene
22:24:59.706 [JavaFX Application Thread] DEBUG GameScene            - Added MainViewComponent
22:24:59.707 [JavaFX Application Thread] DEBUG GameScene            - Entity added to scene
22:24:59.707 [JavaFX Application Thread] DEBUG GameScene            - Added MainViewComponent
22:24:59.707 [JavaFX Application Thread] DEBUG GameScene            - Entity added to scene
22:24:59.707 [JavaFX Application Thread] DEBUG GameScene            - Added MainViewComponent
22:24:59.707 [JavaFX Application Thread] DEBUG GameScene            - Entity added to scene
22:24:59.707 [JavaFX Application Thread] DEBUG GameScene            - Added MainViewComponent
22:24:59.707 [JavaFX Application Thread] DEBUG GameScene            - Entity added to scene
22:24:59.707 [JavaFX Application Thread] DEBUG GameScene            - Added MainViewComponent
22:24:59.707 [JavaFX Application Thread] DEBUG GameScene            - Entity added to scene
22:24:59.707 [JavaFX Application Thread] DEBUG GameScene            - Added MainViewComponent
22:24:59.707 [JavaFX Application Thread] DEBUG GameScene            - Entity added to scene
22:24:59.707 [JavaFX Application Thread] DEBUG GameScene            - Added MainViewComponent
22:24:59.707 [JavaFX Application Thread] DEBUG GameScene            - Entity added to scene
22:24:59.707 [JavaFX Application Thread] DEBUG GameScene            - Added MainViewComponent
22:24:59.707 [JavaFX Application Thread] DEBUG GameScene            - Entity added to scene
22:24:59.707 [JavaFX Application Thread] DEBUG GameScene            - Added MainViewComponent
22:24:59.707 [JavaFX Application Thread] DEBUG GameScene            - Entity added to scene
22:24:59.707 [JavaFX Application Thread] DEBUG GameScene            - Added MainViewComponent
22:24:59.707 [JavaFX Application Thread] DEBUG GameScene            - Entity added to scene
22:24:59.707 [JavaFX Application Thread] DEBUG GameScene            - Added MainViewComponent
22:24:59.707 [JavaFX Application Thread] DEBUG GameScene            - Entity added to scene
22:24:59.707 [JavaFX Application Thread] DEBUG GameScene            - Added MainViewComponent
22:24:59.708 [JavaFX Application Thread] DEBUG GameScene            - Entity added to scene
22:24:59.708 [JavaFX Application Thread] DEBUG GameScene            - Added MainViewComponent
22:24:59.708 [JavaFX Application Thread] DEBUG GameScene            - Entity added to scene
22:24:59.708 [JavaFX Application Thread] DEBUG GameScene            - Added MainViewComponent
22:24:59.708 [JavaFX Application Thread] DEBUG GameScene            - Entity added to scene
22:24:59.708 [JavaFX Application Thread] DEBUG GameScene            - Added MainViewComponent
22:24:59.708 [JavaFX Application Thread] DEBUG GameScene            - Entity added to scene
22:24:59.708 [JavaFX Application Thread] DEBUG GameScene            - Added MainViewComponent
22:24:59.708 [JavaFX Application Thread] DEBUG GameScene            - Entity added to scene
22:24:59.708 [JavaFX Application Thread] DEBUG GameScene            - Added MainViewComponent
22:24:59.708 [JavaFX Application Thread] DEBUG GameScene            - Entity added to scene
22:24:59.708 [JavaFX Application Thread] DEBUG GameScene            - Added MainViewComponent
22:24:59.708 [JavaFX Application Thread] DEBUG GameScene            - Entity added to scene
22:24:59.708 [JavaFX Application Thread] DEBUG GameScene            - Added MainViewComponent
22:24:59.708 [JavaFX Application Thread] DEBUG GameScene            - Entity added to scene
22:24:59.708 [JavaFX Application Thread] DEBUG GameScene            - Added MainViewComponent
22:24:59.708 [JavaFX Application Thread] DEBUG GameScene            - Entity added to scene
22:24:59.708 [JavaFX Application Thread] DEBUG GameScene            - Added MainViewComponent
22:24:59.708 [JavaFX Application Thread] DEBUG GameScene            - Entity added to scene
22:24:59.708 [JavaFX Application Thread] DEBUG GameScene            - Added MainViewComponent
22:24:59.708 [JavaFX Application Thread] DEBUG GameScene            - Entity added to scene
22:24:59.708 [JavaFX Application Thread] DEBUG GameScene            - Added MainViewComponent
22:24:59.709 [JavaFX Application Thread] DEBUG GameScene            - Entity added to scene
22:24:59.709 [JavaFX Application Thread] DEBUG GameScene            - Added MainViewComponent
22:24:59.709 [JavaFX Application Thread] DEBUG GameScene            - Entity added to scene
22:24:59.709 [JavaFX Application Thread] DEBUG GameScene            - Added MainViewComponent
22:24:59.709 [JavaFX Application Thread] DEBUG GameScene            - Entity added to scene
22:24:59.709 [JavaFX Application Thread] DEBUG GameScene            - Added MainViewComponent
22:24:59.709 [JavaFX Application Thread] DEBUG GameScene            - Entity added to scene
22:24:59.709 [JavaFX Application Thread] DEBUG GameScene            - Added MainViewComponent
22:24:59.709 [JavaFX Application Thread] DEBUG GameScene            - Entity added to scene
22:24:59.709 [JavaFX Application Thread] DEBUG GameScene            - Added MainViewComponent
22:24:59.709 [JavaFX Application Thread] DEBUG GameScene            - Entity added to scene
22:24:59.709 [JavaFX Application Thread] DEBUG GameScene            - Added MainViewComponent
22:24:59.709 [JavaFX Application Thread] DEBUG GameScene            - Entity added to scene
22:24:59.709 [JavaFX Application Thread] DEBUG GameScene            - Added MainViewComponent
22:24:59.709 [JavaFX Application Thread] DEBUG GameScene            - Entity added to scene
22:24:59.709 [JavaFX Application Thread] DEBUG GameScene            - Added MainViewComponent
22:24:59.709 [JavaFX Application Thread] DEBUG GameScene            - Entity added to scene
22:24:59.709 [JavaFX Application Thread] DEBUG GameScene            - Added MainViewComponent
22:24:59.710 [JavaFX Application Thread] DEBUG GameScene            - Entity added to scene
22:24:59.710 [JavaFX Application Thread] DEBUG GameScene            - Added MainViewComponent
22:24:59.710 [JavaFX Application Thread] DEBUG GameScene            - Entity added to scene
22:24:59.710 [JavaFX Application Thread] DEBUG GameScene            - Added MainViewComponent
22:24:59.710 [JavaFX Application Thread] DEBUG GameScene            - Entity added to scene
22:24:59.710 [JavaFX Application Thread] DEBUG GameScene            - Added MainViewComponent
22:24:59.710 [JavaFX Application Thread] DEBUG GameScene            - Entity added to scene
22:24:59.710 [JavaFX Application Thread] DEBUG GameScene            - Added MainViewComponent
22:24:59.710 [JavaFX Application Thread] DEBUG GameScene            - Entity added to scene
22:24:59.710 [JavaFX Application Thread] DEBUG GameScene            - Added MainViewComponent
22:24:59.710 [JavaFX Application Thread] DEBUG GameScene            - Entity added to scene
22:24:59.710 [JavaFX Application Thread] DEBUG GameScene            - Added MainViewComponent
22:24:59.710 [JavaFX Application Thread] DEBUG GameScene            - Entity added to scene
22:24:59.710 [JavaFX Application Thread] DEBUG GameScene            - Added MainViewComponent
22:24:59.710 [JavaFX Application Thread] DEBUG GameScene            - Entity added to scene
22:24:59.710 [JavaFX Application Thread] DEBUG GameScene            - Added MainViewComponent
22:24:59.710 [JavaFX Application Thread] DEBUG GameScene            - Entity added to scene
22:24:59.710 [JavaFX Application Thread] DEBUG GameScene            - Added MainViewComponent
22:24:59.710 [JavaFX Application Thread] DEBUG GameScene            - Entity added to scene
22:24:59.710 [JavaFX Application Thread] DEBUG GameScene            - Added MainViewComponent
22:24:59.710 [JavaFX Application Thread] DEBUG GameScene            - Entity added to scene
22:24:59.710 [JavaFX Application Thread] DEBUG GameScene            - Added MainViewComponent
22:24:59.711 [JavaFX Application Thread] DEBUG GameScene            - Entity added to scene
22:24:59.711 [JavaFX Application Thread] DEBUG GameScene            - Added MainViewComponent
22:24:59.711 [JavaFX Application Thread] DEBUG GameScene            - Entity added to scene
22:24:59.711 [JavaFX Application Thread] DEBUG GameScene            - Added MainViewComponent
22:24:59.711 [JavaFX Application Thread] DEBUG GameScene            - Entity added to scene
22:24:59.711 [JavaFX Application Thread] DEBUG GameScene            - Added MainViewComponent
22:24:59.711 [JavaFX Application Thread] DEBUG GameScene            - Entity added to scene
22:24:59.711 [JavaFX Application Thread] DEBUG GameScene            - Added MainViewComponent
22:24:59.711 [JavaFX Application Thread] DEBUG GameScene            - Entity added to scene
22:24:59.711 [JavaFX Application Thread] DEBUG GameScene            - Added MainViewComponent
22:24:59.711 [JavaFX Application Thread] DEBUG GameScene            - Entity added to scene
22:24:59.711 [JavaFX Application Thread] DEBUG GameScene            - Added MainViewComponent
22:24:59.711 [JavaFX Application Thread] DEBUG GameScene            - Entity added to scene
22:24:59.711 [JavaFX Application Thread] DEBUG GameScene            - Added MainViewComponent
22:24:59.711 [JavaFX Application Thread] DEBUG GameScene            - Entity added to scene
22:24:59.711 [JavaFX Application Thread] DEBUG GameScene            - Added MainViewComponent
22:24:59.711 [JavaFX Application Thread] DEBUG GameScene            - Entity added to scene
22:24:59.711 [JavaFX Application Thread] DEBUG GameScene            - Added MainViewComponent
22:24:59.711 [JavaFX Application Thread] DEBUG GameScene            - Entity added to scene
22:24:59.711 [JavaFX Application Thread] DEBUG GameScene            - Added MainViewComponent
22:24:59.711 [JavaFX Application Thread] DEBUG GameScene            - Entity added to scene
22:24:59.711 [JavaFX Application Thread] DEBUG GameScene            - Added MainViewComponent
22:24:59.712 [JavaFX Application Thread] DEBUG GameScene            - Entity added to scene
22:24:59.712 [JavaFX Application Thread] DEBUG GameScene            - Added MainViewComponent
22:24:59.712 [JavaFX Application Thread] DEBUG GameScene            - Entity added to scene
22:24:59.712 [JavaFX Application Thread] DEBUG GameScene            - Added MainViewComponent
22:24:59.712 [JavaFX Application Thread] DEBUG GameScene            - Entity added to scene
22:24:59.712 [JavaFX Application Thread] DEBUG GameScene            - Added MainViewComponent
22:24:59.712 [JavaFX Application Thread] DEBUG GameScene            - Entity added to scene
22:24:59.712 [JavaFX Application Thread] DEBUG GameScene            - Added MainViewComponent
22:24:59.712 [JavaFX Application Thread] DEBUG GameScene            - Entity added to scene
22:24:59.712 [JavaFX Application Thread] DEBUG GameScene            - Added MainViewComponent
22:24:59.712 [JavaFX Application Thread] DEBUG GameScene            - Entity added to scene
22:24:59.712 [JavaFX Application Thread] DEBUG GameScene            - Added MainViewComponent
22:24:59.712 [JavaFX Application Thread] DEBUG GameScene            - Entity added to scene
22:24:59.712 [JavaFX Application Thread] DEBUG GameScene            - Added MainViewComponent
22:24:59.712 [JavaFX Application Thread] DEBUG GameScene            - Entity added to scene
22:24:59.712 [JavaFX Application Thread] DEBUG GameScene            - Added MainViewComponent
22:24:59.712 [JavaFX Application Thread] DEBUG GameScene            - Entity added to scene
22:24:59.712 [JavaFX Application Thread] DEBUG GameScene            - Added MainViewComponent
22:24:59.713 [JavaFX Application Thread] DEBUG GameScene            - Entity added to scene
22:24:59.713 [JavaFX Application Thread] DEBUG GameScene            - Added MainViewComponent
22:24:59.713 [JavaFX Application Thread] DEBUG GameScene            - Entity added to scene
22:24:59.713 [JavaFX Application Thread] DEBUG GameScene            - Added MainViewComponent
22:24:59.713 [JavaFX Application Thread] DEBUG GameScene            - Entity added to scene
22:24:59.713 [JavaFX Application Thread] DEBUG GameScene            - Added MainViewComponent
22:24:59.713 [JavaFX Application Thread] DEBUG GameScene            - Entity added to scene
22:24:59.713 [JavaFX Application Thread] DEBUG GameScene            - Added MainViewComponent
22:24:59.713 [JavaFX Application Thread] DEBUG GameScene            - Entity added to scene
22:24:59.713 [JavaFX Application Thread] DEBUG GameScene            - Added MainViewComponent
22:24:59.713 [JavaFX Application Thread] DEBUG GameScene            - Entity added to scene
22:24:59.713 [JavaFX Application Thread] DEBUG GameScene            - Added MainViewComponent
22:24:59.713 [JavaFX Application Thread] DEBUG GameScene            - Entity added to scene
22:24:59.713 [JavaFX Application Thread] DEBUG GameScene            - Added MainViewComponent
22:24:59.714 [JavaFX Application Thread] DEBUG GameScene            - Entity added to scene
22:24:59.714 [JavaFX Application Thread] DEBUG GameScene            - Added MainViewComponent
22:24:59.714 [JavaFX Application Thread] DEBUG GameScene            - Entity added to scene
22:24:59.714 [JavaFX Application Thread] DEBUG GameScene            - Added MainViewComponent
22:24:59.714 [JavaFX Application Thread] DEBUG GameScene            - Entity added to scene
22:24:59.714 [JavaFX Application Thread] DEBUG GameScene            - Added MainViewComponent
22:24:59.714 [JavaFX Application Thread] DEBUG GameScene            - Entity added to scene
22:24:59.714 [JavaFX Application Thread] DEBUG GameScene            - Added MainViewComponent
22:24:59.714 [JavaFX Application Thread] DEBUG GameScene            - Entity added to scene
22:24:59.714 [JavaFX Application Thread] DEBUG GameScene            - Added MainViewComponent
22:24:59.714 [JavaFX Application Thread] DEBUG GameScene            - Entity added to scene
22:24:59.714 [JavaFX Application Thread] DEBUG GameScene            - Added MainViewComponent
22:24:59.714 [JavaFX Application Thread] DEBUG GameScene            - Creating render group for layer: BACKGROUND(1000)
22:25:00.109 [JavaFX Application Thread] DEBUG GameScene            - Entity removed from scene
22:25:00.110 [JavaFX Application Thread] DEBUG GameScene            - Removed MainViewComponent
22:25:00.441 [JavaFX Application Thread] DEBUG GameScene            - Entity removed from scene
22:25:00.441 [JavaFX Application Thread] DEBUG GameScene            - Removed MainViewComponent
22:25:00.777 [JavaFX Application Thread] DEBUG GameScene            - Entity removed from scene
22:25:00.777 [JavaFX Application Thread] DEBUG GameScene            - Removed MainViewComponent
22:25:01.337 [JavaFX Application Thread] DEBUG GameScene            - Entity removed from scene
22:25:01.337 [JavaFX Application Thread] DEBUG GameScene            - Removed MainViewComponent
22:25:01.657 [JavaFX Application Thread] DEBUG GameScene            - Entity removed from scene
22:25:01.657 [JavaFX Application Thread] DEBUG GameScene            - Removed MainViewComponent
22:25:04.857 [JavaFX Application Thread] DEBUG GameScene            - Entity removed from scene
22:25:04.857 [JavaFX Application Thread] DEBUG GameScene            - Removed MainViewComponent
22:25:05.193 [JavaFX Application Thread] DEBUG GameScene            - Entity removed from scene
22:25:05.193 [JavaFX Application Thread] DEBUG GameScene            - Removed MainViewComponent
22:25:05.529 [JavaFX Application Thread] DEBUG GameScene            - Entity removed from scene
22:25:05.529 [JavaFX Application Thread] DEBUG GameScene            - Removed MainViewComponent
22:25:05.865 [JavaFX Application Thread] DEBUG GameScene            - Entity removed from scene
22:25:05.865 [JavaFX Application Thread] DEBUG GameScene            - Removed MainViewComponent
22:25:06.201 [JavaFX Application Thread] DEBUG GameScene            - Entity removed from scene
22:25:06.201 [JavaFX Application Thread] DEBUG GameScene            - Removed MainViewComponent
22:25:06.537 [JavaFX Application Thread] DEBUG GameScene            - Entity removed from scene
22:25:06.537 [JavaFX Application Thread] DEBUG GameScene            - Removed MainViewComponent
22:25:06.857 [JavaFX Application Thread] DEBUG GameScene            - Entity removed from scene
22:25:06.857 [JavaFX Application Thread] DEBUG GameScene            - Removed MainViewComponent
22:25:07.193 [JavaFX Application Thread] DEBUG GameScene            - Entity removed from scene
22:25:07.193 [JavaFX Application Thread] DEBUG GameScene            - Removed MainViewComponent
22:25:07.529 [JavaFX Application Thread] DEBUG GameScene            - Entity removed from scene
22:25:07.529 [JavaFX Application Thread] DEBUG GameScene            - Removed MainViewComponent
22:25:07.865 [JavaFX Application Thread] DEBUG GameScene            - Entity removed from scene
22:25:07.865 [JavaFX Application Thread] DEBUG GameScene            - Removed MainViewComponent
22:25:08.201 [JavaFX Application Thread] DEBUG GameScene            - Entity removed from scene
22:25:08.201 [JavaFX Application Thread] DEBUG GameScene            - Removed MainViewComponent
22:25:08.537 [JavaFX Application Thread] DEBUG GameScene            - Entity removed from scene
22:25:08.537 [JavaFX Application Thread] DEBUG GameScene            - Removed MainViewComponent
22:25:08.857 [JavaFX Application Thread] DEBUG GameScene            - Entity removed from scene
22:25:08.857 [JavaFX Application Thread] DEBUG GameScene            - Removed MainViewComponent
22:25:09.193 [JavaFX Application Thread] DEBUG GameScene            - Entity removed from scene
22:25:09.193 [JavaFX Application Thread] DEBUG GameScene            - Removed MainViewComponent
22:25:09.529 [JavaFX Application Thread] DEBUG GameScene            - Entity removed from scene
22:25:09.529 [JavaFX Application Thread] DEBUG GameScene            - Removed MainViewComponent
22:25:09.865 [JavaFX Application Thread] DEBUG GameScene            - Entity removed from scene
22:25:09.865 [JavaFX Application Thread] DEBUG GameScene            - Removed MainViewComponent
22:25:11.529 [JavaFX Application Thread] DEBUG GameScene            - Entity removed from scene
22:25:11.529 [JavaFX Application Thread] DEBUG GameScene            - Removed MainViewComponent
22:25:11.865 [JavaFX Application Thread] DEBUG GameScene            - Entity removed from scene
22:25:11.865 [JavaFX Application Thread] DEBUG GameScene            - Removed MainViewComponent
22:25:12.201 [JavaFX Application Thread] DEBUG GameScene            - Entity removed from scene
22:25:12.201 [JavaFX Application Thread] DEBUG GameScene            - Removed MainViewComponent
22:25:18.201 [JavaFX Application Thread] DEBUG GameScene            - Entity removed from scene
22:25:18.201 [JavaFX Application Thread] DEBUG GameScene            - Removed MainViewComponent
22:25:18.537 [JavaFX Application Thread] DEBUG GameScene            - Entity removed from scene
22:25:18.537 [JavaFX Application Thread] DEBUG GameScene            - Removed MainViewComponent
22:25:18.857 [JavaFX Application Thread] DEBUG GameScene            - Entity removed from scene
22:25:18.857 [JavaFX Application Thread] DEBUG GameScene            - Removed MainViewComponent
22:25:19.192 [JavaFX Application Thread] DEBUG GameScene            - Entity removed from scene
22:25:19.192 [JavaFX Application Thread] DEBUG GameScene            - Removed MainViewComponent
22:25:19.529 [JavaFX Application Thread] DEBUG GameScene            - Entity removed from scene
22:25:19.529 [JavaFX Application Thread] DEBUG GameScene            - Removed MainViewComponent
22:25:19.865 [JavaFX Application Thread] DEBUG GameScene            - Entity removed from scene
22:25:19.865 [JavaFX Application Thread] DEBUG GameScene            - Removed MainViewComponent
22:25:20.201 [JavaFX Application Thread] DEBUG GameScene            - Entity removed from scene
22:25:20.201 [JavaFX Application Thread] DEBUG GameScene            - Removed MainViewComponent
22:25:20.537 [JavaFX Application Thread] DEBUG GameScene            - Entity removed from scene
22:25:20.537 [JavaFX Application Thread] DEBUG GameScene            - Removed MainViewComponent
22:25:20.857 [JavaFX Application Thread] DEBUG GameScene            - Entity removed from scene
22:25:20.857 [JavaFX Application Thread] DEBUG GameScene            - Removed MainViewComponent
22:25:21.193 [JavaFX Application Thread] DEBUG GameScene            - Entity removed from scene
22:25:21.193 [JavaFX Application Thread] DEBUG GameScene            - Removed MainViewComponent
22:25:21.529 [JavaFX Application Thread] DEBUG GameScene            - Entity removed from scene
22:25:21.529 [JavaFX Application Thread] DEBUG GameScene            - Removed MainViewComponent
22:25:21.865 [JavaFX Application Thread] DEBUG GameScene            - Entity removed from scene
22:25:21.865 [JavaFX Application Thread] DEBUG GameScene            - Removed MainViewComponent
22:25:22.200 [JavaFX Application Thread] DEBUG GameScene            - Entity removed from scene
22:25:22.200 [JavaFX Application Thread] DEBUG GameScene            - Removed MainViewComponent
22:25:22.537 [JavaFX Application Thread] DEBUG GameScene            - Entity removed from scene
22:25:22.537 [JavaFX Application Thread] DEBUG GameScene            - Removed MainViewComponent
22:25:22.856 [JavaFX Application Thread] DEBUG GameScene            - Entity removed from scene
22:25:22.856 [JavaFX Application Thread] DEBUG GameScene            - Removed MainViewComponent
22:25:23.193 [JavaFX Application Thread] DEBUG GameScene            - Entity removed from scene
22:25:23.193 [JavaFX Application Thread] DEBUG GameScene            - Removed MainViewComponent
22:25:23.529 [JavaFX Application Thread] DEBUG GameScene            - Entity removed from scene
22:25:23.529 [JavaFX Application Thread] DEBUG GameScene            - Removed MainViewComponent
22:25:23.865 [JavaFX Application Thread] DEBUG GameScene            - Entity removed from scene
22:25:23.865 [JavaFX Application Thread] DEBUG GameScene            - Removed MainViewComponent
22:25:24.201 [JavaFX Application Thread] DEBUG GameScene            - Entity removed from scene
22:25:24.201 [JavaFX Application Thread] DEBUG GameScene            - Removed MainViewComponent
22:25:24.536 [JavaFX Application Thread] DEBUG GameScene            - Entity removed from scene
22:25:24.536 [JavaFX Application Thread] DEBUG GameScene            - Removed MainViewComponent
22:25:24.857 [JavaFX Application Thread] DEBUG GameScene            - Entity removed from scene
22:25:24.857 [JavaFX Application Thread] DEBUG GameScene            - Removed MainViewComponent
22:25:25.193 [JavaFX Application Thread] DEBUG GameScene            - Entity removed from scene
22:25:25.193 [JavaFX Application Thread] DEBUG GameScene            - Removed MainViewComponent
22:25:25.529 [JavaFX Application Thread] DEBUG GameScene            - Entity removed from scene
22:25:25.529 [JavaFX Application Thread] DEBUG GameScene            - Removed MainViewComponent
22:25:25.865 [JavaFX Application Thread] DEBUG GameScene            - Entity removed from scene
22:25:25.865 [JavaFX Application Thread] DEBUG GameScene            - Removed MainViewComponent
22:25:26.201 [JavaFX Application Thread] DEBUG GameScene            - Entity removed from scene
22:25:26.201 [JavaFX Application Thread] DEBUG GameScene            - Removed MainViewComponent
22:25:26.537 [JavaFX Application Thread] DEBUG GameScene            - Entity removed from scene
22:25:26.537 [JavaFX Application Thread] DEBUG GameScene            - Removed MainViewComponent
22:25:26.857 [JavaFX Application Thread] DEBUG GameScene            - Entity removed from scene
22:25:26.857 [JavaFX Application Thread] DEBUG GameScene            - Removed MainViewComponent
22:25:27.193 [JavaFX Application Thread] DEBUG GameScene            - Entity removed from scene
22:25:27.193 [JavaFX Application Thread] DEBUG GameScene            - Removed MainViewComponent
22:25:27.529 [JavaFX Application Thread] DEBUG GameScene            - Entity removed from scene
22:25:27.529 [JavaFX Application Thread] DEBUG GameScene            - Removed MainViewComponent
22:25:27.865 [JavaFX Application Thread] DEBUG GameScene            - Entity removed from scene
22:25:27.865 [JavaFX Application Thread] DEBUG GameScene            - Removed MainViewComponent
22:25:27.901 [JavaFX Application Thread] DEBUG GameScene            - Removing UI node: Circle[centerX=0.0, centerY=0.0, radius=15.0, fill=0xffff00ff, stroke=0x000000ff, strokeWidth=1.0]
22:25:27.902 [JavaFX Application Thread] DEBUG FXGLAssetLoader      - Loading from cache: /assets/textures/pacman0.png
22:25:27.902 [JavaFX Application Thread] DEBUG FXGLAssetLoader      - Loading from cache: /assets/textures/clydeBottom00.png
22:25:27.903 [JavaFX Application Thread] DEBUG FXGLAssetLoader      - Loading from cache: /assets/textures/inkyBottom00.png
22:25:27.903 [JavaFX Application Thread] DEBUG FXGLAssetLoader      - Loading from cache: /assets/textures/pinkyBottom00.png
22:25:27.903 [JavaFX Application Thread] DEBUG FXGLAssetLoader      - Loading from cache: /assets/textures/blinkyBottom00.png
22:25:27.913 [JavaFX Application Thread] DEBUG GameScene            - Entity added to scene
22:25:27.913 [JavaFX Application Thread] DEBUG GameScene            - Added MainViewComponent
22:25:27.913 [JavaFX Application Thread] DEBUG GameScene            - Entity added to scene
22:25:27.913 [JavaFX Application Thread] DEBUG GameScene            - Added MainViewComponent
22:25:27.913 [JavaFX Application Thread] DEBUG GameScene            - Entity added to scene
22:25:27.913 [JavaFX Application Thread] DEBUG GameScene            - Added MainViewComponent
22:25:27.913 [JavaFX Application Thread] DEBUG GameScene            - Entity added to scene
22:25:27.913 [JavaFX Application Thread] DEBUG GameScene            - Added MainViewComponent
22:25:27.913 [JavaFX Application Thread] DEBUG GameScene            - Entity added to scene
22:25:27.913 [JavaFX Application Thread] DEBUG GameScene            - Added MainViewComponent
22:25:27.913 [JavaFX Application Thread] DEBUG GameScene            - Entity removed from scene
22:25:27.913 [JavaFX Application Thread] DEBUG GameScene            - Removed MainViewComponent
22:25:27.913 [JavaFX Application Thread] DEBUG GameScene            - Entity removed from scene
22:25:27.913 [JavaFX Application Thread] DEBUG GameScene            - Removed MainViewComponent
22:25:27.913 [JavaFX Application Thread] DEBUG GameScene            - Entity removed from scene
22:25:27.913 [JavaFX Application Thread] DEBUG GameScene            - Removed MainViewComponent
22:25:27.913 [JavaFX Application Thread] DEBUG GameScene            - Entity removed from scene
22:25:27.913 [JavaFX Application Thread] DEBUG GameScene            - Removed MainViewComponent
22:25:27.913 [JavaFX Application Thread] DEBUG GameScene            - Entity removed from scene
22:25:27.913 [JavaFX Application Thread] DEBUG GameScene            - Removed MainViewComponent
22:25:30.729 [JavaFX Application Thread] DEBUG GameScene            - Entity removed from scene
22:25:30.729 [JavaFX Application Thread] DEBUG GameScene            - Removed MainViewComponent
22:25:31.065 [JavaFX Application Thread] DEBUG GameScene            - Entity removed from scene
22:25:31.065 [JavaFX Application Thread] DEBUG GameScene            - Removed MainViewComponent
22:25:31.401 [JavaFX Application Thread] DEBUG GameScene            - Entity removed from scene
22:25:31.401 [JavaFX Application Thread] DEBUG GameScene            - Removed MainViewComponent
22:25:31.737 [JavaFX Application Thread] DEBUG GameScene            - Entity removed from scene
22:25:31.737 [JavaFX Application Thread] DEBUG GameScene            - Removed MainViewComponent
22:25:32.057 [JavaFX Application Thread] DEBUG GameScene            - Entity removed from scene
22:25:32.057 [JavaFX Application Thread] DEBUG GameScene            - Removed MainViewComponent
22:25:32.393 [JavaFX Application Thread] DEBUG GameScene            - Entity removed from scene
22:25:32.393 [JavaFX Application Thread] DEBUG GameScene            - Removed MainViewComponent
22:25:32.728 [JavaFX Application Thread] DEBUG GameScene            - Entity removed from scene
22:25:32.728 [JavaFX Application Thread] DEBUG GameScene            - Removed MainViewComponent
22:25:33.065 [JavaFX Application Thread] DEBUG GameScene            - Entity removed from scene
22:25:33.065 [JavaFX Application Thread] DEBUG GameScene            - Removed MainViewComponent
22:25:33.401 [JavaFX Application Thread] DEBUG GameScene            - Entity removed from scene
22:25:33.401 [JavaFX Application Thread] DEBUG GameScene            - Removed MainViewComponent
22:25:33.737 [JavaFX Application Thread] DEBUG GameScene            - Entity removed from scene
22:25:33.737 [JavaFX Application Thread] DEBUG GameScene            - Removed MainViewComponent
22:25:34.057 [JavaFX Application Thread] DEBUG GameScene            - Entity removed from scene
22:25:34.057 [JavaFX Application Thread] DEBUG GameScene            - Removed MainViewComponent
22:25:34.393 [JavaFX Application Thread] DEBUG GameScene            - Entity removed from scene
22:25:34.393 [JavaFX Application Thread] DEBUG GameScene            - Removed MainViewComponent
22:25:34.729 [JavaFX Application Thread] DEBUG GameScene            - Entity removed from scene
22:25:34.729 [JavaFX Application Thread] DEBUG GameScene            - Removed MainViewComponent
22:25:35.065 [JavaFX Application Thread] DEBUG GameScene            - Entity removed from scene
22:25:35.065 [JavaFX Application Thread] DEBUG GameScene            - Removed MainViewComponent
22:25:35.401 [JavaFX Application Thread] DEBUG GameScene            - Entity removed from scene
22:25:35.401 [JavaFX Application Thread] DEBUG GameScene            - Removed MainViewComponent
22:25:35.737 [JavaFX Application Thread] DEBUG GameScene            - Entity removed from scene
22:25:35.737 [JavaFX Application Thread] DEBUG GameScene            - Removed MainViewComponent
22:25:36.057 [JavaFX Application Thread] DEBUG GameScene            - Entity removed from scene
22:25:36.057 [JavaFX Application Thread] DEBUG GameScene            - Removed MainViewComponent
22:25:37.065 [JavaFX Application Thread] DEBUG GameScene            - Entity removed from scene
22:25:37.065 [JavaFX Application Thread] DEBUG GameScene            - Removed MainViewComponent
22:25:37.401 [JavaFX Application Thread] DEBUG GameScene            - Entity removed from scene
22:25:37.401 [JavaFX Application Thread] DEBUG GameScene            - Removed MainViewComponent
22:25:37.737 [JavaFX Application Thread] DEBUG GameScene            - Entity removed from scene
22:25:37.737 [JavaFX Application Thread] DEBUG GameScene            - Removed MainViewComponent
22:25:38.073 [JavaFX Application Thread] DEBUG GameScene            - Entity removed from scene
22:25:38.073 [JavaFX Application Thread] DEBUG GameScene            - Removed MainViewComponent
22:25:39.626 [JavaFX Application Thread] DEBUG GameScene            - Removing UI node: Circle[centerX=0.0, centerY=0.0, radius=15.0, fill=0xffff00ff, stroke=0x000000ff, strokeWidth=1.0]
22:25:39.626 [JavaFX Application Thread] DEBUG FXGLAssetLoader      - Loading from cache: /assets/textures/pacman0.png
22:25:39.626 [JavaFX Application Thread] DEBUG FXGLAssetLoader      - Loading from cache: /assets/textures/blinkyBottom00.png
22:25:39.626 [JavaFX Application Thread] DEBUG FXGLAssetLoader      - Loading from cache: /assets/textures/pinkyBottom00.png
22:25:39.627 [JavaFX Application Thread] DEBUG FXGLAssetLoader      - Loading from cache: /assets/textures/inkyBottom00.png
22:25:39.627 [JavaFX Application Thread] DEBUG FXGLAssetLoader      - Loading from cache: /assets/textures/clydeBottom00.png
22:25:39.641 [JavaFX Application Thread] DEBUG GameScene            - Entity added to scene
22:25:39.641 [JavaFX Application Thread] DEBUG GameScene            - Added MainViewComponent
22:25:39.641 [JavaFX Application Thread] DEBUG GameScene            - Entity added to scene
22:25:39.641 [JavaFX Application Thread] DEBUG GameScene            - Added MainViewComponent
22:25:39.641 [JavaFX Application Thread] DEBUG GameScene            - Entity added to scene
22:25:39.641 [JavaFX Application Thread] DEBUG GameScene            - Added MainViewComponent
22:25:39.641 [JavaFX Application Thread] DEBUG GameScene            - Entity added to scene
22:25:39.641 [JavaFX Application Thread] DEBUG GameScene            - Added MainViewComponent
22:25:39.641 [JavaFX Application Thread] DEBUG GameScene            - Entity added to scene
22:25:39.641 [JavaFX Application Thread] DEBUG GameScene            - Added MainViewComponent
22:25:39.641 [JavaFX Application Thread] DEBUG GameScene            - Entity removed from scene
22:25:39.641 [JavaFX Application Thread] DEBUG GameScene            - Removed MainViewComponent
22:25:39.641 [JavaFX Application Thread] DEBUG GameScene            - Entity removed from scene
22:25:39.641 [JavaFX Application Thread] DEBUG GameScene            - Removed MainViewComponent
22:25:39.641 [JavaFX Application Thread] DEBUG GameScene            - Entity removed from scene
22:25:39.641 [JavaFX Application Thread] DEBUG GameScene            - Removed MainViewComponent
22:25:39.641 [JavaFX Application Thread] DEBUG GameScene            - Entity removed from scene
22:25:39.641 [JavaFX Application Thread] DEBUG GameScene            - Removed MainViewComponent
22:25:39.641 [JavaFX Application Thread] DEBUG GameScene            - Entity removed from scene
22:25:39.641 [JavaFX Application Thread] DEBUG GameScene            - Removed MainViewComponent
22:25:40.988 [JavaFX Application Thread] DEBUG FXGLEventBus         - Firing event: DisplayEvent[type=CLOSE_REQUEST]
22:25:40.989 [JavaFX Application Thread] DEBUG FXGLEventBus         - Firing event: FXGLEvent[type=EXIT]
22:25:40.989 [JavaFX Application Thread] DEBUG FXGL                 - Saving FXGL system data
22:25:40.990 [JavaFX Application Thread] DEBUG IOTask               - Executing task: writeDataTask(system/fxgl.bundle)
22:25:40.991 [JavaFX Application Thread] DEBUG FS                   - Writing to: system\fxgl.bundle
22:25:40.994 [JavaFX Application Thread] DEBUG IOTask               - Task succeeded: writeDataTask(system/fxgl.bundle)
