23:25:41.666 [FXGL Launcher Thread     ] DEBUG FXGLLoggerFactory    - Service [LoggerFactory] initialized
23:25:41.670 [FXGL Launcher Thread     ] DEBUG FXGL                 - FXGL configuration complete
23:25:41.670 [FXGL Launcher Thread     ] DEBUG FXGL                 - Loading FXGL system data
23:25:41.673 [FXGL Launcher Thread     ] DEBUG IOTask               - Executing task: readDataTask(system/fxgl.bundle)
23:25:41.675 [FXGL Launcher Thread     ] DEBUG FS                   - Reading from: system\fxgl.bundle
23:25:41.679 [FXGL Launcher Thread     ] DEBUG IOTask               - Task succeeded: readDataTask(system/fxgl.bundle)
23:25:41.679 [FXGL Launcher Thread     ] DEBUG Bundle               - Logging bundle: FXGL
23:25:41.680 [FXGL Launcher Thread     ] DEBUG Bundle               - FXGL.offline.timer.version.check=2017-07-06T21:24:34.887
23:25:41.688 [FXGL Launcher Thread     ] DEBUG GameApplication      - Configuring GameApplication
23:25:41.691 [FXGL Launcher Thread     ] DEBUG FXGLExceptionHandler - Service [ExceptionHandler] initialized
23:25:41.692 [FXGL Launcher Thread     ] DEBUG FXGLEventBus         - Service [EventBus] initialized
23:25:41.694 [FXGL Launcher Thread     ] DEBUG FXGLExecutor         - Service [Executor] initialized
23:25:41.694 [FXGL Launcher Thread     ] DEBUG PreInitTask          - Injecting gameWorld & physicsWorld
23:25:41.698 [FXGL Launcher Thread     ] DEBUG GameWorld            - Game world initialized
23:25:41.731 [FXGL Launcher Thread     ] DEBUG FXGLPooler           - Service [Pooler] initialized with default size = 128
23:25:41.732 [FXGL Launcher Thread     ] DEBUG PhysicsWorld         - Physics world initialized: appHeight=840.0, physics.ppm=50.0
23:25:41.733 [FXGL Launcher Thread     ] DEBUG FXGLInput            - Service [Input] initialized
23:25:41.747 [FXGL Launcher Thread     ] DEBUG FXGLInput            - Registered new binding: Screenshot - P
23:25:41.747 [FXGL Launcher Thread     ] DEBUG FXGLInput            - Registered new binding: Dev Options - CTRL+0
23:25:41.748 [FXGL Launcher Thread     ] DEBUG FXGLInput            - Registered new binding: Up - W
23:25:41.748 [FXGL Launcher Thread     ] DEBUG FXGLInput            - Registered new binding: Left - A
23:25:41.748 [FXGL Launcher Thread     ] DEBUG FXGLInput            - Registered new binding: Down - S
23:25:41.748 [FXGL Launcher Thread     ] DEBUG FXGLInput            - Registered new binding: Right - D
23:25:41.767 [FXGL Launcher Thread     ] DEBUG GameScene            - Game scene initialized: 960.0x840.0
23:25:41.772 [FXGL Launcher Thread     ] DEBUG FXGLAssetLoader      - Service [AssetLoader] initialized: cacheSize=35
23:25:41.774 [FXGL Launcher Thread     ] DEBUG FXGLAssetLoader      - Loading from disk: /assets/sounds/system/notification.wav
23:25:41.801 [FXGL Launcher Thread     ] DEBUG FXGLAssetLoader      - Loading from disk: /assets/sounds/menu/select.wav
23:25:41.803 [FXGL Launcher Thread     ] DEBUG FXGLAssetLoader      - Loading from disk: /assets/sounds/menu/back.wav
23:25:41.804 [FXGL Launcher Thread     ] DEBUG FXGLAssetLoader      - Loading from disk: /assets/sounds/menu/press.wav
23:25:41.806 [FXGL Launcher Thread     ] DEBUG FXGLAssetLoader      - Loading from disk: /assets/ui/fonts/Copperplate_Gothic_Light_Regular.ttf
23:25:41.879 [FXGL Launcher Thread     ] DEBUG FXGLAssetLoader      - Loading from disk: /assets/ui/css/fxgl.css
23:25:41.879 [FXGL Launcher Thread     ] DEBUG FXGLAssetLoader      - Loading from disk: /assets/ui/icons/fxgl_icon.png
23:25:41.906 [FXGL Launcher Thread     ] DEBUG FXGLAssetLoader      - Loading from disk: /assets/ui/css/fxgl_dark.css
23:25:41.914 [FXGL Launcher Thread     ] DEBUG FXGLDisplay          - Target size: DoubleProperty [value: 960.0] x DoubleProperty [value: 840.0] @ 1.0
23:25:41.914 [FXGL Launcher Thread     ] DEBUG FXGLDisplay          - New size:    960.0 x 840.0 @ DoubleProperty [value: 1.0]
23:25:41.915 [FXGL Launcher Thread     ] DEBUG FXGLDisplay          - Service [Display] initialized
23:25:41.915 [FXGL Launcher Thread     ] DEBUG FXGLDisplay          - Using CSS: CSS(externalForm=jar:file:/C:/Users/lukel/Documents/FLASHDRIVE%20BACKUP/Pacman2.8.17/Pacman/lib/fxgl-0.2.9-uber.jar!/assets/ui/css/fxgl_dark.css)
23:25:41.915 [FXGL Launcher Thread     ] DEBUG InitScenesTask       - Injecting loadingScene & gameScene
23:25:41.927 [FXGL Launcher Thread     ] DEBUG FXGLMasterTimer      - Service [MasterTimer] initialized
23:25:41.929 [FXGL Launcher Thread     ] DEBUG FXGLAudioPlayer      - Service [AudioPlayer] initialized
23:25:41.937 [FXGL Launcher Thread     ] DEBUG GameApplication      - Starting new game
23:25:41.939 [FXGL Launcher Thread     ] DEBUG GameApplication      - Initializing App
23:25:41.940 [FXGL Launcher Thread     ] DEBUG FXGLInput            - Clearing active input actions
23:25:41.940 [FXGL Launcher Thread     ] DEBUG FXGLMasterTimer      - Stopping master timer
23:25:41.940 [FXGL Launcher Thread     ] DEBUG GameApplication      - State: STARTUP -> PAUSED
23:25:41.941 [FXGL Launcher Thread     ] DEBUG FXGLEventBus         - Firing event: FXGLEvent[type=PAUSE]
23:25:41.942 [FXGL Launcher Thread     ] DEBUG FXGLInput            - Clearing active input actions
23:25:41.942 [FXGL Launcher Thread     ] DEBUG FXGLMasterTimer      - Resetting ticks and clearing all actions
23:25:41.942 [FXGL Launcher Thread     ] DEBUG GameWorld            - Resetting game world
23:25:41.942 [FXGL Launcher Thread     ] TRACE EntityWorld          - Resetting entity world
23:25:41.943 [FXGL Launcher Thread     ] DEBUG PhysicsWorld         - Resetting physics world
23:25:41.943 [FXGL Launcher Thread     ] DEBUG GameScene            - Resetting game scene
23:25:41.943 [FXGL Launcher Thread     ] DEBUG FXGLEventBus         - Firing event: FXGLEvent[type=RESET]
23:25:41.975 [FXGL Launcher Thread     ] DEBUG GameApplication      - State: PAUSED -> LOADING
23:25:41.997 [FXGL Background Thread 1 ] DEBUG InitAppTask          - Initializing Assets
23:25:41.998 [FXGL Background Thread 1 ] DEBUG InitAppTask          - Initializing Game
23:25:42.019 [FXGL Background Thread 1 ] DEBUG FXGLAssetLoader      - Loading from disk: /assets/textures/pacman0.png
23:25:42.027 [FXGL Background Thread 1 ] DEBUG FXGLAssetLoader      - Loading from disk: /assets/text/levels/level.txt
23:25:42.036 [JavaFX Application Thread] DEBUG FXGLDisplay          - Showing stage
23:25:42.036 [JavaFX Application Thread] DEBUG FXGLDisplay          - Root size: 960.0x840.0
23:25:42.036 [JavaFX Application Thread] DEBUG FXGLDisplay          - Scene size: 960.0x840.0
23:25:42.036 [JavaFX Application Thread] DEBUG FXGLDisplay          - Stage size: 976.0x879.0
23:25:42.088 [FXGL Background Thread 1 ] DEBUG FXGLAssetLoader      - Loading from disk: /assets/textures/blinkyBottom00.png
23:25:42.095 [FXGL Background Thread 1 ] DEBUG FXGLAssetLoader      - Loading from disk: /assets/textures/pinkyBottom00.png
23:25:42.097 [FXGL Background Thread 1 ] DEBUG FXGLAssetLoader      - Loading from disk: /assets/textures/inkyBottom00.png
23:25:42.099 [FXGL Background Thread 1 ] DEBUG FXGLAssetLoader      - Loading from disk: /assets/textures/clydeBottom00.png
23:25:42.118 [FXGL Background Thread 1 ] DEBUG FXGLAssetLoader      - Loading from cache: /assets/textures/pacman0.png
23:25:42.132 [FXGL Background Thread 1 ] DEBUG GameWorld            - Resetting game world
23:25:42.132 [FXGL Background Thread 1 ] TRACE EntityWorld          - Resetting entity world
23:25:42.133 [FXGL Background Thread 1 ] DEBUG GameScene            - Entity added to scene
23:25:42.134 [FXGL Background Thread 1 ] DEBUG GameScene            - Added MainViewComponent
23:25:42.135 [FXGL Background Thread 1 ] DEBUG GameScene            - Creating render group for layer: TOP(2147483647)
23:25:42.138 [FXGL Background Thread 1 ] DEBUG GameScene            - Removed MainViewComponent
23:25:42.138 [FXGL Background Thread 1 ] DEBUG PhysicsWorld         - Resetting physics world
23:25:42.138 [FXGL Background Thread 1 ] DEBUG GameScene            - Resetting game scene
23:25:42.138 [FXGL Background Thread 1 ] DEBUG GameWorld            - Setting level: com.almasb.fxgl.gameplay.Level@3d101cd3
23:25:42.139 [FXGL Background Thread 1 ] DEBUG InitAppTask          - Initializing Physics
23:25:42.140 [FXGL Background Thread 1 ] DEBUG InitAppTask          - Initializing UI
23:25:42.140 [FXGL Background Thread 1 ] DEBUG FXGLAssetLoader      - Loading from disk: /assets/ui/pacman_ui.fxml
23:25:42.168 [FXGL Background Thread 1 ] DEBUG GameScene            - Adding UI node: Pane@2e6290a7
23:25:42.169 [FXGL Background Thread 1 ] DEBUG GameScene            - Adding UI node: Label@68e84b66[styleClass=label]'Lives:'
23:25:42.169 [FXGL Background Thread 1 ] DEBUG GameScene            - Adding UI node: Circle[centerX=0.0, centerY=0.0, radius=15.0, fill=0xffff00ff, stroke=0x000000ff, strokeWidth=1.0]
23:25:42.169 [FXGL Background Thread 1 ] DEBUG GameScene            - Adding UI node: Circle[centerX=0.0, centerY=0.0, radius=15.0, fill=0xffff00ff, stroke=0x000000ff, strokeWidth=1.0]
23:25:42.169 [FXGL Background Thread 1 ] DEBUG GameScene            - Adding UI node: Circle[centerX=0.0, centerY=0.0, radius=15.0, fill=0xffff00ff, stroke=0x000000ff, strokeWidth=1.0]
23:25:42.169 [FXGL Background Thread 1 ] DEBUG InitAppTask          - Initialization Complete
23:25:42.170 [JavaFX Application Thread] DEBUG FXGLInput            - Clearing active input actions
23:25:42.171 [JavaFX Application Thread] DEBUG FXGLMasterTimer      - Starting master timer
23:25:42.171 [JavaFX Application Thread] DEBUG GameApplication      - State: LOADING -> PLAYING
23:25:42.176 [JavaFX Application Thread] DEBUG FXGLEventBus         - Firing event: FXGLEvent[type=RESUME]
23:25:42.178 [JavaFX Application Thread] DEBUG GameScene            - Entity added to scene
23:25:42.178 [JavaFX Application Thread] DEBUG GameScene            - Added MainViewComponent
23:25:42.178 [JavaFX Application Thread] DEBUG GameScene            - Creating render group for layer: TOP(2147483647)
23:25:42.179 [JavaFX Application Thread] DEBUG GameScene            - Entity added to scene
23:25:42.179 [JavaFX Application Thread] DEBUG GameScene            - Added MainViewComponent
23:25:42.179 [JavaFX Application Thread] DEBUG GameScene            - Entity added to scene
23:25:42.179 [JavaFX Application Thread] DEBUG GameScene            - Added MainViewComponent
23:25:42.180 [JavaFX Application Thread] DEBUG GameScene            - Entity added to scene
23:25:42.180 [JavaFX Application Thread] DEBUG GameScene            - Added MainViewComponent
23:25:42.180 [JavaFX Application Thread] DEBUG GameScene            - Entity added to scene
23:25:42.180 [JavaFX Application Thread] DEBUG GameScene            - Added MainViewComponent
23:25:42.180 [JavaFX Application Thread] DEBUG GameScene            - Entity added to scene
23:25:42.180 [JavaFX Application Thread] DEBUG GameScene            - Added MainViewComponent
23:25:42.180 [JavaFX Application Thread] DEBUG GameScene            - Entity added to scene
23:25:42.180 [JavaFX Application Thread] DEBUG GameScene            - Added MainViewComponent
23:25:42.180 [JavaFX Application Thread] DEBUG GameScene            - Entity added to scene
23:25:42.180 [JavaFX Application Thread] DEBUG GameScene            - Added MainViewComponent
23:25:42.181 [JavaFX Application Thread] DEBUG GameScene            - Entity added to scene
23:25:42.181 [JavaFX Application Thread] DEBUG GameScene            - Added MainViewComponent
23:25:42.181 [JavaFX Application Thread] DEBUG GameScene            - Entity added to scene
23:25:42.181 [JavaFX Application Thread] DEBUG GameScene            - Added MainViewComponent
23:25:42.181 [JavaFX Application Thread] DEBUG GameScene            - Entity added to scene
23:25:42.181 [JavaFX Application Thread] DEBUG GameScene            - Added MainViewComponent
23:25:42.181 [JavaFX Application Thread] DEBUG GameScene            - Entity added to scene
23:25:42.181 [JavaFX Application Thread] DEBUG GameScene            - Added MainViewComponent
23:25:42.181 [JavaFX Application Thread] DEBUG GameScene            - Entity added to scene
23:25:42.181 [JavaFX Application Thread] DEBUG GameScene            - Added MainViewComponent
23:25:42.182 [JavaFX Application Thread] DEBUG GameScene            - Entity added to scene
23:25:42.182 [JavaFX Application Thread] DEBUG GameScene            - Added MainViewComponent
23:25:42.182 [JavaFX Application Thread] DEBUG GameScene            - Entity added to scene
23:25:42.182 [JavaFX Application Thread] DEBUG GameScene            - Added MainViewComponent
23:25:42.182 [JavaFX Application Thread] DEBUG GameScene            - Entity added to scene
23:25:42.182 [JavaFX Application Thread] DEBUG GameScene            - Added MainViewComponent
23:25:42.182 [JavaFX Application Thread] DEBUG GameScene            - Entity added to scene
23:25:42.182 [JavaFX Application Thread] DEBUG GameScene            - Added MainViewComponent
23:25:42.183 [JavaFX Application Thread] DEBUG GameScene            - Entity added to scene
23:25:42.183 [JavaFX Application Thread] DEBUG GameScene            - Added MainViewComponent
23:25:42.183 [JavaFX Application Thread] DEBUG GameScene            - Entity added to scene
23:25:42.183 [JavaFX Application Thread] DEBUG GameScene            - Added MainViewComponent
23:25:42.183 [JavaFX Application Thread] DEBUG GameScene            - Entity added to scene
23:25:42.183 [JavaFX Application Thread] DEBUG GameScene            - Added MainViewComponent
23:25:42.184 [JavaFX Application Thread] DEBUG GameScene            - Entity added to scene
23:25:42.184 [JavaFX Application Thread] DEBUG GameScene            - Added MainViewComponent
23:25:42.184 [JavaFX Application Thread] DEBUG GameScene            - Creating render group for layer: BACKGROUND2(1001)
23:25:42.184 [JavaFX Application Thread] DEBUG GameScene            - Entity added to scene
23:25:42.184 [JavaFX Application Thread] DEBUG GameScene            - Added MainViewComponent
23:25:42.184 [JavaFX Application Thread] DEBUG GameScene            - Entity added to scene
23:25:42.184 [JavaFX Application Thread] DEBUG GameScene            - Added MainViewComponent
23:25:42.185 [JavaFX Application Thread] DEBUG GameScene            - Entity added to scene
23:25:42.185 [JavaFX Application Thread] DEBUG GameScene            - Added MainViewComponent
23:25:42.185 [JavaFX Application Thread] DEBUG GameScene            - Entity added to scene
23:25:42.185 [JavaFX Application Thread] DEBUG GameScene            - Added MainViewComponent
23:25:42.185 [JavaFX Application Thread] DEBUG GameScene            - Entity added to scene
23:25:42.185 [JavaFX Application Thread] DEBUG GameScene            - Added MainViewComponent
23:25:42.185 [JavaFX Application Thread] DEBUG GameScene            - Entity added to scene
23:25:42.185 [JavaFX Application Thread] DEBUG GameScene            - Added MainViewComponent
23:25:42.185 [JavaFX Application Thread] DEBUG GameScene            - Entity added to scene
23:25:42.185 [JavaFX Application Thread] DEBUG GameScene            - Added MainViewComponent
23:25:42.186 [JavaFX Application Thread] DEBUG GameScene            - Entity added to scene
23:25:42.186 [JavaFX Application Thread] DEBUG GameScene            - Added MainViewComponent
23:25:42.186 [JavaFX Application Thread] DEBUG GameScene            - Entity added to scene
23:25:42.186 [JavaFX Application Thread] DEBUG GameScene            - Added MainViewComponent
23:25:42.186 [JavaFX Application Thread] DEBUG GameScene            - Entity added to scene
23:25:42.186 [JavaFX Application Thread] DEBUG GameScene            - Added MainViewComponent
23:25:42.186 [JavaFX Application Thread] DEBUG GameScene            - Entity added to scene
23:25:42.186 [JavaFX Application Thread] DEBUG GameScene            - Added MainViewComponent
23:25:42.186 [JavaFX Application Thread] DEBUG GameScene            - Entity added to scene
23:25:42.186 [JavaFX Application Thread] DEBUG GameScene            - Added MainViewComponent
23:25:42.187 [JavaFX Application Thread] DEBUG GameScene            - Entity added to scene
23:25:42.187 [JavaFX Application Thread] DEBUG GameScene            - Added MainViewComponent
23:25:42.187 [JavaFX Application Thread] DEBUG GameScene            - Entity added to scene
23:25:42.187 [JavaFX Application Thread] DEBUG GameScene            - Added MainViewComponent
23:25:42.187 [JavaFX Application Thread] DEBUG GameScene            - Entity added to scene
23:25:42.187 [JavaFX Application Thread] DEBUG GameScene            - Added MainViewComponent
23:25:42.187 [JavaFX Application Thread] DEBUG GameScene            - Entity added to scene
23:25:42.187 [JavaFX Application Thread] DEBUG GameScene            - Added MainViewComponent
23:25:42.187 [JavaFX Application Thread] DEBUG GameScene            - Entity added to scene
23:25:42.187 [JavaFX Application Thread] DEBUG GameScene            - Added MainViewComponent
23:25:42.188 [JavaFX Application Thread] DEBUG GameScene            - Entity added to scene
23:25:42.188 [JavaFX Application Thread] DEBUG GameScene            - Added MainViewComponent
23:25:42.188 [JavaFX Application Thread] DEBUG GameScene            - Entity added to scene
23:25:42.188 [JavaFX Application Thread] DEBUG GameScene            - Added MainViewComponent
23:25:42.188 [JavaFX Application Thread] DEBUG GameScene            - Entity added to scene
23:25:42.188 [JavaFX Application Thread] DEBUG GameScene            - Added MainViewComponent
23:25:42.188 [JavaFX Application Thread] DEBUG GameScene            - Entity added to scene
23:25:42.188 [JavaFX Application Thread] DEBUG GameScene            - Added MainViewComponent
23:25:42.188 [JavaFX Application Thread] DEBUG GameScene            - Entity added to scene
23:25:42.188 [JavaFX Application Thread] DEBUG GameScene            - Added MainViewComponent
23:25:42.188 [JavaFX Application Thread] DEBUG GameScene            - Entity added to scene
23:25:42.188 [JavaFX Application Thread] DEBUG GameScene            - Added MainViewComponent
23:25:42.188 [JavaFX Application Thread] DEBUG GameScene            - Entity added to scene
23:25:42.189 [JavaFX Application Thread] DEBUG GameScene            - Added MainViewComponent
23:25:42.189 [JavaFX Application Thread] DEBUG GameScene            - Entity added to scene
23:25:42.189 [JavaFX Application Thread] DEBUG GameScene            - Added MainViewComponent
23:25:42.189 [JavaFX Application Thread] DEBUG GameScene            - Entity added to scene
23:25:42.189 [JavaFX Application Thread] DEBUG GameScene            - Added MainViewComponent
23:25:42.189 [JavaFX Application Thread] DEBUG GameScene            - Entity added to scene
23:25:42.189 [JavaFX Application Thread] DEBUG GameScene            - Added MainViewComponent
23:25:42.189 [JavaFX Application Thread] DEBUG GameScene            - Entity added to scene
23:25:42.189 [JavaFX Application Thread] DEBUG GameScene            - Added MainViewComponent
23:25:42.189 [JavaFX Application Thread] DEBUG GameScene            - Entity added to scene
23:25:42.189 [JavaFX Application Thread] DEBUG GameScene            - Added MainViewComponent
23:25:42.190 [JavaFX Application Thread] DEBUG GameScene            - Entity added to scene
23:25:42.190 [JavaFX Application Thread] DEBUG GameScene            - Added MainViewComponent
23:25:42.190 [JavaFX Application Thread] DEBUG GameScene            - Entity added to scene
23:25:42.190 [JavaFX Application Thread] DEBUG GameScene            - Added MainViewComponent
23:25:42.190 [JavaFX Application Thread] DEBUG GameScene            - Entity added to scene
23:25:42.190 [JavaFX Application Thread] DEBUG GameScene            - Added MainViewComponent
23:25:42.190 [JavaFX Application Thread] DEBUG GameScene            - Entity added to scene
23:25:42.190 [JavaFX Application Thread] DEBUG GameScene            - Added MainViewComponent
23:25:42.190 [JavaFX Application Thread] DEBUG GameScene            - Entity added to scene
23:25:42.190 [JavaFX Application Thread] DEBUG GameScene            - Added MainViewComponent
23:25:42.191 [JavaFX Application Thread] DEBUG GameScene            - Entity added to scene
23:25:42.191 [JavaFX Application Thread] DEBUG GameScene            - Added MainViewComponent
23:25:42.191 [JavaFX Application Thread] DEBUG GameScene            - Entity added to scene
23:25:42.191 [JavaFX Application Thread] DEBUG GameScene            - Added MainViewComponent
23:25:42.191 [JavaFX Application Thread] DEBUG GameScene            - Entity added to scene
23:25:42.191 [JavaFX Application Thread] DEBUG GameScene            - Added MainViewComponent
23:25:42.191 [JavaFX Application Thread] DEBUG GameScene            - Entity added to scene
23:25:42.191 [JavaFX Application Thread] DEBUG GameScene            - Added MainViewComponent
23:25:42.191 [JavaFX Application Thread] DEBUG GameScene            - Entity added to scene
23:25:42.191 [JavaFX Application Thread] DEBUG GameScene            - Added MainViewComponent
23:25:42.191 [JavaFX Application Thread] DEBUG GameScene            - Entity added to scene
23:25:42.192 [JavaFX Application Thread] DEBUG GameScene            - Added MainViewComponent
23:25:42.192 [JavaFX Application Thread] DEBUG GameScene            - Entity added to scene
23:25:42.192 [JavaFX Application Thread] DEBUG GameScene            - Added MainViewComponent
23:25:42.192 [JavaFX Application Thread] DEBUG GameScene            - Entity added to scene
23:25:42.192 [JavaFX Application Thread] DEBUG GameScene            - Added MainViewComponent
23:25:42.192 [JavaFX Application Thread] DEBUG GameScene            - Entity added to scene
23:25:42.192 [JavaFX Application Thread] DEBUG GameScene            - Added MainViewComponent
23:25:42.192 [JavaFX Application Thread] DEBUG GameScene            - Entity added to scene
23:25:42.192 [JavaFX Application Thread] DEBUG GameScene            - Added MainViewComponent
23:25:42.192 [JavaFX Application Thread] DEBUG GameScene            - Entity added to scene
23:25:42.192 [JavaFX Application Thread] DEBUG GameScene            - Added MainViewComponent
23:25:42.192 [JavaFX Application Thread] DEBUG GameScene            - Entity added to scene
23:25:42.192 [JavaFX Application Thread] DEBUG GameScene            - Added MainViewComponent
23:25:42.193 [JavaFX Application Thread] DEBUG GameScene            - Entity added to scene
23:25:42.193 [JavaFX Application Thread] DEBUG GameScene            - Added MainViewComponent
23:25:42.193 [JavaFX Application Thread] DEBUG GameScene            - Entity added to scene
23:25:42.193 [JavaFX Application Thread] DEBUG GameScene            - Added MainViewComponent
23:25:42.193 [JavaFX Application Thread] DEBUG GameScene            - Entity added to scene
23:25:42.193 [JavaFX Application Thread] DEBUG GameScene            - Added MainViewComponent
23:25:42.193 [JavaFX Application Thread] DEBUG GameScene            - Entity added to scene
23:25:42.193 [JavaFX Application Thread] DEBUG GameScene            - Added MainViewComponent
23:25:42.193 [JavaFX Application Thread] DEBUG GameScene            - Entity added to scene
23:25:42.193 [JavaFX Application Thread] DEBUG GameScene            - Added MainViewComponent
23:25:42.194 [JavaFX Application Thread] DEBUG GameScene            - Entity added to scene
23:25:42.194 [JavaFX Application Thread] DEBUG GameScene            - Added MainViewComponent
23:25:42.194 [JavaFX Application Thread] DEBUG GameScene            - Entity added to scene
23:25:42.194 [JavaFX Application Thread] DEBUG GameScene            - Added MainViewComponent
23:25:42.194 [JavaFX Application Thread] DEBUG GameScene            - Entity added to scene
23:25:42.194 [JavaFX Application Thread] DEBUG GameScene            - Added MainViewComponent
23:25:42.194 [JavaFX Application Thread] DEBUG GameScene            - Entity added to scene
23:25:42.194 [JavaFX Application Thread] DEBUG GameScene            - Added MainViewComponent
23:25:42.195 [JavaFX Application Thread] DEBUG GameScene            - Entity added to scene
23:25:42.195 [JavaFX Application Thread] DEBUG GameScene            - Added MainViewComponent
23:25:42.195 [JavaFX Application Thread] DEBUG GameScene            - Entity added to scene
23:25:42.195 [JavaFX Application Thread] DEBUG GameScene            - Added MainViewComponent
23:25:42.195 [JavaFX Application Thread] DEBUG GameScene            - Entity added to scene
23:25:42.195 [JavaFX Application Thread] DEBUG GameScene            - Added MainViewComponent
23:25:42.195 [JavaFX Application Thread] DEBUG GameScene            - Entity added to scene
23:25:42.195 [JavaFX Application Thread] DEBUG GameScene            - Added MainViewComponent
23:25:42.195 [JavaFX Application Thread] DEBUG GameScene            - Entity added to scene
23:25:42.196 [JavaFX Application Thread] DEBUG GameScene            - Added MainViewComponent
23:25:42.196 [JavaFX Application Thread] DEBUG GameScene            - Entity added to scene
23:25:42.196 [JavaFX Application Thread] DEBUG GameScene            - Added MainViewComponent
23:25:42.196 [JavaFX Application Thread] DEBUG GameScene            - Entity added to scene
23:25:42.196 [JavaFX Application Thread] DEBUG GameScene            - Added MainViewComponent
23:25:42.196 [JavaFX Application Thread] DEBUG GameScene            - Entity added to scene
23:25:42.196 [JavaFX Application Thread] DEBUG GameScene            - Added MainViewComponent
23:25:42.196 [JavaFX Application Thread] DEBUG GameScene            - Entity added to scene
23:25:42.197 [JavaFX Application Thread] DEBUG GameScene            - Added MainViewComponent
23:25:42.197 [JavaFX Application Thread] DEBUG GameScene            - Entity added to scene
23:25:42.197 [JavaFX Application Thread] DEBUG GameScene            - Added MainViewComponent
23:25:42.197 [JavaFX Application Thread] DEBUG GameScene            - Entity added to scene
23:25:42.197 [JavaFX Application Thread] DEBUG GameScene            - Added MainViewComponent
23:25:42.197 [JavaFX Application Thread] DEBUG GameScene            - Entity added to scene
23:25:42.197 [JavaFX Application Thread] DEBUG GameScene            - Added MainViewComponent
23:25:42.197 [JavaFX Application Thread] DEBUG GameScene            - Entity added to scene
23:25:42.197 [JavaFX Application Thread] DEBUG GameScene            - Added MainViewComponent
23:25:42.197 [JavaFX Application Thread] DEBUG GameScene            - Entity added to scene
23:25:42.197 [JavaFX Application Thread] DEBUG GameScene            - Added MainViewComponent
23:25:42.197 [JavaFX Application Thread] DEBUG GameScene            - Entity added to scene
23:25:42.197 [JavaFX Application Thread] DEBUG GameScene            - Added MainViewComponent
23:25:42.198 [JavaFX Application Thread] DEBUG GameScene            - Entity added to scene
23:25:42.198 [JavaFX Application Thread] DEBUG GameScene            - Added MainViewComponent
23:25:42.198 [JavaFX Application Thread] DEBUG GameScene            - Entity added to scene
23:25:42.198 [JavaFX Application Thread] DEBUG GameScene            - Added MainViewComponent
23:25:42.198 [JavaFX Application Thread] DEBUG GameScene            - Entity added to scene
23:25:42.198 [JavaFX Application Thread] DEBUG GameScene            - Added MainViewComponent
23:25:42.198 [JavaFX Application Thread] DEBUG GameScene            - Entity added to scene
23:25:42.198 [JavaFX Application Thread] DEBUG GameScene            - Added MainViewComponent
23:25:42.198 [JavaFX Application Thread] DEBUG GameScene            - Entity added to scene
23:25:42.198 [JavaFX Application Thread] DEBUG GameScene            - Added MainViewComponent
23:25:42.198 [JavaFX Application Thread] DEBUG GameScene            - Entity added to scene
23:25:42.198 [JavaFX Application Thread] DEBUG GameScene            - Added MainViewComponent
23:25:42.199 [JavaFX Application Thread] DEBUG GameScene            - Entity added to scene
23:25:42.199 [JavaFX Application Thread] DEBUG GameScene            - Added MainViewComponent
23:25:42.199 [JavaFX Application Thread] DEBUG GameScene            - Entity added to scene
23:25:42.199 [JavaFX Application Thread] DEBUG GameScene            - Added MainViewComponent
23:25:42.199 [JavaFX Application Thread] DEBUG GameScene            - Entity added to scene
23:25:42.199 [JavaFX Application Thread] DEBUG GameScene            - Added MainViewComponent
23:25:42.199 [JavaFX Application Thread] DEBUG GameScene            - Entity added to scene
23:25:42.199 [JavaFX Application Thread] DEBUG GameScene            - Added MainViewComponent
23:25:42.199 [JavaFX Application Thread] DEBUG GameScene            - Entity added to scene
23:25:42.199 [JavaFX Application Thread] DEBUG GameScene            - Added MainViewComponent
23:25:42.200 [JavaFX Application Thread] DEBUG GameScene            - Entity added to scene
23:25:42.200 [JavaFX Application Thread] DEBUG GameScene            - Added MainViewComponent
23:25:42.200 [JavaFX Application Thread] DEBUG GameScene            - Entity added to scene
23:25:42.200 [JavaFX Application Thread] DEBUG GameScene            - Added MainViewComponent
23:25:42.200 [JavaFX Application Thread] DEBUG GameScene            - Entity added to scene
23:25:42.200 [JavaFX Application Thread] DEBUG GameScene            - Added MainViewComponent
23:25:42.200 [JavaFX Application Thread] DEBUG GameScene            - Entity added to scene
23:25:42.200 [JavaFX Application Thread] DEBUG GameScene            - Added MainViewComponent
23:25:42.200 [JavaFX Application Thread] DEBUG GameScene            - Entity added to scene
23:25:42.200 [JavaFX Application Thread] DEBUG GameScene            - Added MainViewComponent
23:25:42.200 [JavaFX Application Thread] DEBUG GameScene            - Entity added to scene
23:25:42.200 [JavaFX Application Thread] DEBUG GameScene            - Added MainViewComponent
23:25:42.200 [JavaFX Application Thread] DEBUG GameScene            - Entity added to scene
23:25:42.200 [JavaFX Application Thread] DEBUG GameScene            - Added MainViewComponent
23:25:42.201 [JavaFX Application Thread] DEBUG GameScene            - Entity added to scene
23:25:42.201 [JavaFX Application Thread] DEBUG GameScene            - Added MainViewComponent
23:25:42.201 [JavaFX Application Thread] DEBUG GameScene            - Entity added to scene
23:25:42.201 [JavaFX Application Thread] DEBUG GameScene            - Added MainViewComponent
23:25:42.201 [JavaFX Application Thread] DEBUG GameScene            - Entity added to scene
23:25:42.201 [JavaFX Application Thread] DEBUG GameScene            - Added MainViewComponent
23:25:42.201 [JavaFX Application Thread] DEBUG GameScene            - Entity added to scene
23:25:42.201 [JavaFX Application Thread] DEBUG GameScene            - Added MainViewComponent
23:25:42.201 [JavaFX Application Thread] DEBUG GameScene            - Entity added to scene
23:25:42.201 [JavaFX Application Thread] DEBUG GameScene            - Added MainViewComponent
23:25:42.201 [JavaFX Application Thread] DEBUG GameScene            - Entity added to scene
23:25:42.202 [JavaFX Application Thread] DEBUG GameScene            - Added MainViewComponent
23:25:42.202 [JavaFX Application Thread] DEBUG GameScene            - Entity added to scene
23:25:42.202 [JavaFX Application Thread] DEBUG GameScene            - Added MainViewComponent
23:25:42.202 [JavaFX Application Thread] DEBUG GameScene            - Entity added to scene
23:25:42.202 [JavaFX Application Thread] DEBUG GameScene            - Added MainViewComponent
23:25:42.202 [JavaFX Application Thread] DEBUG GameScene            - Entity added to scene
23:25:42.202 [JavaFX Application Thread] DEBUG GameScene            - Added MainViewComponent
23:25:42.202 [JavaFX Application Thread] DEBUG GameScene            - Entity added to scene
23:25:42.202 [JavaFX Application Thread] DEBUG GameScene            - Added MainViewComponent
23:25:42.202 [JavaFX Application Thread] DEBUG GameScene            - Entity added to scene
23:25:42.202 [JavaFX Application Thread] DEBUG GameScene            - Added MainViewComponent
23:25:42.202 [JavaFX Application Thread] DEBUG GameScene            - Entity added to scene
23:25:42.202 [JavaFX Application Thread] DEBUG GameScene            - Added MainViewComponent
23:25:42.203 [JavaFX Application Thread] DEBUG GameScene            - Entity added to scene
23:25:42.203 [JavaFX Application Thread] DEBUG GameScene            - Added MainViewComponent
23:25:42.203 [JavaFX Application Thread] DEBUG GameScene            - Entity added to scene
23:25:42.203 [JavaFX Application Thread] DEBUG GameScene            - Added MainViewComponent
23:25:42.203 [JavaFX Application Thread] DEBUG GameScene            - Entity added to scene
23:25:42.203 [JavaFX Application Thread] DEBUG GameScene            - Added MainViewComponent
23:25:42.203 [JavaFX Application Thread] DEBUG GameScene            - Entity added to scene
23:25:42.203 [JavaFX Application Thread] DEBUG GameScene            - Added MainViewComponent
23:25:42.203 [JavaFX Application Thread] DEBUG GameScene            - Entity added to scene
23:25:42.203 [JavaFX Application Thread] DEBUG GameScene            - Added MainViewComponent
23:25:42.203 [JavaFX Application Thread] DEBUG GameScene            - Entity added to scene
23:25:42.203 [JavaFX Application Thread] DEBUG GameScene            - Added MainViewComponent
23:25:42.203 [JavaFX Application Thread] DEBUG GameScene            - Entity added to scene
23:25:42.203 [JavaFX Application Thread] DEBUG GameScene            - Added MainViewComponent
23:25:42.204 [JavaFX Application Thread] DEBUG GameScene            - Entity added to scene
23:25:42.204 [JavaFX Application Thread] DEBUG GameScene            - Added MainViewComponent
23:25:42.204 [JavaFX Application Thread] DEBUG GameScene            - Entity added to scene
23:25:42.204 [JavaFX Application Thread] DEBUG GameScene            - Added MainViewComponent
23:25:42.204 [JavaFX Application Thread] DEBUG GameScene            - Entity added to scene
23:25:42.204 [JavaFX Application Thread] DEBUG GameScene            - Added MainViewComponent
23:25:42.204 [JavaFX Application Thread] DEBUG GameScene            - Entity added to scene
23:25:42.204 [JavaFX Application Thread] DEBUG GameScene            - Added MainViewComponent
23:25:42.205 [JavaFX Application Thread] DEBUG GameScene            - Entity added to scene
23:25:42.205 [JavaFX Application Thread] DEBUG GameScene            - Added MainViewComponent
23:25:42.205 [JavaFX Application Thread] DEBUG GameScene            - Entity added to scene
23:25:42.205 [JavaFX Application Thread] DEBUG GameScene            - Added MainViewComponent
23:25:42.205 [JavaFX Application Thread] DEBUG GameScene            - Entity added to scene
23:25:42.205 [JavaFX Application Thread] DEBUG GameScene            - Added MainViewComponent
23:25:42.205 [JavaFX Application Thread] DEBUG GameScene            - Entity added to scene
23:25:42.205 [JavaFX Application Thread] DEBUG GameScene            - Added MainViewComponent
23:25:42.205 [JavaFX Application Thread] DEBUG GameScene            - Entity added to scene
23:25:42.205 [JavaFX Application Thread] DEBUG GameScene            - Added MainViewComponent
23:25:42.205 [JavaFX Application Thread] DEBUG GameScene            - Entity added to scene
23:25:42.205 [JavaFX Application Thread] DEBUG GameScene            - Added MainViewComponent
23:25:42.205 [JavaFX Application Thread] DEBUG GameScene            - Entity added to scene
23:25:42.205 [JavaFX Application Thread] DEBUG GameScene            - Added MainViewComponent
23:25:42.205 [JavaFX Application Thread] DEBUG GameScene            - Entity added to scene
23:25:42.205 [JavaFX Application Thread] DEBUG GameScene            - Added MainViewComponent
23:25:42.206 [JavaFX Application Thread] DEBUG GameScene            - Entity added to scene
23:25:42.206 [JavaFX Application Thread] DEBUG GameScene            - Added MainViewComponent
23:25:42.206 [JavaFX Application Thread] DEBUG GameScene            - Entity added to scene
23:25:42.206 [JavaFX Application Thread] DEBUG GameScene            - Added MainViewComponent
23:25:42.206 [JavaFX Application Thread] DEBUG GameScene            - Entity added to scene
23:25:42.206 [JavaFX Application Thread] DEBUG GameScene            - Added MainViewComponent
23:25:42.206 [JavaFX Application Thread] DEBUG GameScene            - Entity added to scene
23:25:42.206 [JavaFX Application Thread] DEBUG GameScene            - Added MainViewComponent
23:25:42.206 [JavaFX Application Thread] DEBUG GameScene            - Entity added to scene
23:25:42.206 [JavaFX Application Thread] DEBUG GameScene            - Added MainViewComponent
23:25:42.206 [JavaFX Application Thread] DEBUG GameScene            - Entity added to scene
23:25:42.206 [JavaFX Application Thread] DEBUG GameScene            - Added MainViewComponent
23:25:42.206 [JavaFX Application Thread] DEBUG GameScene            - Entity added to scene
23:25:42.206 [JavaFX Application Thread] DEBUG GameScene            - Added MainViewComponent
23:25:42.207 [JavaFX Application Thread] DEBUG GameScene            - Entity added to scene
23:25:42.207 [JavaFX Application Thread] DEBUG GameScene            - Added MainViewComponent
23:25:42.207 [JavaFX Application Thread] DEBUG GameScene            - Entity added to scene
23:25:42.207 [JavaFX Application Thread] DEBUG GameScene            - Added MainViewComponent
23:25:42.207 [JavaFX Application Thread] DEBUG GameScene            - Entity added to scene
23:25:42.207 [JavaFX Application Thread] DEBUG GameScene            - Added MainViewComponent
23:25:42.207 [JavaFX Application Thread] DEBUG GameScene            - Entity added to scene
23:25:42.207 [JavaFX Application Thread] DEBUG GameScene            - Added MainViewComponent
23:25:42.207 [JavaFX Application Thread] DEBUG GameScene            - Entity added to scene
23:25:42.207 [JavaFX Application Thread] DEBUG GameScene            - Added MainViewComponent
23:25:42.208 [JavaFX Application Thread] DEBUG GameScene            - Entity added to scene
23:25:42.208 [JavaFX Application Thread] DEBUG GameScene            - Added MainViewComponent
23:25:42.208 [JavaFX Application Thread] DEBUG GameScene            - Entity added to scene
23:25:42.208 [JavaFX Application Thread] DEBUG GameScene            - Added MainViewComponent
23:25:42.208 [JavaFX Application Thread] DEBUG GameScene            - Entity added to scene
23:25:42.208 [JavaFX Application Thread] DEBUG GameScene            - Added MainViewComponent
23:25:42.208 [JavaFX Application Thread] DEBUG GameScene            - Entity added to scene
23:25:42.208 [JavaFX Application Thread] DEBUG GameScene            - Added MainViewComponent
23:25:42.208 [JavaFX Application Thread] DEBUG GameScene            - Entity added to scene
23:25:42.208 [JavaFX Application Thread] DEBUG GameScene            - Added MainViewComponent
23:25:42.209 [JavaFX Application Thread] DEBUG GameScene            - Entity added to scene
23:25:42.209 [JavaFX Application Thread] DEBUG GameScene            - Added MainViewComponent
23:25:42.209 [JavaFX Application Thread] DEBUG GameScene            - Entity added to scene
23:25:42.209 [JavaFX Application Thread] DEBUG GameScene            - Added MainViewComponent
23:25:42.209 [JavaFX Application Thread] DEBUG GameScene            - Entity added to scene
23:25:42.209 [JavaFX Application Thread] DEBUG GameScene            - Added MainViewComponent
23:25:42.209 [JavaFX Application Thread] DEBUG GameScene            - Entity added to scene
23:25:42.209 [JavaFX Application Thread] DEBUG GameScene            - Added MainViewComponent
23:25:42.209 [JavaFX Application Thread] DEBUG GameScene            - Entity added to scene
23:25:42.209 [JavaFX Application Thread] DEBUG GameScene            - Added MainViewComponent
23:25:42.209 [JavaFX Application Thread] DEBUG GameScene            - Entity added to scene
23:25:42.209 [JavaFX Application Thread] DEBUG GameScene            - Added MainViewComponent
23:25:42.209 [JavaFX Application Thread] DEBUG GameScene            - Entity added to scene
23:25:42.209 [JavaFX Application Thread] DEBUG GameScene            - Added MainViewComponent
23:25:42.209 [JavaFX Application Thread] DEBUG GameScene            - Entity added to scene
23:25:42.209 [JavaFX Application Thread] DEBUG GameScene            - Added MainViewComponent
23:25:42.210 [JavaFX Application Thread] DEBUG GameScene            - Entity added to scene
23:25:42.210 [JavaFX Application Thread] DEBUG GameScene            - Added MainViewComponent
23:25:42.210 [JavaFX Application Thread] DEBUG GameScene            - Entity added to scene
23:25:42.210 [JavaFX Application Thread] DEBUG GameScene            - Added MainViewComponent
23:25:42.210 [JavaFX Application Thread] DEBUG GameScene            - Entity added to scene
23:25:42.210 [JavaFX Application Thread] DEBUG GameScene            - Added MainViewComponent
23:25:42.210 [JavaFX Application Thread] DEBUG GameScene            - Entity added to scene
23:25:42.210 [JavaFX Application Thread] DEBUG GameScene            - Added MainViewComponent
23:25:42.210 [JavaFX Application Thread] DEBUG GameScene            - Entity added to scene
23:25:42.210 [JavaFX Application Thread] DEBUG GameScene            - Added MainViewComponent
23:25:42.210 [JavaFX Application Thread] DEBUG GameScene            - Entity added to scene
23:25:42.210 [JavaFX Application Thread] DEBUG GameScene            - Added MainViewComponent
23:25:42.210 [JavaFX Application Thread] DEBUG GameScene            - Entity added to scene
23:25:42.211 [JavaFX Application Thread] DEBUG GameScene            - Added MainViewComponent
23:25:42.211 [JavaFX Application Thread] DEBUG GameScene            - Entity added to scene
23:25:42.211 [JavaFX Application Thread] DEBUG GameScene            - Added MainViewComponent
23:25:42.211 [JavaFX Application Thread] DEBUG GameScene            - Entity added to scene
23:25:42.211 [JavaFX Application Thread] DEBUG GameScene            - Added MainViewComponent
23:25:42.211 [JavaFX Application Thread] DEBUG GameScene            - Entity added to scene
23:25:42.211 [JavaFX Application Thread] DEBUG GameScene            - Added MainViewComponent
23:25:42.211 [JavaFX Application Thread] DEBUG GameScene            - Entity added to scene
23:25:42.211 [JavaFX Application Thread] DEBUG GameScene            - Added MainViewComponent
23:25:42.211 [JavaFX Application Thread] DEBUG GameScene            - Entity added to scene
23:25:42.211 [JavaFX Application Thread] DEBUG GameScene            - Added MainViewComponent
23:25:42.211 [JavaFX Application Thread] DEBUG GameScene            - Entity added to scene
23:25:42.211 [JavaFX Application Thread] DEBUG GameScene            - Added MainViewComponent
23:25:42.211 [JavaFX Application Thread] DEBUG GameScene            - Entity added to scene
23:25:42.211 [JavaFX Application Thread] DEBUG GameScene            - Added MainViewComponent
23:25:42.212 [JavaFX Application Thread] DEBUG GameScene            - Entity added to scene
23:25:42.212 [JavaFX Application Thread] DEBUG GameScene            - Added MainViewComponent
23:25:42.212 [JavaFX Application Thread] DEBUG GameScene            - Entity added to scene
23:25:42.212 [JavaFX Application Thread] DEBUG GameScene            - Added MainViewComponent
23:25:42.212 [JavaFX Application Thread] DEBUG GameScene            - Entity added to scene
23:25:42.212 [JavaFX Application Thread] DEBUG GameScene            - Added MainViewComponent
23:25:42.212 [JavaFX Application Thread] DEBUG GameScene            - Entity added to scene
23:25:42.212 [JavaFX Application Thread] DEBUG GameScene            - Added MainViewComponent
23:25:42.212 [JavaFX Application Thread] DEBUG GameScene            - Entity added to scene
23:25:42.212 [JavaFX Application Thread] DEBUG GameScene            - Added MainViewComponent
23:25:42.212 [JavaFX Application Thread] DEBUG GameScene            - Entity added to scene
23:25:42.212 [JavaFX Application Thread] DEBUG GameScene            - Added MainViewComponent
23:25:42.212 [JavaFX Application Thread] DEBUG GameScene            - Entity added to scene
23:25:42.212 [JavaFX Application Thread] DEBUG GameScene            - Added MainViewComponent
23:25:42.212 [JavaFX Application Thread] DEBUG GameScene            - Entity added to scene
23:25:42.212 [JavaFX Application Thread] DEBUG GameScene            - Added MainViewComponent
23:25:42.212 [JavaFX Application Thread] DEBUG GameScene            - Entity added to scene
23:25:42.212 [JavaFX Application Thread] DEBUG GameScene            - Added MainViewComponent
23:25:42.213 [JavaFX Application Thread] DEBUG GameScene            - Entity added to scene
23:25:42.213 [JavaFX Application Thread] DEBUG GameScene            - Added MainViewComponent
23:25:42.213 [JavaFX Application Thread] DEBUG GameScene            - Entity added to scene
23:25:42.213 [JavaFX Application Thread] DEBUG GameScene            - Added MainViewComponent
23:25:42.213 [JavaFX Application Thread] DEBUG GameScene            - Entity added to scene
23:25:42.213 [JavaFX Application Thread] DEBUG GameScene            - Added MainViewComponent
23:25:42.213 [JavaFX Application Thread] DEBUG GameScene            - Entity added to scene
23:25:42.213 [JavaFX Application Thread] DEBUG GameScene            - Added MainViewComponent
23:25:42.213 [JavaFX Application Thread] DEBUG GameScene            - Entity added to scene
23:25:42.213 [JavaFX Application Thread] DEBUG GameScene            - Added MainViewComponent
23:25:42.213 [JavaFX Application Thread] DEBUG GameScene            - Entity added to scene
23:25:42.213 [JavaFX Application Thread] DEBUG GameScene            - Added MainViewComponent
23:25:42.213 [JavaFX Application Thread] DEBUG GameScene            - Entity added to scene
23:25:42.213 [JavaFX Application Thread] DEBUG GameScene            - Added MainViewComponent
23:25:42.214 [JavaFX Application Thread] DEBUG GameScene            - Entity added to scene
23:25:42.214 [JavaFX Application Thread] DEBUG GameScene            - Added MainViewComponent
23:25:42.214 [JavaFX Application Thread] DEBUG GameScene            - Entity added to scene
23:25:42.214 [JavaFX Application Thread] DEBUG GameScene            - Added MainViewComponent
23:25:42.214 [JavaFX Application Thread] DEBUG GameScene            - Entity added to scene
23:25:42.214 [JavaFX Application Thread] DEBUG GameScene            - Added MainViewComponent
23:25:42.214 [JavaFX Application Thread] DEBUG GameScene            - Entity added to scene
23:25:42.214 [JavaFX Application Thread] DEBUG GameScene            - Added MainViewComponent
23:25:42.214 [JavaFX Application Thread] DEBUG GameScene            - Entity added to scene
23:25:42.214 [JavaFX Application Thread] DEBUG GameScene            - Added MainViewComponent
23:25:42.214 [JavaFX Application Thread] DEBUG GameScene            - Entity added to scene
23:25:42.214 [JavaFX Application Thread] DEBUG GameScene            - Added MainViewComponent
23:25:42.214 [JavaFX Application Thread] DEBUG GameScene            - Entity added to scene
23:25:42.214 [JavaFX Application Thread] DEBUG GameScene            - Added MainViewComponent
23:25:42.215 [JavaFX Application Thread] DEBUG GameScene            - Entity added to scene
23:25:42.215 [JavaFX Application Thread] DEBUG GameScene            - Added MainViewComponent
23:25:42.215 [JavaFX Application Thread] DEBUG GameScene            - Entity added to scene
23:25:42.215 [JavaFX Application Thread] DEBUG GameScene            - Added MainViewComponent
23:25:42.215 [JavaFX Application Thread] DEBUG GameScene            - Entity added to scene
23:25:42.215 [JavaFX Application Thread] DEBUG GameScene            - Added MainViewComponent
23:25:42.215 [JavaFX Application Thread] DEBUG GameScene            - Entity added to scene
23:25:42.215 [JavaFX Application Thread] DEBUG GameScene            - Added MainViewComponent
23:25:42.215 [JavaFX Application Thread] DEBUG GameScene            - Entity added to scene
23:25:42.215 [JavaFX Application Thread] DEBUG GameScene            - Added MainViewComponent
23:25:42.215 [JavaFX Application Thread] DEBUG GameScene            - Entity added to scene
23:25:42.215 [JavaFX Application Thread] DEBUG GameScene            - Added MainViewComponent
23:25:42.215 [JavaFX Application Thread] DEBUG GameScene            - Entity added to scene
23:25:42.215 [JavaFX Application Thread] DEBUG GameScene            - Added MainViewComponent
23:25:42.215 [JavaFX Application Thread] DEBUG GameScene            - Entity added to scene
23:25:42.215 [JavaFX Application Thread] DEBUG GameScene            - Added MainViewComponent
23:25:42.216 [JavaFX Application Thread] DEBUG GameScene            - Entity added to scene
23:25:42.216 [JavaFX Application Thread] DEBUG GameScene            - Added MainViewComponent
23:25:42.216 [JavaFX Application Thread] DEBUG GameScene            - Entity added to scene
23:25:42.216 [JavaFX Application Thread] DEBUG GameScene            - Added MainViewComponent
23:25:42.216 [JavaFX Application Thread] DEBUG GameScene            - Entity added to scene
23:25:42.216 [JavaFX Application Thread] DEBUG GameScene            - Added MainViewComponent
23:25:42.216 [JavaFX Application Thread] DEBUG GameScene            - Entity added to scene
23:25:42.216 [JavaFX Application Thread] DEBUG GameScene            - Added MainViewComponent
23:25:42.216 [JavaFX Application Thread] DEBUG GameScene            - Entity added to scene
23:25:42.216 [JavaFX Application Thread] DEBUG GameScene            - Added MainViewComponent
23:25:42.216 [JavaFX Application Thread] DEBUG GameScene            - Entity added to scene
23:25:42.216 [JavaFX Application Thread] DEBUG GameScene            - Added MainViewComponent
23:25:42.217 [JavaFX Application Thread] DEBUG GameScene            - Entity added to scene
23:25:42.217 [JavaFX Application Thread] DEBUG GameScene            - Added MainViewComponent
23:25:42.217 [JavaFX Application Thread] DEBUG GameScene            - Entity added to scene
23:25:42.217 [JavaFX Application Thread] DEBUG GameScene            - Added MainViewComponent
23:25:42.217 [JavaFX Application Thread] DEBUG GameScene            - Entity added to scene
23:25:42.217 [JavaFX Application Thread] DEBUG GameScene            - Added MainViewComponent
23:25:42.217 [JavaFX Application Thread] DEBUG GameScene            - Entity added to scene
23:25:42.217 [JavaFX Application Thread] DEBUG GameScene            - Added MainViewComponent
23:25:42.217 [JavaFX Application Thread] DEBUG GameScene            - Entity added to scene
23:25:42.217 [JavaFX Application Thread] DEBUG GameScene            - Added MainViewComponent
23:25:42.217 [JavaFX Application Thread] DEBUG GameScene            - Entity added to scene
23:25:42.217 [JavaFX Application Thread] DEBUG GameScene            - Added MainViewComponent
23:25:42.218 [JavaFX Application Thread] DEBUG GameScene            - Entity added to scene
23:25:42.218 [JavaFX Application Thread] DEBUG GameScene            - Added MainViewComponent
23:25:42.218 [JavaFX Application Thread] DEBUG GameScene            - Entity added to scene
23:25:42.218 [JavaFX Application Thread] DEBUG GameScene            - Added MainViewComponent
23:25:42.218 [JavaFX Application Thread] DEBUG GameScene            - Entity added to scene
23:25:42.218 [JavaFX Application Thread] DEBUG GameScene            - Added MainViewComponent
23:25:42.218 [JavaFX Application Thread] DEBUG GameScene            - Entity added to scene
23:25:42.218 [JavaFX Application Thread] DEBUG GameScene            - Added MainViewComponent
23:25:42.218 [JavaFX Application Thread] DEBUG GameScene            - Entity added to scene
23:25:42.218 [JavaFX Application Thread] DEBUG GameScene            - Added MainViewComponent
23:25:42.218 [JavaFX Application Thread] DEBUG GameScene            - Entity added to scene
23:25:42.218 [JavaFX Application Thread] DEBUG GameScene            - Added MainViewComponent
23:25:42.219 [JavaFX Application Thread] DEBUG GameScene            - Entity added to scene
23:25:42.219 [JavaFX Application Thread] DEBUG GameScene            - Added MainViewComponent
23:25:42.219 [JavaFX Application Thread] DEBUG GameScene            - Entity added to scene
23:25:42.219 [JavaFX Application Thread] DEBUG GameScene            - Added MainViewComponent
23:25:42.219 [JavaFX Application Thread] DEBUG GameScene            - Entity added to scene
23:25:42.219 [JavaFX Application Thread] DEBUG GameScene            - Added MainViewComponent
23:25:42.219 [JavaFX Application Thread] DEBUG GameScene            - Entity added to scene
23:25:42.219 [JavaFX Application Thread] DEBUG GameScene            - Added MainViewComponent
23:25:42.219 [JavaFX Application Thread] DEBUG GameScene            - Entity added to scene
23:25:42.219 [JavaFX Application Thread] DEBUG GameScene            - Added MainViewComponent
23:25:42.219 [JavaFX Application Thread] DEBUG GameScene            - Entity added to scene
23:25:42.219 [JavaFX Application Thread] DEBUG GameScene            - Added MainViewComponent
23:25:42.220 [JavaFX Application Thread] DEBUG GameScene            - Entity added to scene
23:25:42.220 [JavaFX Application Thread] DEBUG GameScene            - Added MainViewComponent
23:25:42.220 [JavaFX Application Thread] DEBUG GameScene            - Entity added to scene
23:25:42.220 [JavaFX Application Thread] DEBUG GameScene            - Added MainViewComponent
23:25:42.220 [JavaFX Application Thread] DEBUG GameScene            - Entity added to scene
23:25:42.220 [JavaFX Application Thread] DEBUG GameScene            - Added MainViewComponent
23:25:42.220 [JavaFX Application Thread] DEBUG GameScene            - Entity added to scene
23:25:42.220 [JavaFX Application Thread] DEBUG GameScene            - Added MainViewComponent
23:25:42.220 [JavaFX Application Thread] DEBUG GameScene            - Entity added to scene
23:25:42.220 [JavaFX Application Thread] DEBUG GameScene            - Added MainViewComponent
23:25:42.220 [JavaFX Application Thread] DEBUG GameScene            - Entity added to scene
23:25:42.220 [JavaFX Application Thread] DEBUG GameScene            - Added MainViewComponent
23:25:42.220 [JavaFX Application Thread] DEBUG GameScene            - Entity added to scene
23:25:42.220 [JavaFX Application Thread] DEBUG GameScene            - Added MainViewComponent
23:25:42.221 [JavaFX Application Thread] DEBUG GameScene            - Entity added to scene
23:25:42.221 [JavaFX Application Thread] DEBUG GameScene            - Added MainViewComponent
23:25:42.221 [JavaFX Application Thread] DEBUG GameScene            - Entity added to scene
23:25:42.221 [JavaFX Application Thread] DEBUG GameScene            - Added MainViewComponent
23:25:42.221 [JavaFX Application Thread] DEBUG GameScene            - Entity added to scene
23:25:42.221 [JavaFX Application Thread] DEBUG GameScene            - Added MainViewComponent
23:25:42.221 [JavaFX Application Thread] DEBUG GameScene            - Entity added to scene
23:25:42.221 [JavaFX Application Thread] DEBUG GameScene            - Added MainViewComponent
23:25:42.221 [JavaFX Application Thread] DEBUG GameScene            - Entity added to scene
23:25:42.221 [JavaFX Application Thread] DEBUG GameScene            - Added MainViewComponent
23:25:42.221 [JavaFX Application Thread] DEBUG GameScene            - Entity added to scene
23:25:42.221 [JavaFX Application Thread] DEBUG GameScene            - Added MainViewComponent
23:25:42.221 [JavaFX Application Thread] DEBUG GameScene            - Entity added to scene
23:25:42.221 [JavaFX Application Thread] DEBUG GameScene            - Added MainViewComponent
23:25:42.221 [JavaFX Application Thread] DEBUG GameScene            - Entity added to scene
23:25:42.221 [JavaFX Application Thread] DEBUG GameScene            - Added MainViewComponent
23:25:42.221 [JavaFX Application Thread] DEBUG GameScene            - Entity added to scene
23:25:42.221 [JavaFX Application Thread] DEBUG GameScene            - Added MainViewComponent
23:25:42.222 [JavaFX Application Thread] DEBUG GameScene            - Entity added to scene
23:25:42.222 [JavaFX Application Thread] DEBUG GameScene            - Added MainViewComponent
23:25:42.222 [JavaFX Application Thread] DEBUG GameScene            - Entity added to scene
23:25:42.222 [JavaFX Application Thread] DEBUG GameScene            - Added MainViewComponent
23:25:42.222 [JavaFX Application Thread] DEBUG GameScene            - Entity added to scene
23:25:42.222 [JavaFX Application Thread] DEBUG GameScene            - Added MainViewComponent
23:25:42.222 [JavaFX Application Thread] DEBUG GameScene            - Entity added to scene
23:25:42.222 [JavaFX Application Thread] DEBUG GameScene            - Added MainViewComponent
23:25:42.222 [JavaFX Application Thread] DEBUG GameScene            - Entity added to scene
23:25:42.222 [JavaFX Application Thread] DEBUG GameScene            - Added MainViewComponent
23:25:42.222 [JavaFX Application Thread] DEBUG GameScene            - Entity added to scene
23:25:42.222 [JavaFX Application Thread] DEBUG GameScene            - Added MainViewComponent
23:25:42.222 [JavaFX Application Thread] DEBUG GameScene            - Entity added to scene
23:25:42.222 [JavaFX Application Thread] DEBUG GameScene            - Added MainViewComponent
23:25:42.222 [JavaFX Application Thread] DEBUG GameScene            - Entity added to scene
23:25:42.222 [JavaFX Application Thread] DEBUG GameScene            - Added MainViewComponent
23:25:42.223 [JavaFX Application Thread] DEBUG GameScene            - Entity added to scene
23:25:42.223 [JavaFX Application Thread] DEBUG GameScene            - Added MainViewComponent
23:25:42.223 [JavaFX Application Thread] DEBUG GameScene            - Entity added to scene
23:25:42.223 [JavaFX Application Thread] DEBUG GameScene            - Added MainViewComponent
23:25:42.223 [JavaFX Application Thread] DEBUG GameScene            - Entity added to scene
23:25:42.223 [JavaFX Application Thread] DEBUG GameScene            - Added MainViewComponent
23:25:42.223 [JavaFX Application Thread] DEBUG GameScene            - Entity added to scene
23:25:42.223 [JavaFX Application Thread] DEBUG GameScene            - Added MainViewComponent
23:25:42.223 [JavaFX Application Thread] DEBUG GameScene            - Entity added to scene
23:25:42.223 [JavaFX Application Thread] DEBUG GameScene            - Added MainViewComponent
23:25:42.223 [JavaFX Application Thread] DEBUG GameScene            - Entity added to scene
23:25:42.223 [JavaFX Application Thread] DEBUG GameScene            - Added MainViewComponent
23:25:42.223 [JavaFX Application Thread] DEBUG GameScene            - Entity added to scene
23:25:42.223 [JavaFX Application Thread] DEBUG GameScene            - Added MainViewComponent
23:25:42.223 [JavaFX Application Thread] DEBUG GameScene            - Entity added to scene
23:25:42.223 [JavaFX Application Thread] DEBUG GameScene            - Added MainViewComponent
23:25:42.223 [JavaFX Application Thread] DEBUG GameScene            - Entity added to scene
23:25:42.224 [JavaFX Application Thread] DEBUG GameScene            - Added MainViewComponent
23:25:42.224 [JavaFX Application Thread] DEBUG GameScene            - Entity added to scene
23:25:42.224 [JavaFX Application Thread] DEBUG GameScene            - Added MainViewComponent
23:25:42.224 [JavaFX Application Thread] DEBUG GameScene            - Entity added to scene
23:25:42.224 [JavaFX Application Thread] DEBUG GameScene            - Added MainViewComponent
23:25:42.224 [JavaFX Application Thread] DEBUG GameScene            - Entity added to scene
23:25:42.224 [JavaFX Application Thread] DEBUG GameScene            - Added MainViewComponent
23:25:42.224 [JavaFX Application Thread] DEBUG GameScene            - Entity added to scene
23:25:42.224 [JavaFX Application Thread] DEBUG GameScene            - Added MainViewComponent
23:25:42.224 [JavaFX Application Thread] DEBUG GameScene            - Entity added to scene
23:25:42.224 [JavaFX Application Thread] DEBUG GameScene            - Added MainViewComponent
23:25:42.224 [JavaFX Application Thread] DEBUG GameScene            - Entity added to scene
23:25:42.224 [JavaFX Application Thread] DEBUG GameScene            - Added MainViewComponent
23:25:42.224 [JavaFX Application Thread] DEBUG GameScene            - Entity added to scene
23:25:42.224 [JavaFX Application Thread] DEBUG GameScene            - Added MainViewComponent
23:25:42.224 [JavaFX Application Thread] DEBUG GameScene            - Entity added to scene
23:25:42.224 [JavaFX Application Thread] DEBUG GameScene            - Added MainViewComponent
23:25:42.225 [JavaFX Application Thread] DEBUG GameScene            - Entity added to scene
23:25:42.225 [JavaFX Application Thread] DEBUG GameScene            - Added MainViewComponent
23:25:42.225 [JavaFX Application Thread] DEBUG GameScene            - Entity added to scene
23:25:42.225 [JavaFX Application Thread] DEBUG GameScene            - Added MainViewComponent
23:25:42.225 [JavaFX Application Thread] DEBUG GameScene            - Entity added to scene
23:25:42.225 [JavaFX Application Thread] DEBUG GameScene            - Added MainViewComponent
23:25:42.225 [JavaFX Application Thread] DEBUG GameScene            - Entity added to scene
23:25:42.225 [JavaFX Application Thread] DEBUG GameScene            - Added MainViewComponent
23:25:42.225 [JavaFX Application Thread] DEBUG GameScene            - Entity added to scene
23:25:42.225 [JavaFX Application Thread] DEBUG GameScene            - Added MainViewComponent
23:25:42.225 [JavaFX Application Thread] DEBUG GameScene            - Entity added to scene
23:25:42.225 [JavaFX Application Thread] DEBUG GameScene            - Added MainViewComponent
23:25:42.225 [JavaFX Application Thread] DEBUG GameScene            - Entity added to scene
23:25:42.225 [JavaFX Application Thread] DEBUG GameScene            - Added MainViewComponent
23:25:42.225 [JavaFX Application Thread] DEBUG GameScene            - Entity added to scene
23:25:42.225 [JavaFX Application Thread] DEBUG GameScene            - Added MainViewComponent
23:25:42.225 [JavaFX Application Thread] DEBUG GameScene            - Entity added to scene
23:25:42.225 [JavaFX Application Thread] DEBUG GameScene            - Added MainViewComponent
23:25:42.226 [JavaFX Application Thread] DEBUG GameScene            - Entity added to scene
23:25:42.226 [JavaFX Application Thread] DEBUG GameScene            - Added MainViewComponent
23:25:42.226 [JavaFX Application Thread] DEBUG GameScene            - Entity added to scene
23:25:42.226 [JavaFX Application Thread] DEBUG GameScene            - Added MainViewComponent
23:25:42.226 [JavaFX Application Thread] DEBUG GameScene            - Entity added to scene
23:25:42.226 [JavaFX Application Thread] DEBUG GameScene            - Added MainViewComponent
23:25:42.226 [JavaFX Application Thread] DEBUG GameScene            - Entity added to scene
23:25:42.226 [JavaFX Application Thread] DEBUG GameScene            - Added MainViewComponent
23:25:42.226 [JavaFX Application Thread] DEBUG GameScene            - Entity added to scene
23:25:42.226 [JavaFX Application Thread] DEBUG GameScene            - Added MainViewComponent
23:25:42.226 [JavaFX Application Thread] DEBUG GameScene            - Entity added to scene
23:25:42.226 [JavaFX Application Thread] DEBUG GameScene            - Added MainViewComponent
23:25:42.226 [JavaFX Application Thread] DEBUG GameScene            - Entity added to scene
23:25:42.226 [JavaFX Application Thread] DEBUG GameScene            - Added MainViewComponent
23:25:42.226 [JavaFX Application Thread] DEBUG GameScene            - Entity added to scene
23:25:42.226 [JavaFX Application Thread] DEBUG GameScene            - Added MainViewComponent
23:25:42.226 [JavaFX Application Thread] DEBUG GameScene            - Entity added to scene
23:25:42.226 [JavaFX Application Thread] DEBUG GameScene            - Added MainViewComponent
23:25:42.226 [JavaFX Application Thread] DEBUG GameScene            - Entity added to scene
23:25:42.232 [JavaFX Application Thread] DEBUG GameScene            - Added MainViewComponent
23:25:42.232 [JavaFX Application Thread] DEBUG GameScene            - Entity added to scene
23:25:42.236 [JavaFX Application Thread] DEBUG GameScene            - Added MainViewComponent
23:25:42.236 [JavaFX Application Thread] DEBUG GameScene            - Entity added to scene
23:25:42.236 [JavaFX Application Thread] DEBUG GameScene            - Added MainViewComponent
23:25:42.236 [JavaFX Application Thread] DEBUG GameScene            - Entity added to scene
23:25:42.236 [JavaFX Application Thread] DEBUG GameScene            - Added MainViewComponent
23:25:42.236 [JavaFX Application Thread] DEBUG GameScene            - Entity added to scene
23:25:42.236 [JavaFX Application Thread] DEBUG GameScene            - Added MainViewComponent
23:25:42.236 [JavaFX Application Thread] DEBUG GameScene            - Entity added to scene
23:25:42.236 [JavaFX Application Thread] DEBUG GameScene            - Added MainViewComponent
23:25:42.236 [JavaFX Application Thread] DEBUG GameScene            - Entity added to scene
23:25:42.236 [JavaFX Application Thread] DEBUG GameScene            - Added MainViewComponent
23:25:42.236 [JavaFX Application Thread] DEBUG GameScene            - Entity added to scene
23:25:42.236 [JavaFX Application Thread] DEBUG GameScene            - Added MainViewComponent
23:25:42.236 [JavaFX Application Thread] DEBUG GameScene            - Entity added to scene
23:25:42.236 [JavaFX Application Thread] DEBUG GameScene            - Added MainViewComponent
23:25:42.237 [JavaFX Application Thread] DEBUG GameScene            - Entity added to scene
23:25:42.237 [JavaFX Application Thread] DEBUG GameScene            - Added MainViewComponent
23:25:42.237 [JavaFX Application Thread] DEBUG GameScene            - Entity added to scene
23:25:42.237 [JavaFX Application Thread] DEBUG GameScene            - Added MainViewComponent
23:25:42.237 [JavaFX Application Thread] DEBUG GameScene            - Entity added to scene
23:25:42.237 [JavaFX Application Thread] DEBUG GameScene            - Added MainViewComponent
23:25:42.237 [JavaFX Application Thread] DEBUG GameScene            - Entity added to scene
23:25:42.237 [JavaFX Application Thread] DEBUG GameScene            - Added MainViewComponent
23:25:42.237 [JavaFX Application Thread] DEBUG GameScene            - Entity added to scene
23:25:42.237 [JavaFX Application Thread] DEBUG GameScene            - Added MainViewComponent
23:25:42.237 [JavaFX Application Thread] DEBUG GameScene            - Entity added to scene
23:25:42.237 [JavaFX Application Thread] DEBUG GameScene            - Added MainViewComponent
23:25:42.243 [JavaFX Application Thread] DEBUG GameScene            - Entity added to scene
23:25:42.243 [JavaFX Application Thread] DEBUG GameScene            - Added MainViewComponent
23:25:42.243 [JavaFX Application Thread] DEBUG GameScene            - Entity added to scene
23:25:42.243 [JavaFX Application Thread] DEBUG GameScene            - Added MainViewComponent
23:25:42.243 [JavaFX Application Thread] DEBUG GameScene            - Entity added to scene
23:25:42.243 [JavaFX Application Thread] DEBUG GameScene            - Added MainViewComponent
23:25:42.243 [JavaFX Application Thread] DEBUG GameScene            - Entity added to scene
23:25:42.243 [JavaFX Application Thread] DEBUG GameScene            - Added MainViewComponent
23:25:42.244 [JavaFX Application Thread] DEBUG GameScene            - Entity added to scene
23:25:42.244 [JavaFX Application Thread] DEBUG GameScene            - Added MainViewComponent
23:25:42.244 [JavaFX Application Thread] DEBUG GameScene            - Entity added to scene
23:25:42.244 [JavaFX Application Thread] DEBUG GameScene            - Added MainViewComponent
23:25:42.244 [JavaFX Application Thread] DEBUG GameScene            - Entity added to scene
23:25:42.244 [JavaFX Application Thread] DEBUG GameScene            - Added MainViewComponent
23:25:42.244 [JavaFX Application Thread] DEBUG GameScene            - Entity added to scene
23:25:42.244 [JavaFX Application Thread] DEBUG GameScene            - Added MainViewComponent
23:25:42.244 [JavaFX Application Thread] DEBUG GameScene            - Entity added to scene
23:25:42.244 [JavaFX Application Thread] DEBUG GameScene            - Added MainViewComponent
23:25:42.244 [JavaFX Application Thread] DEBUG GameScene            - Entity added to scene
23:25:42.244 [JavaFX Application Thread] DEBUG GameScene            - Added MainViewComponent
23:25:42.244 [JavaFX Application Thread] DEBUG GameScene            - Entity added to scene
23:25:42.244 [JavaFX Application Thread] DEBUG GameScene            - Added MainViewComponent
23:25:42.244 [JavaFX Application Thread] DEBUG GameScene            - Entity added to scene
23:25:42.244 [JavaFX Application Thread] DEBUG GameScene            - Added MainViewComponent
23:25:42.244 [JavaFX Application Thread] DEBUG GameScene            - Entity added to scene
23:25:42.244 [JavaFX Application Thread] DEBUG GameScene            - Added MainViewComponent
23:25:42.244 [JavaFX Application Thread] DEBUG GameScene            - Entity added to scene
23:25:42.244 [JavaFX Application Thread] DEBUG GameScene            - Added MainViewComponent
23:25:42.245 [JavaFX Application Thread] DEBUG GameScene            - Entity added to scene
23:25:42.245 [JavaFX Application Thread] DEBUG GameScene            - Added MainViewComponent
23:25:42.245 [JavaFX Application Thread] DEBUG GameScene            - Entity added to scene
23:25:42.245 [JavaFX Application Thread] DEBUG GameScene            - Added MainViewComponent
23:25:42.245 [JavaFX Application Thread] DEBUG GameScene            - Entity added to scene
23:25:42.245 [JavaFX Application Thread] DEBUG GameScene            - Added MainViewComponent
23:25:42.245 [JavaFX Application Thread] DEBUG GameScene            - Entity added to scene
23:25:42.245 [JavaFX Application Thread] DEBUG GameScene            - Added MainViewComponent
23:25:42.245 [JavaFX Application Thread] DEBUG GameScene            - Entity added to scene
23:25:42.245 [JavaFX Application Thread] DEBUG GameScene            - Added MainViewComponent
23:25:42.245 [JavaFX Application Thread] DEBUG GameScene            - Entity added to scene
23:25:42.245 [JavaFX Application Thread] DEBUG GameScene            - Added MainViewComponent
23:25:42.245 [JavaFX Application Thread] DEBUG GameScene            - Entity added to scene
23:25:42.245 [JavaFX Application Thread] DEBUG GameScene            - Added MainViewComponent
23:25:42.245 [JavaFX Application Thread] DEBUG GameScene            - Entity added to scene
23:25:42.245 [JavaFX Application Thread] DEBUG GameScene            - Added MainViewComponent
23:25:42.245 [JavaFX Application Thread] DEBUG GameScene            - Entity added to scene
23:25:42.245 [JavaFX Application Thread] DEBUG GameScene            - Added MainViewComponent
23:25:42.245 [JavaFX Application Thread] DEBUG GameScene            - Entity added to scene
23:25:42.245 [JavaFX Application Thread] DEBUG GameScene            - Added MainViewComponent
23:25:42.246 [JavaFX Application Thread] DEBUG GameScene            - Entity added to scene
23:25:42.246 [JavaFX Application Thread] DEBUG GameScene            - Added MainViewComponent
23:25:42.246 [JavaFX Application Thread] DEBUG GameScene            - Entity added to scene
23:25:42.246 [JavaFX Application Thread] DEBUG GameScene            - Added MainViewComponent
23:25:42.246 [JavaFX Application Thread] DEBUG GameScene            - Entity added to scene
23:25:42.246 [JavaFX Application Thread] DEBUG GameScene            - Added MainViewComponent
23:25:42.246 [JavaFX Application Thread] DEBUG GameScene            - Entity added to scene
23:25:42.246 [JavaFX Application Thread] DEBUG GameScene            - Added MainViewComponent
23:25:42.246 [JavaFX Application Thread] DEBUG GameScene            - Entity added to scene
23:25:42.246 [JavaFX Application Thread] DEBUG GameScene            - Added MainViewComponent
23:25:42.246 [JavaFX Application Thread] DEBUG GameScene            - Entity added to scene
23:25:42.246 [JavaFX Application Thread] DEBUG GameScene            - Added MainViewComponent
23:25:42.246 [JavaFX Application Thread] DEBUG GameScene            - Entity added to scene
23:25:42.246 [JavaFX Application Thread] DEBUG GameScene            - Added MainViewComponent
23:25:42.246 [JavaFX Application Thread] DEBUG GameScene            - Entity added to scene
23:25:42.246 [JavaFX Application Thread] DEBUG GameScene            - Added MainViewComponent
23:25:42.247 [JavaFX Application Thread] DEBUG GameScene            - Entity added to scene
23:25:42.247 [JavaFX Application Thread] DEBUG GameScene            - Added MainViewComponent
23:25:42.247 [JavaFX Application Thread] DEBUG GameScene            - Entity added to scene
23:25:42.247 [JavaFX Application Thread] DEBUG GameScene            - Added MainViewComponent
23:25:42.247 [JavaFX Application Thread] DEBUG GameScene            - Entity added to scene
23:25:42.247 [JavaFX Application Thread] DEBUG GameScene            - Added MainViewComponent
23:25:42.247 [JavaFX Application Thread] DEBUG GameScene            - Entity added to scene
23:25:42.247 [JavaFX Application Thread] DEBUG GameScene            - Added MainViewComponent
23:25:42.247 [JavaFX Application Thread] DEBUG GameScene            - Entity added to scene
23:25:42.247 [JavaFX Application Thread] DEBUG GameScene            - Added MainViewComponent
23:25:42.247 [JavaFX Application Thread] DEBUG GameScene            - Entity added to scene
23:25:42.247 [JavaFX Application Thread] DEBUG GameScene            - Added MainViewComponent
23:25:42.247 [JavaFX Application Thread] DEBUG GameScene            - Entity added to scene
23:25:42.247 [JavaFX Application Thread] DEBUG GameScene            - Added MainViewComponent
23:25:42.247 [JavaFX Application Thread] DEBUG GameScene            - Entity added to scene
23:25:42.247 [JavaFX Application Thread] DEBUG GameScene            - Added MainViewComponent
23:25:42.247 [JavaFX Application Thread] DEBUG GameScene            - Entity added to scene
23:25:42.247 [JavaFX Application Thread] DEBUG GameScene            - Added MainViewComponent
23:25:42.247 [JavaFX Application Thread] DEBUG GameScene            - Entity added to scene
23:25:42.247 [JavaFX Application Thread] DEBUG GameScene            - Added MainViewComponent
23:25:42.247 [JavaFX Application Thread] DEBUG GameScene            - Entity added to scene
23:25:42.247 [JavaFX Application Thread] DEBUG GameScene            - Added MainViewComponent
23:25:42.248 [JavaFX Application Thread] DEBUG GameScene            - Entity added to scene
23:25:42.248 [JavaFX Application Thread] DEBUG GameScene            - Added MainViewComponent
23:25:42.248 [JavaFX Application Thread] DEBUG GameScene            - Entity added to scene
23:25:42.248 [JavaFX Application Thread] DEBUG GameScene            - Added MainViewComponent
23:25:42.248 [JavaFX Application Thread] DEBUG GameScene            - Entity added to scene
23:25:42.248 [JavaFX Application Thread] DEBUG GameScene            - Added MainViewComponent
23:25:42.248 [JavaFX Application Thread] DEBUG GameScene            - Entity added to scene
23:25:42.248 [JavaFX Application Thread] DEBUG GameScene            - Added MainViewComponent
23:25:42.248 [JavaFX Application Thread] DEBUG GameScene            - Entity added to scene
23:25:42.248 [JavaFX Application Thread] DEBUG GameScene            - Added MainViewComponent
23:25:42.248 [JavaFX Application Thread] DEBUG GameScene            - Entity added to scene
23:25:42.248 [JavaFX Application Thread] DEBUG GameScene            - Added MainViewComponent
23:25:42.248 [JavaFX Application Thread] DEBUG GameScene            - Entity added to scene
23:25:42.248 [JavaFX Application Thread] DEBUG GameScene            - Added MainViewComponent
23:25:42.248 [JavaFX Application Thread] DEBUG GameScene            - Entity added to scene
23:25:42.248 [JavaFX Application Thread] DEBUG GameScene            - Added MainViewComponent
23:25:42.248 [JavaFX Application Thread] DEBUG GameScene            - Entity added to scene
23:25:42.248 [JavaFX Application Thread] DEBUG GameScene            - Added MainViewComponent
23:25:42.248 [JavaFX Application Thread] DEBUG GameScene            - Entity added to scene
23:25:42.248 [JavaFX Application Thread] DEBUG GameScene            - Added MainViewComponent
23:25:42.248 [JavaFX Application Thread] DEBUG GameScene            - Entity added to scene
23:25:42.248 [JavaFX Application Thread] DEBUG GameScene            - Added MainViewComponent
23:25:42.249 [JavaFX Application Thread] DEBUG GameScene            - Entity added to scene
23:25:42.249 [JavaFX Application Thread] DEBUG GameScene            - Added MainViewComponent
23:25:42.249 [JavaFX Application Thread] DEBUG GameScene            - Entity added to scene
23:25:42.249 [JavaFX Application Thread] DEBUG GameScene            - Added MainViewComponent
23:25:42.249 [JavaFX Application Thread] DEBUG GameScene            - Entity added to scene
23:25:42.249 [JavaFX Application Thread] DEBUG GameScene            - Added MainViewComponent
23:25:42.250 [JavaFX Application Thread] DEBUG GameScene            - Entity added to scene
23:25:42.250 [JavaFX Application Thread] DEBUG GameScene            - Added MainViewComponent
23:25:42.250 [JavaFX Application Thread] DEBUG GameScene            - Entity added to scene
23:25:42.250 [JavaFX Application Thread] DEBUG GameScene            - Added MainViewComponent
23:25:42.250 [JavaFX Application Thread] DEBUG GameScene            - Entity added to scene
23:25:42.250 [JavaFX Application Thread] DEBUG GameScene            - Added MainViewComponent
23:25:42.250 [JavaFX Application Thread] DEBUG GameScene            - Creating render group for layer: BACKGROUND(1000)
23:25:42.542 [JavaFX Application Thread] DEBUG GameScene            - Entity removed from scene
23:25:42.543 [JavaFX Application Thread] DEBUG GameScene            - Removed MainViewComponent
23:25:42.878 [JavaFX Application Thread] DEBUG GameScene            - Entity removed from scene
23:25:42.878 [JavaFX Application Thread] DEBUG GameScene            - Removed MainViewComponent
23:25:43.218 [JavaFX Application Thread] DEBUG GameScene            - Entity removed from scene
23:25:43.219 [JavaFX Application Thread] DEBUG GameScene            - Removed MainViewComponent
23:25:43.550 [JavaFX Application Thread] DEBUG GameScene            - Entity removed from scene
23:25:43.550 [JavaFX Application Thread] DEBUG GameScene            - Removed MainViewComponent
23:25:43.870 [JavaFX Application Thread] DEBUG GameScene            - Entity removed from scene
23:25:43.870 [JavaFX Application Thread] DEBUG GameScene            - Removed MainViewComponent
23:25:44.206 [JavaFX Application Thread] DEBUG GameScene            - Entity removed from scene
23:25:44.206 [JavaFX Application Thread] DEBUG GameScene            - Removed MainViewComponent
23:25:44.542 [JavaFX Application Thread] DEBUG GameScene            - Entity removed from scene
23:25:44.542 [JavaFX Application Thread] DEBUG GameScene            - Removed MainViewComponent
23:25:44.879 [JavaFX Application Thread] DEBUG GameScene            - Entity removed from scene
23:25:44.879 [JavaFX Application Thread] DEBUG GameScene            - Removed MainViewComponent
23:25:45.214 [JavaFX Application Thread] DEBUG GameScene            - Entity removed from scene
23:25:45.214 [JavaFX Application Thread] DEBUG GameScene            - Removed MainViewComponent
23:25:45.551 [JavaFX Application Thread] DEBUG GameScene            - Entity removed from scene
23:25:45.551 [JavaFX Application Thread] DEBUG GameScene            - Removed MainViewComponent
23:25:46.206 [JavaFX Application Thread] DEBUG GameScene            - Entity removed from scene
23:25:46.206 [JavaFX Application Thread] DEBUG GameScene            - Removed MainViewComponent
23:25:46.543 [JavaFX Application Thread] DEBUG GameScene            - Entity removed from scene
23:25:46.543 [JavaFX Application Thread] DEBUG GameScene            - Removed MainViewComponent
23:25:46.878 [JavaFX Application Thread] DEBUG GameScene            - Entity removed from scene
23:25:46.878 [JavaFX Application Thread] DEBUG GameScene            - Removed MainViewComponent
23:25:47.214 [JavaFX Application Thread] DEBUG GameScene            - Entity removed from scene
23:25:47.214 [JavaFX Application Thread] DEBUG GameScene            - Removed MainViewComponent
23:25:47.550 [JavaFX Application Thread] DEBUG GameScene            - Entity removed from scene
23:25:47.550 [JavaFX Application Thread] DEBUG GameScene            - Removed MainViewComponent
23:25:47.871 [JavaFX Application Thread] DEBUG GameScene            - Entity removed from scene
23:25:47.871 [JavaFX Application Thread] DEBUG GameScene            - Removed MainViewComponent
23:25:48.057 [JavaFX Application Thread] DEBUG FXGLEventBus         - Firing event: DisplayEvent[type=CLOSE_REQUEST]
23:25:48.058 [JavaFX Application Thread] DEBUG FXGLEventBus         - Firing event: FXGLEvent[type=EXIT]
23:25:48.058 [JavaFX Application Thread] DEBUG FXGL                 - Saving FXGL system data
23:25:48.060 [JavaFX Application Thread] DEBUG IOTask               - Executing task: writeDataTask(system/fxgl.bundle)
23:25:48.061 [JavaFX Application Thread] DEBUG FS                   - Writing to: system\fxgl.bundle
23:25:48.064 [JavaFX Application Thread] DEBUG IOTask               - Task succeeded: writeDataTask(system/fxgl.bundle)
