15:40:40.837 [FXGL Launcher Thread     ] DEBUG FXGLLoggerFactory    - Service [LoggerFactory] initialized
15:40:40.842 [FXGL Launcher Thread     ] DEBUG FXGL                 - FXGL configuration complete
15:40:40.842 [FXGL Launcher Thread     ] DEBUG FXGL                 - Loading FXGL system data
15:40:40.845 [FXGL Launcher Thread     ] DEBUG IOTask               - Executing task: readDataTask(system/fxgl.bundle)
15:40:40.848 [FXGL Launcher Thread     ] DEBUG FS                   - Reading from: system\fxgl.bundle
15:40:40.854 [FXGL Launcher Thread     ] DEBUG IOTask               - Task succeeded: readDataTask(system/fxgl.bundle)
15:40:40.854 [FXGL Launcher Thread     ] DEBUG Bundle               - Logging bundle: FXGL
15:40:40.854 [FXGL Launcher Thread     ] DEBUG Bundle               - FXGL.offline.timer.version.check=2017-07-06T21:24:34.887
15:40:40.860 [FXGL Launcher Thread     ] DEBUG GameApplication      - Configuring GameApplication
15:40:40.864 [FXGL Launcher Thread     ] DEBUG FXGLExceptionHandler - Service [ExceptionHandler] initialized
15:40:40.865 [FXGL Launcher Thread     ] DEBUG FXGLEventBus         - Service [EventBus] initialized
15:40:40.869 [FXGL Launcher Thread     ] DEBUG FXGLExecutor         - Service [Executor] initialized
15:40:40.869 [FXGL Launcher Thread     ] DEBUG PreInitTask          - Injecting gameWorld & physicsWorld
15:40:40.874 [FXGL Launcher Thread     ] DEBUG GameWorld            - Game world initialized
15:40:40.911 [FXGL Launcher Thread     ] DEBUG FXGLPooler           - Service [Pooler] initialized with default size = 128
15:40:40.912 [FXGL Launcher Thread     ] DEBUG PhysicsWorld         - Physics world initialized: appHeight=840.0, physics.ppm=50.0
15:40:40.913 [FXGL Launcher Thread     ] DEBUG FXGLInput            - Service [Input] initialized
15:40:40.928 [FXGL Launcher Thread     ] DEBUG FXGLInput            - Registered new binding: Screenshot - P
15:40:40.928 [FXGL Launcher Thread     ] DEBUG FXGLInput            - Registered new binding: Dev Options - CTRL+0
15:40:40.929 [FXGL Launcher Thread     ] DEBUG FXGLInput            - Registered new binding: Up - W
15:40:40.929 [FXGL Launcher Thread     ] DEBUG FXGLInput            - Registered new binding: Left - A
15:40:40.929 [FXGL Launcher Thread     ] DEBUG FXGLInput            - Registered new binding: Down - S
15:40:40.929 [FXGL Launcher Thread     ] DEBUG FXGLInput            - Registered new binding: Right - D
15:40:40.949 [FXGL Launcher Thread     ] DEBUG GameScene            - Game scene initialized: 960.0x840.0
15:40:40.954 [FXGL Launcher Thread     ] DEBUG FXGLAssetLoader      - Service [AssetLoader] initialized: cacheSize=35
15:40:40.955 [FXGL Launcher Thread     ] DEBUG FXGLAssetLoader      - Loading from disk: /assets/sounds/system/notification.wav
15:40:40.981 [FXGL Launcher Thread     ] DEBUG FXGLAssetLoader      - Loading from disk: /assets/sounds/menu/select.wav
15:40:40.982 [FXGL Launcher Thread     ] DEBUG FXGLAssetLoader      - Loading from disk: /assets/sounds/menu/back.wav
15:40:40.983 [FXGL Launcher Thread     ] DEBUG FXGLAssetLoader      - Loading from disk: /assets/sounds/menu/press.wav
15:40:40.985 [FXGL Launcher Thread     ] DEBUG FXGLAssetLoader      - Loading from disk: /assets/ui/fonts/Copperplate_Gothic_Light_Regular.ttf
15:40:41.057 [FXGL Launcher Thread     ] DEBUG FXGLAssetLoader      - Loading from disk: /assets/ui/css/fxgl.css
15:40:41.057 [FXGL Launcher Thread     ] DEBUG FXGLAssetLoader      - Loading from disk: /assets/ui/icons/fxgl_icon.png
15:40:41.083 [FXGL Launcher Thread     ] DEBUG FXGLAssetLoader      - Loading from disk: /assets/ui/css/fxgl_dark.css
15:40:41.092 [FXGL Launcher Thread     ] DEBUG FXGLDisplay          - Target size: DoubleProperty [value: 960.0] x DoubleProperty [value: 840.0] @ 1.0
15:40:41.092 [FXGL Launcher Thread     ] DEBUG FXGLDisplay          - New size:    960.0 x 840.0 @ DoubleProperty [value: 1.0]
15:40:41.092 [FXGL Launcher Thread     ] DEBUG FXGLDisplay          - Service [Display] initialized
15:40:41.092 [FXGL Launcher Thread     ] DEBUG FXGLDisplay          - Using CSS: CSS(externalForm=jar:file:/C:/Users/lukel/Documents/Programming/Pacman/lib/fxgl-0.2.9-uber.jar!/assets/ui/css/fxgl_dark.css)
15:40:41.093 [FXGL Launcher Thread     ] DEBUG InitScenesTask       - Injecting loadingScene & gameScene
15:40:41.105 [FXGL Launcher Thread     ] DEBUG FXGLMasterTimer      - Service [MasterTimer] initialized
15:40:41.107 [FXGL Launcher Thread     ] DEBUG FXGLAudioPlayer      - Service [AudioPlayer] initialized
15:40:41.113 [FXGL Launcher Thread     ] DEBUG GameApplication      - Starting new game
15:40:41.115 [FXGL Launcher Thread     ] DEBUG GameApplication      - Initializing App
15:40:41.116 [FXGL Launcher Thread     ] DEBUG FXGLInput            - Clearing active input actions
15:40:41.116 [FXGL Launcher Thread     ] DEBUG FXGLMasterTimer      - Stopping master timer
15:40:41.116 [FXGL Launcher Thread     ] DEBUG GameApplication      - State: STARTUP -> PAUSED
15:40:41.117 [FXGL Launcher Thread     ] DEBUG FXGLEventBus         - Firing event: FXGLEvent[type=PAUSE]
15:40:41.118 [FXGL Launcher Thread     ] DEBUG FXGLInput            - Clearing active input actions
15:40:41.118 [FXGL Launcher Thread     ] DEBUG FXGLMasterTimer      - Resetting ticks and clearing all actions
15:40:41.118 [FXGL Launcher Thread     ] DEBUG GameWorld            - Resetting game world
15:40:41.118 [FXGL Launcher Thread     ] TRACE EntityWorld          - Resetting entity world
15:40:41.119 [FXGL Launcher Thread     ] DEBUG PhysicsWorld         - Resetting physics world
15:40:41.120 [FXGL Launcher Thread     ] DEBUG GameScene            - Resetting game scene
15:40:41.120 [FXGL Launcher Thread     ] DEBUG FXGLEventBus         - Firing event: FXGLEvent[type=RESET]
15:40:41.151 [FXGL Launcher Thread     ] DEBUG GameApplication      - State: PAUSED -> LOADING
15:40:41.170 [FXGL Background Thread 1 ] DEBUG InitAppTask          - Initializing Assets
15:40:41.171 [FXGL Background Thread 1 ] DEBUG InitAppTask          - Initializing Game
15:40:41.175 [FXGL Background Thread 1 ] DEBUG FXGLAssetLoader      - Loading from disk: /assets/text/levels/level.txt
15:40:41.223 [JavaFX Application Thread] DEBUG FXGLDisplay          - Showing stage
15:40:41.224 [JavaFX Application Thread] DEBUG FXGLDisplay          - Root size: 960.0x840.0
15:40:41.224 [JavaFX Application Thread] DEBUG FXGLDisplay          - Scene size: 960.0x840.0
15:40:41.224 [JavaFX Application Thread] DEBUG FXGLDisplay          - Stage size: 976.0x879.0
15:40:41.259 [FXGL Background Thread 1 ] DEBUG FXGLAssetLoader      - Loading from disk: /assets/textures/blinkyBottom00.png
15:40:41.269 [FXGL Background Thread 1 ] DEBUG FXGLAssetLoader      - Loading from disk: /assets/textures/pinkyBottom00.png
15:40:41.271 [FXGL Background Thread 1 ] DEBUG FXGLAssetLoader      - Loading from disk: /assets/textures/inkyBottom00.png
15:40:41.274 [FXGL Background Thread 1 ] DEBUG FXGLAssetLoader      - Loading from disk: /assets/textures/clydeBottom00.png
15:40:41.298 [FXGL Background Thread 1 ] DEBUG FXGLAssetLoader      - Loading from disk: /assets/textures/pacman0.png
15:40:41.313 [FXGL Background Thread 1 ] DEBUG GameWorld            - Resetting game world
15:40:41.314 [FXGL Background Thread 1 ] TRACE EntityWorld          - Resetting entity world
15:40:41.314 [FXGL Background Thread 1 ] DEBUG PhysicsWorld         - Resetting physics world
15:40:41.314 [FXGL Background Thread 1 ] DEBUG GameScene            - Resetting game scene
15:40:41.314 [FXGL Background Thread 1 ] DEBUG GameWorld            - Setting level: com.almasb.fxgl.gameplay.Level@4ea28b9b
15:40:41.315 [FXGL Background Thread 1 ] DEBUG InitAppTask          - Initializing Physics
15:40:41.316 [FXGL Background Thread 1 ] DEBUG InitAppTask          - Initializing UI
15:40:41.316 [FXGL Background Thread 1 ] DEBUG FXGLAssetLoader      - Loading from disk: /assets/ui/pacman_ui.fxml
15:40:41.344 [FXGL Background Thread 1 ] DEBUG GameScene            - Adding UI node: Pane@6f9ef5c7
15:40:41.345 [FXGL Background Thread 1 ] DEBUG GameScene            - Adding UI node: Label@52c7e385[styleClass=label]'Lives:'
15:40:41.345 [FXGL Background Thread 1 ] DEBUG GameScene            - Adding UI node: Circle[centerX=0.0, centerY=0.0, radius=15.0, fill=0xffff00ff, stroke=0x000000ff, strokeWidth=1.0]
15:40:41.345 [FXGL Background Thread 1 ] DEBUG GameScene            - Adding UI node: Circle[centerX=0.0, centerY=0.0, radius=15.0, fill=0xffff00ff, stroke=0x000000ff, strokeWidth=1.0]
15:40:41.345 [FXGL Background Thread 1 ] DEBUG GameScene            - Adding UI node: Circle[centerX=0.0, centerY=0.0, radius=15.0, fill=0xffff00ff, stroke=0x000000ff, strokeWidth=1.0]
15:40:41.346 [FXGL Background Thread 1 ] DEBUG InitAppTask          - Initialization Complete
15:40:41.347 [JavaFX Application Thread] DEBUG FXGLInput            - Clearing active input actions
15:40:41.347 [JavaFX Application Thread] DEBUG FXGLMasterTimer      - Starting master timer
15:40:41.347 [JavaFX Application Thread] DEBUG GameApplication      - State: LOADING -> PLAYING
15:40:41.353 [JavaFX Application Thread] DEBUG FXGLEventBus         - Firing event: FXGLEvent[type=RESUME]
15:40:41.356 [JavaFX Application Thread] DEBUG GameScene            - Entity added to scene
15:40:41.356 [JavaFX Application Thread] DEBUG GameScene            - Added MainViewComponent
15:40:41.358 [JavaFX Application Thread] DEBUG GameScene            - Creating render group for layer: TOP(2147483647)
15:40:41.360 [JavaFX Application Thread] DEBUG GameScene            - Entity added to scene
15:40:41.360 [JavaFX Application Thread] DEBUG GameScene            - Added MainViewComponent
15:40:41.360 [JavaFX Application Thread] DEBUG GameScene            - Entity added to scene
15:40:41.360 [JavaFX Application Thread] DEBUG GameScene            - Added MainViewComponent
15:40:41.360 [JavaFX Application Thread] DEBUG GameScene            - Entity added to scene
15:40:41.361 [JavaFX Application Thread] DEBUG GameScene            - Added MainViewComponent
15:40:41.361 [JavaFX Application Thread] DEBUG GameScene            - Entity added to scene
15:40:41.361 [JavaFX Application Thread] DEBUG GameScene            - Added MainViewComponent
15:40:41.361 [JavaFX Application Thread] DEBUG GameScene            - Entity added to scene
15:40:41.361 [JavaFX Application Thread] DEBUG GameScene            - Added MainViewComponent
15:40:41.361 [JavaFX Application Thread] DEBUG GameScene            - Entity added to scene
15:40:41.361 [JavaFX Application Thread] DEBUG GameScene            - Added MainViewComponent
15:40:41.361 [JavaFX Application Thread] DEBUG GameScene            - Entity added to scene
15:40:41.361 [JavaFX Application Thread] DEBUG GameScene            - Added MainViewComponent
15:40:41.361 [JavaFX Application Thread] DEBUG GameScene            - Entity added to scene
15:40:41.361 [JavaFX Application Thread] DEBUG GameScene            - Added MainViewComponent
15:40:41.361 [JavaFX Application Thread] DEBUG GameScene            - Entity added to scene
15:40:41.362 [JavaFX Application Thread] DEBUG GameScene            - Added MainViewComponent
15:40:41.362 [JavaFX Application Thread] DEBUG GameScene            - Entity added to scene
15:40:41.362 [JavaFX Application Thread] DEBUG GameScene            - Added MainViewComponent
15:40:41.362 [JavaFX Application Thread] DEBUG GameScene            - Entity added to scene
15:40:41.362 [JavaFX Application Thread] DEBUG GameScene            - Added MainViewComponent
15:40:41.362 [JavaFX Application Thread] DEBUG GameScene            - Entity added to scene
15:40:41.362 [JavaFX Application Thread] DEBUG GameScene            - Added MainViewComponent
15:40:41.362 [JavaFX Application Thread] DEBUG GameScene            - Entity added to scene
15:40:41.362 [JavaFX Application Thread] DEBUG GameScene            - Added MainViewComponent
15:40:41.362 [JavaFX Application Thread] DEBUG GameScene            - Entity added to scene
15:40:41.362 [JavaFX Application Thread] DEBUG GameScene            - Added MainViewComponent
15:40:41.362 [JavaFX Application Thread] DEBUG GameScene            - Entity added to scene
15:40:41.363 [JavaFX Application Thread] DEBUG GameScene            - Added MainViewComponent
15:40:41.363 [JavaFX Application Thread] DEBUG GameScene            - Entity added to scene
15:40:41.363 [JavaFX Application Thread] DEBUG GameScene            - Added MainViewComponent
15:40:41.363 [JavaFX Application Thread] DEBUG GameScene            - Entity added to scene
15:40:41.363 [JavaFX Application Thread] DEBUG GameScene            - Added MainViewComponent
15:40:41.363 [JavaFX Application Thread] DEBUG GameScene            - Entity added to scene
15:40:41.363 [JavaFX Application Thread] DEBUG GameScene            - Added MainViewComponent
15:40:41.363 [JavaFX Application Thread] DEBUG GameScene            - Entity added to scene
15:40:41.363 [JavaFX Application Thread] DEBUG GameScene            - Added MainViewComponent
15:40:41.363 [JavaFX Application Thread] DEBUG GameScene            - Entity added to scene
15:40:41.363 [JavaFX Application Thread] DEBUG GameScene            - Added MainViewComponent
15:40:41.364 [JavaFX Application Thread] DEBUG GameScene            - Creating render group for layer: BACKGROUND2(1001)
15:40:41.364 [JavaFX Application Thread] DEBUG GameScene            - Entity added to scene
15:40:41.364 [JavaFX Application Thread] DEBUG GameScene            - Added MainViewComponent
15:40:41.364 [JavaFX Application Thread] DEBUG GameScene            - Entity added to scene
15:40:41.364 [JavaFX Application Thread] DEBUG GameScene            - Added MainViewComponent
15:40:41.364 [JavaFX Application Thread] DEBUG GameScene            - Entity added to scene
15:40:41.364 [JavaFX Application Thread] DEBUG GameScene            - Added MainViewComponent
15:40:41.365 [JavaFX Application Thread] DEBUG GameScene            - Entity added to scene
15:40:41.365 [JavaFX Application Thread] DEBUG GameScene            - Added MainViewComponent
15:40:41.365 [JavaFX Application Thread] DEBUG GameScene            - Entity added to scene
15:40:41.365 [JavaFX Application Thread] DEBUG GameScene            - Added MainViewComponent
15:40:41.365 [JavaFX Application Thread] DEBUG GameScene            - Entity added to scene
15:40:41.365 [JavaFX Application Thread] DEBUG GameScene            - Added MainViewComponent
15:40:41.365 [JavaFX Application Thread] DEBUG GameScene            - Entity added to scene
15:40:41.365 [JavaFX Application Thread] DEBUG GameScene            - Added MainViewComponent
15:40:41.365 [JavaFX Application Thread] DEBUG GameScene            - Entity added to scene
15:40:41.365 [JavaFX Application Thread] DEBUG GameScene            - Added MainViewComponent
15:40:41.365 [JavaFX Application Thread] DEBUG GameScene            - Entity added to scene
15:40:41.365 [JavaFX Application Thread] DEBUG GameScene            - Added MainViewComponent
15:40:41.365 [JavaFX Application Thread] DEBUG GameScene            - Entity added to scene
15:40:41.366 [JavaFX Application Thread] DEBUG GameScene            - Added MainViewComponent
15:40:41.366 [JavaFX Application Thread] DEBUG GameScene            - Entity added to scene
15:40:41.366 [JavaFX Application Thread] DEBUG GameScene            - Added MainViewComponent
15:40:41.366 [JavaFX Application Thread] DEBUG GameScene            - Entity added to scene
15:40:41.366 [JavaFX Application Thread] DEBUG GameScene            - Added MainViewComponent
15:40:41.366 [JavaFX Application Thread] DEBUG GameScene            - Entity added to scene
15:40:41.366 [JavaFX Application Thread] DEBUG GameScene            - Added MainViewComponent
15:40:41.366 [JavaFX Application Thread] DEBUG GameScene            - Entity added to scene
15:40:41.366 [JavaFX Application Thread] DEBUG GameScene            - Added MainViewComponent
15:40:41.366 [JavaFX Application Thread] DEBUG GameScene            - Entity added to scene
15:40:41.367 [JavaFX Application Thread] DEBUG GameScene            - Added MainViewComponent
15:40:41.367 [JavaFX Application Thread] DEBUG GameScene            - Entity added to scene
15:40:41.367 [JavaFX Application Thread] DEBUG GameScene            - Added MainViewComponent
15:40:41.367 [JavaFX Application Thread] DEBUG GameScene            - Entity added to scene
15:40:41.367 [JavaFX Application Thread] DEBUG GameScene            - Added MainViewComponent
15:40:41.367 [JavaFX Application Thread] DEBUG GameScene            - Entity added to scene
15:40:41.367 [JavaFX Application Thread] DEBUG GameScene            - Added MainViewComponent
15:40:41.367 [JavaFX Application Thread] DEBUG GameScene            - Entity added to scene
15:40:41.367 [JavaFX Application Thread] DEBUG GameScene            - Added MainViewComponent
15:40:41.368 [JavaFX Application Thread] DEBUG GameScene            - Entity added to scene
15:40:41.368 [JavaFX Application Thread] DEBUG GameScene            - Added MainViewComponent
15:40:41.368 [JavaFX Application Thread] DEBUG GameScene            - Entity added to scene
15:40:41.368 [JavaFX Application Thread] DEBUG GameScene            - Added MainViewComponent
15:40:41.368 [JavaFX Application Thread] DEBUG GameScene            - Entity added to scene
15:40:41.368 [JavaFX Application Thread] DEBUG GameScene            - Added MainViewComponent
15:40:41.368 [JavaFX Application Thread] DEBUG GameScene            - Entity added to scene
15:40:41.368 [JavaFX Application Thread] DEBUG GameScene            - Added MainViewComponent
15:40:41.368 [JavaFX Application Thread] DEBUG GameScene            - Entity added to scene
15:40:41.368 [JavaFX Application Thread] DEBUG GameScene            - Added MainViewComponent
15:40:41.368 [JavaFX Application Thread] DEBUG GameScene            - Entity added to scene
15:40:41.368 [JavaFX Application Thread] DEBUG GameScene            - Added MainViewComponent
15:40:41.368 [JavaFX Application Thread] DEBUG GameScene            - Entity added to scene
15:40:41.368 [JavaFX Application Thread] DEBUG GameScene            - Added MainViewComponent
15:40:41.369 [JavaFX Application Thread] DEBUG GameScene            - Entity added to scene
15:40:41.369 [JavaFX Application Thread] DEBUG GameScene            - Added MainViewComponent
15:40:41.369 [JavaFX Application Thread] DEBUG GameScene            - Entity added to scene
15:40:41.369 [JavaFX Application Thread] DEBUG GameScene            - Added MainViewComponent
15:40:41.369 [JavaFX Application Thread] DEBUG GameScene            - Entity added to scene
15:40:41.369 [JavaFX Application Thread] DEBUG GameScene            - Added MainViewComponent
15:40:41.369 [JavaFX Application Thread] DEBUG GameScene            - Entity added to scene
15:40:41.369 [JavaFX Application Thread] DEBUG GameScene            - Added MainViewComponent
15:40:41.369 [JavaFX Application Thread] DEBUG GameScene            - Entity added to scene
15:40:41.369 [JavaFX Application Thread] DEBUG GameScene            - Added MainViewComponent
15:40:41.369 [JavaFX Application Thread] DEBUG GameScene            - Entity added to scene
15:40:41.369 [JavaFX Application Thread] DEBUG GameScene            - Added MainViewComponent
15:40:41.370 [JavaFX Application Thread] DEBUG GameScene            - Entity added to scene
15:40:41.370 [JavaFX Application Thread] DEBUG GameScene            - Added MainViewComponent
15:40:41.370 [JavaFX Application Thread] DEBUG GameScene            - Entity added to scene
15:40:41.370 [JavaFX Application Thread] DEBUG GameScene            - Added MainViewComponent
15:40:41.370 [JavaFX Application Thread] DEBUG GameScene            - Entity added to scene
15:40:41.370 [JavaFX Application Thread] DEBUG GameScene            - Added MainViewComponent
15:40:41.370 [JavaFX Application Thread] DEBUG GameScene            - Entity added to scene
15:40:41.370 [JavaFX Application Thread] DEBUG GameScene            - Added MainViewComponent
15:40:41.370 [JavaFX Application Thread] DEBUG GameScene            - Entity added to scene
15:40:41.370 [JavaFX Application Thread] DEBUG GameScene            - Added MainViewComponent
15:40:41.370 [JavaFX Application Thread] DEBUG GameScene            - Entity added to scene
15:40:41.370 [JavaFX Application Thread] DEBUG GameScene            - Added MainViewComponent
15:40:41.371 [JavaFX Application Thread] DEBUG GameScene            - Entity added to scene
15:40:41.371 [JavaFX Application Thread] DEBUG GameScene            - Added MainViewComponent
15:40:41.371 [JavaFX Application Thread] DEBUG GameScene            - Entity added to scene
15:40:41.371 [JavaFX Application Thread] DEBUG GameScene            - Added MainViewComponent
15:40:41.371 [JavaFX Application Thread] DEBUG GameScene            - Entity added to scene
15:40:41.371 [JavaFX Application Thread] DEBUG GameScene            - Added MainViewComponent
15:40:41.371 [JavaFX Application Thread] DEBUG GameScene            - Entity added to scene
15:40:41.371 [JavaFX Application Thread] DEBUG GameScene            - Added MainViewComponent
15:40:41.372 [JavaFX Application Thread] DEBUG GameScene            - Entity added to scene
15:40:41.372 [JavaFX Application Thread] DEBUG GameScene            - Added MainViewComponent
15:40:41.372 [JavaFX Application Thread] DEBUG GameScene            - Entity added to scene
15:40:41.372 [JavaFX Application Thread] DEBUG GameScene            - Added MainViewComponent
15:40:41.372 [JavaFX Application Thread] DEBUG GameScene            - Entity added to scene
15:40:41.372 [JavaFX Application Thread] DEBUG GameScene            - Added MainViewComponent
15:40:41.372 [JavaFX Application Thread] DEBUG GameScene            - Entity added to scene
15:40:41.372 [JavaFX Application Thread] DEBUG GameScene            - Added MainViewComponent
15:40:41.373 [JavaFX Application Thread] DEBUG GameScene            - Entity added to scene
15:40:41.373 [JavaFX Application Thread] DEBUG GameScene            - Added MainViewComponent
15:40:41.373 [JavaFX Application Thread] DEBUG GameScene            - Entity added to scene
15:40:41.373 [JavaFX Application Thread] DEBUG GameScene            - Added MainViewComponent
15:40:41.373 [JavaFX Application Thread] DEBUG GameScene            - Entity added to scene
15:40:41.373 [JavaFX Application Thread] DEBUG GameScene            - Added MainViewComponent
15:40:41.373 [JavaFX Application Thread] DEBUG GameScene            - Entity added to scene
15:40:41.373 [JavaFX Application Thread] DEBUG GameScene            - Added MainViewComponent
15:40:41.373 [JavaFX Application Thread] DEBUG GameScene            - Entity added to scene
15:40:41.373 [JavaFX Application Thread] DEBUG GameScene            - Added MainViewComponent
15:40:41.373 [JavaFX Application Thread] DEBUG GameScene            - Entity added to scene
15:40:41.373 [JavaFX Application Thread] DEBUG GameScene            - Added MainViewComponent
15:40:41.373 [JavaFX Application Thread] DEBUG GameScene            - Entity added to scene
15:40:41.374 [JavaFX Application Thread] DEBUG GameScene            - Added MainViewComponent
15:40:41.374 [JavaFX Application Thread] DEBUG GameScene            - Entity added to scene
15:40:41.374 [JavaFX Application Thread] DEBUG GameScene            - Added MainViewComponent
15:40:41.374 [JavaFX Application Thread] DEBUG GameScene            - Entity added to scene
15:40:41.374 [JavaFX Application Thread] DEBUG GameScene            - Added MainViewComponent
15:40:41.374 [JavaFX Application Thread] DEBUG GameScene            - Entity added to scene
15:40:41.374 [JavaFX Application Thread] DEBUG GameScene            - Added MainViewComponent
15:40:41.374 [JavaFX Application Thread] DEBUG GameScene            - Entity added to scene
15:40:41.374 [JavaFX Application Thread] DEBUG GameScene            - Added MainViewComponent
15:40:41.374 [JavaFX Application Thread] DEBUG GameScene            - Entity added to scene
15:40:41.374 [JavaFX Application Thread] DEBUG GameScene            - Added MainViewComponent
15:40:41.374 [JavaFX Application Thread] DEBUG GameScene            - Entity added to scene
15:40:41.374 [JavaFX Application Thread] DEBUG GameScene            - Added MainViewComponent
15:40:41.375 [JavaFX Application Thread] DEBUG GameScene            - Entity added to scene
15:40:41.375 [JavaFX Application Thread] DEBUG GameScene            - Added MainViewComponent
15:40:41.375 [JavaFX Application Thread] DEBUG GameScene            - Entity added to scene
15:40:41.375 [JavaFX Application Thread] DEBUG GameScene            - Added MainViewComponent
15:40:41.375 [JavaFX Application Thread] DEBUG GameScene            - Entity added to scene
15:40:41.375 [JavaFX Application Thread] DEBUG GameScene            - Added MainViewComponent
15:40:41.375 [JavaFX Application Thread] DEBUG GameScene            - Entity added to scene
15:40:41.375 [JavaFX Application Thread] DEBUG GameScene            - Added MainViewComponent
15:40:41.375 [JavaFX Application Thread] DEBUG GameScene            - Entity added to scene
15:40:41.375 [JavaFX Application Thread] DEBUG GameScene            - Added MainViewComponent
15:40:41.376 [JavaFX Application Thread] DEBUG GameScene            - Entity added to scene
15:40:41.376 [JavaFX Application Thread] DEBUG GameScene            - Added MainViewComponent
15:40:41.376 [JavaFX Application Thread] DEBUG GameScene            - Entity added to scene
15:40:41.376 [JavaFX Application Thread] DEBUG GameScene            - Added MainViewComponent
15:40:41.376 [JavaFX Application Thread] DEBUG GameScene            - Entity added to scene
15:40:41.376 [JavaFX Application Thread] DEBUG GameScene            - Added MainViewComponent
15:40:41.376 [JavaFX Application Thread] DEBUG GameScene            - Entity added to scene
15:40:41.376 [JavaFX Application Thread] DEBUG GameScene            - Added MainViewComponent
15:40:41.376 [JavaFX Application Thread] DEBUG GameScene            - Entity added to scene
15:40:41.376 [JavaFX Application Thread] DEBUG GameScene            - Added MainViewComponent
15:40:41.377 [JavaFX Application Thread] DEBUG GameScene            - Entity added to scene
15:40:41.377 [JavaFX Application Thread] DEBUG GameScene            - Added MainViewComponent
15:40:41.377 [JavaFX Application Thread] DEBUG GameScene            - Entity added to scene
15:40:41.378 [JavaFX Application Thread] DEBUG GameScene            - Added MainViewComponent
15:40:41.378 [JavaFX Application Thread] DEBUG GameScene            - Entity added to scene
15:40:41.378 [JavaFX Application Thread] DEBUG GameScene            - Added MainViewComponent
15:40:41.378 [JavaFX Application Thread] DEBUG GameScene            - Entity added to scene
15:40:41.378 [JavaFX Application Thread] DEBUG GameScene            - Added MainViewComponent
15:40:41.378 [JavaFX Application Thread] DEBUG GameScene            - Entity added to scene
15:40:41.378 [JavaFX Application Thread] DEBUG GameScene            - Added MainViewComponent
15:40:41.378 [JavaFX Application Thread] DEBUG GameScene            - Entity added to scene
15:40:41.378 [JavaFX Application Thread] DEBUG GameScene            - Added MainViewComponent
15:40:41.378 [JavaFX Application Thread] DEBUG GameScene            - Entity added to scene
15:40:41.378 [JavaFX Application Thread] DEBUG GameScene            - Added MainViewComponent
15:40:41.378 [JavaFX Application Thread] DEBUG GameScene            - Entity added to scene
15:40:41.378 [JavaFX Application Thread] DEBUG GameScene            - Added MainViewComponent
15:40:41.378 [JavaFX Application Thread] DEBUG GameScene            - Entity added to scene
15:40:41.378 [JavaFX Application Thread] DEBUG GameScene            - Added MainViewComponent
15:40:41.378 [JavaFX Application Thread] DEBUG GameScene            - Entity added to scene
15:40:41.378 [JavaFX Application Thread] DEBUG GameScene            - Added MainViewComponent
15:40:41.378 [JavaFX Application Thread] DEBUG GameScene            - Entity added to scene
15:40:41.378 [JavaFX Application Thread] DEBUG GameScene            - Added MainViewComponent
15:40:41.379 [JavaFX Application Thread] DEBUG GameScene            - Entity added to scene
15:40:41.379 [JavaFX Application Thread] DEBUG GameScene            - Added MainViewComponent
15:40:41.379 [JavaFX Application Thread] DEBUG GameScene            - Entity added to scene
15:40:41.379 [JavaFX Application Thread] DEBUG GameScene            - Added MainViewComponent
15:40:41.379 [JavaFX Application Thread] DEBUG GameScene            - Entity added to scene
15:40:41.379 [JavaFX Application Thread] DEBUG GameScene            - Added MainViewComponent
15:40:41.379 [JavaFX Application Thread] DEBUG GameScene            - Entity added to scene
15:40:41.379 [JavaFX Application Thread] DEBUG GameScene            - Added MainViewComponent
15:40:41.379 [JavaFX Application Thread] DEBUG GameScene            - Entity added to scene
15:40:41.379 [JavaFX Application Thread] DEBUG GameScene            - Added MainViewComponent
15:40:41.379 [JavaFX Application Thread] DEBUG GameScene            - Entity added to scene
15:40:41.379 [JavaFX Application Thread] DEBUG GameScene            - Added MainViewComponent
15:40:41.380 [JavaFX Application Thread] DEBUG GameScene            - Entity added to scene
15:40:41.380 [JavaFX Application Thread] DEBUG GameScene            - Added MainViewComponent
15:40:41.380 [JavaFX Application Thread] DEBUG GameScene            - Entity added to scene
15:40:41.380 [JavaFX Application Thread] DEBUG GameScene            - Added MainViewComponent
15:40:41.380 [JavaFX Application Thread] DEBUG GameScene            - Entity added to scene
15:40:41.380 [JavaFX Application Thread] DEBUG GameScene            - Added MainViewComponent
15:40:41.380 [JavaFX Application Thread] DEBUG GameScene            - Entity added to scene
15:40:41.380 [JavaFX Application Thread] DEBUG GameScene            - Added MainViewComponent
15:40:41.380 [JavaFX Application Thread] DEBUG GameScene            - Entity added to scene
15:40:41.380 [JavaFX Application Thread] DEBUG GameScene            - Added MainViewComponent
15:40:41.380 [JavaFX Application Thread] DEBUG GameScene            - Entity added to scene
15:40:41.380 [JavaFX Application Thread] DEBUG GameScene            - Added MainViewComponent
15:40:41.380 [JavaFX Application Thread] DEBUG GameScene            - Entity added to scene
15:40:41.380 [JavaFX Application Thread] DEBUG GameScene            - Added MainViewComponent
15:40:41.381 [JavaFX Application Thread] DEBUG GameScene            - Entity added to scene
15:40:41.381 [JavaFX Application Thread] DEBUG GameScene            - Added MainViewComponent
15:40:41.381 [JavaFX Application Thread] DEBUG GameScene            - Entity added to scene
15:40:41.381 [JavaFX Application Thread] DEBUG GameScene            - Added MainViewComponent
15:40:41.381 [JavaFX Application Thread] DEBUG GameScene            - Entity added to scene
15:40:41.381 [JavaFX Application Thread] DEBUG GameScene            - Added MainViewComponent
15:40:41.381 [JavaFX Application Thread] DEBUG GameScene            - Entity added to scene
15:40:41.381 [JavaFX Application Thread] DEBUG GameScene            - Added MainViewComponent
15:40:41.382 [JavaFX Application Thread] DEBUG GameScene            - Entity added to scene
15:40:41.382 [JavaFX Application Thread] DEBUG GameScene            - Added MainViewComponent
15:40:41.382 [JavaFX Application Thread] DEBUG GameScene            - Entity added to scene
15:40:41.382 [JavaFX Application Thread] DEBUG GameScene            - Added MainViewComponent
15:40:41.382 [JavaFX Application Thread] DEBUG GameScene            - Entity added to scene
15:40:41.382 [JavaFX Application Thread] DEBUG GameScene            - Added MainViewComponent
15:40:41.382 [JavaFX Application Thread] DEBUG GameScene            - Entity added to scene
15:40:41.382 [JavaFX Application Thread] DEBUG GameScene            - Added MainViewComponent
15:40:41.382 [JavaFX Application Thread] DEBUG GameScene            - Entity added to scene
15:40:41.382 [JavaFX Application Thread] DEBUG GameScene            - Added MainViewComponent
15:40:41.382 [JavaFX Application Thread] DEBUG GameScene            - Entity added to scene
15:40:41.382 [JavaFX Application Thread] DEBUG GameScene            - Added MainViewComponent
15:40:41.382 [JavaFX Application Thread] DEBUG GameScene            - Entity added to scene
15:40:41.382 [JavaFX Application Thread] DEBUG GameScene            - Added MainViewComponent
15:40:41.382 [JavaFX Application Thread] DEBUG GameScene            - Entity added to scene
15:40:41.382 [JavaFX Application Thread] DEBUG GameScene            - Added MainViewComponent
15:40:41.383 [JavaFX Application Thread] DEBUG GameScene            - Entity added to scene
15:40:41.383 [JavaFX Application Thread] DEBUG GameScene            - Added MainViewComponent
15:40:41.383 [JavaFX Application Thread] DEBUG GameScene            - Entity added to scene
15:40:41.383 [JavaFX Application Thread] DEBUG GameScene            - Added MainViewComponent
15:40:41.383 [JavaFX Application Thread] DEBUG GameScene            - Entity added to scene
15:40:41.383 [JavaFX Application Thread] DEBUG GameScene            - Added MainViewComponent
15:40:41.383 [JavaFX Application Thread] DEBUG GameScene            - Entity added to scene
15:40:41.383 [JavaFX Application Thread] DEBUG GameScene            - Added MainViewComponent
15:40:41.384 [JavaFX Application Thread] DEBUG GameScene            - Entity added to scene
15:40:41.384 [JavaFX Application Thread] DEBUG GameScene            - Added MainViewComponent
15:40:41.384 [JavaFX Application Thread] DEBUG GameScene            - Entity added to scene
15:40:41.384 [JavaFX Application Thread] DEBUG GameScene            - Added MainViewComponent
15:40:41.384 [JavaFX Application Thread] DEBUG GameScene            - Entity added to scene
15:40:41.384 [JavaFX Application Thread] DEBUG GameScene            - Added MainViewComponent
15:40:41.384 [JavaFX Application Thread] DEBUG GameScene            - Entity added to scene
15:40:41.384 [JavaFX Application Thread] DEBUG GameScene            - Added MainViewComponent
15:40:41.384 [JavaFX Application Thread] DEBUG GameScene            - Entity added to scene
15:40:41.384 [JavaFX Application Thread] DEBUG GameScene            - Added MainViewComponent
15:40:41.384 [JavaFX Application Thread] DEBUG GameScene            - Entity added to scene
15:40:41.384 [JavaFX Application Thread] DEBUG GameScene            - Added MainViewComponent
15:40:41.384 [JavaFX Application Thread] DEBUG GameScene            - Entity added to scene
15:40:41.384 [JavaFX Application Thread] DEBUG GameScene            - Added MainViewComponent
15:40:41.384 [JavaFX Application Thread] DEBUG GameScene            - Entity added to scene
15:40:41.384 [JavaFX Application Thread] DEBUG GameScene            - Added MainViewComponent
15:40:41.384 [JavaFX Application Thread] DEBUG GameScene            - Entity added to scene
15:40:41.384 [JavaFX Application Thread] DEBUG GameScene            - Added MainViewComponent
15:40:41.384 [JavaFX Application Thread] DEBUG GameScene            - Entity added to scene
15:40:41.384 [JavaFX Application Thread] DEBUG GameScene            - Added MainViewComponent
15:40:41.384 [JavaFX Application Thread] DEBUG GameScene            - Entity added to scene
15:40:41.384 [JavaFX Application Thread] DEBUG GameScene            - Added MainViewComponent
15:40:41.384 [JavaFX Application Thread] DEBUG GameScene            - Entity added to scene
15:40:41.385 [JavaFX Application Thread] DEBUG GameScene            - Added MainViewComponent
15:40:41.385 [JavaFX Application Thread] DEBUG GameScene            - Entity added to scene
15:40:41.385 [JavaFX Application Thread] DEBUG GameScene            - Added MainViewComponent
15:40:41.385 [JavaFX Application Thread] DEBUG GameScene            - Entity added to scene
15:40:41.385 [JavaFX Application Thread] DEBUG GameScene            - Added MainViewComponent
15:40:41.385 [JavaFX Application Thread] DEBUG GameScene            - Entity added to scene
15:40:41.385 [JavaFX Application Thread] DEBUG GameScene            - Added MainViewComponent
15:40:41.385 [JavaFX Application Thread] DEBUG GameScene            - Entity added to scene
15:40:41.385 [JavaFX Application Thread] DEBUG GameScene            - Added MainViewComponent
15:40:41.385 [JavaFX Application Thread] DEBUG GameScene            - Entity added to scene
15:40:41.385 [JavaFX Application Thread] DEBUG GameScene            - Added MainViewComponent
15:40:41.385 [JavaFX Application Thread] DEBUG GameScene            - Entity added to scene
15:40:41.385 [JavaFX Application Thread] DEBUG GameScene            - Added MainViewComponent
15:40:41.386 [JavaFX Application Thread] DEBUG GameScene            - Entity added to scene
15:40:41.386 [JavaFX Application Thread] DEBUG GameScene            - Added MainViewComponent
15:40:41.386 [JavaFX Application Thread] DEBUG GameScene            - Entity added to scene
15:40:41.386 [JavaFX Application Thread] DEBUG GameScene            - Added MainViewComponent
15:40:41.386 [JavaFX Application Thread] DEBUG GameScene            - Entity added to scene
15:40:41.386 [JavaFX Application Thread] DEBUG GameScene            - Added MainViewComponent
15:40:41.386 [JavaFX Application Thread] DEBUG GameScene            - Entity added to scene
15:40:41.386 [JavaFX Application Thread] DEBUG GameScene            - Added MainViewComponent
15:40:41.387 [JavaFX Application Thread] DEBUG GameScene            - Entity added to scene
15:40:41.387 [JavaFX Application Thread] DEBUG GameScene            - Added MainViewComponent
15:40:41.387 [JavaFX Application Thread] DEBUG GameScene            - Entity added to scene
15:40:41.387 [JavaFX Application Thread] DEBUG GameScene            - Added MainViewComponent
15:40:41.387 [JavaFX Application Thread] DEBUG GameScene            - Entity added to scene
15:40:41.387 [JavaFX Application Thread] DEBUG GameScene            - Added MainViewComponent
15:40:41.387 [JavaFX Application Thread] DEBUG GameScene            - Entity added to scene
15:40:41.387 [JavaFX Application Thread] DEBUG GameScene            - Added MainViewComponent
15:40:41.387 [JavaFX Application Thread] DEBUG GameScene            - Entity added to scene
15:40:41.387 [JavaFX Application Thread] DEBUG GameScene            - Added MainViewComponent
15:40:41.387 [JavaFX Application Thread] DEBUG GameScene            - Entity added to scene
15:40:41.388 [JavaFX Application Thread] DEBUG GameScene            - Added MainViewComponent
15:40:41.388 [JavaFX Application Thread] DEBUG GameScene            - Entity added to scene
15:40:41.388 [JavaFX Application Thread] DEBUG GameScene            - Added MainViewComponent
15:40:41.388 [JavaFX Application Thread] DEBUG GameScene            - Entity added to scene
15:40:41.388 [JavaFX Application Thread] DEBUG GameScene            - Added MainViewComponent
15:40:41.389 [JavaFX Application Thread] DEBUG GameScene            - Entity added to scene
15:40:41.389 [JavaFX Application Thread] DEBUG GameScene            - Added MainViewComponent
15:40:41.389 [JavaFX Application Thread] DEBUG GameScene            - Entity added to scene
15:40:41.389 [JavaFX Application Thread] DEBUG GameScene            - Added MainViewComponent
15:40:41.389 [JavaFX Application Thread] DEBUG GameScene            - Entity added to scene
15:40:41.389 [JavaFX Application Thread] DEBUG GameScene            - Added MainViewComponent
15:40:41.389 [JavaFX Application Thread] DEBUG GameScene            - Entity added to scene
15:40:41.389 [JavaFX Application Thread] DEBUG GameScene            - Added MainViewComponent
15:40:41.389 [JavaFX Application Thread] DEBUG GameScene            - Entity added to scene
15:40:41.389 [JavaFX Application Thread] DEBUG GameScene            - Added MainViewComponent
15:40:41.389 [JavaFX Application Thread] DEBUG GameScene            - Entity added to scene
15:40:41.390 [JavaFX Application Thread] DEBUG GameScene            - Added MainViewComponent
15:40:41.390 [JavaFX Application Thread] DEBUG GameScene            - Entity added to scene
15:40:41.390 [JavaFX Application Thread] DEBUG GameScene            - Added MainViewComponent
15:40:41.390 [JavaFX Application Thread] DEBUG GameScene            - Entity added to scene
15:40:41.390 [JavaFX Application Thread] DEBUG GameScene            - Added MainViewComponent
15:40:41.390 [JavaFX Application Thread] DEBUG GameScene            - Entity added to scene
15:40:41.390 [JavaFX Application Thread] DEBUG GameScene            - Added MainViewComponent
15:40:41.390 [JavaFX Application Thread] DEBUG GameScene            - Entity added to scene
15:40:41.390 [JavaFX Application Thread] DEBUG GameScene            - Added MainViewComponent
15:40:41.390 [JavaFX Application Thread] DEBUG GameScene            - Entity added to scene
15:40:41.390 [JavaFX Application Thread] DEBUG GameScene            - Added MainViewComponent
15:40:41.391 [JavaFX Application Thread] DEBUG GameScene            - Entity added to scene
15:40:41.391 [JavaFX Application Thread] DEBUG GameScene            - Added MainViewComponent
15:40:41.391 [JavaFX Application Thread] DEBUG GameScene            - Entity added to scene
15:40:41.391 [JavaFX Application Thread] DEBUG GameScene            - Added MainViewComponent
15:40:41.391 [JavaFX Application Thread] DEBUG GameScene            - Entity added to scene
15:40:41.391 [JavaFX Application Thread] DEBUG GameScene            - Added MainViewComponent
15:40:41.391 [JavaFX Application Thread] DEBUG GameScene            - Entity added to scene
15:40:41.391 [JavaFX Application Thread] DEBUG GameScene            - Added MainViewComponent
15:40:41.391 [JavaFX Application Thread] DEBUG GameScene            - Entity added to scene
15:40:41.391 [JavaFX Application Thread] DEBUG GameScene            - Added MainViewComponent
15:40:41.391 [JavaFX Application Thread] DEBUG GameScene            - Entity added to scene
15:40:41.391 [JavaFX Application Thread] DEBUG GameScene            - Added MainViewComponent
15:40:41.391 [JavaFX Application Thread] DEBUG GameScene            - Entity added to scene
15:40:41.391 [JavaFX Application Thread] DEBUG GameScene            - Added MainViewComponent
15:40:41.391 [JavaFX Application Thread] DEBUG GameScene            - Entity added to scene
15:40:41.392 [JavaFX Application Thread] DEBUG GameScene            - Added MainViewComponent
15:40:41.392 [JavaFX Application Thread] DEBUG GameScene            - Entity added to scene
15:40:41.392 [JavaFX Application Thread] DEBUG GameScene            - Added MainViewComponent
15:40:41.392 [JavaFX Application Thread] DEBUG GameScene            - Entity added to scene
15:40:41.392 [JavaFX Application Thread] DEBUG GameScene            - Added MainViewComponent
15:40:41.392 [JavaFX Application Thread] DEBUG GameScene            - Entity added to scene
15:40:41.392 [JavaFX Application Thread] DEBUG GameScene            - Added MainViewComponent
15:40:41.392 [JavaFX Application Thread] DEBUG GameScene            - Entity added to scene
15:40:41.392 [JavaFX Application Thread] DEBUG GameScene            - Added MainViewComponent
15:40:41.392 [JavaFX Application Thread] DEBUG GameScene            - Entity added to scene
15:40:41.392 [JavaFX Application Thread] DEBUG GameScene            - Added MainViewComponent
15:40:41.392 [JavaFX Application Thread] DEBUG GameScene            - Entity added to scene
15:40:41.392 [JavaFX Application Thread] DEBUG GameScene            - Added MainViewComponent
15:40:41.392 [JavaFX Application Thread] DEBUG GameScene            - Entity added to scene
15:40:41.392 [JavaFX Application Thread] DEBUG GameScene            - Added MainViewComponent
15:40:41.393 [JavaFX Application Thread] DEBUG GameScene            - Entity added to scene
15:40:41.393 [JavaFX Application Thread] DEBUG GameScene            - Added MainViewComponent
15:40:41.393 [JavaFX Application Thread] DEBUG GameScene            - Entity added to scene
15:40:41.393 [JavaFX Application Thread] DEBUG GameScene            - Added MainViewComponent
15:40:41.393 [JavaFX Application Thread] DEBUG GameScene            - Entity added to scene
15:40:41.393 [JavaFX Application Thread] DEBUG GameScene            - Added MainViewComponent
15:40:41.393 [JavaFX Application Thread] DEBUG GameScene            - Entity added to scene
15:40:41.393 [JavaFX Application Thread] DEBUG GameScene            - Added MainViewComponent
15:40:41.393 [JavaFX Application Thread] DEBUG GameScene            - Entity added to scene
15:40:41.393 [JavaFX Application Thread] DEBUG GameScene            - Added MainViewComponent
15:40:41.393 [JavaFX Application Thread] DEBUG GameScene            - Entity added to scene
15:40:41.393 [JavaFX Application Thread] DEBUG GameScene            - Added MainViewComponent
15:40:41.393 [JavaFX Application Thread] DEBUG GameScene            - Entity added to scene
15:40:41.393 [JavaFX Application Thread] DEBUG GameScene            - Added MainViewComponent
15:40:41.393 [JavaFX Application Thread] DEBUG GameScene            - Entity added to scene
15:40:41.393 [JavaFX Application Thread] DEBUG GameScene            - Added MainViewComponent
15:40:41.394 [JavaFX Application Thread] DEBUG GameScene            - Entity added to scene
15:40:41.394 [JavaFX Application Thread] DEBUG GameScene            - Added MainViewComponent
15:40:41.394 [JavaFX Application Thread] DEBUG GameScene            - Entity added to scene
15:40:41.394 [JavaFX Application Thread] DEBUG GameScene            - Added MainViewComponent
15:40:41.394 [JavaFX Application Thread] DEBUG GameScene            - Entity added to scene
15:40:41.394 [JavaFX Application Thread] DEBUG GameScene            - Added MainViewComponent
15:40:41.394 [JavaFX Application Thread] DEBUG GameScene            - Entity added to scene
15:40:41.394 [JavaFX Application Thread] DEBUG GameScene            - Added MainViewComponent
15:40:41.394 [JavaFX Application Thread] DEBUG GameScene            - Entity added to scene
15:40:41.394 [JavaFX Application Thread] DEBUG GameScene            - Added MainViewComponent
15:40:41.394 [JavaFX Application Thread] DEBUG GameScene            - Entity added to scene
15:40:41.394 [JavaFX Application Thread] DEBUG GameScene            - Added MainViewComponent
15:40:41.394 [JavaFX Application Thread] DEBUG GameScene            - Entity added to scene
15:40:41.394 [JavaFX Application Thread] DEBUG GameScene            - Added MainViewComponent
15:40:41.394 [JavaFX Application Thread] DEBUG GameScene            - Entity added to scene
15:40:41.394 [JavaFX Application Thread] DEBUG GameScene            - Added MainViewComponent
15:40:41.395 [JavaFX Application Thread] DEBUG GameScene            - Entity added to scene
15:40:41.395 [JavaFX Application Thread] DEBUG GameScene            - Added MainViewComponent
15:40:41.395 [JavaFX Application Thread] DEBUG GameScene            - Entity added to scene
15:40:41.395 [JavaFX Application Thread] DEBUG GameScene            - Added MainViewComponent
15:40:41.395 [JavaFX Application Thread] DEBUG GameScene            - Entity added to scene
15:40:41.395 [JavaFX Application Thread] DEBUG GameScene            - Added MainViewComponent
15:40:41.395 [JavaFX Application Thread] DEBUG GameScene            - Entity added to scene
15:40:41.395 [JavaFX Application Thread] DEBUG GameScene            - Added MainViewComponent
15:40:41.395 [JavaFX Application Thread] DEBUG GameScene            - Entity added to scene
15:40:41.395 [JavaFX Application Thread] DEBUG GameScene            - Added MainViewComponent
15:40:41.395 [JavaFX Application Thread] DEBUG GameScene            - Entity added to scene
15:40:41.395 [JavaFX Application Thread] DEBUG GameScene            - Added MainViewComponent
15:40:41.395 [JavaFX Application Thread] DEBUG GameScene            - Entity added to scene
15:40:41.395 [JavaFX Application Thread] DEBUG GameScene            - Added MainViewComponent
15:40:41.395 [JavaFX Application Thread] DEBUG GameScene            - Entity added to scene
15:40:41.395 [JavaFX Application Thread] DEBUG GameScene            - Added MainViewComponent
15:40:41.395 [JavaFX Application Thread] DEBUG GameScene            - Entity added to scene
15:40:41.395 [JavaFX Application Thread] DEBUG GameScene            - Added MainViewComponent
15:40:41.396 [JavaFX Application Thread] DEBUG GameScene            - Entity added to scene
15:40:41.396 [JavaFX Application Thread] DEBUG GameScene            - Added MainViewComponent
15:40:41.396 [JavaFX Application Thread] DEBUG GameScene            - Entity added to scene
15:40:41.396 [JavaFX Application Thread] DEBUG GameScene            - Added MainViewComponent
15:40:41.396 [JavaFX Application Thread] DEBUG GameScene            - Entity added to scene
15:40:41.396 [JavaFX Application Thread] DEBUG GameScene            - Added MainViewComponent
15:40:41.396 [JavaFX Application Thread] DEBUG GameScene            - Entity added to scene
15:40:41.396 [JavaFX Application Thread] DEBUG GameScene            - Added MainViewComponent
15:40:41.396 [JavaFX Application Thread] DEBUG GameScene            - Entity added to scene
15:40:41.396 [JavaFX Application Thread] DEBUG GameScene            - Added MainViewComponent
15:40:41.396 [JavaFX Application Thread] DEBUG GameScene            - Entity added to scene
15:40:41.396 [JavaFX Application Thread] DEBUG GameScene            - Added MainViewComponent
15:40:41.397 [JavaFX Application Thread] DEBUG GameScene            - Entity added to scene
15:40:41.397 [JavaFX Application Thread] DEBUG GameScene            - Added MainViewComponent
15:40:41.397 [JavaFX Application Thread] DEBUG GameScene            - Entity added to scene
15:40:41.397 [JavaFX Application Thread] DEBUG GameScene            - Added MainViewComponent
15:40:41.397 [JavaFX Application Thread] DEBUG GameScene            - Entity added to scene
15:40:41.397 [JavaFX Application Thread] DEBUG GameScene            - Added MainViewComponent
15:40:41.397 [JavaFX Application Thread] DEBUG GameScene            - Entity added to scene
15:40:41.397 [JavaFX Application Thread] DEBUG GameScene            - Added MainViewComponent
15:40:41.397 [JavaFX Application Thread] DEBUG GameScene            - Entity added to scene
15:40:41.397 [JavaFX Application Thread] DEBUG GameScene            - Added MainViewComponent
15:40:41.397 [JavaFX Application Thread] DEBUG GameScene            - Entity added to scene
15:40:41.397 [JavaFX Application Thread] DEBUG GameScene            - Added MainViewComponent
15:40:41.397 [JavaFX Application Thread] DEBUG GameScene            - Entity added to scene
15:40:41.397 [JavaFX Application Thread] DEBUG GameScene            - Added MainViewComponent
15:40:41.397 [JavaFX Application Thread] DEBUG GameScene            - Entity added to scene
15:40:41.397 [JavaFX Application Thread] DEBUG GameScene            - Added MainViewComponent
15:40:41.397 [JavaFX Application Thread] DEBUG GameScene            - Entity added to scene
15:40:41.397 [JavaFX Application Thread] DEBUG GameScene            - Added MainViewComponent
15:40:41.398 [JavaFX Application Thread] DEBUG GameScene            - Entity added to scene
15:40:41.398 [JavaFX Application Thread] DEBUG GameScene            - Added MainViewComponent
15:40:41.398 [JavaFX Application Thread] DEBUG GameScene            - Entity added to scene
15:40:41.398 [JavaFX Application Thread] DEBUG GameScene            - Added MainViewComponent
15:40:41.398 [JavaFX Application Thread] DEBUG GameScene            - Entity added to scene
15:40:41.398 [JavaFX Application Thread] DEBUG GameScene            - Added MainViewComponent
15:40:41.398 [JavaFX Application Thread] DEBUG GameScene            - Entity added to scene
15:40:41.398 [JavaFX Application Thread] DEBUG GameScene            - Added MainViewComponent
15:40:41.398 [JavaFX Application Thread] DEBUG GameScene            - Entity added to scene
15:40:41.398 [JavaFX Application Thread] DEBUG GameScene            - Added MainViewComponent
15:40:41.398 [JavaFX Application Thread] DEBUG GameScene            - Entity added to scene
15:40:41.398 [JavaFX Application Thread] DEBUG GameScene            - Added MainViewComponent
15:40:41.398 [JavaFX Application Thread] DEBUG GameScene            - Entity added to scene
15:40:41.398 [JavaFX Application Thread] DEBUG GameScene            - Added MainViewComponent
15:40:41.398 [JavaFX Application Thread] DEBUG GameScene            - Entity added to scene
15:40:41.398 [JavaFX Application Thread] DEBUG GameScene            - Added MainViewComponent
15:40:41.398 [JavaFX Application Thread] DEBUG GameScene            - Entity added to scene
15:40:41.398 [JavaFX Application Thread] DEBUG GameScene            - Added MainViewComponent
15:40:41.399 [JavaFX Application Thread] DEBUG GameScene            - Entity added to scene
15:40:41.399 [JavaFX Application Thread] DEBUG GameScene            - Added MainViewComponent
15:40:41.399 [JavaFX Application Thread] DEBUG GameScene            - Entity added to scene
15:40:41.399 [JavaFX Application Thread] DEBUG GameScene            - Added MainViewComponent
15:40:41.399 [JavaFX Application Thread] DEBUG GameScene            - Entity added to scene
15:40:41.399 [JavaFX Application Thread] DEBUG GameScene            - Added MainViewComponent
15:40:41.399 [JavaFX Application Thread] DEBUG GameScene            - Entity added to scene
15:40:41.399 [JavaFX Application Thread] DEBUG GameScene            - Added MainViewComponent
15:40:41.399 [JavaFX Application Thread] DEBUG GameScene            - Entity added to scene
15:40:41.399 [JavaFX Application Thread] DEBUG GameScene            - Added MainViewComponent
15:40:41.399 [JavaFX Application Thread] DEBUG GameScene            - Entity added to scene
15:40:41.399 [JavaFX Application Thread] DEBUG GameScene            - Added MainViewComponent
15:40:41.399 [JavaFX Application Thread] DEBUG GameScene            - Entity added to scene
15:40:41.399 [JavaFX Application Thread] DEBUG GameScene            - Added MainViewComponent
15:40:41.399 [JavaFX Application Thread] DEBUG GameScene            - Entity added to scene
15:40:41.399 [JavaFX Application Thread] DEBUG GameScene            - Added MainViewComponent
15:40:41.399 [JavaFX Application Thread] DEBUG GameScene            - Entity added to scene
15:40:41.400 [JavaFX Application Thread] DEBUG GameScene            - Added MainViewComponent
15:40:41.400 [JavaFX Application Thread] DEBUG GameScene            - Entity added to scene
15:40:41.400 [JavaFX Application Thread] DEBUG GameScene            - Added MainViewComponent
15:40:41.400 [JavaFX Application Thread] DEBUG GameScene            - Entity added to scene
15:40:41.400 [JavaFX Application Thread] DEBUG GameScene            - Added MainViewComponent
15:40:41.400 [JavaFX Application Thread] DEBUG GameScene            - Entity added to scene
15:40:41.400 [JavaFX Application Thread] DEBUG GameScene            - Added MainViewComponent
15:40:41.400 [JavaFX Application Thread] DEBUG GameScene            - Entity added to scene
15:40:41.400 [JavaFX Application Thread] DEBUG GameScene            - Added MainViewComponent
15:40:41.400 [JavaFX Application Thread] DEBUG GameScene            - Entity added to scene
15:40:41.400 [JavaFX Application Thread] DEBUG GameScene            - Added MainViewComponent
15:40:41.400 [JavaFX Application Thread] DEBUG GameScene            - Entity added to scene
15:40:41.400 [JavaFX Application Thread] DEBUG GameScene            - Added MainViewComponent
15:40:41.401 [JavaFX Application Thread] DEBUG GameScene            - Entity added to scene
15:40:41.401 [JavaFX Application Thread] DEBUG GameScene            - Added MainViewComponent
15:40:41.401 [JavaFX Application Thread] DEBUG GameScene            - Entity added to scene
15:40:41.401 [JavaFX Application Thread] DEBUG GameScene            - Added MainViewComponent
15:40:41.401 [JavaFX Application Thread] DEBUG GameScene            - Entity added to scene
15:40:41.401 [JavaFX Application Thread] DEBUG GameScene            - Added MainViewComponent
15:40:41.401 [JavaFX Application Thread] DEBUG GameScene            - Entity added to scene
15:40:41.401 [JavaFX Application Thread] DEBUG GameScene            - Added MainViewComponent
15:40:41.401 [JavaFX Application Thread] DEBUG GameScene            - Entity added to scene
15:40:41.401 [JavaFX Application Thread] DEBUG GameScene            - Added MainViewComponent
15:40:41.401 [JavaFX Application Thread] DEBUG GameScene            - Entity added to scene
15:40:41.401 [JavaFX Application Thread] DEBUG GameScene            - Added MainViewComponent
15:40:41.401 [JavaFX Application Thread] DEBUG GameScene            - Entity added to scene
15:40:41.402 [JavaFX Application Thread] DEBUG GameScene            - Added MainViewComponent
15:40:41.402 [JavaFX Application Thread] DEBUG GameScene            - Entity added to scene
15:40:41.402 [JavaFX Application Thread] DEBUG GameScene            - Added MainViewComponent
15:40:41.402 [JavaFX Application Thread] DEBUG GameScene            - Entity added to scene
15:40:41.402 [JavaFX Application Thread] DEBUG GameScene            - Added MainViewComponent
15:40:41.402 [JavaFX Application Thread] DEBUG GameScene            - Entity added to scene
15:40:41.402 [JavaFX Application Thread] DEBUG GameScene            - Added MainViewComponent
15:40:41.402 [JavaFX Application Thread] DEBUG GameScene            - Entity added to scene
15:40:41.402 [JavaFX Application Thread] DEBUG GameScene            - Added MainViewComponent
15:40:41.402 [JavaFX Application Thread] DEBUG GameScene            - Entity added to scene
15:40:41.402 [JavaFX Application Thread] DEBUG GameScene            - Added MainViewComponent
15:40:41.402 [JavaFX Application Thread] DEBUG GameScene            - Entity added to scene
15:40:41.402 [JavaFX Application Thread] DEBUG GameScene            - Added MainViewComponent
15:40:41.402 [JavaFX Application Thread] DEBUG GameScene            - Entity added to scene
15:40:41.402 [JavaFX Application Thread] DEBUG GameScene            - Added MainViewComponent
15:40:41.402 [JavaFX Application Thread] DEBUG GameScene            - Entity added to scene
15:40:41.402 [JavaFX Application Thread] DEBUG GameScene            - Added MainViewComponent
15:40:41.403 [JavaFX Application Thread] DEBUG GameScene            - Entity added to scene
15:40:41.403 [JavaFX Application Thread] DEBUG GameScene            - Added MainViewComponent
15:40:41.403 [JavaFX Application Thread] DEBUG GameScene            - Entity added to scene
15:40:41.403 [JavaFX Application Thread] DEBUG GameScene            - Added MainViewComponent
15:40:41.403 [JavaFX Application Thread] DEBUG GameScene            - Entity added to scene
15:40:41.403 [JavaFX Application Thread] DEBUG GameScene            - Added MainViewComponent
15:40:41.403 [JavaFX Application Thread] DEBUG GameScene            - Entity added to scene
15:40:41.403 [JavaFX Application Thread] DEBUG GameScene            - Added MainViewComponent
15:40:41.403 [JavaFX Application Thread] DEBUG GameScene            - Entity added to scene
15:40:41.403 [JavaFX Application Thread] DEBUG GameScene            - Added MainViewComponent
15:40:41.403 [JavaFX Application Thread] DEBUG GameScene            - Entity added to scene
15:40:41.403 [JavaFX Application Thread] DEBUG GameScene            - Added MainViewComponent
15:40:41.403 [JavaFX Application Thread] DEBUG GameScene            - Entity added to scene
15:40:41.403 [JavaFX Application Thread] DEBUG GameScene            - Added MainViewComponent
15:40:41.403 [JavaFX Application Thread] DEBUG GameScene            - Entity added to scene
15:40:41.403 [JavaFX Application Thread] DEBUG GameScene            - Added MainViewComponent
15:40:41.403 [JavaFX Application Thread] DEBUG GameScene            - Entity added to scene
15:40:41.403 [JavaFX Application Thread] DEBUG GameScene            - Added MainViewComponent
15:40:41.403 [JavaFX Application Thread] DEBUG GameScene            - Entity added to scene
15:40:41.403 [JavaFX Application Thread] DEBUG GameScene            - Added MainViewComponent
15:40:41.404 [JavaFX Application Thread] DEBUG GameScene            - Entity added to scene
15:40:41.404 [JavaFX Application Thread] DEBUG GameScene            - Added MainViewComponent
15:40:41.404 [JavaFX Application Thread] DEBUG GameScene            - Entity added to scene
15:40:41.404 [JavaFX Application Thread] DEBUG GameScene            - Added MainViewComponent
15:40:41.404 [JavaFX Application Thread] DEBUG GameScene            - Entity added to scene
15:40:41.404 [JavaFX Application Thread] DEBUG GameScene            - Added MainViewComponent
15:40:41.404 [JavaFX Application Thread] DEBUG GameScene            - Entity added to scene
15:40:41.404 [JavaFX Application Thread] DEBUG GameScene            - Added MainViewComponent
15:40:41.404 [JavaFX Application Thread] DEBUG GameScene            - Entity added to scene
15:40:41.404 [JavaFX Application Thread] DEBUG GameScene            - Added MainViewComponent
15:40:41.404 [JavaFX Application Thread] DEBUG GameScene            - Entity added to scene
15:40:41.404 [JavaFX Application Thread] DEBUG GameScene            - Added MainViewComponent
15:40:41.404 [JavaFX Application Thread] DEBUG GameScene            - Entity added to scene
15:40:41.404 [JavaFX Application Thread] DEBUG GameScene            - Added MainViewComponent
15:40:41.404 [JavaFX Application Thread] DEBUG GameScene            - Entity added to scene
15:40:41.404 [JavaFX Application Thread] DEBUG GameScene            - Added MainViewComponent
15:40:41.405 [JavaFX Application Thread] DEBUG GameScene            - Entity added to scene
15:40:41.405 [JavaFX Application Thread] DEBUG GameScene            - Added MainViewComponent
15:40:41.405 [JavaFX Application Thread] DEBUG GameScene            - Entity added to scene
15:40:41.405 [JavaFX Application Thread] DEBUG GameScene            - Added MainViewComponent
15:40:41.405 [JavaFX Application Thread] DEBUG GameScene            - Entity added to scene
15:40:41.405 [JavaFX Application Thread] DEBUG GameScene            - Added MainViewComponent
15:40:41.405 [JavaFX Application Thread] DEBUG GameScene            - Entity added to scene
15:40:41.405 [JavaFX Application Thread] DEBUG GameScene            - Added MainViewComponent
15:40:41.405 [JavaFX Application Thread] DEBUG GameScene            - Entity added to scene
15:40:41.405 [JavaFX Application Thread] DEBUG GameScene            - Added MainViewComponent
15:40:41.405 [JavaFX Application Thread] DEBUG GameScene            - Entity added to scene
15:40:41.405 [JavaFX Application Thread] DEBUG GameScene            - Added MainViewComponent
15:40:41.406 [JavaFX Application Thread] DEBUG GameScene            - Entity added to scene
15:40:41.406 [JavaFX Application Thread] DEBUG GameScene            - Added MainViewComponent
15:40:41.406 [JavaFX Application Thread] DEBUG GameScene            - Entity added to scene
15:40:41.406 [JavaFX Application Thread] DEBUG GameScene            - Added MainViewComponent
15:40:41.406 [JavaFX Application Thread] DEBUG GameScene            - Entity added to scene
15:40:41.406 [JavaFX Application Thread] DEBUG GameScene            - Added MainViewComponent
15:40:41.406 [JavaFX Application Thread] DEBUG GameScene            - Entity added to scene
15:40:41.406 [JavaFX Application Thread] DEBUG GameScene            - Added MainViewComponent
15:40:41.406 [JavaFX Application Thread] DEBUG GameScene            - Entity added to scene
15:40:41.406 [JavaFX Application Thread] DEBUG GameScene            - Added MainViewComponent
15:40:41.406 [JavaFX Application Thread] DEBUG GameScene            - Entity added to scene
15:40:41.406 [JavaFX Application Thread] DEBUG GameScene            - Added MainViewComponent
15:40:41.406 [JavaFX Application Thread] DEBUG GameScene            - Entity added to scene
15:40:41.406 [JavaFX Application Thread] DEBUG GameScene            - Added MainViewComponent
15:40:41.407 [JavaFX Application Thread] DEBUG GameScene            - Entity added to scene
15:40:41.407 [JavaFX Application Thread] DEBUG GameScene            - Added MainViewComponent
15:40:41.407 [JavaFX Application Thread] DEBUG GameScene            - Entity added to scene
15:40:41.407 [JavaFX Application Thread] DEBUG GameScene            - Added MainViewComponent
15:40:41.407 [JavaFX Application Thread] DEBUG GameScene            - Entity added to scene
15:40:41.407 [JavaFX Application Thread] DEBUG GameScene            - Added MainViewComponent
15:40:41.407 [JavaFX Application Thread] DEBUG GameScene            - Entity added to scene
15:40:41.407 [JavaFX Application Thread] DEBUG GameScene            - Added MainViewComponent
15:40:41.407 [JavaFX Application Thread] DEBUG GameScene            - Entity added to scene
15:40:41.407 [JavaFX Application Thread] DEBUG GameScene            - Added MainViewComponent
15:40:41.407 [JavaFX Application Thread] DEBUG GameScene            - Entity added to scene
15:40:41.407 [JavaFX Application Thread] DEBUG GameScene            - Added MainViewComponent
15:40:41.407 [JavaFX Application Thread] DEBUG GameScene            - Entity added to scene
15:40:41.407 [JavaFX Application Thread] DEBUG GameScene            - Added MainViewComponent
15:40:41.407 [JavaFX Application Thread] DEBUG GameScene            - Entity added to scene
15:40:41.407 [JavaFX Application Thread] DEBUG GameScene            - Added MainViewComponent
15:40:41.407 [JavaFX Application Thread] DEBUG GameScene            - Entity added to scene
15:40:41.407 [JavaFX Application Thread] DEBUG GameScene            - Added MainViewComponent
15:40:41.408 [JavaFX Application Thread] DEBUG GameScene            - Entity added to scene
15:40:41.408 [JavaFX Application Thread] DEBUG GameScene            - Added MainViewComponent
15:40:41.408 [JavaFX Application Thread] DEBUG GameScene            - Entity added to scene
15:40:41.408 [JavaFX Application Thread] DEBUG GameScene            - Added MainViewComponent
15:40:41.408 [JavaFX Application Thread] DEBUG GameScene            - Entity added to scene
15:40:41.408 [JavaFX Application Thread] DEBUG GameScene            - Added MainViewComponent
15:40:41.408 [JavaFX Application Thread] DEBUG GameScene            - Entity added to scene
15:40:41.408 [JavaFX Application Thread] DEBUG GameScene            - Added MainViewComponent
15:40:41.408 [JavaFX Application Thread] DEBUG GameScene            - Entity added to scene
15:40:41.408 [JavaFX Application Thread] DEBUG GameScene            - Added MainViewComponent
15:40:41.408 [JavaFX Application Thread] DEBUG GameScene            - Entity added to scene
15:40:41.408 [JavaFX Application Thread] DEBUG GameScene            - Added MainViewComponent
15:40:41.408 [JavaFX Application Thread] DEBUG GameScene            - Entity added to scene
15:40:41.408 [JavaFX Application Thread] DEBUG GameScene            - Added MainViewComponent
15:40:41.408 [JavaFX Application Thread] DEBUG GameScene            - Entity added to scene
15:40:41.408 [JavaFX Application Thread] DEBUG GameScene            - Added MainViewComponent
15:40:41.408 [JavaFX Application Thread] DEBUG GameScene            - Entity added to scene
15:40:41.409 [JavaFX Application Thread] DEBUG GameScene            - Added MainViewComponent
15:40:41.409 [JavaFX Application Thread] DEBUG GameScene            - Entity added to scene
15:40:41.409 [JavaFX Application Thread] DEBUG GameScene            - Added MainViewComponent
15:40:41.409 [JavaFX Application Thread] DEBUG GameScene            - Entity added to scene
15:40:41.409 [JavaFX Application Thread] DEBUG GameScene            - Added MainViewComponent
15:40:41.409 [JavaFX Application Thread] DEBUG GameScene            - Entity added to scene
15:40:41.409 [JavaFX Application Thread] DEBUG GameScene            - Added MainViewComponent
15:40:41.409 [JavaFX Application Thread] DEBUG GameScene            - Entity added to scene
15:40:41.409 [JavaFX Application Thread] DEBUG GameScene            - Added MainViewComponent
15:40:41.409 [JavaFX Application Thread] DEBUG GameScene            - Entity added to scene
15:40:41.409 [JavaFX Application Thread] DEBUG GameScene            - Added MainViewComponent
15:40:41.409 [JavaFX Application Thread] DEBUG GameScene            - Entity added to scene
15:40:41.409 [JavaFX Application Thread] DEBUG GameScene            - Added MainViewComponent
15:40:41.409 [JavaFX Application Thread] DEBUG GameScene            - Entity added to scene
15:40:41.409 [JavaFX Application Thread] DEBUG GameScene            - Added MainViewComponent
15:40:41.409 [JavaFX Application Thread] DEBUG GameScene            - Entity added to scene
15:40:41.409 [JavaFX Application Thread] DEBUG GameScene            - Added MainViewComponent
15:40:41.409 [JavaFX Application Thread] DEBUG GameScene            - Entity added to scene
15:40:41.409 [JavaFX Application Thread] DEBUG GameScene            - Added MainViewComponent
15:40:41.409 [JavaFX Application Thread] DEBUG GameScene            - Entity added to scene
15:40:41.409 [JavaFX Application Thread] DEBUG GameScene            - Added MainViewComponent
15:40:41.410 [JavaFX Application Thread] DEBUG GameScene            - Entity added to scene
15:40:41.410 [JavaFX Application Thread] DEBUG GameScene            - Added MainViewComponent
15:40:41.410 [JavaFX Application Thread] DEBUG GameScene            - Entity added to scene
15:40:41.410 [JavaFX Application Thread] DEBUG GameScene            - Added MainViewComponent
15:40:41.410 [JavaFX Application Thread] DEBUG GameScene            - Entity added to scene
15:40:41.410 [JavaFX Application Thread] DEBUG GameScene            - Added MainViewComponent
15:40:41.410 [JavaFX Application Thread] DEBUG GameScene            - Entity added to scene
15:40:41.410 [JavaFX Application Thread] DEBUG GameScene            - Added MainViewComponent
15:40:41.410 [JavaFX Application Thread] DEBUG GameScene            - Entity added to scene
15:40:41.410 [JavaFX Application Thread] DEBUG GameScene            - Added MainViewComponent
15:40:41.410 [JavaFX Application Thread] DEBUG GameScene            - Entity added to scene
15:40:41.410 [JavaFX Application Thread] DEBUG GameScene            - Added MainViewComponent
15:40:41.410 [JavaFX Application Thread] DEBUG GameScene            - Entity added to scene
15:40:41.410 [JavaFX Application Thread] DEBUG GameScene            - Added MainViewComponent
15:40:41.410 [JavaFX Application Thread] DEBUG GameScene            - Entity added to scene
15:40:41.410 [JavaFX Application Thread] DEBUG GameScene            - Added MainViewComponent
15:40:41.410 [JavaFX Application Thread] DEBUG GameScene            - Entity added to scene
15:40:41.410 [JavaFX Application Thread] DEBUG GameScene            - Added MainViewComponent
15:40:41.411 [JavaFX Application Thread] DEBUG GameScene            - Entity added to scene
15:40:41.411 [JavaFX Application Thread] DEBUG GameScene            - Added MainViewComponent
15:40:41.411 [JavaFX Application Thread] DEBUG GameScene            - Entity added to scene
15:40:41.411 [JavaFX Application Thread] DEBUG GameScene            - Added MainViewComponent
15:40:41.411 [JavaFX Application Thread] DEBUG GameScene            - Entity added to scene
15:40:41.411 [JavaFX Application Thread] DEBUG GameScene            - Added MainViewComponent
15:40:41.411 [JavaFX Application Thread] DEBUG GameScene            - Entity added to scene
15:40:41.411 [JavaFX Application Thread] DEBUG GameScene            - Added MainViewComponent
15:40:41.411 [JavaFX Application Thread] DEBUG GameScene            - Entity added to scene
15:40:41.411 [JavaFX Application Thread] DEBUG GameScene            - Added MainViewComponent
15:40:41.411 [JavaFX Application Thread] DEBUG GameScene            - Entity added to scene
15:40:41.411 [JavaFX Application Thread] DEBUG GameScene            - Added MainViewComponent
15:40:41.411 [JavaFX Application Thread] DEBUG GameScene            - Entity added to scene
15:40:41.411 [JavaFX Application Thread] DEBUG GameScene            - Added MainViewComponent
15:40:41.412 [JavaFX Application Thread] DEBUG GameScene            - Entity added to scene
15:40:41.412 [JavaFX Application Thread] DEBUG GameScene            - Added MainViewComponent
15:40:41.412 [JavaFX Application Thread] DEBUG GameScene            - Entity added to scene
15:40:41.412 [JavaFX Application Thread] DEBUG GameScene            - Added MainViewComponent
15:40:41.412 [JavaFX Application Thread] DEBUG GameScene            - Entity added to scene
15:40:41.412 [JavaFX Application Thread] DEBUG GameScene            - Added MainViewComponent
15:40:41.412 [JavaFX Application Thread] DEBUG GameScene            - Entity added to scene
15:40:41.412 [JavaFX Application Thread] DEBUG GameScene            - Added MainViewComponent
15:40:41.412 [JavaFX Application Thread] DEBUG GameScene            - Entity added to scene
15:40:41.412 [JavaFX Application Thread] DEBUG GameScene            - Added MainViewComponent
15:40:41.412 [JavaFX Application Thread] DEBUG GameScene            - Entity added to scene
15:40:41.412 [JavaFX Application Thread] DEBUG GameScene            - Added MainViewComponent
15:40:41.412 [JavaFX Application Thread] DEBUG GameScene            - Entity added to scene
15:40:41.412 [JavaFX Application Thread] DEBUG GameScene            - Added MainViewComponent
15:40:41.412 [JavaFX Application Thread] DEBUG GameScene            - Entity added to scene
15:40:41.412 [JavaFX Application Thread] DEBUG GameScene            - Added MainViewComponent
15:40:41.412 [JavaFX Application Thread] DEBUG GameScene            - Entity added to scene
15:40:41.413 [JavaFX Application Thread] DEBUG GameScene            - Added MainViewComponent
15:40:41.413 [JavaFX Application Thread] DEBUG GameScene            - Entity added to scene
15:40:41.413 [JavaFX Application Thread] DEBUG GameScene            - Added MainViewComponent
15:40:41.413 [JavaFX Application Thread] DEBUG GameScene            - Entity added to scene
15:40:41.413 [JavaFX Application Thread] DEBUG GameScene            - Added MainViewComponent
15:40:41.413 [JavaFX Application Thread] DEBUG GameScene            - Entity added to scene
15:40:41.413 [JavaFX Application Thread] DEBUG GameScene            - Added MainViewComponent
15:40:41.413 [JavaFX Application Thread] DEBUG GameScene            - Entity added to scene
15:40:41.413 [JavaFX Application Thread] DEBUG GameScene            - Added MainViewComponent
15:40:41.413 [JavaFX Application Thread] DEBUG GameScene            - Entity added to scene
15:40:41.413 [JavaFX Application Thread] DEBUG GameScene            - Added MainViewComponent
15:40:41.413 [JavaFX Application Thread] DEBUG GameScene            - Entity added to scene
15:40:41.413 [JavaFX Application Thread] DEBUG GameScene            - Added MainViewComponent
15:40:41.413 [JavaFX Application Thread] DEBUG GameScene            - Entity added to scene
15:40:41.413 [JavaFX Application Thread] DEBUG GameScene            - Added MainViewComponent
15:40:41.413 [JavaFX Application Thread] DEBUG GameScene            - Entity added to scene
15:40:41.413 [JavaFX Application Thread] DEBUG GameScene            - Added MainViewComponent
15:40:41.414 [JavaFX Application Thread] DEBUG GameScene            - Entity added to scene
15:40:41.414 [JavaFX Application Thread] DEBUG GameScene            - Added MainViewComponent
15:40:41.414 [JavaFX Application Thread] DEBUG GameScene            - Entity added to scene
15:40:41.414 [JavaFX Application Thread] DEBUG GameScene            - Added MainViewComponent
15:40:41.414 [JavaFX Application Thread] DEBUG GameScene            - Entity added to scene
15:40:41.414 [JavaFX Application Thread] DEBUG GameScene            - Added MainViewComponent
15:40:41.414 [JavaFX Application Thread] DEBUG GameScene            - Entity added to scene
15:40:41.414 [JavaFX Application Thread] DEBUG GameScene            - Added MainViewComponent
15:40:41.414 [JavaFX Application Thread] DEBUG GameScene            - Entity added to scene
15:40:41.414 [JavaFX Application Thread] DEBUG GameScene            - Added MainViewComponent
15:40:41.414 [JavaFX Application Thread] DEBUG GameScene            - Entity added to scene
15:40:41.414 [JavaFX Application Thread] DEBUG GameScene            - Added MainViewComponent
15:40:41.414 [JavaFX Application Thread] DEBUG GameScene            - Entity added to scene
15:40:41.414 [JavaFX Application Thread] DEBUG GameScene            - Added MainViewComponent
15:40:41.414 [JavaFX Application Thread] DEBUG GameScene            - Entity added to scene
15:40:41.414 [JavaFX Application Thread] DEBUG GameScene            - Added MainViewComponent
15:40:41.414 [JavaFX Application Thread] DEBUG GameScene            - Entity added to scene
15:40:41.414 [JavaFX Application Thread] DEBUG GameScene            - Added MainViewComponent
15:40:41.414 [JavaFX Application Thread] DEBUG GameScene            - Entity added to scene
15:40:41.414 [JavaFX Application Thread] DEBUG GameScene            - Added MainViewComponent
15:40:41.415 [JavaFX Application Thread] DEBUG GameScene            - Entity added to scene
15:40:41.415 [JavaFX Application Thread] DEBUG GameScene            - Added MainViewComponent
15:40:41.415 [JavaFX Application Thread] DEBUG GameScene            - Entity added to scene
15:40:41.415 [JavaFX Application Thread] DEBUG GameScene            - Added MainViewComponent
15:40:41.415 [JavaFX Application Thread] DEBUG GameScene            - Creating render group for layer: null(0)
15:40:41.784 [JavaFX Application Thread] DEBUG GameScene            - Entity removed from scene
15:40:41.785 [JavaFX Application Thread] DEBUG GameScene            - Removed MainViewComponent
15:40:42.264 [JavaFX Application Thread] DEBUG GameScene            - Entity removed from scene
15:40:42.264 [JavaFX Application Thread] DEBUG GameScene            - Removed MainViewComponent
15:40:42.632 [JavaFX Application Thread] DEBUG GameScene            - Entity removed from scene
15:40:42.632 [JavaFX Application Thread] DEBUG GameScene            - Removed MainViewComponent
15:40:42.969 [JavaFX Application Thread] DEBUG GameScene            - Entity removed from scene
15:40:42.969 [JavaFX Application Thread] DEBUG GameScene            - Removed MainViewComponent
15:40:43.304 [JavaFX Application Thread] DEBUG GameScene            - Entity removed from scene
15:40:43.304 [JavaFX Application Thread] DEBUG GameScene            - Removed MainViewComponent
15:40:44.680 [JavaFX Application Thread] DEBUG GameScene            - Entity removed from scene
15:40:44.680 [JavaFX Application Thread] DEBUG GameScene            - Removed MainViewComponent
15:40:45.016 [JavaFX Application Thread] DEBUG GameScene            - Entity removed from scene
15:40:45.016 [JavaFX Application Thread] DEBUG GameScene            - Removed MainViewComponent
15:40:45.400 [JavaFX Application Thread] DEBUG GameScene            - Entity removed from scene
15:40:45.400 [JavaFX Application Thread] DEBUG GameScene            - Removed MainViewComponent
15:40:45.736 [JavaFX Application Thread] DEBUG GameScene            - Entity removed from scene
15:40:45.736 [JavaFX Application Thread] DEBUG GameScene            - Removed MainViewComponent
15:40:46.072 [JavaFX Application Thread] DEBUG GameScene            - Entity removed from scene
15:40:46.072 [JavaFX Application Thread] DEBUG GameScene            - Removed MainViewComponent
15:40:46.299 [JavaFX Application Thread] DEBUG GameScene            - Adding UI node: Label@3af6d0c2[styleClass=label]'+50'
15:40:46.313 [JavaFX Application Thread] DEBUG GameScene            - Entity added to scene
15:40:46.313 [JavaFX Application Thread] DEBUG GameScene            - Added MainViewComponent
15:40:46.313 [JavaFX Application Thread] DEBUG GameScene            - Entity removed from scene
15:40:46.313 [JavaFX Application Thread] DEBUG GameScene            - Removed MainViewComponent
15:40:46.633 [JavaFX Application Thread] DEBUG GameScene            - Entity removed from scene
15:40:46.633 [JavaFX Application Thread] DEBUG GameScene            - Removed MainViewComponent
15:40:46.842 [JavaFX Application Thread] DEBUG GameScene            - Removing UI node: Label@3af6d0c2[styleClass=label]'+50'
15:40:46.856 [JavaFX Application Thread] DEBUG GameScene            - Entity removed from scene
15:40:46.856 [JavaFX Application Thread] DEBUG GameScene            - Removed MainViewComponent
15:40:46.936 [JavaFX Application Thread] DEBUG GameScene            - Entity removed from scene
15:40:46.936 [JavaFX Application Thread] DEBUG GameScene            - Removed MainViewComponent
15:40:47.208 [JavaFX Application Thread] DEBUG GameScene            - Entity removed from scene
15:40:47.208 [JavaFX Application Thread] DEBUG GameScene            - Removed MainViewComponent
15:40:47.480 [JavaFX Application Thread] DEBUG GameScene            - Entity removed from scene
15:40:47.480 [JavaFX Application Thread] DEBUG GameScene            - Removed MainViewComponent
15:40:47.769 [JavaFX Application Thread] DEBUG GameScene            - Entity removed from scene
15:40:47.769 [JavaFX Application Thread] DEBUG GameScene            - Removed MainViewComponent
15:40:48.040 [JavaFX Application Thread] DEBUG GameScene            - Entity removed from scene
15:40:48.040 [JavaFX Application Thread] DEBUG GameScene            - Removed MainViewComponent
15:40:48.329 [JavaFX Application Thread] DEBUG GameScene            - Entity removed from scene
15:40:48.329 [JavaFX Application Thread] DEBUG GameScene            - Removed MainViewComponent
15:40:48.601 [JavaFX Application Thread] DEBUG GameScene            - Entity removed from scene
15:40:48.601 [JavaFX Application Thread] DEBUG GameScene            - Removed MainViewComponent
15:40:48.873 [JavaFX Application Thread] DEBUG GameScene            - Entity removed from scene
15:40:48.873 [JavaFX Application Thread] DEBUG GameScene            - Removed MainViewComponent
15:40:49.160 [JavaFX Application Thread] DEBUG GameScene            - Entity removed from scene
15:40:49.160 [JavaFX Application Thread] DEBUG GameScene            - Removed MainViewComponent
15:40:49.433 [JavaFX Application Thread] DEBUG GameScene            - Entity removed from scene
15:40:49.433 [JavaFX Application Thread] DEBUG GameScene            - Removed MainViewComponent
15:40:49.705 [JavaFX Application Thread] DEBUG GameScene            - Entity removed from scene
15:40:49.705 [JavaFX Application Thread] DEBUG GameScene            - Removed MainViewComponent
15:40:49.993 [JavaFX Application Thread] DEBUG GameScene            - Entity removed from scene
15:40:49.993 [JavaFX Application Thread] DEBUG GameScene            - Removed MainViewComponent
15:40:50.280 [JavaFX Application Thread] DEBUG GameScene            - Entity removed from scene
15:40:50.280 [JavaFX Application Thread] DEBUG GameScene            - Removed MainViewComponent
15:40:50.536 [JavaFX Application Thread] DEBUG GameScene            - Entity removed from scene
15:40:50.536 [JavaFX Application Thread] DEBUG GameScene            - Removed MainViewComponent
15:40:50.825 [JavaFX Application Thread] DEBUG GameScene            - Entity removed from scene
15:40:50.825 [JavaFX Application Thread] DEBUG GameScene            - Removed MainViewComponent
15:40:51.112 [JavaFX Application Thread] DEBUG GameScene            - Entity removed from scene
15:40:51.112 [JavaFX Application Thread] DEBUG GameScene            - Removed MainViewComponent
15:40:51.402 [JavaFX Application Thread] DEBUG GameScene            - Adding UI node: Label@6ff948a7[styleClass=label]'+50'
15:40:51.416 [JavaFX Application Thread] DEBUG GameScene            - Entity added to scene
15:40:51.416 [JavaFX Application Thread] DEBUG GameScene            - Added MainViewComponent
15:40:51.416 [JavaFX Application Thread] DEBUG GameScene            - Entity removed from scene
15:40:51.417 [JavaFX Application Thread] DEBUG GameScene            - Removed MainViewComponent
15:40:51.753 [JavaFX Application Thread] DEBUG GameScene            - Entity removed from scene
15:40:51.753 [JavaFX Application Thread] DEBUG GameScene            - Removed MainViewComponent
15:40:51.945 [JavaFX Application Thread] DEBUG GameScene            - Removing UI node: Label@6ff948a7[styleClass=label]'+50'
15:40:51.960 [JavaFX Application Thread] DEBUG GameScene            - Entity removed from scene
15:40:51.960 [JavaFX Application Thread] DEBUG GameScene            - Removed MainViewComponent
15:40:54.745 [JavaFX Application Thread] DEBUG GameScene            - Entity removed from scene
15:40:54.745 [JavaFX Application Thread] DEBUG GameScene            - Removed MainViewComponent
15:40:55.032 [JavaFX Application Thread] DEBUG GameScene            - Entity removed from scene
15:40:55.032 [JavaFX Application Thread] DEBUG GameScene            - Removed MainViewComponent
15:40:55.273 [JavaFX Application Thread] DEBUG GameScene            - Entity removed from scene
15:40:55.273 [JavaFX Application Thread] DEBUG GameScene            - Removed MainViewComponent
15:40:55.560 [JavaFX Application Thread] DEBUG GameScene            - Entity removed from scene
15:40:55.560 [JavaFX Application Thread] DEBUG GameScene            - Removed MainViewComponent
15:40:55.880 [JavaFX Application Thread] DEBUG GameScene            - Entity removed from scene
15:40:55.881 [JavaFX Application Thread] DEBUG GameScene            - Removed MainViewComponent
15:40:56.200 [JavaFX Application Thread] DEBUG GameScene            - Entity removed from scene
15:40:56.200 [JavaFX Application Thread] DEBUG GameScene            - Removed MainViewComponent
15:40:56.440 [JavaFX Application Thread] DEBUG GameScene            - Entity removed from scene
15:40:56.440 [JavaFX Application Thread] DEBUG GameScene            - Removed MainViewComponent
15:40:56.760 [JavaFX Application Thread] DEBUG GameScene            - Entity removed from scene
15:40:56.760 [JavaFX Application Thread] DEBUG GameScene            - Removed MainViewComponent
15:40:57.049 [JavaFX Application Thread] DEBUG GameScene            - Entity removed from scene
15:40:57.049 [JavaFX Application Thread] DEBUG GameScene            - Removed MainViewComponent
15:40:57.385 [JavaFX Application Thread] DEBUG GameScene            - Entity removed from scene
15:40:57.385 [JavaFX Application Thread] DEBUG GameScene            - Removed MainViewComponent
15:40:57.704 [JavaFX Application Thread] DEBUG GameScene            - Entity removed from scene
15:40:57.704 [JavaFX Application Thread] DEBUG GameScene            - Removed MainViewComponent
15:40:58.024 [JavaFX Application Thread] DEBUG GameScene            - Entity removed from scene
15:40:58.024 [JavaFX Application Thread] DEBUG GameScene            - Removed MainViewComponent
15:41:00.632 [JavaFX Application Thread] DEBUG GameScene            - Entity removed from scene
15:41:00.632 [JavaFX Application Thread] DEBUG GameScene            - Removed MainViewComponent
15:41:01.385 [JavaFX Application Thread] DEBUG GameScene            - Entity removed from scene
15:41:01.385 [JavaFX Application Thread] DEBUG GameScene            - Removed MainViewComponent
15:41:01.721 [JavaFX Application Thread] DEBUG GameScene            - Entity removed from scene
15:41:01.721 [JavaFX Application Thread] DEBUG GameScene            - Removed MainViewComponent
15:41:02.026 [JavaFX Application Thread] DEBUG GameScene            - Adding UI node: Label@10f04651[styleClass=label]'+50'
15:41:02.040 [JavaFX Application Thread] DEBUG GameScene            - Entity added to scene
15:41:02.040 [JavaFX Application Thread] DEBUG GameScene            - Added MainViewComponent
15:41:02.040 [JavaFX Application Thread] DEBUG GameScene            - Entity removed from scene
15:41:02.040 [JavaFX Application Thread] DEBUG GameScene            - Removed MainViewComponent
15:41:02.344 [JavaFX Application Thread] DEBUG GameScene            - Entity removed from scene
15:41:02.344 [JavaFX Application Thread] DEBUG GameScene            - Removed MainViewComponent
15:41:02.577 [JavaFX Application Thread] DEBUG FXGLEventBus         - Firing event: DisplayEvent[type=CLOSE_REQUEST]
15:41:02.577 [JavaFX Application Thread] DEBUG FXGLEventBus         - Firing event: FXGLEvent[type=EXIT]
15:41:02.578 [JavaFX Application Thread] DEBUG FXGL                 - Saving FXGL system data
15:41:02.579 [JavaFX Application Thread] DEBUG IOTask               - Executing task: writeDataTask(system/fxgl.bundle)
15:41:02.580 [JavaFX Application Thread] DEBUG FS                   - Writing to: system\fxgl.bundle
15:41:02.583 [JavaFX Application Thread] DEBUG IOTask               - Task succeeded: writeDataTask(system/fxgl.bundle)
