16:37:53.000 [FXGL Launcher Thread     ] DEBUG FXGLLoggerFactory    - Service [LoggerFactory] initialized
16:37:53.005 [FXGL Launcher Thread     ] DEBUG FXGL                 - FXGL configuration complete
16:37:53.005 [FXGL Launcher Thread     ] DEBUG FXGL                 - Loading FXGL system data
16:37:53.009 [FXGL Launcher Thread     ] DEBUG IOTask               - Executing task: readDataTask(system/fxgl.bundle)
16:37:53.031 [FXGL Launcher Thread     ] DEBUG FS                   - Reading from: system\fxgl.bundle
16:37:53.054 [FXGL Launcher Thread     ] DEBUG IOTask               - Task succeeded: readDataTask(system/fxgl.bundle)
16:37:53.054 [FXGL Launcher Thread     ] DEBUG Bundle               - Logging bundle: FXGL
16:37:53.054 [FXGL Launcher Thread     ] DEBUG Bundle               - FXGL.offline.timer.version.check=2017-02-07T20:48:18.246
16:37:53.058 [JavaFX Application Thread] DEBUG UpdaterTask          - Checking for updates
16:37:53.154 [JavaFX Application Thread] DEBUG FXGLEventBus         - Service [EventBus] initialized
16:37:53.156 [JavaFX Application Thread] DEBUG FXGLExecutor         - Service [Executor] initialized
16:37:53.158 [JavaFX Application Thread] DEBUG IOTask               - Showing dialog
16:37:53.159 [FXGL Background Thread 1 ] DEBUG IOTask               - Executing task: openStream(https://raw.githubusercontent.com/AlmasB/FXGL/master/pom.xml)
16:37:53.159 [FXGL Background Thread 1 ] DEBUG IOTask               - Executing task: openStream(https://raw.githubusercontent.com/AlmasB/FXGL/master/pom.xml)
16:37:54.242 [FXGL Background Thread 1 ] DEBUG IOTask               - Executing task: latestVersion
16:37:54.335 [JavaFX Application Thread] DEBUG IOTask               - succeed(): Dismissing dialog
16:37:54.335 [JavaFX Application Thread] DEBUG IOTask               - Task succeeded: openStream(https://raw.githubusercontent.com/AlmasB/FXGL/master/pom.xml)
16:37:55.025 [FXGL Launcher Thread     ] DEBUG GameApplication      - Configuring GameApplication
16:37:55.028 [FXGL Launcher Thread     ] DEBUG FXGLExceptionHandler - Service [ExceptionHandler] initialized
16:37:55.028 [FXGL Launcher Thread     ] DEBUG PreInitTask          - Injecting gameWorld & physicsWorld
16:37:55.046 [FXGL Launcher Thread     ] DEBUG GameWorld            - Game world initialized
16:37:55.084 [FXGL Launcher Thread     ] DEBUG FXGLPooler           - Service [Pooler] initialized with default size = 128
16:37:55.085 [FXGL Launcher Thread     ] DEBUG PhysicsWorld         - Physics world initialized: appHeight=840.0, physics.ppm=50.0
16:37:55.091 [FXGL Launcher Thread     ] DEBUG FXGLInput            - Service [Input] initialized
16:37:55.107 [FXGL Launcher Thread     ] DEBUG FXGLInput            - Registered new binding: Screenshot - P
16:37:55.107 [FXGL Launcher Thread     ] DEBUG FXGLInput            - Registered new binding: Dev Options - CTRL+0
16:37:55.107 [FXGL Launcher Thread     ] DEBUG FXGLInput            - Registered new binding: Up - W
16:37:55.107 [FXGL Launcher Thread     ] DEBUG FXGLInput            - Registered new binding: Left - A
16:37:55.108 [FXGL Launcher Thread     ] DEBUG FXGLInput            - Registered new binding: Down - S
16:37:55.108 [FXGL Launcher Thread     ] DEBUG FXGLInput            - Registered new binding: Right - D
16:37:55.133 [FXGL Launcher Thread     ] DEBUG GameScene            - Game scene initialized: 960.0x840.0
16:37:55.142 [FXGL Launcher Thread     ] DEBUG FXGLAssetLoader      - Service [AssetLoader] initialized: cacheSize=35
16:37:55.143 [FXGL Launcher Thread     ] DEBUG FXGLAssetLoader      - Loading from disk: /assets/sounds/system/notification.wav
16:37:55.209 [FXGL Launcher Thread     ] DEBUG FXGLAssetLoader      - Loading from disk: /assets/sounds/menu/select.wav
16:37:55.210 [FXGL Launcher Thread     ] DEBUG FXGLAssetLoader      - Loading from disk: /assets/sounds/menu/back.wav
16:37:55.212 [FXGL Launcher Thread     ] DEBUG FXGLAssetLoader      - Loading from disk: /assets/sounds/menu/press.wav
16:37:55.215 [FXGL Launcher Thread     ] DEBUG FXGLAssetLoader      - Loading from disk: /assets/ui/fonts/Copperplate_Gothic_Light_Regular.ttf
16:37:55.226 [FXGL Launcher Thread     ] DEBUG FXGLAssetLoader      - Loading from disk: /assets/ui/css/fxgl.css
16:37:55.226 [FXGL Launcher Thread     ] DEBUG FXGLAssetLoader      - Loading from disk: /assets/ui/icons/fxgl_icon.png
16:37:55.267 [FXGL Launcher Thread     ] DEBUG FXGLAssetLoader      - Loading from disk: /assets/ui/css/fxgl_dark.css
16:37:55.326 [FXGL Launcher Thread     ] DEBUG FXGLDisplay          - Target size: DoubleProperty [value: 960.0] x DoubleProperty [value: 840.0] @ 1.0
16:37:55.326 [FXGL Launcher Thread     ] DEBUG FXGLDisplay          - New size:    960.0 x 840.0 @ DoubleProperty [value: 1.0]
16:37:55.327 [FXGL Launcher Thread     ] DEBUG FXGLDisplay          - Service [Display] initialized
16:37:55.328 [FXGL Launcher Thread     ] DEBUG FXGLDisplay          - Using CSS: CSS(externalForm=jar:file:/C:/Users/lukel/Documents/Programming/Pacman/lib/fxgl-0.2.9-uber.jar!/assets/ui/css/fxgl_dark.css)
16:37:55.328 [FXGL Launcher Thread     ] DEBUG InitScenesTask       - Injecting loadingScene & gameScene
16:37:55.490 [FXGL Launcher Thread     ] DEBUG FXGLMasterTimer      - Service [MasterTimer] initialized
16:37:55.493 [FXGL Launcher Thread     ] DEBUG FXGLAudioPlayer      - Service [AudioPlayer] initialized
16:37:55.502 [FXGL Launcher Thread     ] DEBUG GameApplication      - Starting new game
16:37:55.504 [FXGL Launcher Thread     ] DEBUG GameApplication      - Initializing App
16:37:55.506 [FXGL Launcher Thread     ] DEBUG FXGLInput            - Clearing active input actions
16:37:55.506 [FXGL Launcher Thread     ] DEBUG FXGLMasterTimer      - Stopping master timer
16:37:55.507 [FXGL Launcher Thread     ] DEBUG GameApplication      - State: STARTUP -> PAUSED
16:37:55.508 [FXGL Launcher Thread     ] DEBUG FXGLEventBus         - Firing event: FXGLEvent[type=PAUSE]
16:37:55.508 [FXGL Launcher Thread     ] DEBUG FXGLInput            - Clearing active input actions
16:37:55.509 [FXGL Launcher Thread     ] DEBUG FXGLMasterTimer      - Resetting ticks and clearing all actions
16:37:55.509 [FXGL Launcher Thread     ] DEBUG GameWorld            - Resetting game world
16:37:55.509 [FXGL Launcher Thread     ] TRACE EntityWorld          - Resetting entity world
16:37:55.510 [FXGL Launcher Thread     ] DEBUG PhysicsWorld         - Resetting physics world
16:37:55.510 [FXGL Launcher Thread     ] DEBUG GameScene            - Resetting game scene
16:37:55.510 [FXGL Launcher Thread     ] DEBUG FXGLEventBus         - Firing event: FXGLEvent[type=RESET]
16:37:55.554 [FXGL Launcher Thread     ] DEBUG GameApplication      - State: PAUSED -> LOADING
16:37:55.591 [FXGL Background Thread 1 ] DEBUG InitAppTask          - Initializing Assets
16:37:55.592 [FXGL Background Thread 1 ] DEBUG InitAppTask          - Initializing Game
16:37:55.622 [FXGL Background Thread 1 ] DEBUG FXGLAssetLoader      - Loading from disk: /assets/textures/pacman0.png
16:37:55.664 [FXGL Background Thread 1 ] DEBUG FXGLAssetLoader      - Loading from disk: /assets/text/levels/level.txt
16:37:55.667 [JavaFX Application Thread] DEBUG FXGLDisplay          - Showing stage
16:37:55.667 [JavaFX Application Thread] DEBUG FXGLDisplay          - Root size: 960.0x840.0
16:37:55.668 [JavaFX Application Thread] DEBUG FXGLDisplay          - Scene size: 960.0x840.0
16:37:55.668 [JavaFX Application Thread] DEBUG FXGLDisplay          - Stage size: 976.0x879.0
16:37:55.750 [FXGL Background Thread 1 ] DEBUG FXGLAssetLoader      - Loading from disk: /assets/textures/blinky0.png
16:37:55.778 [FXGL Background Thread 1 ] DEBUG FXGLAssetLoader      - Loading from disk: /assets/textures/pinky0.png
16:37:55.788 [FXGL Background Thread 1 ] DEBUG FXGLAssetLoader      - Loading from disk: /assets/textures/clyde0.png
16:37:55.800 [FXGL Background Thread 1 ] DEBUG FXGLAssetLoader      - Loading from disk: /assets/textures/inky0.png
16:37:55.825 [FXGL Background Thread 1 ] DEBUG FXGLAssetLoader      - Loading from cache: /assets/textures/pacman0.png
16:37:55.839 [FXGL Background Thread 1 ] DEBUG GameWorld            - Resetting game world
16:37:55.839 [FXGL Background Thread 1 ] TRACE EntityWorld          - Resetting entity world
16:37:55.851 [FXGL Background Thread 1 ] DEBUG GameScene            - Entity added to scene
16:37:55.852 [FXGL Background Thread 1 ] DEBUG GameScene            - Added MainViewComponent
16:37:55.854 [FXGL Background Thread 1 ] DEBUG GameScene            - Creating render group for layer: TOP(2147483647)
16:37:55.858 [FXGL Background Thread 1 ] DEBUG GameScene            - Removed MainViewComponent
16:37:55.858 [FXGL Background Thread 1 ] DEBUG PhysicsWorld         - Resetting physics world
16:37:55.858 [FXGL Background Thread 1 ] DEBUG GameScene            - Resetting game scene
16:37:55.858 [FXGL Background Thread 1 ] DEBUG GameWorld            - Setting level: com.almasb.fxgl.gameplay.Level@433fbe4b
16:37:55.859 [FXGL Background Thread 1 ] DEBUG InitAppTask          - Initializing Physics
16:37:55.859 [FXGL Background Thread 1 ] DEBUG InitAppTask          - Initializing UI
16:37:55.860 [FXGL Background Thread 1 ] DEBUG FXGLAssetLoader      - Loading from disk: /assets/ui/pacman_ui.fxml
16:37:55.966 [FXGL Background Thread 1 ] DEBUG GameScene            - Adding UI node: Pane@10dac3ca
16:37:55.966 [FXGL Background Thread 1 ] DEBUG InitAppTask          - Initialization Complete
16:37:55.967 [JavaFX Application Thread] DEBUG FXGLInput            - Clearing active input actions
16:37:55.967 [JavaFX Application Thread] DEBUG FXGLMasterTimer      - Starting master timer
16:37:55.967 [JavaFX Application Thread] DEBUG GameApplication      - State: LOADING -> PLAYING
16:37:55.971 [JavaFX Application Thread] DEBUG FXGLEventBus         - Firing event: FXGLEvent[type=RESUME]
16:37:55.973 [JavaFX Application Thread] DEBUG GameScene            - Entity added to scene
16:37:55.974 [JavaFX Application Thread] DEBUG GameScene            - Added MainViewComponent
16:37:55.974 [JavaFX Application Thread] DEBUG GameScene            - Creating render group for layer: TOP(2147483647)
16:37:55.974 [JavaFX Application Thread] DEBUG GameScene            - Entity added to scene
16:37:55.974 [JavaFX Application Thread] DEBUG GameScene            - Added MainViewComponent
16:37:55.974 [JavaFX Application Thread] DEBUG GameScene            - Entity added to scene
16:37:55.974 [JavaFX Application Thread] DEBUG GameScene            - Added MainViewComponent
16:37:55.974 [JavaFX Application Thread] DEBUG GameScene            - Entity added to scene
16:37:55.974 [JavaFX Application Thread] DEBUG GameScene            - Added MainViewComponent
16:37:55.975 [JavaFX Application Thread] DEBUG GameScene            - Entity added to scene
16:37:55.975 [JavaFX Application Thread] DEBUG GameScene            - Added MainViewComponent
16:37:55.975 [JavaFX Application Thread] DEBUG GameScene            - Entity added to scene
16:37:55.975 [JavaFX Application Thread] DEBUG GameScene            - Added MainViewComponent
16:37:55.975 [JavaFX Application Thread] DEBUG GameScene            - Entity added to scene
16:37:55.975 [JavaFX Application Thread] DEBUG GameScene            - Added MainViewComponent
16:37:55.975 [JavaFX Application Thread] DEBUG GameScene            - Entity added to scene
16:37:55.975 [JavaFX Application Thread] DEBUG GameScene            - Added MainViewComponent
16:37:55.975 [JavaFX Application Thread] DEBUG GameScene            - Entity added to scene
16:37:55.975 [JavaFX Application Thread] DEBUG GameScene            - Added MainViewComponent
16:37:55.975 [JavaFX Application Thread] DEBUG GameScene            - Entity added to scene
16:37:55.975 [JavaFX Application Thread] DEBUG GameScene            - Added MainViewComponent
16:37:55.975 [JavaFX Application Thread] DEBUG GameScene            - Entity added to scene
16:37:55.975 [JavaFX Application Thread] DEBUG GameScene            - Added MainViewComponent
16:37:55.976 [JavaFX Application Thread] DEBUG GameScene            - Entity added to scene
16:37:55.976 [JavaFX Application Thread] DEBUG GameScene            - Added MainViewComponent
16:37:55.976 [JavaFX Application Thread] DEBUG GameScene            - Entity added to scene
16:37:55.976 [JavaFX Application Thread] DEBUG GameScene            - Added MainViewComponent
16:37:55.976 [JavaFX Application Thread] DEBUG GameScene            - Entity added to scene
16:37:55.976 [JavaFX Application Thread] DEBUG GameScene            - Added MainViewComponent
16:37:55.976 [JavaFX Application Thread] DEBUG GameScene            - Entity added to scene
16:37:55.976 [JavaFX Application Thread] DEBUG GameScene            - Added MainViewComponent
16:37:55.976 [JavaFX Application Thread] DEBUG GameScene            - Entity added to scene
16:37:55.976 [JavaFX Application Thread] DEBUG GameScene            - Added MainViewComponent
16:37:55.977 [JavaFX Application Thread] DEBUG GameScene            - Entity added to scene
16:37:55.977 [JavaFX Application Thread] DEBUG GameScene            - Added MainViewComponent
16:37:55.977 [JavaFX Application Thread] DEBUG GameScene            - Entity added to scene
16:37:55.977 [JavaFX Application Thread] DEBUG GameScene            - Added MainViewComponent
16:37:55.977 [JavaFX Application Thread] DEBUG GameScene            - Entity added to scene
16:37:55.977 [JavaFX Application Thread] DEBUG GameScene            - Added MainViewComponent
16:37:55.977 [JavaFX Application Thread] DEBUG GameScene            - Entity added to scene
16:37:55.977 [JavaFX Application Thread] DEBUG GameScene            - Added MainViewComponent
16:37:55.977 [JavaFX Application Thread] DEBUG GameScene            - Entity added to scene
16:37:55.977 [JavaFX Application Thread] DEBUG GameScene            - Added MainViewComponent
16:37:55.977 [JavaFX Application Thread] DEBUG GameScene            - Creating render group for layer: BACKGROUND2(1001)
16:37:55.977 [JavaFX Application Thread] DEBUG GameScene            - Entity added to scene
16:37:55.977 [JavaFX Application Thread] DEBUG GameScene            - Added MainViewComponent
16:37:55.978 [JavaFX Application Thread] DEBUG GameScene            - Entity added to scene
16:37:55.978 [JavaFX Application Thread] DEBUG GameScene            - Added MainViewComponent
16:37:55.978 [JavaFX Application Thread] DEBUG GameScene            - Entity added to scene
16:37:55.978 [JavaFX Application Thread] DEBUG GameScene            - Added MainViewComponent
16:37:55.978 [JavaFX Application Thread] DEBUG GameScene            - Entity added to scene
16:37:55.978 [JavaFX Application Thread] DEBUG GameScene            - Added MainViewComponent
16:37:55.978 [JavaFX Application Thread] DEBUG GameScene            - Entity added to scene
16:37:55.978 [JavaFX Application Thread] DEBUG GameScene            - Added MainViewComponent
16:37:55.978 [JavaFX Application Thread] DEBUG GameScene            - Entity added to scene
16:37:55.978 [JavaFX Application Thread] DEBUG GameScene            - Added MainViewComponent
16:37:55.978 [JavaFX Application Thread] DEBUG GameScene            - Entity added to scene
16:37:55.978 [JavaFX Application Thread] DEBUG GameScene            - Added MainViewComponent
16:37:55.979 [JavaFX Application Thread] DEBUG GameScene            - Entity added to scene
16:37:55.979 [JavaFX Application Thread] DEBUG GameScene            - Added MainViewComponent
16:37:55.979 [JavaFX Application Thread] DEBUG GameScene            - Entity added to scene
16:37:55.979 [JavaFX Application Thread] DEBUG GameScene            - Added MainViewComponent
16:37:55.979 [JavaFX Application Thread] DEBUG GameScene            - Entity added to scene
16:37:55.979 [JavaFX Application Thread] DEBUG GameScene            - Added MainViewComponent
16:37:55.979 [JavaFX Application Thread] DEBUG GameScene            - Entity added to scene
16:37:55.979 [JavaFX Application Thread] DEBUG GameScene            - Added MainViewComponent
16:37:55.979 [JavaFX Application Thread] DEBUG GameScene            - Entity added to scene
16:37:55.979 [JavaFX Application Thread] DEBUG GameScene            - Added MainViewComponent
16:37:55.979 [JavaFX Application Thread] DEBUG GameScene            - Entity added to scene
16:37:55.979 [JavaFX Application Thread] DEBUG GameScene            - Added MainViewComponent
16:37:55.980 [JavaFX Application Thread] DEBUG GameScene            - Entity added to scene
16:37:55.980 [JavaFX Application Thread] DEBUG GameScene            - Added MainViewComponent
16:37:55.980 [JavaFX Application Thread] DEBUG GameScene            - Entity added to scene
16:37:55.980 [JavaFX Application Thread] DEBUG GameScene            - Added MainViewComponent
16:37:55.980 [JavaFX Application Thread] DEBUG GameScene            - Entity added to scene
16:37:55.980 [JavaFX Application Thread] DEBUG GameScene            - Added MainViewComponent
16:37:55.980 [JavaFX Application Thread] DEBUG GameScene            - Entity added to scene
16:37:55.980 [JavaFX Application Thread] DEBUG GameScene            - Added MainViewComponent
16:37:55.980 [JavaFX Application Thread] DEBUG GameScene            - Entity added to scene
16:37:55.980 [JavaFX Application Thread] DEBUG GameScene            - Added MainViewComponent
16:37:55.980 [JavaFX Application Thread] DEBUG GameScene            - Entity added to scene
16:37:55.980 [JavaFX Application Thread] DEBUG GameScene            - Added MainViewComponent
16:37:55.980 [JavaFX Application Thread] DEBUG GameScene            - Entity added to scene
16:37:55.980 [JavaFX Application Thread] DEBUG GameScene            - Added MainViewComponent
16:37:55.981 [JavaFX Application Thread] DEBUG GameScene            - Entity added to scene
16:37:55.981 [JavaFX Application Thread] DEBUG GameScene            - Added MainViewComponent
16:37:55.981 [JavaFX Application Thread] DEBUG GameScene            - Entity added to scene
16:37:55.981 [JavaFX Application Thread] DEBUG GameScene            - Added MainViewComponent
16:37:55.981 [JavaFX Application Thread] DEBUG GameScene            - Entity added to scene
16:37:55.981 [JavaFX Application Thread] DEBUG GameScene            - Added MainViewComponent
16:37:55.981 [JavaFX Application Thread] DEBUG GameScene            - Entity added to scene
16:37:55.981 [JavaFX Application Thread] DEBUG GameScene            - Added MainViewComponent
16:37:55.981 [JavaFX Application Thread] DEBUG GameScene            - Entity added to scene
16:37:55.981 [JavaFX Application Thread] DEBUG GameScene            - Added MainViewComponent
16:37:55.981 [JavaFX Application Thread] DEBUG GameScene            - Entity added to scene
16:37:55.981 [JavaFX Application Thread] DEBUG GameScene            - Added MainViewComponent
16:37:55.981 [JavaFX Application Thread] DEBUG GameScene            - Entity added to scene
16:37:55.982 [JavaFX Application Thread] DEBUG GameScene            - Added MainViewComponent
16:37:55.982 [JavaFX Application Thread] DEBUG GameScene            - Entity added to scene
16:37:55.982 [JavaFX Application Thread] DEBUG GameScene            - Added MainViewComponent
16:37:55.982 [JavaFX Application Thread] DEBUG GameScene            - Entity added to scene
16:37:55.982 [JavaFX Application Thread] DEBUG GameScene            - Added MainViewComponent
16:37:55.982 [JavaFX Application Thread] DEBUG GameScene            - Entity added to scene
16:37:55.982 [JavaFX Application Thread] DEBUG GameScene            - Added MainViewComponent
16:37:55.982 [JavaFX Application Thread] DEBUG GameScene            - Entity added to scene
16:37:55.982 [JavaFX Application Thread] DEBUG GameScene            - Added MainViewComponent
16:37:55.982 [JavaFX Application Thread] DEBUG GameScene            - Entity added to scene
16:37:55.982 [JavaFX Application Thread] DEBUG GameScene            - Added MainViewComponent
16:37:55.982 [JavaFX Application Thread] DEBUG GameScene            - Entity added to scene
16:37:55.982 [JavaFX Application Thread] DEBUG GameScene            - Added MainViewComponent
16:37:55.983 [JavaFX Application Thread] DEBUG GameScene            - Entity added to scene
16:37:55.983 [JavaFX Application Thread] DEBUG GameScene            - Added MainViewComponent
16:37:55.983 [JavaFX Application Thread] DEBUG GameScene            - Entity added to scene
16:37:55.983 [JavaFX Application Thread] DEBUG GameScene            - Added MainViewComponent
16:37:55.983 [JavaFX Application Thread] DEBUG GameScene            - Entity added to scene
16:37:55.983 [JavaFX Application Thread] DEBUG GameScene            - Added MainViewComponent
16:37:55.983 [JavaFX Application Thread] DEBUG GameScene            - Entity added to scene
16:37:55.983 [JavaFX Application Thread] DEBUG GameScene            - Added MainViewComponent
16:37:55.983 [JavaFX Application Thread] DEBUG GameScene            - Entity added to scene
16:37:55.983 [JavaFX Application Thread] DEBUG GameScene            - Added MainViewComponent
16:37:55.983 [JavaFX Application Thread] DEBUG GameScene            - Entity added to scene
16:37:55.983 [JavaFX Application Thread] DEBUG GameScene            - Added MainViewComponent
16:37:55.984 [JavaFX Application Thread] DEBUG GameScene            - Entity added to scene
16:37:55.984 [JavaFX Application Thread] DEBUG GameScene            - Added MainViewComponent
16:37:55.984 [JavaFX Application Thread] DEBUG GameScene            - Entity added to scene
16:37:55.984 [JavaFX Application Thread] DEBUG GameScene            - Added MainViewComponent
16:37:55.984 [JavaFX Application Thread] DEBUG GameScene            - Entity added to scene
16:37:55.984 [JavaFX Application Thread] DEBUG GameScene            - Added MainViewComponent
16:37:55.984 [JavaFX Application Thread] DEBUG GameScene            - Entity added to scene
16:37:55.984 [JavaFX Application Thread] DEBUG GameScene            - Added MainViewComponent
16:37:55.984 [JavaFX Application Thread] DEBUG GameScene            - Entity added to scene
16:37:55.984 [JavaFX Application Thread] DEBUG GameScene            - Added MainViewComponent
16:37:55.984 [JavaFX Application Thread] DEBUG GameScene            - Entity added to scene
16:37:55.984 [JavaFX Application Thread] DEBUG GameScene            - Added MainViewComponent
16:37:55.984 [JavaFX Application Thread] DEBUG GameScene            - Entity added to scene
16:37:55.985 [JavaFX Application Thread] DEBUG GameScene            - Added MainViewComponent
16:37:55.985 [JavaFX Application Thread] DEBUG GameScene            - Entity added to scene
16:37:55.985 [JavaFX Application Thread] DEBUG GameScene            - Added MainViewComponent
16:37:55.985 [JavaFX Application Thread] DEBUG GameScene            - Entity added to scene
16:37:55.985 [JavaFX Application Thread] DEBUG GameScene            - Added MainViewComponent
16:37:55.985 [JavaFX Application Thread] DEBUG GameScene            - Entity added to scene
16:37:55.985 [JavaFX Application Thread] DEBUG GameScene            - Added MainViewComponent
16:37:55.985 [JavaFX Application Thread] DEBUG GameScene            - Entity added to scene
16:37:55.985 [JavaFX Application Thread] DEBUG GameScene            - Added MainViewComponent
16:37:55.985 [JavaFX Application Thread] DEBUG GameScene            - Entity added to scene
16:37:55.985 [JavaFX Application Thread] DEBUG GameScene            - Added MainViewComponent
16:37:55.985 [JavaFX Application Thread] DEBUG GameScene            - Entity added to scene
16:37:55.985 [JavaFX Application Thread] DEBUG GameScene            - Added MainViewComponent
16:37:55.986 [JavaFX Application Thread] DEBUG GameScene            - Entity added to scene
16:37:55.986 [JavaFX Application Thread] DEBUG GameScene            - Added MainViewComponent
16:37:55.986 [JavaFX Application Thread] DEBUG GameScene            - Entity added to scene
16:37:55.986 [JavaFX Application Thread] DEBUG GameScene            - Added MainViewComponent
16:37:55.986 [JavaFX Application Thread] DEBUG GameScene            - Entity added to scene
16:37:55.986 [JavaFX Application Thread] DEBUG GameScene            - Added MainViewComponent
16:37:55.986 [JavaFX Application Thread] DEBUG GameScene            - Entity added to scene
16:37:55.986 [JavaFX Application Thread] DEBUG GameScene            - Added MainViewComponent
16:37:55.986 [JavaFX Application Thread] DEBUG GameScene            - Entity added to scene
16:37:55.986 [JavaFX Application Thread] DEBUG GameScene            - Added MainViewComponent
16:37:55.986 [JavaFX Application Thread] DEBUG GameScene            - Entity added to scene
16:37:55.986 [JavaFX Application Thread] DEBUG GameScene            - Added MainViewComponent
16:37:55.987 [JavaFX Application Thread] DEBUG GameScene            - Entity added to scene
16:37:55.987 [JavaFX Application Thread] DEBUG GameScene            - Added MainViewComponent
16:37:55.987 [JavaFX Application Thread] DEBUG GameScene            - Entity added to scene
16:37:55.987 [JavaFX Application Thread] DEBUG GameScene            - Added MainViewComponent
16:37:55.987 [JavaFX Application Thread] DEBUG GameScene            - Entity added to scene
16:37:55.987 [JavaFX Application Thread] DEBUG GameScene            - Added MainViewComponent
16:37:55.987 [JavaFX Application Thread] DEBUG GameScene            - Entity added to scene
16:37:55.987 [JavaFX Application Thread] DEBUG GameScene            - Added MainViewComponent
16:37:55.987 [JavaFX Application Thread] DEBUG GameScene            - Entity added to scene
16:37:55.987 [JavaFX Application Thread] DEBUG GameScene            - Added MainViewComponent
16:37:55.987 [JavaFX Application Thread] DEBUG GameScene            - Entity added to scene
16:37:55.987 [JavaFX Application Thread] DEBUG GameScene            - Added MainViewComponent
16:37:55.987 [JavaFX Application Thread] DEBUG GameScene            - Entity added to scene
16:37:55.987 [JavaFX Application Thread] DEBUG GameScene            - Added MainViewComponent
16:37:55.988 [JavaFX Application Thread] DEBUG GameScene            - Entity added to scene
16:37:55.988 [JavaFX Application Thread] DEBUG GameScene            - Added MainViewComponent
16:37:55.988 [JavaFX Application Thread] DEBUG GameScene            - Entity added to scene
16:37:55.988 [JavaFX Application Thread] DEBUG GameScene            - Added MainViewComponent
16:37:55.988 [JavaFX Application Thread] DEBUG GameScene            - Entity added to scene
16:37:55.988 [JavaFX Application Thread] DEBUG GameScene            - Added MainViewComponent
16:37:55.988 [JavaFX Application Thread] DEBUG GameScene            - Entity added to scene
16:37:55.988 [JavaFX Application Thread] DEBUG GameScene            - Added MainViewComponent
16:37:55.988 [JavaFX Application Thread] DEBUG GameScene            - Entity added to scene
16:37:55.988 [JavaFX Application Thread] DEBUG GameScene            - Added MainViewComponent
16:37:55.988 [JavaFX Application Thread] DEBUG GameScene            - Entity added to scene
16:37:55.988 [JavaFX Application Thread] DEBUG GameScene            - Added MainViewComponent
16:37:55.988 [JavaFX Application Thread] DEBUG GameScene            - Entity added to scene
16:37:55.988 [JavaFX Application Thread] DEBUG GameScene            - Added MainViewComponent
16:37:55.988 [JavaFX Application Thread] DEBUG GameScene            - Entity added to scene
16:37:55.988 [JavaFX Application Thread] DEBUG GameScene            - Added MainViewComponent
16:37:55.989 [JavaFX Application Thread] DEBUG GameScene            - Entity added to scene
16:37:55.989 [JavaFX Application Thread] DEBUG GameScene            - Added MainViewComponent
16:37:55.989 [JavaFX Application Thread] DEBUG GameScene            - Entity added to scene
16:37:55.989 [JavaFX Application Thread] DEBUG GameScene            - Added MainViewComponent
16:37:55.989 [JavaFX Application Thread] DEBUG GameScene            - Entity added to scene
16:37:55.989 [JavaFX Application Thread] DEBUG GameScene            - Added MainViewComponent
16:37:55.989 [JavaFX Application Thread] DEBUG GameScene            - Entity added to scene
16:37:55.989 [JavaFX Application Thread] DEBUG GameScene            - Added MainViewComponent
16:37:55.989 [JavaFX Application Thread] DEBUG GameScene            - Entity added to scene
16:37:55.989 [JavaFX Application Thread] DEBUG GameScene            - Added MainViewComponent
16:37:55.989 [JavaFX Application Thread] DEBUG GameScene            - Entity added to scene
16:37:55.989 [JavaFX Application Thread] DEBUG GameScene            - Added MainViewComponent
16:37:55.989 [JavaFX Application Thread] DEBUG GameScene            - Entity added to scene
16:37:55.989 [JavaFX Application Thread] DEBUG GameScene            - Added MainViewComponent
16:37:55.989 [JavaFX Application Thread] DEBUG GameScene            - Entity added to scene
16:37:55.989 [JavaFX Application Thread] DEBUG GameScene            - Added MainViewComponent
16:37:55.990 [JavaFX Application Thread] DEBUG GameScene            - Entity added to scene
16:37:55.990 [JavaFX Application Thread] DEBUG GameScene            - Added MainViewComponent
16:37:55.990 [JavaFX Application Thread] DEBUG GameScene            - Entity added to scene
16:37:55.990 [JavaFX Application Thread] DEBUG GameScene            - Added MainViewComponent
16:37:55.990 [JavaFX Application Thread] DEBUG GameScene            - Entity added to scene
16:37:55.990 [JavaFX Application Thread] DEBUG GameScene            - Added MainViewComponent
16:37:55.990 [JavaFX Application Thread] DEBUG GameScene            - Entity added to scene
16:37:55.990 [JavaFX Application Thread] DEBUG GameScene            - Added MainViewComponent
16:37:55.990 [JavaFX Application Thread] DEBUG GameScene            - Entity added to scene
16:37:55.990 [JavaFX Application Thread] DEBUG GameScene            - Added MainViewComponent
16:37:55.990 [JavaFX Application Thread] DEBUG GameScene            - Entity added to scene
16:37:55.990 [JavaFX Application Thread] DEBUG GameScene            - Added MainViewComponent
16:37:55.990 [JavaFX Application Thread] DEBUG GameScene            - Entity added to scene
16:37:55.990 [JavaFX Application Thread] DEBUG GameScene            - Added MainViewComponent
16:37:55.990 [JavaFX Application Thread] DEBUG GameScene            - Entity added to scene
16:37:55.990 [JavaFX Application Thread] DEBUG GameScene            - Added MainViewComponent
16:37:55.990 [JavaFX Application Thread] DEBUG GameScene            - Entity added to scene
16:37:55.991 [JavaFX Application Thread] DEBUG GameScene            - Added MainViewComponent
16:37:55.991 [JavaFX Application Thread] DEBUG GameScene            - Entity added to scene
16:37:55.991 [JavaFX Application Thread] DEBUG GameScene            - Added MainViewComponent
16:37:55.991 [JavaFX Application Thread] DEBUG GameScene            - Entity added to scene
16:37:55.991 [JavaFX Application Thread] DEBUG GameScene            - Added MainViewComponent
16:37:55.991 [JavaFX Application Thread] DEBUG GameScene            - Entity added to scene
16:37:55.991 [JavaFX Application Thread] DEBUG GameScene            - Added MainViewComponent
16:37:55.991 [JavaFX Application Thread] DEBUG GameScene            - Entity added to scene
16:37:55.991 [JavaFX Application Thread] DEBUG GameScene            - Added MainViewComponent
16:37:55.991 [JavaFX Application Thread] DEBUG GameScene            - Entity added to scene
16:37:55.991 [JavaFX Application Thread] DEBUG GameScene            - Added MainViewComponent
16:37:55.991 [JavaFX Application Thread] DEBUG GameScene            - Entity added to scene
16:37:55.991 [JavaFX Application Thread] DEBUG GameScene            - Added MainViewComponent
16:37:55.991 [JavaFX Application Thread] DEBUG GameScene            - Entity added to scene
16:37:55.991 [JavaFX Application Thread] DEBUG GameScene            - Added MainViewComponent
16:37:55.992 [JavaFX Application Thread] DEBUG GameScene            - Entity added to scene
16:37:55.992 [JavaFX Application Thread] DEBUG GameScene            - Added MainViewComponent
16:37:55.992 [JavaFX Application Thread] DEBUG GameScene            - Entity added to scene
16:37:55.992 [JavaFX Application Thread] DEBUG GameScene            - Added MainViewComponent
16:37:55.992 [JavaFX Application Thread] DEBUG GameScene            - Entity added to scene
16:37:55.992 [JavaFX Application Thread] DEBUG GameScene            - Added MainViewComponent
16:37:55.992 [JavaFX Application Thread] DEBUG GameScene            - Entity added to scene
16:37:55.992 [JavaFX Application Thread] DEBUG GameScene            - Added MainViewComponent
16:37:55.992 [JavaFX Application Thread] DEBUG GameScene            - Entity added to scene
16:37:55.992 [JavaFX Application Thread] DEBUG GameScene            - Added MainViewComponent
16:37:55.992 [JavaFX Application Thread] DEBUG GameScene            - Entity added to scene
16:37:55.992 [JavaFX Application Thread] DEBUG GameScene            - Added MainViewComponent
16:37:55.992 [JavaFX Application Thread] DEBUG GameScene            - Entity added to scene
16:37:55.992 [JavaFX Application Thread] DEBUG GameScene            - Added MainViewComponent
16:37:55.993 [JavaFX Application Thread] DEBUG GameScene            - Entity added to scene
16:37:55.993 [JavaFX Application Thread] DEBUG GameScene            - Added MainViewComponent
16:37:55.993 [JavaFX Application Thread] DEBUG GameScene            - Entity added to scene
16:37:55.993 [JavaFX Application Thread] DEBUG GameScene            - Added MainViewComponent
16:37:55.993 [JavaFX Application Thread] DEBUG GameScene            - Entity added to scene
16:37:55.993 [JavaFX Application Thread] DEBUG GameScene            - Added MainViewComponent
16:37:55.993 [JavaFX Application Thread] DEBUG GameScene            - Entity added to scene
16:37:55.994 [JavaFX Application Thread] DEBUG GameScene            - Added MainViewComponent
16:37:55.994 [JavaFX Application Thread] DEBUG GameScene            - Entity added to scene
16:37:55.994 [JavaFX Application Thread] DEBUG GameScene            - Added MainViewComponent
16:37:55.994 [JavaFX Application Thread] DEBUG GameScene            - Entity added to scene
16:37:55.994 [JavaFX Application Thread] DEBUG GameScene            - Added MainViewComponent
16:37:55.994 [JavaFX Application Thread] DEBUG GameScene            - Entity added to scene
16:37:55.994 [JavaFX Application Thread] DEBUG GameScene            - Added MainViewComponent
16:37:55.994 [JavaFX Application Thread] DEBUG GameScene            - Entity added to scene
16:37:55.994 [JavaFX Application Thread] DEBUG GameScene            - Added MainViewComponent
16:37:55.994 [JavaFX Application Thread] DEBUG GameScene            - Entity added to scene
16:37:55.995 [JavaFX Application Thread] DEBUG GameScene            - Added MainViewComponent
16:37:55.995 [JavaFX Application Thread] DEBUG GameScene            - Entity added to scene
16:37:55.995 [JavaFX Application Thread] DEBUG GameScene            - Added MainViewComponent
16:37:55.995 [JavaFX Application Thread] DEBUG GameScene            - Entity added to scene
16:37:55.995 [JavaFX Application Thread] DEBUG GameScene            - Added MainViewComponent
16:37:55.995 [JavaFX Application Thread] DEBUG GameScene            - Entity added to scene
16:37:55.995 [JavaFX Application Thread] DEBUG GameScene            - Added MainViewComponent
16:37:55.995 [JavaFX Application Thread] DEBUG GameScene            - Entity added to scene
16:37:55.995 [JavaFX Application Thread] DEBUG GameScene            - Added MainViewComponent
16:37:55.995 [JavaFX Application Thread] DEBUG GameScene            - Entity added to scene
16:37:55.995 [JavaFX Application Thread] DEBUG GameScene            - Added MainViewComponent
16:37:55.995 [JavaFX Application Thread] DEBUG GameScene            - Entity added to scene
16:37:55.995 [JavaFX Application Thread] DEBUG GameScene            - Added MainViewComponent
16:37:55.995 [JavaFX Application Thread] DEBUG GameScene            - Entity added to scene
16:37:55.995 [JavaFX Application Thread] DEBUG GameScene            - Added MainViewComponent
16:37:55.996 [JavaFX Application Thread] DEBUG GameScene            - Entity added to scene
16:37:55.996 [JavaFX Application Thread] DEBUG GameScene            - Added MainViewComponent
16:37:55.996 [JavaFX Application Thread] DEBUG GameScene            - Entity added to scene
16:37:55.996 [JavaFX Application Thread] DEBUG GameScene            - Added MainViewComponent
16:37:55.996 [JavaFX Application Thread] DEBUG GameScene            - Entity added to scene
16:37:55.996 [JavaFX Application Thread] DEBUG GameScene            - Added MainViewComponent
16:37:55.996 [JavaFX Application Thread] DEBUG GameScene            - Entity added to scene
16:37:55.996 [JavaFX Application Thread] DEBUG GameScene            - Added MainViewComponent
16:37:55.996 [JavaFX Application Thread] DEBUG GameScene            - Entity added to scene
16:37:55.996 [JavaFX Application Thread] DEBUG GameScene            - Added MainViewComponent
16:37:55.996 [JavaFX Application Thread] DEBUG GameScene            - Entity added to scene
16:37:55.996 [JavaFX Application Thread] DEBUG GameScene            - Added MainViewComponent
16:37:55.996 [JavaFX Application Thread] DEBUG GameScene            - Entity added to scene
16:37:55.997 [JavaFX Application Thread] DEBUG GameScene            - Added MainViewComponent
16:37:55.997 [JavaFX Application Thread] DEBUG GameScene            - Entity added to scene
16:37:55.997 [JavaFX Application Thread] DEBUG GameScene            - Added MainViewComponent
16:37:55.997 [JavaFX Application Thread] DEBUG GameScene            - Entity added to scene
16:37:55.997 [JavaFX Application Thread] DEBUG GameScene            - Added MainViewComponent
16:37:55.997 [JavaFX Application Thread] DEBUG GameScene            - Entity added to scene
16:37:55.997 [JavaFX Application Thread] DEBUG GameScene            - Added MainViewComponent
16:37:55.997 [JavaFX Application Thread] DEBUG GameScene            - Entity added to scene
16:37:55.997 [JavaFX Application Thread] DEBUG GameScene            - Added MainViewComponent
16:37:55.998 [JavaFX Application Thread] DEBUG GameScene            - Entity added to scene
16:37:55.998 [JavaFX Application Thread] DEBUG GameScene            - Added MainViewComponent
16:37:55.998 [JavaFX Application Thread] DEBUG GameScene            - Entity added to scene
16:37:55.998 [JavaFX Application Thread] DEBUG GameScene            - Added MainViewComponent
16:37:55.998 [JavaFX Application Thread] DEBUG GameScene            - Entity added to scene
16:37:55.998 [JavaFX Application Thread] DEBUG GameScene            - Added MainViewComponent
16:37:55.998 [JavaFX Application Thread] DEBUG GameScene            - Entity added to scene
16:37:55.998 [JavaFX Application Thread] DEBUG GameScene            - Added MainViewComponent
16:37:55.998 [JavaFX Application Thread] DEBUG GameScene            - Entity added to scene
16:37:55.998 [JavaFX Application Thread] DEBUG GameScene            - Added MainViewComponent
16:37:55.998 [JavaFX Application Thread] DEBUG GameScene            - Entity added to scene
16:37:55.998 [JavaFX Application Thread] DEBUG GameScene            - Added MainViewComponent
16:37:55.998 [JavaFX Application Thread] DEBUG GameScene            - Entity added to scene
16:37:55.999 [JavaFX Application Thread] DEBUG GameScene            - Added MainViewComponent
16:37:55.999 [JavaFX Application Thread] DEBUG GameScene            - Entity added to scene
16:37:55.999 [JavaFX Application Thread] DEBUG GameScene            - Added MainViewComponent
16:37:55.999 [JavaFX Application Thread] DEBUG GameScene            - Entity added to scene
16:37:55.999 [JavaFX Application Thread] DEBUG GameScene            - Added MainViewComponent
16:37:55.999 [JavaFX Application Thread] DEBUG GameScene            - Entity added to scene
16:37:55.999 [JavaFX Application Thread] DEBUG GameScene            - Added MainViewComponent
16:37:55.999 [JavaFX Application Thread] DEBUG GameScene            - Entity added to scene
16:37:55.999 [JavaFX Application Thread] DEBUG GameScene            - Added MainViewComponent
16:37:55.999 [JavaFX Application Thread] DEBUG GameScene            - Entity added to scene
16:37:55.999 [JavaFX Application Thread] DEBUG GameScene            - Added MainViewComponent
16:37:55.999 [JavaFX Application Thread] DEBUG GameScene            - Entity added to scene
16:37:55.999 [JavaFX Application Thread] DEBUG GameScene            - Added MainViewComponent
16:37:55.999 [JavaFX Application Thread] DEBUG GameScene            - Entity added to scene
16:37:55.999 [JavaFX Application Thread] DEBUG GameScene            - Added MainViewComponent
16:37:55.999 [JavaFX Application Thread] DEBUG GameScene            - Entity added to scene
16:37:56.000 [JavaFX Application Thread] DEBUG GameScene            - Added MainViewComponent
16:37:56.000 [JavaFX Application Thread] DEBUG GameScene            - Entity added to scene
16:37:56.000 [JavaFX Application Thread] DEBUG GameScene            - Added MainViewComponent
16:37:56.000 [JavaFX Application Thread] DEBUG GameScene            - Entity added to scene
16:37:56.000 [JavaFX Application Thread] DEBUG GameScene            - Added MainViewComponent
16:37:56.000 [JavaFX Application Thread] DEBUG GameScene            - Entity added to scene
16:37:56.000 [JavaFX Application Thread] DEBUG GameScene            - Added MainViewComponent
16:37:56.000 [JavaFX Application Thread] DEBUG GameScene            - Entity added to scene
16:37:56.000 [JavaFX Application Thread] DEBUG GameScene            - Added MainViewComponent
16:37:56.000 [JavaFX Application Thread] DEBUG GameScene            - Entity added to scene
16:37:56.000 [JavaFX Application Thread] DEBUG GameScene            - Added MainViewComponent
16:37:56.000 [JavaFX Application Thread] DEBUG GameScene            - Entity added to scene
16:37:56.000 [JavaFX Application Thread] DEBUG GameScene            - Added MainViewComponent
16:37:56.000 [JavaFX Application Thread] DEBUG GameScene            - Entity added to scene
16:37:56.000 [JavaFX Application Thread] DEBUG GameScene            - Added MainViewComponent
16:37:56.000 [JavaFX Application Thread] DEBUG GameScene            - Entity added to scene
16:37:56.001 [JavaFX Application Thread] DEBUG GameScene            - Added MainViewComponent
16:37:56.001 [JavaFX Application Thread] DEBUG GameScene            - Entity added to scene
16:37:56.001 [JavaFX Application Thread] DEBUG GameScene            - Added MainViewComponent
16:37:56.001 [JavaFX Application Thread] DEBUG GameScene            - Entity added to scene
16:37:56.001 [JavaFX Application Thread] DEBUG GameScene            - Added MainViewComponent
16:37:56.001 [JavaFX Application Thread] DEBUG GameScene            - Entity added to scene
16:37:56.001 [JavaFX Application Thread] DEBUG GameScene            - Added MainViewComponent
16:37:56.001 [JavaFX Application Thread] DEBUG GameScene            - Entity added to scene
16:37:56.001 [JavaFX Application Thread] DEBUG GameScene            - Added MainViewComponent
16:37:56.001 [JavaFX Application Thread] DEBUG GameScene            - Entity added to scene
16:37:56.001 [JavaFX Application Thread] DEBUG GameScene            - Added MainViewComponent
16:37:56.001 [JavaFX Application Thread] DEBUG GameScene            - Entity added to scene
16:37:56.001 [JavaFX Application Thread] DEBUG GameScene            - Added MainViewComponent
16:37:56.001 [JavaFX Application Thread] DEBUG GameScene            - Entity added to scene
16:37:56.001 [JavaFX Application Thread] DEBUG GameScene            - Added MainViewComponent
16:37:56.001 [JavaFX Application Thread] DEBUG GameScene            - Entity added to scene
16:37:56.001 [JavaFX Application Thread] DEBUG GameScene            - Added MainViewComponent
16:37:56.002 [JavaFX Application Thread] DEBUG GameScene            - Entity added to scene
16:37:56.002 [JavaFX Application Thread] DEBUG GameScene            - Added MainViewComponent
16:37:56.002 [JavaFX Application Thread] DEBUG GameScene            - Entity added to scene
16:37:56.002 [JavaFX Application Thread] DEBUG GameScene            - Added MainViewComponent
16:37:56.002 [JavaFX Application Thread] DEBUG GameScene            - Entity added to scene
16:37:56.002 [JavaFX Application Thread] DEBUG GameScene            - Added MainViewComponent
16:37:56.002 [JavaFX Application Thread] DEBUG GameScene            - Entity added to scene
16:37:56.002 [JavaFX Application Thread] DEBUG GameScene            - Added MainViewComponent
16:37:56.002 [JavaFX Application Thread] DEBUG GameScene            - Entity added to scene
16:37:56.002 [JavaFX Application Thread] DEBUG GameScene            - Added MainViewComponent
16:37:56.002 [JavaFX Application Thread] DEBUG GameScene            - Entity added to scene
16:37:56.002 [JavaFX Application Thread] DEBUG GameScene            - Added MainViewComponent
16:37:56.002 [JavaFX Application Thread] DEBUG GameScene            - Entity added to scene
16:37:56.002 [JavaFX Application Thread] DEBUG GameScene            - Added MainViewComponent
16:37:56.002 [JavaFX Application Thread] DEBUG GameScene            - Entity added to scene
16:37:56.002 [JavaFX Application Thread] DEBUG GameScene            - Added MainViewComponent
16:37:56.002 [JavaFX Application Thread] DEBUG GameScene            - Entity added to scene
16:37:56.003 [JavaFX Application Thread] DEBUG GameScene            - Added MainViewComponent
16:37:56.003 [JavaFX Application Thread] DEBUG GameScene            - Entity added to scene
16:37:56.003 [JavaFX Application Thread] DEBUG GameScene            - Added MainViewComponent
16:37:56.003 [JavaFX Application Thread] DEBUG GameScene            - Entity added to scene
16:37:56.003 [JavaFX Application Thread] DEBUG GameScene            - Added MainViewComponent
16:37:56.003 [JavaFX Application Thread] DEBUG GameScene            - Entity added to scene
16:37:56.003 [JavaFX Application Thread] DEBUG GameScene            - Added MainViewComponent
16:37:56.004 [JavaFX Application Thread] DEBUG GameScene            - Entity added to scene
16:37:56.004 [JavaFX Application Thread] DEBUG GameScene            - Added MainViewComponent
16:37:56.004 [JavaFX Application Thread] DEBUG GameScene            - Entity added to scene
16:37:56.004 [JavaFX Application Thread] DEBUG GameScene            - Added MainViewComponent
16:37:56.004 [JavaFX Application Thread] DEBUG GameScene            - Entity added to scene
16:37:56.004 [JavaFX Application Thread] DEBUG GameScene            - Added MainViewComponent
16:37:56.004 [JavaFX Application Thread] DEBUG GameScene            - Entity added to scene
16:37:56.004 [JavaFX Application Thread] DEBUG GameScene            - Added MainViewComponent
16:37:56.004 [JavaFX Application Thread] DEBUG GameScene            - Entity added to scene
16:37:56.004 [JavaFX Application Thread] DEBUG GameScene            - Added MainViewComponent
16:37:56.005 [JavaFX Application Thread] DEBUG GameScene            - Entity added to scene
16:37:56.005 [JavaFX Application Thread] DEBUG GameScene            - Added MainViewComponent
16:37:56.005 [JavaFX Application Thread] DEBUG GameScene            - Entity added to scene
16:37:56.005 [JavaFX Application Thread] DEBUG GameScene            - Added MainViewComponent
16:37:56.005 [JavaFX Application Thread] DEBUG GameScene            - Entity added to scene
16:37:56.005 [JavaFX Application Thread] DEBUG GameScene            - Added MainViewComponent
16:37:56.005 [JavaFX Application Thread] DEBUG GameScene            - Entity added to scene
16:37:56.005 [JavaFX Application Thread] DEBUG GameScene            - Added MainViewComponent
16:37:56.005 [JavaFX Application Thread] DEBUG GameScene            - Entity added to scene
16:37:56.006 [JavaFX Application Thread] DEBUG GameScene            - Added MainViewComponent
16:37:56.006 [JavaFX Application Thread] DEBUG GameScene            - Entity added to scene
16:37:56.006 [JavaFX Application Thread] DEBUG GameScene            - Added MainViewComponent
16:37:56.007 [JavaFX Application Thread] DEBUG GameScene            - Entity added to scene
16:37:56.007 [JavaFX Application Thread] DEBUG GameScene            - Added MainViewComponent
16:37:56.007 [JavaFX Application Thread] DEBUG GameScene            - Entity added to scene
16:37:56.007 [JavaFX Application Thread] DEBUG GameScene            - Added MainViewComponent
16:37:56.007 [JavaFX Application Thread] DEBUG GameScene            - Entity added to scene
16:37:56.007 [JavaFX Application Thread] DEBUG GameScene            - Added MainViewComponent
16:37:56.007 [JavaFX Application Thread] DEBUG GameScene            - Entity added to scene
16:37:56.007 [JavaFX Application Thread] DEBUG GameScene            - Added MainViewComponent
16:37:56.007 [JavaFX Application Thread] DEBUG GameScene            - Entity added to scene
16:37:56.007 [JavaFX Application Thread] DEBUG GameScene            - Added MainViewComponent
16:37:56.007 [JavaFX Application Thread] DEBUG GameScene            - Entity added to scene
16:37:56.008 [JavaFX Application Thread] DEBUG GameScene            - Added MainViewComponent
16:37:56.008 [JavaFX Application Thread] DEBUG GameScene            - Entity added to scene
16:37:56.008 [JavaFX Application Thread] DEBUG GameScene            - Added MainViewComponent
16:37:56.008 [JavaFX Application Thread] DEBUG GameScene            - Entity added to scene
16:37:56.008 [JavaFX Application Thread] DEBUG GameScene            - Added MainViewComponent
16:37:56.008 [JavaFX Application Thread] DEBUG GameScene            - Entity added to scene
16:37:56.008 [JavaFX Application Thread] DEBUG GameScene            - Added MainViewComponent
16:37:56.008 [JavaFX Application Thread] DEBUG GameScene            - Entity added to scene
16:37:56.008 [JavaFX Application Thread] DEBUG GameScene            - Added MainViewComponent
16:37:56.008 [JavaFX Application Thread] DEBUG GameScene            - Entity added to scene
16:37:56.008 [JavaFX Application Thread] DEBUG GameScene            - Added MainViewComponent
16:37:56.008 [JavaFX Application Thread] DEBUG GameScene            - Entity added to scene
16:37:56.008 [JavaFX Application Thread] DEBUG GameScene            - Added MainViewComponent
16:37:56.008 [JavaFX Application Thread] DEBUG GameScene            - Entity added to scene
16:37:56.008 [JavaFX Application Thread] DEBUG GameScene            - Added MainViewComponent
16:37:56.008 [JavaFX Application Thread] DEBUG GameScene            - Entity added to scene
16:37:56.008 [JavaFX Application Thread] DEBUG GameScene            - Added MainViewComponent
16:37:56.008 [JavaFX Application Thread] DEBUG GameScene            - Entity added to scene
16:37:56.009 [JavaFX Application Thread] DEBUG GameScene            - Added MainViewComponent
16:37:56.009 [JavaFX Application Thread] DEBUG GameScene            - Entity added to scene
16:37:56.009 [JavaFX Application Thread] DEBUG GameScene            - Added MainViewComponent
16:37:56.009 [JavaFX Application Thread] DEBUG GameScene            - Entity added to scene
16:37:56.009 [JavaFX Application Thread] DEBUG GameScene            - Added MainViewComponent
16:37:56.009 [JavaFX Application Thread] DEBUG GameScene            - Entity added to scene
16:37:56.009 [JavaFX Application Thread] DEBUG GameScene            - Added MainViewComponent
16:37:56.009 [JavaFX Application Thread] DEBUG GameScene            - Entity added to scene
16:37:56.009 [JavaFX Application Thread] DEBUG GameScene            - Added MainViewComponent
16:37:56.009 [JavaFX Application Thread] DEBUG GameScene            - Entity added to scene
16:37:56.009 [JavaFX Application Thread] DEBUG GameScene            - Added MainViewComponent
16:37:56.009 [JavaFX Application Thread] DEBUG GameScene            - Entity added to scene
16:37:56.009 [JavaFX Application Thread] DEBUG GameScene            - Added MainViewComponent
16:37:56.009 [JavaFX Application Thread] DEBUG GameScene            - Entity added to scene
16:37:56.009 [JavaFX Application Thread] DEBUG GameScene            - Added MainViewComponent
16:37:56.009 [JavaFX Application Thread] DEBUG GameScene            - Entity added to scene
16:37:56.009 [JavaFX Application Thread] DEBUG GameScene            - Added MainViewComponent
16:37:56.009 [JavaFX Application Thread] DEBUG GameScene            - Entity added to scene
16:37:56.009 [JavaFX Application Thread] DEBUG GameScene            - Added MainViewComponent
16:37:56.010 [JavaFX Application Thread] DEBUG GameScene            - Entity added to scene
16:37:56.010 [JavaFX Application Thread] DEBUG GameScene            - Added MainViewComponent
16:37:56.010 [JavaFX Application Thread] DEBUG GameScene            - Entity added to scene
16:37:56.010 [JavaFX Application Thread] DEBUG GameScene            - Added MainViewComponent
16:37:56.010 [JavaFX Application Thread] DEBUG GameScene            - Entity added to scene
16:37:56.010 [JavaFX Application Thread] DEBUG GameScene            - Added MainViewComponent
16:37:56.010 [JavaFX Application Thread] DEBUG GameScene            - Entity added to scene
16:37:56.010 [JavaFX Application Thread] DEBUG GameScene            - Added MainViewComponent
16:37:56.010 [JavaFX Application Thread] DEBUG GameScene            - Entity added to scene
16:37:56.010 [JavaFX Application Thread] DEBUG GameScene            - Added MainViewComponent
16:37:56.010 [JavaFX Application Thread] DEBUG GameScene            - Entity added to scene
16:37:56.010 [JavaFX Application Thread] DEBUG GameScene            - Added MainViewComponent
16:37:56.010 [JavaFX Application Thread] DEBUG GameScene            - Entity added to scene
16:37:56.010 [JavaFX Application Thread] DEBUG GameScene            - Added MainViewComponent
16:37:56.010 [JavaFX Application Thread] DEBUG GameScene            - Entity added to scene
16:37:56.010 [JavaFX Application Thread] DEBUG GameScene            - Added MainViewComponent
16:37:56.010 [JavaFX Application Thread] DEBUG GameScene            - Entity added to scene
16:37:56.010 [JavaFX Application Thread] DEBUG GameScene            - Added MainViewComponent
16:37:56.010 [JavaFX Application Thread] DEBUG GameScene            - Entity added to scene
16:37:56.010 [JavaFX Application Thread] DEBUG GameScene            - Added MainViewComponent
16:37:56.011 [JavaFX Application Thread] DEBUG GameScene            - Entity added to scene
16:37:56.011 [JavaFX Application Thread] DEBUG GameScene            - Added MainViewComponent
16:37:56.011 [JavaFX Application Thread] DEBUG GameScene            - Entity added to scene
16:37:56.011 [JavaFX Application Thread] DEBUG GameScene            - Added MainViewComponent
16:37:56.011 [JavaFX Application Thread] DEBUG GameScene            - Entity added to scene
16:37:56.011 [JavaFX Application Thread] DEBUG GameScene            - Added MainViewComponent
16:37:56.011 [JavaFX Application Thread] DEBUG GameScene            - Entity added to scene
16:37:56.011 [JavaFX Application Thread] DEBUG GameScene            - Added MainViewComponent
16:37:56.011 [JavaFX Application Thread] DEBUG GameScene            - Entity added to scene
16:37:56.011 [JavaFX Application Thread] DEBUG GameScene            - Added MainViewComponent
16:37:56.011 [JavaFX Application Thread] DEBUG GameScene            - Entity added to scene
16:37:56.011 [JavaFX Application Thread] DEBUG GameScene            - Added MainViewComponent
16:37:56.011 [JavaFX Application Thread] DEBUG GameScene            - Entity added to scene
16:37:56.011 [JavaFX Application Thread] DEBUG GameScene            - Added MainViewComponent
16:37:56.011 [JavaFX Application Thread] DEBUG GameScene            - Entity added to scene
16:37:56.011 [JavaFX Application Thread] DEBUG GameScene            - Added MainViewComponent
16:37:56.011 [JavaFX Application Thread] DEBUG GameScene            - Entity added to scene
16:37:56.011 [JavaFX Application Thread] DEBUG GameScene            - Added MainViewComponent
16:37:56.012 [JavaFX Application Thread] DEBUG GameScene            - Entity added to scene
16:37:56.012 [JavaFX Application Thread] DEBUG GameScene            - Added MainViewComponent
16:37:56.012 [JavaFX Application Thread] DEBUG GameScene            - Entity added to scene
16:37:56.012 [JavaFX Application Thread] DEBUG GameScene            - Added MainViewComponent
16:37:56.012 [JavaFX Application Thread] DEBUG GameScene            - Entity added to scene
16:37:56.012 [JavaFX Application Thread] DEBUG GameScene            - Added MainViewComponent
16:37:56.012 [JavaFX Application Thread] DEBUG GameScene            - Entity added to scene
16:37:56.012 [JavaFX Application Thread] DEBUG GameScene            - Added MainViewComponent
16:37:56.012 [JavaFX Application Thread] DEBUG GameScene            - Entity added to scene
16:37:56.012 [JavaFX Application Thread] DEBUG GameScene            - Added MainViewComponent
16:37:56.012 [JavaFX Application Thread] DEBUG GameScene            - Entity added to scene
16:37:56.012 [JavaFX Application Thread] DEBUG GameScene            - Added MainViewComponent
16:37:56.012 [JavaFX Application Thread] DEBUG GameScene            - Entity added to scene
16:37:56.012 [JavaFX Application Thread] DEBUG GameScene            - Added MainViewComponent
16:37:56.012 [JavaFX Application Thread] DEBUG GameScene            - Entity added to scene
16:37:56.012 [JavaFX Application Thread] DEBUG GameScene            - Added MainViewComponent
16:37:56.012 [JavaFX Application Thread] DEBUG GameScene            - Entity added to scene
16:37:56.012 [JavaFX Application Thread] DEBUG GameScene            - Added MainViewComponent
16:37:56.013 [JavaFX Application Thread] DEBUG GameScene            - Entity added to scene
16:37:56.013 [JavaFX Application Thread] DEBUG GameScene            - Added MainViewComponent
16:37:56.013 [JavaFX Application Thread] DEBUG GameScene            - Entity added to scene
16:37:56.013 [JavaFX Application Thread] DEBUG GameScene            - Added MainViewComponent
16:37:56.013 [JavaFX Application Thread] DEBUG GameScene            - Entity added to scene
16:37:56.013 [JavaFX Application Thread] DEBUG GameScene            - Added MainViewComponent
16:37:56.013 [JavaFX Application Thread] DEBUG GameScene            - Entity added to scene
16:37:56.013 [JavaFX Application Thread] DEBUG GameScene            - Added MainViewComponent
16:37:56.013 [JavaFX Application Thread] DEBUG GameScene            - Entity added to scene
16:37:56.013 [JavaFX Application Thread] DEBUG GameScene            - Added MainViewComponent
16:37:56.013 [JavaFX Application Thread] DEBUG GameScene            - Entity added to scene
16:37:56.013 [JavaFX Application Thread] DEBUG GameScene            - Added MainViewComponent
16:37:56.013 [JavaFX Application Thread] DEBUG GameScene            - Entity added to scene
16:37:56.013 [JavaFX Application Thread] DEBUG GameScene            - Added MainViewComponent
16:37:56.013 [JavaFX Application Thread] DEBUG GameScene            - Entity added to scene
16:37:56.013 [JavaFX Application Thread] DEBUG GameScene            - Added MainViewComponent
16:37:56.013 [JavaFX Application Thread] DEBUG GameScene            - Entity added to scene
16:37:56.013 [JavaFX Application Thread] DEBUG GameScene            - Added MainViewComponent
16:37:56.013 [JavaFX Application Thread] DEBUG GameScene            - Entity added to scene
16:37:56.013 [JavaFX Application Thread] DEBUG GameScene            - Added MainViewComponent
16:37:56.014 [JavaFX Application Thread] DEBUG GameScene            - Entity added to scene
16:37:56.014 [JavaFX Application Thread] DEBUG GameScene            - Added MainViewComponent
16:37:56.014 [JavaFX Application Thread] DEBUG GameScene            - Entity added to scene
16:37:56.014 [JavaFX Application Thread] DEBUG GameScene            - Added MainViewComponent
16:37:56.014 [JavaFX Application Thread] DEBUG GameScene            - Entity added to scene
16:37:56.014 [JavaFX Application Thread] DEBUG GameScene            - Added MainViewComponent
16:37:56.014 [JavaFX Application Thread] DEBUG GameScene            - Entity added to scene
16:37:56.014 [JavaFX Application Thread] DEBUG GameScene            - Added MainViewComponent
16:37:56.014 [JavaFX Application Thread] DEBUG GameScene            - Entity added to scene
16:37:56.014 [JavaFX Application Thread] DEBUG GameScene            - Added MainViewComponent
16:37:56.014 [JavaFX Application Thread] DEBUG GameScene            - Entity added to scene
16:37:56.014 [JavaFX Application Thread] DEBUG GameScene            - Added MainViewComponent
16:37:56.014 [JavaFX Application Thread] DEBUG GameScene            - Entity added to scene
16:37:56.014 [JavaFX Application Thread] DEBUG GameScene            - Added MainViewComponent
16:37:56.014 [JavaFX Application Thread] DEBUG GameScene            - Entity added to scene
16:37:56.014 [JavaFX Application Thread] DEBUG GameScene            - Added MainViewComponent
16:37:56.014 [JavaFX Application Thread] DEBUG GameScene            - Entity added to scene
16:37:56.014 [JavaFX Application Thread] DEBUG GameScene            - Added MainViewComponent
16:37:56.015 [JavaFX Application Thread] DEBUG GameScene            - Entity added to scene
16:37:56.015 [JavaFX Application Thread] DEBUG GameScene            - Added MainViewComponent
16:37:56.015 [JavaFX Application Thread] DEBUG GameScene            - Entity added to scene
16:37:56.015 [JavaFX Application Thread] DEBUG GameScene            - Added MainViewComponent
16:37:56.015 [JavaFX Application Thread] DEBUG GameScene            - Entity added to scene
16:37:56.015 [JavaFX Application Thread] DEBUG GameScene            - Added MainViewComponent
16:37:56.015 [JavaFX Application Thread] DEBUG GameScene            - Entity added to scene
16:37:56.015 [JavaFX Application Thread] DEBUG GameScene            - Added MainViewComponent
16:37:56.015 [JavaFX Application Thread] DEBUG GameScene            - Entity added to scene
16:37:56.015 [JavaFX Application Thread] DEBUG GameScene            - Added MainViewComponent
16:37:56.015 [JavaFX Application Thread] DEBUG GameScene            - Entity added to scene
16:37:56.015 [JavaFX Application Thread] DEBUG GameScene            - Added MainViewComponent
16:37:56.015 [JavaFX Application Thread] DEBUG GameScene            - Entity added to scene
16:37:56.015 [JavaFX Application Thread] DEBUG GameScene            - Added MainViewComponent
16:37:56.015 [JavaFX Application Thread] DEBUG GameScene            - Entity added to scene
16:37:56.015 [JavaFX Application Thread] DEBUG GameScene            - Added MainViewComponent
16:37:56.015 [JavaFX Application Thread] DEBUG GameScene            - Entity added to scene
16:37:56.015 [JavaFX Application Thread] DEBUG GameScene            - Added MainViewComponent
16:37:56.015 [JavaFX Application Thread] DEBUG GameScene            - Entity added to scene
16:37:56.015 [JavaFX Application Thread] DEBUG GameScene            - Added MainViewComponent
16:37:56.015 [JavaFX Application Thread] DEBUG GameScene            - Entity added to scene
16:37:56.015 [JavaFX Application Thread] DEBUG GameScene            - Added MainViewComponent
16:37:56.016 [JavaFX Application Thread] DEBUG GameScene            - Entity added to scene
16:37:56.016 [JavaFX Application Thread] DEBUG GameScene            - Added MainViewComponent
16:37:56.016 [JavaFX Application Thread] DEBUG GameScene            - Entity added to scene
16:37:56.016 [JavaFX Application Thread] DEBUG GameScene            - Added MainViewComponent
16:37:56.016 [JavaFX Application Thread] DEBUG GameScene            - Entity added to scene
16:37:56.016 [JavaFX Application Thread] DEBUG GameScene            - Added MainViewComponent
16:37:56.016 [JavaFX Application Thread] DEBUG GameScene            - Entity added to scene
16:37:56.016 [JavaFX Application Thread] DEBUG GameScene            - Added MainViewComponent
16:37:56.016 [JavaFX Application Thread] DEBUG GameScene            - Entity added to scene
16:37:56.016 [JavaFX Application Thread] DEBUG GameScene            - Added MainViewComponent
16:37:56.016 [JavaFX Application Thread] DEBUG GameScene            - Entity added to scene
16:37:56.016 [JavaFX Application Thread] DEBUG GameScene            - Added MainViewComponent
16:37:56.016 [JavaFX Application Thread] DEBUG GameScene            - Entity added to scene
16:37:56.016 [JavaFX Application Thread] DEBUG GameScene            - Added MainViewComponent
16:37:56.016 [JavaFX Application Thread] DEBUG GameScene            - Entity added to scene
16:37:56.016 [JavaFX Application Thread] DEBUG GameScene            - Added MainViewComponent
16:37:56.016 [JavaFX Application Thread] DEBUG GameScene            - Entity added to scene
16:37:56.016 [JavaFX Application Thread] DEBUG GameScene            - Added MainViewComponent
16:37:56.016 [JavaFX Application Thread] DEBUG GameScene            - Entity added to scene
16:37:56.016 [JavaFX Application Thread] DEBUG GameScene            - Added MainViewComponent
16:37:56.017 [JavaFX Application Thread] DEBUG GameScene            - Entity added to scene
16:37:56.017 [JavaFX Application Thread] DEBUG GameScene            - Added MainViewComponent
16:37:56.017 [JavaFX Application Thread] DEBUG GameScene            - Entity added to scene
16:37:56.017 [JavaFX Application Thread] DEBUG GameScene            - Added MainViewComponent
16:37:56.017 [JavaFX Application Thread] DEBUG GameScene            - Entity added to scene
16:37:56.017 [JavaFX Application Thread] DEBUG GameScene            - Added MainViewComponent
16:37:56.017 [JavaFX Application Thread] DEBUG GameScene            - Entity added to scene
16:37:56.017 [JavaFX Application Thread] DEBUG GameScene            - Added MainViewComponent
16:37:56.017 [JavaFX Application Thread] DEBUG GameScene            - Entity added to scene
16:37:56.017 [JavaFX Application Thread] DEBUG GameScene            - Added MainViewComponent
16:37:56.017 [JavaFX Application Thread] DEBUG GameScene            - Entity added to scene
16:37:56.017 [JavaFX Application Thread] DEBUG GameScene            - Added MainViewComponent
16:37:56.017 [JavaFX Application Thread] DEBUG GameScene            - Entity added to scene
16:37:56.017 [JavaFX Application Thread] DEBUG GameScene            - Added MainViewComponent
16:37:56.017 [JavaFX Application Thread] DEBUG GameScene            - Entity added to scene
16:37:56.017 [JavaFX Application Thread] DEBUG GameScene            - Added MainViewComponent
16:37:56.017 [JavaFX Application Thread] DEBUG GameScene            - Entity added to scene
16:37:56.017 [JavaFX Application Thread] DEBUG GameScene            - Added MainViewComponent
16:37:56.017 [JavaFX Application Thread] DEBUG GameScene            - Entity added to scene
16:37:56.017 [JavaFX Application Thread] DEBUG GameScene            - Added MainViewComponent
16:37:56.017 [JavaFX Application Thread] DEBUG GameScene            - Entity added to scene
16:37:56.017 [JavaFX Application Thread] DEBUG GameScene            - Added MainViewComponent
16:37:56.017 [JavaFX Application Thread] DEBUG GameScene            - Entity added to scene
16:37:56.017 [JavaFX Application Thread] DEBUG GameScene            - Added MainViewComponent
16:37:56.018 [JavaFX Application Thread] DEBUG GameScene            - Entity added to scene
16:37:56.018 [JavaFX Application Thread] DEBUG GameScene            - Added MainViewComponent
16:37:56.018 [JavaFX Application Thread] DEBUG GameScene            - Entity added to scene
16:37:56.018 [JavaFX Application Thread] DEBUG GameScene            - Added MainViewComponent
16:37:56.018 [JavaFX Application Thread] DEBUG GameScene            - Entity added to scene
16:37:56.018 [JavaFX Application Thread] DEBUG GameScene            - Added MainViewComponent
16:37:56.018 [JavaFX Application Thread] DEBUG GameScene            - Entity added to scene
16:37:56.018 [JavaFX Application Thread] DEBUG GameScene            - Added MainViewComponent
16:37:56.018 [JavaFX Application Thread] DEBUG GameScene            - Entity added to scene
16:37:56.018 [JavaFX Application Thread] DEBUG GameScene            - Added MainViewComponent
16:37:56.018 [JavaFX Application Thread] DEBUG GameScene            - Entity added to scene
16:37:56.018 [JavaFX Application Thread] DEBUG GameScene            - Added MainViewComponent
16:37:56.018 [JavaFX Application Thread] DEBUG GameScene            - Entity added to scene
16:37:56.018 [JavaFX Application Thread] DEBUG GameScene            - Added MainViewComponent
16:37:56.018 [JavaFX Application Thread] DEBUG GameScene            - Entity added to scene
16:37:56.018 [JavaFX Application Thread] DEBUG GameScene            - Added MainViewComponent
16:37:56.018 [JavaFX Application Thread] DEBUG GameScene            - Entity added to scene
16:37:56.018 [JavaFX Application Thread] DEBUG GameScene            - Added MainViewComponent
16:37:56.018 [JavaFX Application Thread] DEBUG GameScene            - Entity added to scene
16:37:56.018 [JavaFX Application Thread] DEBUG GameScene            - Added MainViewComponent
16:37:56.018 [JavaFX Application Thread] DEBUG GameScene            - Entity added to scene
16:37:56.018 [JavaFX Application Thread] DEBUG GameScene            - Added MainViewComponent
16:37:56.019 [JavaFX Application Thread] DEBUG GameScene            - Entity added to scene
16:37:56.019 [JavaFX Application Thread] DEBUG GameScene            - Added MainViewComponent
16:37:56.019 [JavaFX Application Thread] DEBUG GameScene            - Entity added to scene
16:37:56.019 [JavaFX Application Thread] DEBUG GameScene            - Added MainViewComponent
16:37:56.019 [JavaFX Application Thread] DEBUG GameScene            - Entity added to scene
16:37:56.019 [JavaFX Application Thread] DEBUG GameScene            - Added MainViewComponent
16:37:56.019 [JavaFX Application Thread] DEBUG GameScene            - Entity added to scene
16:37:56.019 [JavaFX Application Thread] DEBUG GameScene            - Added MainViewComponent
16:37:56.019 [JavaFX Application Thread] DEBUG GameScene            - Entity added to scene
16:37:56.019 [JavaFX Application Thread] DEBUG GameScene            - Added MainViewComponent
16:37:56.019 [JavaFX Application Thread] DEBUG GameScene            - Entity added to scene
16:37:56.019 [JavaFX Application Thread] DEBUG GameScene            - Added MainViewComponent
16:37:56.019 [JavaFX Application Thread] DEBUG GameScene            - Entity added to scene
16:37:56.019 [JavaFX Application Thread] DEBUG GameScene            - Added MainViewComponent
16:37:56.020 [JavaFX Application Thread] DEBUG GameScene            - Entity added to scene
16:37:56.020 [JavaFX Application Thread] DEBUG GameScene            - Added MainViewComponent
16:37:56.020 [JavaFX Application Thread] DEBUG GameScene            - Entity added to scene
16:37:56.020 [JavaFX Application Thread] DEBUG GameScene            - Added MainViewComponent
16:37:56.020 [JavaFX Application Thread] DEBUG GameScene            - Entity added to scene
16:37:56.020 [JavaFX Application Thread] DEBUG GameScene            - Added MainViewComponent
16:37:56.020 [JavaFX Application Thread] DEBUG GameScene            - Entity added to scene
16:37:56.020 [JavaFX Application Thread] DEBUG GameScene            - Added MainViewComponent
16:37:56.020 [JavaFX Application Thread] DEBUG GameScene            - Entity added to scene
16:37:56.020 [JavaFX Application Thread] DEBUG GameScene            - Added MainViewComponent
16:37:56.021 [JavaFX Application Thread] DEBUG GameScene            - Entity added to scene
16:37:56.021 [JavaFX Application Thread] DEBUG GameScene            - Added MainViewComponent
16:37:56.021 [JavaFX Application Thread] DEBUG GameScene            - Entity added to scene
16:37:56.021 [JavaFX Application Thread] DEBUG GameScene            - Added MainViewComponent
16:37:56.021 [JavaFX Application Thread] DEBUG GameScene            - Entity added to scene
16:37:56.021 [JavaFX Application Thread] DEBUG GameScene            - Added MainViewComponent
16:37:56.021 [JavaFX Application Thread] DEBUG GameScene            - Entity added to scene
16:37:56.021 [JavaFX Application Thread] DEBUG GameScene            - Added MainViewComponent
16:37:56.021 [JavaFX Application Thread] DEBUG GameScene            - Entity added to scene
16:37:56.021 [JavaFX Application Thread] DEBUG GameScene            - Added MainViewComponent
16:37:56.021 [JavaFX Application Thread] DEBUG GameScene            - Entity added to scene
16:37:56.021 [JavaFX Application Thread] DEBUG GameScene            - Added MainViewComponent
16:37:56.021 [JavaFX Application Thread] DEBUG GameScene            - Entity added to scene
16:37:56.021 [JavaFX Application Thread] DEBUG GameScene            - Added MainViewComponent
16:37:56.021 [JavaFX Application Thread] DEBUG GameScene            - Entity added to scene
16:37:56.021 [JavaFX Application Thread] DEBUG GameScene            - Added MainViewComponent
16:37:56.021 [JavaFX Application Thread] DEBUG GameScene            - Entity added to scene
16:37:56.021 [JavaFX Application Thread] DEBUG GameScene            - Added MainViewComponent
16:37:56.021 [JavaFX Application Thread] DEBUG GameScene            - Entity added to scene
16:37:56.021 [JavaFX Application Thread] DEBUG GameScene            - Added MainViewComponent
16:37:56.022 [JavaFX Application Thread] DEBUG GameScene            - Entity added to scene
16:37:56.022 [JavaFX Application Thread] DEBUG GameScene            - Added MainViewComponent
16:37:56.022 [JavaFX Application Thread] DEBUG GameScene            - Entity added to scene
16:37:56.022 [JavaFX Application Thread] DEBUG GameScene            - Added MainViewComponent
16:37:56.022 [JavaFX Application Thread] DEBUG GameScene            - Entity added to scene
16:37:56.022 [JavaFX Application Thread] DEBUG GameScene            - Added MainViewComponent
16:37:56.022 [JavaFX Application Thread] DEBUG GameScene            - Entity added to scene
16:37:56.022 [JavaFX Application Thread] DEBUG GameScene            - Added MainViewComponent
16:37:56.022 [JavaFX Application Thread] DEBUG GameScene            - Entity added to scene
16:37:56.022 [JavaFX Application Thread] DEBUG GameScene            - Added MainViewComponent
16:37:56.022 [JavaFX Application Thread] DEBUG GameScene            - Entity added to scene
16:37:56.022 [JavaFX Application Thread] DEBUG GameScene            - Added MainViewComponent
16:37:56.022 [JavaFX Application Thread] DEBUG GameScene            - Entity added to scene
16:37:56.022 [JavaFX Application Thread] DEBUG GameScene            - Added MainViewComponent
16:37:56.022 [JavaFX Application Thread] DEBUG GameScene            - Entity added to scene
16:37:56.022 [JavaFX Application Thread] DEBUG GameScene            - Added MainViewComponent
16:37:56.022 [JavaFX Application Thread] DEBUG GameScene            - Entity added to scene
16:37:56.022 [JavaFX Application Thread] DEBUG GameScene            - Added MainViewComponent
16:37:56.022 [JavaFX Application Thread] DEBUG GameScene            - Entity added to scene
16:37:56.022 [JavaFX Application Thread] DEBUG GameScene            - Added MainViewComponent
16:37:56.022 [JavaFX Application Thread] DEBUG GameScene            - Entity added to scene
16:37:56.022 [JavaFX Application Thread] DEBUG GameScene            - Added MainViewComponent
16:37:56.022 [JavaFX Application Thread] DEBUG GameScene            - Entity added to scene
16:37:56.022 [JavaFX Application Thread] DEBUG GameScene            - Added MainViewComponent
16:37:56.022 [JavaFX Application Thread] DEBUG GameScene            - Entity added to scene
16:37:56.023 [JavaFX Application Thread] DEBUG GameScene            - Added MainViewComponent
16:37:56.023 [JavaFX Application Thread] DEBUG GameScene            - Entity added to scene
16:37:56.023 [JavaFX Application Thread] DEBUG GameScene            - Added MainViewComponent
16:37:56.023 [JavaFX Application Thread] DEBUG GameScene            - Entity added to scene
16:37:56.023 [JavaFX Application Thread] DEBUG GameScene            - Added MainViewComponent
16:37:56.023 [JavaFX Application Thread] DEBUG GameScene            - Entity added to scene
16:37:56.023 [JavaFX Application Thread] DEBUG GameScene            - Added MainViewComponent
16:37:56.023 [JavaFX Application Thread] DEBUG GameScene            - Entity added to scene
16:37:56.023 [JavaFX Application Thread] DEBUG GameScene            - Added MainViewComponent
16:37:56.023 [JavaFX Application Thread] DEBUG GameScene            - Entity added to scene
16:37:56.023 [JavaFX Application Thread] DEBUG GameScene            - Added MainViewComponent
16:37:56.023 [JavaFX Application Thread] DEBUG GameScene            - Entity added to scene
16:37:56.023 [JavaFX Application Thread] DEBUG GameScene            - Added MainViewComponent
16:37:56.023 [JavaFX Application Thread] DEBUG GameScene            - Entity added to scene
16:37:56.023 [JavaFX Application Thread] DEBUG GameScene            - Added MainViewComponent
16:37:56.023 [JavaFX Application Thread] DEBUG GameScene            - Entity added to scene
16:37:56.023 [JavaFX Application Thread] DEBUG GameScene            - Added MainViewComponent
16:37:56.023 [JavaFX Application Thread] DEBUG GameScene            - Entity added to scene
16:37:56.023 [JavaFX Application Thread] DEBUG GameScene            - Added MainViewComponent
16:37:56.023 [JavaFX Application Thread] DEBUG GameScene            - Entity added to scene
16:37:56.023 [JavaFX Application Thread] DEBUG GameScene            - Added MainViewComponent
16:37:56.023 [JavaFX Application Thread] DEBUG GameScene            - Creating render group for layer: BACKGROUND(1000)
16:37:56.820 [JavaFX Application Thread] DEBUG GameScene            - Entity removed from scene
16:37:56.820 [JavaFX Application Thread] DEBUG GameScene            - Removed MainViewComponent
16:37:57.156 [JavaFX Application Thread] DEBUG GameScene            - Entity removed from scene
16:37:57.156 [JavaFX Application Thread] DEBUG GameScene            - Removed MainViewComponent
16:37:57.508 [JavaFX Application Thread] DEBUG GameScene            - Entity removed from scene
16:37:57.508 [JavaFX Application Thread] DEBUG GameScene            - Removed MainViewComponent
16:37:57.860 [JavaFX Application Thread] DEBUG GameScene            - Entity removed from scene
16:37:57.860 [JavaFX Application Thread] DEBUG GameScene            - Removed MainViewComponent
16:37:58.196 [JavaFX Application Thread] DEBUG GameScene            - Entity removed from scene
16:37:58.196 [JavaFX Application Thread] DEBUG GameScene            - Removed MainViewComponent
16:37:58.548 [JavaFX Application Thread] DEBUG GameScene            - Entity removed from scene
16:37:58.548 [JavaFX Application Thread] DEBUG GameScene            - Removed MainViewComponent
16:37:58.900 [JavaFX Application Thread] DEBUG GameScene            - Entity removed from scene
16:37:58.900 [JavaFX Application Thread] DEBUG GameScene            - Removed MainViewComponent
16:37:59.252 [JavaFX Application Thread] DEBUG GameScene            - Entity removed from scene
16:37:59.252 [JavaFX Application Thread] DEBUG GameScene            - Removed MainViewComponent
16:37:59.588 [JavaFX Application Thread] DEBUG GameScene            - Entity removed from scene
16:37:59.588 [JavaFX Application Thread] DEBUG GameScene            - Removed MainViewComponent
16:38:00.612 [JavaFX Application Thread] DEBUG GameScene            - Entity removed from scene
16:38:00.612 [JavaFX Application Thread] DEBUG GameScene            - Removed MainViewComponent
16:38:00.948 [JavaFX Application Thread] DEBUG GameScene            - Entity removed from scene
16:38:00.948 [JavaFX Application Thread] DEBUG GameScene            - Removed MainViewComponent
16:38:03.012 [JavaFX Application Thread] DEBUG GameScene            - Entity removed from scene
16:38:03.012 [JavaFX Application Thread] DEBUG GameScene            - Removed MainViewComponent
16:38:03.364 [JavaFX Application Thread] DEBUG GameScene            - Entity removed from scene
16:38:03.364 [JavaFX Application Thread] DEBUG GameScene            - Removed MainViewComponent
16:38:06.452 [JavaFX Application Thread] DEBUG GameScene            - Entity removed from scene
16:38:06.452 [JavaFX Application Thread] DEBUG GameScene            - Removed MainViewComponent
16:38:06.804 [JavaFX Application Thread] DEBUG GameScene            - Entity removed from scene
16:38:06.804 [JavaFX Application Thread] DEBUG GameScene            - Removed MainViewComponent
16:38:07.156 [JavaFX Application Thread] DEBUG GameScene            - Entity removed from scene
16:38:07.156 [JavaFX Application Thread] DEBUG GameScene            - Removed MainViewComponent
16:38:07.508 [JavaFX Application Thread] DEBUG GameScene            - Entity removed from scene
16:38:07.508 [JavaFX Application Thread] DEBUG GameScene            - Removed MainViewComponent
16:38:07.844 [JavaFX Application Thread] DEBUG GameScene            - Entity removed from scene
16:38:07.844 [JavaFX Application Thread] DEBUG GameScene            - Removed MainViewComponent
16:38:08.196 [JavaFX Application Thread] DEBUG GameScene            - Entity removed from scene
16:38:08.196 [JavaFX Application Thread] DEBUG GameScene            - Removed MainViewComponent
16:38:08.564 [JavaFX Application Thread] DEBUG GameScene            - Entity removed from scene
16:38:08.564 [JavaFX Application Thread] DEBUG GameScene            - Removed MainViewComponent
16:38:09.604 [JavaFX Application Thread] DEBUG GameScene            - Entity removed from scene
16:38:09.604 [JavaFX Application Thread] DEBUG GameScene            - Removed MainViewComponent
16:38:09.940 [JavaFX Application Thread] DEBUG GameScene            - Entity removed from scene
16:38:09.940 [JavaFX Application Thread] DEBUG GameScene            - Removed MainViewComponent
16:38:11.668 [JavaFX Application Thread] DEBUG GameScene            - Entity removed from scene
16:38:11.668 [JavaFX Application Thread] DEBUG GameScene            - Removed MainViewComponent
16:38:12.004 [JavaFX Application Thread] DEBUG GameScene            - Entity removed from scene
16:38:12.004 [JavaFX Application Thread] DEBUG GameScene            - Removed MainViewComponent
16:38:12.340 [JavaFX Application Thread] DEBUG GameScene            - Entity removed from scene
16:38:12.340 [JavaFX Application Thread] DEBUG GameScene            - Removed MainViewComponent
16:38:12.692 [JavaFX Application Thread] DEBUG GameScene            - Entity removed from scene
16:38:12.692 [JavaFX Application Thread] DEBUG GameScene            - Removed MainViewComponent
16:38:13.044 [JavaFX Application Thread] DEBUG GameScene            - Entity removed from scene
16:38:13.044 [JavaFX Application Thread] DEBUG GameScene            - Removed MainViewComponent
16:38:13.380 [JavaFX Application Thread] DEBUG GameScene            - Entity removed from scene
16:38:13.380 [JavaFX Application Thread] DEBUG GameScene            - Removed MainViewComponent
16:38:13.732 [JavaFX Application Thread] DEBUG GameScene            - Entity removed from scene
16:38:13.732 [JavaFX Application Thread] DEBUG GameScene            - Removed MainViewComponent
16:38:15.861 [JavaFX Application Thread] DEBUG GameScene            - Entity removed from scene
16:38:15.861 [JavaFX Application Thread] DEBUG GameScene            - Removed MainViewComponent
16:38:16.212 [JavaFX Application Thread] DEBUG GameScene            - Entity removed from scene
16:38:16.212 [JavaFX Application Thread] DEBUG GameScene            - Removed MainViewComponent
16:38:16.564 [JavaFX Application Thread] DEBUG GameScene            - Entity removed from scene
16:38:16.564 [JavaFX Application Thread] DEBUG GameScene            - Removed MainViewComponent
16:38:16.916 [JavaFX Application Thread] DEBUG GameScene            - Entity removed from scene
16:38:16.916 [JavaFX Application Thread] DEBUG GameScene            - Removed MainViewComponent
16:38:17.252 [JavaFX Application Thread] DEBUG GameScene            - Entity removed from scene
16:38:17.252 [JavaFX Application Thread] DEBUG GameScene            - Removed MainViewComponent
16:38:17.604 [JavaFX Application Thread] DEBUG GameScene            - Entity removed from scene
16:38:17.604 [JavaFX Application Thread] DEBUG GameScene            - Removed MainViewComponent
16:38:17.956 [JavaFX Application Thread] DEBUG GameScene            - Entity removed from scene
16:38:17.956 [JavaFX Application Thread] DEBUG GameScene            - Removed MainViewComponent
16:38:18.308 [JavaFX Application Thread] DEBUG GameScene            - Entity removed from scene
16:38:18.308 [JavaFX Application Thread] DEBUG GameScene            - Removed MainViewComponent
16:38:18.628 [JavaFX Application Thread] DEBUG GameScene            - Entity removed from scene
16:38:18.628 [JavaFX Application Thread] DEBUG GameScene            - Removed MainViewComponent
16:38:19.028 [JavaFX Application Thread] DEBUG GameScene            - Entity removed from scene
16:38:19.028 [JavaFX Application Thread] DEBUG GameScene            - Removed MainViewComponent
16:38:19.380 [JavaFX Application Thread] DEBUG GameScene            - Entity removed from scene
16:38:19.380 [JavaFX Application Thread] DEBUG GameScene            - Removed MainViewComponent
16:38:19.732 [JavaFX Application Thread] DEBUG GameScene            - Entity removed from scene
16:38:19.732 [JavaFX Application Thread] DEBUG GameScene            - Removed MainViewComponent
16:38:20.084 [JavaFX Application Thread] DEBUG GameScene            - Entity removed from scene
16:38:20.084 [JavaFX Application Thread] DEBUG GameScene            - Removed MainViewComponent
16:38:20.420 [JavaFX Application Thread] DEBUG GameScene            - Entity removed from scene
16:38:20.420 [JavaFX Application Thread] DEBUG GameScene            - Removed MainViewComponent
16:38:20.772 [JavaFX Application Thread] DEBUG GameScene            - Entity removed from scene
16:38:20.772 [JavaFX Application Thread] DEBUG GameScene            - Removed MainViewComponent
16:38:21.124 [JavaFX Application Thread] DEBUG GameScene            - Entity removed from scene
16:38:21.124 [JavaFX Application Thread] DEBUG GameScene            - Removed MainViewComponent
16:38:21.460 [JavaFX Application Thread] DEBUG GameScene            - Entity removed from scene
16:38:21.460 [JavaFX Application Thread] DEBUG GameScene            - Removed MainViewComponent
16:38:21.796 [JavaFX Application Thread] DEBUG GameScene            - Entity removed from scene
16:38:21.796 [JavaFX Application Thread] DEBUG GameScene            - Removed MainViewComponent
16:38:22.132 [JavaFX Application Thread] DEBUG GameScene            - Entity removed from scene
16:38:22.132 [JavaFX Application Thread] DEBUG GameScene            - Removed MainViewComponent
16:38:25.620 [JavaFX Application Thread] DEBUG GameScene            - Entity removed from scene
16:38:25.620 [JavaFX Application Thread] DEBUG GameScene            - Removed MainViewComponent
16:38:25.972 [JavaFX Application Thread] DEBUG GameScene            - Entity removed from scene
16:38:25.972 [JavaFX Application Thread] DEBUG GameScene            - Removed MainViewComponent
16:38:26.324 [JavaFX Application Thread] DEBUG GameScene            - Entity removed from scene
16:38:26.324 [JavaFX Application Thread] DEBUG GameScene            - Removed MainViewComponent
16:38:26.660 [JavaFX Application Thread] DEBUG GameScene            - Entity removed from scene
16:38:26.660 [JavaFX Application Thread] DEBUG GameScene            - Removed MainViewComponent
16:38:27.012 [JavaFX Application Thread] DEBUG GameScene            - Entity removed from scene
16:38:27.012 [JavaFX Application Thread] DEBUG GameScene            - Removed MainViewComponent
16:38:27.364 [JavaFX Application Thread] DEBUG GameScene            - Entity removed from scene
16:38:27.364 [JavaFX Application Thread] DEBUG GameScene            - Removed MainViewComponent
16:38:27.700 [JavaFX Application Thread] DEBUG GameScene            - Entity removed from scene
16:38:27.700 [JavaFX Application Thread] DEBUG GameScene            - Removed MainViewComponent
16:38:28.053 [JavaFX Application Thread] DEBUG GameScene            - Entity removed from scene
16:38:28.053 [JavaFX Application Thread] DEBUG GameScene            - Removed MainViewComponent
16:38:28.388 [JavaFX Application Thread] DEBUG GameScene            - Entity removed from scene
16:38:28.388 [JavaFX Application Thread] DEBUG GameScene            - Removed MainViewComponent
16:38:28.740 [JavaFX Application Thread] DEBUG GameScene            - Entity removed from scene
16:38:28.740 [JavaFX Application Thread] DEBUG GameScene            - Removed MainViewComponent
16:38:29.092 [JavaFX Application Thread] DEBUG GameScene            - Entity removed from scene
16:38:29.092 [JavaFX Application Thread] DEBUG GameScene            - Removed MainViewComponent
16:38:30.116 [JavaFX Application Thread] DEBUG GameScene            - Entity removed from scene
16:38:30.116 [JavaFX Application Thread] DEBUG GameScene            - Removed MainViewComponent
16:38:30.452 [JavaFX Application Thread] DEBUG GameScene            - Entity removed from scene
16:38:30.452 [JavaFX Application Thread] DEBUG GameScene            - Removed MainViewComponent
16:38:30.804 [JavaFX Application Thread] DEBUG GameScene            - Entity removed from scene
16:38:30.804 [JavaFX Application Thread] DEBUG GameScene            - Removed MainViewComponent
16:38:31.140 [JavaFX Application Thread] DEBUG GameScene            - Entity removed from scene
16:38:31.140 [JavaFX Application Thread] DEBUG GameScene            - Removed MainViewComponent
16:38:36.084 [JavaFX Application Thread] DEBUG GameScene            - Entity removed from scene
16:38:36.084 [JavaFX Application Thread] DEBUG GameScene            - Removed MainViewComponent
16:38:36.436 [JavaFX Application Thread] DEBUG GameScene            - Entity removed from scene
16:38:36.436 [JavaFX Application Thread] DEBUG GameScene            - Removed MainViewComponent
16:38:36.772 [JavaFX Application Thread] DEBUG GameScene            - Entity removed from scene
16:38:36.772 [JavaFX Application Thread] DEBUG GameScene            - Removed MainViewComponent
16:38:37.124 [JavaFX Application Thread] DEBUG GameScene            - Entity removed from scene
16:38:37.124 [JavaFX Application Thread] DEBUG GameScene            - Removed MainViewComponent
16:38:37.460 [JavaFX Application Thread] DEBUG GameScene            - Entity removed from scene
16:38:37.460 [JavaFX Application Thread] DEBUG GameScene            - Removed MainViewComponent
16:38:37.812 [JavaFX Application Thread] DEBUG GameScene            - Entity removed from scene
16:38:37.812 [JavaFX Application Thread] DEBUG GameScene            - Removed MainViewComponent
16:38:38.148 [JavaFX Application Thread] DEBUG GameScene            - Entity removed from scene
16:38:38.148 [JavaFX Application Thread] DEBUG GameScene            - Removed MainViewComponent
16:38:42.996 [JavaFX Application Thread] DEBUG GameScene            - Entity removed from scene
16:38:42.996 [JavaFX Application Thread] DEBUG GameScene            - Removed MainViewComponent
16:38:43.412 [JavaFX Application Thread] DEBUG GameScene            - Entity removed from scene
16:38:43.412 [JavaFX Application Thread] DEBUG GameScene            - Removed MainViewComponent
16:38:43.764 [JavaFX Application Thread] DEBUG GameScene            - Entity removed from scene
16:38:43.764 [JavaFX Application Thread] DEBUG GameScene            - Removed MainViewComponent
16:38:44.100 [JavaFX Application Thread] DEBUG GameScene            - Entity removed from scene
16:38:44.100 [JavaFX Application Thread] DEBUG GameScene            - Removed MainViewComponent
16:38:44.452 [JavaFX Application Thread] DEBUG GameScene            - Entity removed from scene
16:38:44.452 [JavaFX Application Thread] DEBUG GameScene            - Removed MainViewComponent
16:38:44.788 [JavaFX Application Thread] DEBUG GameScene            - Entity removed from scene
16:38:44.788 [JavaFX Application Thread] DEBUG GameScene            - Removed MainViewComponent
16:38:45.140 [JavaFX Application Thread] DEBUG GameScene            - Entity removed from scene
16:38:45.140 [JavaFX Application Thread] DEBUG GameScene            - Removed MainViewComponent
16:38:46.532 [JavaFX Application Thread] DEBUG GameScene            - Entity removed from scene
16:38:46.532 [JavaFX Application Thread] DEBUG GameScene            - Removed MainViewComponent
16:38:46.884 [JavaFX Application Thread] DEBUG GameScene            - Entity removed from scene
16:38:46.884 [JavaFX Application Thread] DEBUG GameScene            - Removed MainViewComponent
16:38:47.205 [JavaFX Application Thread] DEBUG GameScene            - Entity removed from scene
16:38:47.205 [JavaFX Application Thread] DEBUG GameScene            - Removed MainViewComponent
16:38:49.989 [JavaFX Application Thread] DEBUG GameScene            - Entity removed from scene
16:38:49.989 [JavaFX Application Thread] DEBUG GameScene            - Removed MainViewComponent
16:38:50.340 [JavaFX Application Thread] DEBUG GameScene            - Entity removed from scene
16:38:50.340 [JavaFX Application Thread] DEBUG GameScene            - Removed MainViewComponent
16:38:50.660 [JavaFX Application Thread] DEBUG GameScene            - Entity removed from scene
16:38:50.660 [JavaFX Application Thread] DEBUG GameScene            - Removed MainViewComponent
16:38:51.012 [JavaFX Application Thread] DEBUG GameScene            - Entity removed from scene
16:38:51.012 [JavaFX Application Thread] DEBUG GameScene            - Removed MainViewComponent
16:38:51.364 [JavaFX Application Thread] DEBUG GameScene            - Entity removed from scene
16:38:51.364 [JavaFX Application Thread] DEBUG GameScene            - Removed MainViewComponent
16:38:51.716 [JavaFX Application Thread] DEBUG GameScene            - Entity removed from scene
16:38:51.716 [JavaFX Application Thread] DEBUG GameScene            - Removed MainViewComponent
16:38:52.052 [JavaFX Application Thread] DEBUG GameScene            - Entity removed from scene
16:38:52.052 [JavaFX Application Thread] DEBUG GameScene            - Removed MainViewComponent
16:38:52.404 [JavaFX Application Thread] DEBUG GameScene            - Entity removed from scene
16:38:52.404 [JavaFX Application Thread] DEBUG GameScene            - Removed MainViewComponent
16:38:52.724 [JavaFX Application Thread] DEBUG GameScene            - Entity removed from scene
16:38:52.724 [JavaFX Application Thread] DEBUG GameScene            - Removed MainViewComponent
16:38:53.076 [JavaFX Application Thread] DEBUG GameScene            - Entity removed from scene
16:38:53.076 [JavaFX Application Thread] DEBUG GameScene            - Removed MainViewComponent
16:38:53.428 [JavaFX Application Thread] DEBUG GameScene            - Entity removed from scene
16:38:53.428 [JavaFX Application Thread] DEBUG GameScene            - Removed MainViewComponent
16:38:53.764 [JavaFX Application Thread] DEBUG GameScene            - Entity removed from scene
16:38:53.764 [JavaFX Application Thread] DEBUG GameScene            - Removed MainViewComponent
16:38:58.292 [JavaFX Application Thread] DEBUG GameScene            - Entity removed from scene
16:38:58.292 [JavaFX Application Thread] DEBUG GameScene            - Removed MainViewComponent
16:38:58.645 [JavaFX Application Thread] DEBUG GameScene            - Entity removed from scene
16:38:58.645 [JavaFX Application Thread] DEBUG GameScene            - Removed MainViewComponent
16:39:00.372 [JavaFX Application Thread] DEBUG GameScene            - Entity removed from scene
16:39:00.372 [JavaFX Application Thread] DEBUG GameScene            - Removed MainViewComponent
16:39:00.724 [JavaFX Application Thread] DEBUG GameScene            - Entity removed from scene
16:39:00.724 [JavaFX Application Thread] DEBUG GameScene            - Removed MainViewComponent
16:39:01.060 [JavaFX Application Thread] DEBUG GameScene            - Entity removed from scene
16:39:01.060 [JavaFX Application Thread] DEBUG GameScene            - Removed MainViewComponent
16:39:01.412 [JavaFX Application Thread] DEBUG GameScene            - Entity removed from scene
16:39:01.412 [JavaFX Application Thread] DEBUG GameScene            - Removed MainViewComponent
16:39:01.764 [JavaFX Application Thread] DEBUG GameScene            - Entity removed from scene
16:39:01.764 [JavaFX Application Thread] DEBUG GameScene            - Removed MainViewComponent
16:39:02.100 [JavaFX Application Thread] DEBUG GameScene            - Entity removed from scene
16:39:02.100 [JavaFX Application Thread] DEBUG GameScene            - Removed MainViewComponent
16:39:02.452 [JavaFX Application Thread] DEBUG GameScene            - Entity removed from scene
16:39:02.452 [JavaFX Application Thread] DEBUG GameScene            - Removed MainViewComponent
16:39:02.804 [JavaFX Application Thread] DEBUG GameScene            - Entity removed from scene
16:39:02.804 [JavaFX Application Thread] DEBUG GameScene            - Removed MainViewComponent
16:39:03.140 [JavaFX Application Thread] DEBUG GameScene            - Entity removed from scene
16:39:03.140 [JavaFX Application Thread] DEBUG GameScene            - Removed MainViewComponent
16:39:03.492 [JavaFX Application Thread] DEBUG GameScene            - Entity removed from scene
16:39:03.492 [JavaFX Application Thread] DEBUG GameScene            - Removed MainViewComponent
16:39:03.844 [JavaFX Application Thread] DEBUG GameScene            - Entity removed from scene
16:39:03.844 [JavaFX Application Thread] DEBUG GameScene            - Removed MainViewComponent
16:39:04.180 [JavaFX Application Thread] DEBUG GameScene            - Entity removed from scene
16:39:04.180 [JavaFX Application Thread] DEBUG GameScene            - Removed MainViewComponent
16:39:04.532 [JavaFX Application Thread] DEBUG GameScene            - Entity removed from scene
16:39:04.532 [JavaFX Application Thread] DEBUG GameScene            - Removed MainViewComponent
16:39:06.460 [JavaFX Application Thread] DEBUG FXGLEventBus         - Firing event: DisplayEvent[type=CLOSE_REQUEST]
16:39:06.461 [JavaFX Application Thread] DEBUG FXGLEventBus         - Firing event: FXGLEvent[type=EXIT]
16:39:06.461 [JavaFX Application Thread] DEBUG FXGL                 - Saving FXGL system data
16:39:06.462 [JavaFX Application Thread] DEBUG IOTask               - Executing task: writeDataTask(system/fxgl.bundle)
16:39:06.479 [JavaFX Application Thread] DEBUG FS                   - Writing to: system\fxgl.bundle
16:39:06.490 [JavaFX Application Thread] DEBUG IOTask               - Task succeeded: writeDataTask(system/fxgl.bundle)
